                                      1 ;--------------------------------------------------------
                                      2 ; File Created by SDCC : free open source ANSI-C Compiler
                                      3 ; Version 4.1.4 #12246 (Mac OS X x86_64)
                                      4 ;--------------------------------------------------------
                                      5 	.module avatar_font
                                      6 	.optsdcc -mgbz80
                                      7 	
                                      8 ;--------------------------------------------------------
                                      9 ; Public variables in this module
                                     10 ;--------------------------------------------------------
                                     11 	.globl _vwf_font_avatars
                                     12 	.globl ___bank_vwf_font_avatars
                                     13 ;--------------------------------------------------------
                                     14 ; special function registers
                                     15 ;--------------------------------------------------------
                                     16 ;--------------------------------------------------------
                                     17 ; ram data
                                     18 ;--------------------------------------------------------
                                     19 	.area _DATA
                                     20 ;--------------------------------------------------------
                                     21 ; ram data
                                     22 ;--------------------------------------------------------
                                     23 	.area _INITIALIZED
                                     24 ;--------------------------------------------------------
                                     25 ; absolute external ram data
                                     26 ;--------------------------------------------------------
                                     27 	.area _DABS (ABS)
                                     28 ;--------------------------------------------------------
                                     29 ; global & static initialisations
                                     30 ;--------------------------------------------------------
                                     31 	.area _HOME
                                     32 	.area _GSINIT
                                     33 	.area _GSFINAL
                                     34 	.area _GSINIT
                                     35 ;--------------------------------------------------------
                                     36 ; Home
                                     37 ;--------------------------------------------------------
                                     38 	.area _HOME
                                     39 	.area _HOME
                                     40 ;--------------------------------------------------------
                                     41 ; code
                                     42 ;--------------------------------------------------------
                                     43 	.area _CODE_255
                                     44 	.area _CODE_255
      000000                         45 _font_avatars_table:
      000000 00                      46 	.db #0x00	; 0
      000001 01                      47 	.db #0x01	; 1
      000002 02                      48 	.db #0x02	; 2
      000003 03                      49 	.db #0x03	; 3
      000004 04                      50 	.db #0x04	; 4
      000005 05                      51 	.db #0x05	; 5
      000006 06                      52 	.db #0x06	; 6
      000007 07                      53 	.db #0x07	; 7
      000008                         54 _font_avatars_bitmaps:
      000008 00                      55 	.db #0x00	; 0
      000009 40                      56 	.db #0x40	; 64
      00000A 40                      57 	.db #0x40	; 64
      00000B E0                      58 	.db #0xe0	; 224
      00000C 60                      59 	.db #0x60	; 96
      00000D FB                      60 	.db #0xfb	; 251
      00000E 5B                      61 	.db #0x5b	; 91
      00000F FF                      62 	.db #0xff	; 255
      000010 7F                      63 	.db #0x7f	; 127
      000011 FF                      64 	.db #0xff	; 255
      000012 3F                      65 	.db #0x3f	; 63
      000013 EE                      66 	.db #0xee	; 238
      000014 7F                      67 	.db #0x7f	; 127
      000015 EE                      68 	.db #0xee	; 238
      000016 7B                      69 	.db #0x7b	; 123
      000017 FF                      70 	.db #0xff	; 255
      000018 3F                      71 	.db #0x3f	; 63
      000019 7F                      72 	.db #0x7f	; 127
      00001A 0E                      73 	.db #0x0e	; 14
      00001B 3F                      74 	.db #0x3f	; 63
      00001C 1F                      75 	.db #0x1f	; 31
      00001D 3F                      76 	.db #0x3f	; 63
      00001E 1F                      77 	.db #0x1f	; 31
      00001F 3F                      78 	.db #0x3f	; 63
      000020 1F                      79 	.db #0x1f	; 31
      000021 3F                      80 	.db #0x3f	; 63
      000022 3F                      81 	.db #0x3f	; 63
      000023 7F                      82 	.db #0x7f	; 127
      000024 3F                      83 	.db #0x3f	; 63
      000025 7F                      84 	.db #0x7f	; 127
      000026 37                      85 	.db #0x37	; 55	'7'
      000027 7F                      86 	.db #0x7f	; 127
      000028 00                      87 	.db #0x00	; 0
      000029 40                      88 	.db #0x40	; 64
      00002A 40                      89 	.db #0x40	; 64
      00002B E0                      90 	.db #0xe0	; 224
      00002C C0                      91 	.db #0xc0	; 192
      00002D E0                      92 	.db #0xe0	; 224
      00002E 40                      93 	.db #0x40	; 64
      00002F E0                      94 	.db #0xe0	; 224
      000030 C0                      95 	.db #0xc0	; 192
      000031 E0                      96 	.db #0xe0	; 224
      000032 80                      97 	.db #0x80	; 128
      000033 E6                      98 	.db #0xe6	; 230
      000034 C6                      99 	.db #0xc6	; 198
      000035 EF                     100 	.db #0xef	; 239
      000036 CF                     101 	.db #0xcf	; 207
      000037 FF                     102 	.db #0xff	; 255
      000038 99                     103 	.db #0x99	; 153
      000039 FF                     104 	.db #0xff	; 255
      00003A 10                     105 	.db #0x10	; 16
      00003B B9                     106 	.db #0xb9	; 185
      00003C 18                     107 	.db #0x18	; 24
      00003D BC                     108 	.db #0xbc	; 188
      00003E 8C                     109 	.db #0x8c	; 140
      00003F FE                     110 	.db #0xfe	; 254
      000040 C4                     111 	.db #0xc4	; 196
      000041 EE                     112 	.db #0xee	; 238
      000042 EC                     113 	.db #0xec	; 236
      000043 FE                     114 	.db #0xfe	; 254
      000044 F8                     115 	.db #0xf8	; 248
      000045 FC                     116 	.db #0xfc	; 252
      000046 F0                     117 	.db #0xf0	; 240
      000047 F8                     118 	.db #0xf8	; 248
      000048 00                     119 	.db #0x00	; 0
      000049 00                     120 	.db #0x00	; 0
      00004A 1C                     121 	.db #0x1c	; 28
      00004B 1C                     122 	.db #0x1c	; 28
      00004C 37                     123 	.db #0x37	; 55	'7'
      00004D 2F                     124 	.db #0x2f	; 47
      00004E 28                     125 	.db #0x28	; 40
      00004F 3F                     126 	.db #0x3f	; 63
      000050 3B                     127 	.db #0x3b	; 59
      000051 3E                     128 	.db #0x3e	; 62
      000052 30                     129 	.db #0x30	; 48	'0'
      000053 3F                     130 	.db #0x3f	; 63
      000054 13                     131 	.db #0x13	; 19
      000055 1F                     132 	.db #0x1f	; 31
      000056 1F                     133 	.db #0x1f	; 31
      000057 11                     134 	.db #0x11	; 17
      000058 0E                     135 	.db #0x0e	; 14
      000059 09                     136 	.db #0x09	; 9
      00005A 0F                     137 	.db #0x0f	; 15
      00005B 0F                     138 	.db #0x0f	; 15
      00005C 1F                     139 	.db #0x1f	; 31
      00005D 18                     140 	.db #0x18	; 24
      00005E 17                     141 	.db #0x17	; 23
      00005F 1C                     142 	.db #0x1c	; 28
      000060 17                     143 	.db #0x17	; 23
      000061 1C                     144 	.db #0x1c	; 28
      000062 17                     145 	.db #0x17	; 23
      000063 1C                     146 	.db #0x1c	; 28
      000064 3F                     147 	.db #0x3f	; 63
      000065 22                     148 	.db #0x22	; 34
      000066 3F                     149 	.db #0x3f	; 63
      000067 3F                     150 	.db #0x3f	; 63
      000068 00                     151 	.db #0x00	; 0
      000069 00                     152 	.db #0x00	; 0
      00006A 70                     153 	.db #0x70	; 112	'p'
      00006B 70                     154 	.db #0x70	; 112	'p'
      00006C D8                     155 	.db #0xd8	; 216
      00006D E8                     156 	.db #0xe8	; 232
      00006E 28                     157 	.db #0x28	; 40
      00006F F8                     158 	.db #0xf8	; 248
      000070 B8                     159 	.db #0xb8	; 184
      000071 F8                     160 	.db #0xf8	; 248
      000072 18                     161 	.db #0x18	; 24
      000073 F8                     162 	.db #0xf8	; 248
      000074 90                     163 	.db #0x90	; 144
      000075 F0                     164 	.db #0xf0	; 240
      000076 F0                     165 	.db #0xf0	; 240
      000077 10                     166 	.db #0x10	; 16
      000078 E0                     167 	.db #0xe0	; 224
      000079 20                     168 	.db #0x20	; 32
      00007A E2                     169 	.db #0xe2	; 226
      00007B E2                     170 	.db #0xe2	; 226
      00007C F6                     171 	.db #0xf6	; 246
      00007D 36                     172 	.db #0x36	; 54	'6'
      00007E DE                     173 	.db #0xde	; 222
      00007F 7A                     174 	.db #0x7a	; 122	'z'
      000080 DC                     175 	.db #0xdc	; 220
      000081 74                     176 	.db #0x74	; 116	't'
      000082 D8                     177 	.db #0xd8	; 216
      000083 78                     178 	.db #0x78	; 120	'x'
      000084 F8                     179 	.db #0xf8	; 248
      000085 88                     180 	.db #0x88	; 136
      000086 F8                     181 	.db #0xf8	; 248
      000087 F8                     182 	.db #0xf8	; 248
                           0000FF   183 ___bank_vwf_font_avatars	=	0x00ff
      000088                        184 _vwf_font_avatars:
      000088 01                     185 	.db #0x01	; 1
      000089 07                     186 	.db #0x07	; 7
      00008Ar00r00                  187 	.dw _font_avatars_table
      00008C 00 00                  188 	.dw #0x0000
      00008Er08r00                  189 	.dw _font_avatars_bitmaps
                                    190 	.area _INITIALIZER
                                    191 	.area _CABS (ABS)
