                                      1 ;--------------------------------------------------------
                                      2 ; File Created by SDCC : free open source ANSI-C Compiler
                                      3 ; Version 4.1.4 #12246 (Mac OS X x86_64)
                                      4 ;--------------------------------------------------------
                                      5 	.module background_7_map
                                      6 	.optsdcc -mgbz80
                                      7 	
                                      8 ;--------------------------------------------------------
                                      9 ; Public variables in this module
                                     10 ;--------------------------------------------------------
                                     11 	.globl _background_7_map
                                     12 	.globl ___bank_background_7_map
                                     13 ;--------------------------------------------------------
                                     14 ; special function registers
                                     15 ;--------------------------------------------------------
                                     16 ;--------------------------------------------------------
                                     17 ; ram data
                                     18 ;--------------------------------------------------------
                                     19 	.area _DATA
                                     20 ;--------------------------------------------------------
                                     21 ; ram data
                                     22 ;--------------------------------------------------------
                                     23 	.area _INITIALIZED
                                     24 ;--------------------------------------------------------
                                     25 ; absolute external ram data
                                     26 ;--------------------------------------------------------
                                     27 	.area _DABS (ABS)
                                     28 ;--------------------------------------------------------
                                     29 ; global & static initialisations
                                     30 ;--------------------------------------------------------
                                     31 	.area _HOME
                                     32 	.area _GSINIT
                                     33 	.area _GSFINAL
                                     34 	.area _GSINIT
                                     35 ;--------------------------------------------------------
                                     36 ; Home
                                     37 ;--------------------------------------------------------
                                     38 	.area _HOME
                                     39 	.area _HOME
                                     40 ;--------------------------------------------------------
                                     41 ; code
                                     42 ;--------------------------------------------------------
                                     43 	.area _CODE_255
                                     44 	.area _CODE_255
                           0000FF    45 ___bank_background_7_map	=	0x00ff
      000000                         46 _background_7_map:
      000000 00                      47 	.db #0x00	; 0
      000001 01                      48 	.db #0x01	; 1
      000002 02                      49 	.db #0x02	; 2
      000003 03                      50 	.db #0x03	; 3
      000004 04                      51 	.db #0x04	; 4
      000005 05                      52 	.db #0x05	; 5
      000006 06                      53 	.db #0x06	; 6
      000007 07                      54 	.db #0x07	; 7
      000008 08                      55 	.db #0x08	; 8
      000009 09                      56 	.db #0x09	; 9
      00000A 0A                      57 	.db #0x0a	; 10
      00000B 0B                      58 	.db #0x0b	; 11
      00000C 0C                      59 	.db #0x0c	; 12
      00000D 0D                      60 	.db #0x0d	; 13
      00000E 0E                      61 	.db #0x0e	; 14
      00000F 0F                      62 	.db #0x0f	; 15
      000010 10                      63 	.db #0x10	; 16
      000011 11                      64 	.db #0x11	; 17
      000012 12                      65 	.db #0x12	; 18
      000013 13                      66 	.db #0x13	; 19
      000014 14                      67 	.db #0x14	; 20
      000015 15                      68 	.db #0x15	; 21
      000016 16                      69 	.db #0x16	; 22
      000017 17                      70 	.db #0x17	; 23
      000018 18                      71 	.db #0x18	; 24
      000019 19                      72 	.db #0x19	; 25
      00001A 1A                      73 	.db #0x1a	; 26
      00001B 1B                      74 	.db #0x1b	; 27
      00001C 1C                      75 	.db #0x1c	; 28
      00001D 1D                      76 	.db #0x1d	; 29
      00001E 1E                      77 	.db #0x1e	; 30
      00001F 1F                      78 	.db #0x1f	; 31
      000020 20                      79 	.db #0x20	; 32
      000021 21                      80 	.db #0x21	; 33
      000022 22                      81 	.db #0x22	; 34
      000023 23                      82 	.db #0x23	; 35
      000024 24                      83 	.db #0x24	; 36
      000025 25                      84 	.db #0x25	; 37
      000026 26                      85 	.db #0x26	; 38
      000027 27                      86 	.db #0x27	; 39
      000028 28                      87 	.db #0x28	; 40
      000029 29                      88 	.db #0x29	; 41
      00002A 2A                      89 	.db #0x2a	; 42
      00002B 2B                      90 	.db #0x2b	; 43
      00002C 2C                      91 	.db #0x2c	; 44
      00002D 2D                      92 	.db #0x2d	; 45
      00002E 2E                      93 	.db #0x2e	; 46
      00002F 2F                      94 	.db #0x2f	; 47
      000030 30                      95 	.db #0x30	; 48	'0'
      000031 31                      96 	.db #0x31	; 49	'1'
      000032 32                      97 	.db #0x32	; 50	'2'
      000033 33                      98 	.db #0x33	; 51	'3'
      000034 34                      99 	.db #0x34	; 52	'4'
      000035 35                     100 	.db #0x35	; 53	'5'
      000036 36                     101 	.db #0x36	; 54	'6'
      000037 37                     102 	.db #0x37	; 55	'7'
      000038 38                     103 	.db #0x38	; 56	'8'
      000039 39                     104 	.db #0x39	; 57	'9'
      00003A 3A                     105 	.db #0x3a	; 58
      00003B 3B                     106 	.db #0x3b	; 59
      00003C 3C                     107 	.db #0x3c	; 60
      00003D 3D                     108 	.db #0x3d	; 61
      00003E 3E                     109 	.db #0x3e	; 62
      00003F 3F                     110 	.db #0x3f	; 63
      000040 40                     111 	.db #0x40	; 64
      000041 41                     112 	.db #0x41	; 65	'A'
      000042 42                     113 	.db #0x42	; 66	'B'
      000043 43                     114 	.db #0x43	; 67	'C'
      000044 44                     115 	.db #0x44	; 68	'D'
      000045 45                     116 	.db #0x45	; 69	'E'
      000046 46                     117 	.db #0x46	; 70	'F'
      000047 47                     118 	.db #0x47	; 71	'G'
      000048 48                     119 	.db #0x48	; 72	'H'
      000049 49                     120 	.db #0x49	; 73	'I'
      00004A 4A                     121 	.db #0x4a	; 74	'J'
      00004B 4B                     122 	.db #0x4b	; 75	'K'
      00004C 4C                     123 	.db #0x4c	; 76	'L'
      00004D 4D                     124 	.db #0x4d	; 77	'M'
      00004E 4E                     125 	.db #0x4e	; 78	'N'
      00004F 4F                     126 	.db #0x4f	; 79	'O'
      000050 50                     127 	.db #0x50	; 80	'P'
      000051 51                     128 	.db #0x51	; 81	'Q'
      000052 52                     129 	.db #0x52	; 82	'R'
      000053 53                     130 	.db #0x53	; 83	'S'
      000054 54                     131 	.db #0x54	; 84	'T'
      000055 55                     132 	.db #0x55	; 85	'U'
      000056 56                     133 	.db #0x56	; 86	'V'
      000057 57                     134 	.db #0x57	; 87	'W'
      000058 58                     135 	.db #0x58	; 88	'X'
      000059 59                     136 	.db #0x59	; 89	'Y'
      00005A 5A                     137 	.db #0x5a	; 90	'Z'
      00005B 5B                     138 	.db #0x5b	; 91
      00005C 5C                     139 	.db #0x5c	; 92
      00005D 5D                     140 	.db #0x5d	; 93
      00005E 5E                     141 	.db #0x5e	; 94
      00005F 5F                     142 	.db #0x5f	; 95
      000060 60                     143 	.db #0x60	; 96
      000061 61                     144 	.db #0x61	; 97	'a'
      000062 62                     145 	.db #0x62	; 98	'b'
      000063 63                     146 	.db #0x63	; 99	'c'
      000064 64                     147 	.db #0x64	; 100	'd'
      000065 65                     148 	.db #0x65	; 101	'e'
      000066 66                     149 	.db #0x66	; 102	'f'
      000067 67                     150 	.db #0x67	; 103	'g'
      000068 68                     151 	.db #0x68	; 104	'h'
      000069 69                     152 	.db #0x69	; 105	'i'
      00006A 6A                     153 	.db #0x6a	; 106	'j'
      00006B 6B                     154 	.db #0x6b	; 107	'k'
      00006C 6C                     155 	.db #0x6c	; 108	'l'
      00006D 6D                     156 	.db #0x6d	; 109	'm'
      00006E 6E                     157 	.db #0x6e	; 110	'n'
      00006F 6F                     158 	.db #0x6f	; 111	'o'
      000070 70                     159 	.db #0x70	; 112	'p'
      000071 71                     160 	.db #0x71	; 113	'q'
      000072 72                     161 	.db #0x72	; 114	'r'
      000073 73                     162 	.db #0x73	; 115	's'
      000074 74                     163 	.db #0x74	; 116	't'
      000075 75                     164 	.db #0x75	; 117	'u'
      000076 76                     165 	.db #0x76	; 118	'v'
      000077 77                     166 	.db #0x77	; 119	'w'
      000078 78                     167 	.db #0x78	; 120	'x'
      000079 79                     168 	.db #0x79	; 121	'y'
      00007A 7A                     169 	.db #0x7a	; 122	'z'
      00007B 7B                     170 	.db #0x7b	; 123
      00007C 7C                     171 	.db #0x7c	; 124
      00007D 7D                     172 	.db #0x7d	; 125
      00007E 7E                     173 	.db #0x7e	; 126
      00007F 7F                     174 	.db #0x7f	; 127
      000080 80                     175 	.db #0x80	; 128
      000081 81                     176 	.db #0x81	; 129
      000082 82                     177 	.db #0x82	; 130
      000083 83                     178 	.db #0x83	; 131
      000084 84                     179 	.db #0x84	; 132
      000085 85                     180 	.db #0x85	; 133
      000086 86                     181 	.db #0x86	; 134
      000087 87                     182 	.db #0x87	; 135
      000088 88                     183 	.db #0x88	; 136
      000089 89                     184 	.db #0x89	; 137
      00008A 8A                     185 	.db #0x8a	; 138
      00008B 8B                     186 	.db #0x8b	; 139
      00008C 8C                     187 	.db #0x8c	; 140
      00008D 8D                     188 	.db #0x8d	; 141
      00008E 8E                     189 	.db #0x8e	; 142
      00008F 8F                     190 	.db #0x8f	; 143
      000090 90                     191 	.db #0x90	; 144
      000091 91                     192 	.db #0x91	; 145
      000092 92                     193 	.db #0x92	; 146
      000093 93                     194 	.db #0x93	; 147
      000094 94                     195 	.db #0x94	; 148
      000095 95                     196 	.db #0x95	; 149
      000096 96                     197 	.db #0x96	; 150
      000097 97                     198 	.db #0x97	; 151
      000098 98                     199 	.db #0x98	; 152
      000099 99                     200 	.db #0x99	; 153
      00009A 9A                     201 	.db #0x9a	; 154
      00009B 9B                     202 	.db #0x9b	; 155
      00009C 9C                     203 	.db #0x9c	; 156
      00009D 9D                     204 	.db #0x9d	; 157
      00009E 9E                     205 	.db #0x9e	; 158
      00009F 9F                     206 	.db #0x9f	; 159
      0000A0 A0                     207 	.db #0xa0	; 160
      0000A1 A1                     208 	.db #0xa1	; 161
      0000A2 A2                     209 	.db #0xa2	; 162
      0000A3 A3                     210 	.db #0xa3	; 163
      0000A4 A4                     211 	.db #0xa4	; 164
      0000A5 A5                     212 	.db #0xa5	; 165
      0000A6 A6                     213 	.db #0xa6	; 166
      0000A7 A7                     214 	.db #0xa7	; 167
      0000A8 A8                     215 	.db #0xa8	; 168
      0000A9 A9                     216 	.db #0xa9	; 169
      0000AA AA                     217 	.db #0xaa	; 170
      0000AB AB                     218 	.db #0xab	; 171
      0000AC AC                     219 	.db #0xac	; 172
      0000AD AD                     220 	.db #0xad	; 173
      0000AE AE                     221 	.db #0xae	; 174
      0000AF AF                     222 	.db #0xaf	; 175
      0000B0 B0                     223 	.db #0xb0	; 176
      0000B1 B1                     224 	.db #0xb1	; 177
      0000B2 B2                     225 	.db #0xb2	; 178
      0000B3 B3                     226 	.db #0xb3	; 179
      0000B4 B4                     227 	.db #0xb4	; 180
      0000B5 B5                     228 	.db #0xb5	; 181
      0000B6 B6                     229 	.db #0xb6	; 182
      0000B7 B7                     230 	.db #0xb7	; 183
      0000B8 B8                     231 	.db #0xb8	; 184
      0000B9 B9                     232 	.db #0xb9	; 185
      0000BA BA                     233 	.db #0xba	; 186
      0000BB BB                     234 	.db #0xbb	; 187
      0000BC BC                     235 	.db #0xbc	; 188
      0000BD BD                     236 	.db #0xbd	; 189
      0000BE BE                     237 	.db #0xbe	; 190
      0000BF BF                     238 	.db #0xbf	; 191
      0000C0 C0                     239 	.db #0xc0	; 192
      0000C1 C1                     240 	.db #0xc1	; 193
      0000C2 C2                     241 	.db #0xc2	; 194
      0000C3 C3                     242 	.db #0xc3	; 195
      0000C4 C4                     243 	.db #0xc4	; 196
      0000C5 C5                     244 	.db #0xc5	; 197
      0000C6 C6                     245 	.db #0xc6	; 198
      0000C7 C7                     246 	.db #0xc7	; 199
      0000C8 C8                     247 	.db #0xc8	; 200
      0000C9 C9                     248 	.db #0xc9	; 201
      0000CA CA                     249 	.db #0xca	; 202
      0000CB CB                     250 	.db #0xcb	; 203
      0000CC CC                     251 	.db #0xcc	; 204
      0000CD CD                     252 	.db #0xcd	; 205
      0000CE CE                     253 	.db #0xce	; 206
      0000CF CF                     254 	.db #0xcf	; 207
      0000D0 D0                     255 	.db #0xd0	; 208
      0000D1 D1                     256 	.db #0xd1	; 209
      0000D2 D2                     257 	.db #0xd2	; 210
      0000D3 D3                     258 	.db #0xd3	; 211
      0000D4 D4                     259 	.db #0xd4	; 212
      0000D5 D5                     260 	.db #0xd5	; 213
      0000D6 D6                     261 	.db #0xd6	; 214
      0000D7 D7                     262 	.db #0xd7	; 215
      0000D8 D8                     263 	.db #0xd8	; 216
      0000D9 D9                     264 	.db #0xd9	; 217
      0000DA DA                     265 	.db #0xda	; 218
      0000DB DB                     266 	.db #0xdb	; 219
      0000DC DC                     267 	.db #0xdc	; 220
      0000DD DD                     268 	.db #0xdd	; 221
      0000DE DE                     269 	.db #0xde	; 222
      0000DF DF                     270 	.db #0xdf	; 223
      0000E0 E0                     271 	.db #0xe0	; 224
      0000E1 E1                     272 	.db #0xe1	; 225
      0000E2 E2                     273 	.db #0xe2	; 226
      0000E3 E3                     274 	.db #0xe3	; 227
      0000E4 E4                     275 	.db #0xe4	; 228
      0000E5 E5                     276 	.db #0xe5	; 229
      0000E6 E6                     277 	.db #0xe6	; 230
      0000E7 E7                     278 	.db #0xe7	; 231
      0000E8 E8                     279 	.db #0xe8	; 232
      0000E9 E9                     280 	.db #0xe9	; 233
      0000EA EA                     281 	.db #0xea	; 234
      0000EB EB                     282 	.db #0xeb	; 235
      0000EC EC                     283 	.db #0xec	; 236
      0000ED ED                     284 	.db #0xed	; 237
      0000EE EE                     285 	.db #0xee	; 238
      0000EF EF                     286 	.db #0xef	; 239
      0000F0 F0                     287 	.db #0xf0	; 240
      0000F1 F1                     288 	.db #0xf1	; 241
      0000F2 F2                     289 	.db #0xf2	; 242
      0000F3 F3                     290 	.db #0xf3	; 243
      0000F4 F4                     291 	.db #0xf4	; 244
      0000F5 F5                     292 	.db #0xf5	; 245
      0000F6 F6                     293 	.db #0xf6	; 246
      0000F7 F7                     294 	.db #0xf7	; 247
      0000F8 F8                     295 	.db #0xf8	; 248
      0000F9 F9                     296 	.db #0xf9	; 249
      0000FA FA                     297 	.db #0xfa	; 250
      0000FB FB                     298 	.db #0xfb	; 251
      0000FC FC                     299 	.db #0xfc	; 252
      0000FD FD                     300 	.db #0xfd	; 253
      0000FE FE                     301 	.db #0xfe	; 254
      0000FF FF                     302 	.db #0xff	; 255
      000100 00                     303 	.db #0x00	; 0
      000101 01                     304 	.db #0x01	; 1
      000102 02                     305 	.db #0x02	; 2
      000103 03                     306 	.db #0x03	; 3
      000104 04                     307 	.db #0x04	; 4
      000105 05                     308 	.db #0x05	; 5
      000106 06                     309 	.db #0x06	; 6
      000107 07                     310 	.db #0x07	; 7
      000108 08                     311 	.db #0x08	; 8
      000109 09                     312 	.db #0x09	; 9
      00010A 0A                     313 	.db #0x0a	; 10
      00010B 0B                     314 	.db #0x0b	; 11
      00010C 0C                     315 	.db #0x0c	; 12
      00010D 0D                     316 	.db #0x0d	; 13
      00010E 0E                     317 	.db #0x0e	; 14
      00010F 0F                     318 	.db #0x0f	; 15
      000110 10                     319 	.db #0x10	; 16
      000111 11                     320 	.db #0x11	; 17
      000112 12                     321 	.db #0x12	; 18
      000113 13                     322 	.db #0x13	; 19
      000114 14                     323 	.db #0x14	; 20
      000115 15                     324 	.db #0x15	; 21
      000116 16                     325 	.db #0x16	; 22
      000117 17                     326 	.db #0x17	; 23
      000118 18                     327 	.db #0x18	; 24
      000119 19                     328 	.db #0x19	; 25
      00011A 1A                     329 	.db #0x1a	; 26
      00011B 1B                     330 	.db #0x1b	; 27
      00011C 1C                     331 	.db #0x1c	; 28
      00011D 1D                     332 	.db #0x1d	; 29
      00011E 1E                     333 	.db #0x1e	; 30
      00011F 1F                     334 	.db #0x1f	; 31
      000120 20                     335 	.db #0x20	; 32
      000121 21                     336 	.db #0x21	; 33
      000122 22                     337 	.db #0x22	; 34
      000123 23                     338 	.db #0x23	; 35
      000124 24                     339 	.db #0x24	; 36
      000125 25                     340 	.db #0x25	; 37
      000126 26                     341 	.db #0x26	; 38
      000127 27                     342 	.db #0x27	; 39
      000128 28                     343 	.db #0x28	; 40
      000129 29                     344 	.db #0x29	; 41
      00012A 2A                     345 	.db #0x2a	; 42
      00012B 2B                     346 	.db #0x2b	; 43
      00012C 2C                     347 	.db #0x2c	; 44
      00012D 2D                     348 	.db #0x2d	; 45
      00012E 2E                     349 	.db #0x2e	; 46
      00012F 2F                     350 	.db #0x2f	; 47
      000130 30                     351 	.db #0x30	; 48	'0'
      000131 31                     352 	.db #0x31	; 49	'1'
      000132 32                     353 	.db #0x32	; 50	'2'
      000133 33                     354 	.db #0x33	; 51	'3'
      000134 34                     355 	.db #0x34	; 52	'4'
      000135 35                     356 	.db #0x35	; 53	'5'
      000136 36                     357 	.db #0x36	; 54	'6'
      000137 37                     358 	.db #0x37	; 55	'7'
      000138 38                     359 	.db #0x38	; 56	'8'
      000139 39                     360 	.db #0x39	; 57	'9'
      00013A 3A                     361 	.db #0x3a	; 58
      00013B 3B                     362 	.db #0x3b	; 59
      00013C 3C                     363 	.db #0x3c	; 60
      00013D 3D                     364 	.db #0x3d	; 61
      00013E 3E                     365 	.db #0x3e	; 62
      00013F 3F                     366 	.db #0x3f	; 63
      000140 40                     367 	.db #0x40	; 64
      000141 41                     368 	.db #0x41	; 65	'A'
      000142 42                     369 	.db #0x42	; 66	'B'
      000143 43                     370 	.db #0x43	; 67	'C'
      000144 44                     371 	.db #0x44	; 68	'D'
      000145 45                     372 	.db #0x45	; 69	'E'
      000146 46                     373 	.db #0x46	; 70	'F'
      000147 47                     374 	.db #0x47	; 71	'G'
      000148 48                     375 	.db #0x48	; 72	'H'
      000149 49                     376 	.db #0x49	; 73	'I'
      00014A 4A                     377 	.db #0x4a	; 74	'J'
      00014B 4B                     378 	.db #0x4b	; 75	'K'
      00014C 4C                     379 	.db #0x4c	; 76	'L'
      00014D 4D                     380 	.db #0x4d	; 77	'M'
      00014E 4E                     381 	.db #0x4e	; 78	'N'
      00014F 4F                     382 	.db #0x4f	; 79	'O'
      000150 50                     383 	.db #0x50	; 80	'P'
      000151 51                     384 	.db #0x51	; 81	'Q'
      000152 52                     385 	.db #0x52	; 82	'R'
      000153 53                     386 	.db #0x53	; 83	'S'
      000154 54                     387 	.db #0x54	; 84	'T'
      000155 55                     388 	.db #0x55	; 85	'U'
      000156 56                     389 	.db #0x56	; 86	'V'
      000157 57                     390 	.db #0x57	; 87	'W'
      000158 58                     391 	.db #0x58	; 88	'X'
      000159 59                     392 	.db #0x59	; 89	'Y'
      00015A 5A                     393 	.db #0x5a	; 90	'Z'
      00015B 5B                     394 	.db #0x5b	; 91
      00015C 5C                     395 	.db #0x5c	; 92
      00015D 5D                     396 	.db #0x5d	; 93
      00015E 5E                     397 	.db #0x5e	; 94
      00015F 5F                     398 	.db #0x5f	; 95
      000160 60                     399 	.db #0x60	; 96
      000161 61                     400 	.db #0x61	; 97	'a'
      000162 62                     401 	.db #0x62	; 98	'b'
      000163 63                     402 	.db #0x63	; 99	'c'
      000164 64                     403 	.db #0x64	; 100	'd'
      000165 65                     404 	.db #0x65	; 101	'e'
      000166 66                     405 	.db #0x66	; 102	'f'
      000167 67                     406 	.db #0x67	; 103	'g'
                                    407 	.area _INITIALIZER
                                    408 	.area _CABS (ABS)
