                                      1 ;--------------------------------------------------------
                                      2 ; File Created by SDCC : free open source ANSI-C Compiler
                                      3 ; Version 4.1.4 #12246 (Mac OS X x86_64)
                                      4 ;--------------------------------------------------------
                                      5 	.module background_5_map
                                      6 	.optsdcc -mgbz80
                                      7 	
                                      8 ;--------------------------------------------------------
                                      9 ; Public variables in this module
                                     10 ;--------------------------------------------------------
                                     11 	.globl _background_5_map
                                     12 	.globl ___bank_background_5_map
                                     13 ;--------------------------------------------------------
                                     14 ; special function registers
                                     15 ;--------------------------------------------------------
                                     16 ;--------------------------------------------------------
                                     17 ; ram data
                                     18 ;--------------------------------------------------------
                                     19 	.area _DATA
                                     20 ;--------------------------------------------------------
                                     21 ; ram data
                                     22 ;--------------------------------------------------------
                                     23 	.area _INITIALIZED
                                     24 ;--------------------------------------------------------
                                     25 ; absolute external ram data
                                     26 ;--------------------------------------------------------
                                     27 	.area _DABS (ABS)
                                     28 ;--------------------------------------------------------
                                     29 ; global & static initialisations
                                     30 ;--------------------------------------------------------
                                     31 	.area _HOME
                                     32 	.area _GSINIT
                                     33 	.area _GSFINAL
                                     34 	.area _GSINIT
                                     35 ;--------------------------------------------------------
                                     36 ; Home
                                     37 ;--------------------------------------------------------
                                     38 	.area _HOME
                                     39 	.area _HOME
                                     40 ;--------------------------------------------------------
                                     41 ; code
                                     42 ;--------------------------------------------------------
                                     43 	.area _CODE_255
                                     44 	.area _CODE_255
                           0000FF    45 ___bank_background_5_map	=	0x00ff
      000000                         46 _background_5_map:
      000000 00                      47 	.db #0x00	; 0
      000001 01                      48 	.db #0x01	; 1
      000002 02                      49 	.db #0x02	; 2
      000003 03                      50 	.db #0x03	; 3
      000004 04                      51 	.db #0x04	; 4
      000005 04                      52 	.db #0x04	; 4
      000006 04                      53 	.db #0x04	; 4
      000007 04                      54 	.db #0x04	; 4
      000008 04                      55 	.db #0x04	; 4
      000009 04                      56 	.db #0x04	; 4
      00000A 04                      57 	.db #0x04	; 4
      00000B 04                      58 	.db #0x04	; 4
      00000C 04                      59 	.db #0x04	; 4
      00000D 04                      60 	.db #0x04	; 4
      00000E 04                      61 	.db #0x04	; 4
      00000F 04                      62 	.db #0x04	; 4
      000010 04                      63 	.db #0x04	; 4
      000011 04                      64 	.db #0x04	; 4
      000012 04                      65 	.db #0x04	; 4
      000013 04                      66 	.db #0x04	; 4
      000014 04                      67 	.db #0x04	; 4
      000015 04                      68 	.db #0x04	; 4
      000016 04                      69 	.db #0x04	; 4
      000017 05                      70 	.db #0x05	; 5
      000018 06                      71 	.db #0x06	; 6
      000019 00                      72 	.db #0x00	; 0
      00001A 01                      73 	.db #0x01	; 1
      00001B 02                      74 	.db #0x02	; 2
      00001C 03                      75 	.db #0x03	; 3
      00001D 04                      76 	.db #0x04	; 4
      00001E 04                      77 	.db #0x04	; 4
      00001F 04                      78 	.db #0x04	; 4
      000020 04                      79 	.db #0x04	; 4
      000021 04                      80 	.db #0x04	; 4
      000022 04                      81 	.db #0x04	; 4
      000023 04                      82 	.db #0x04	; 4
      000024 04                      83 	.db #0x04	; 4
      000025 04                      84 	.db #0x04	; 4
      000026 04                      85 	.db #0x04	; 4
      000027 04                      86 	.db #0x04	; 4
      000028 04                      87 	.db #0x04	; 4
      000029 04                      88 	.db #0x04	; 4
      00002A 04                      89 	.db #0x04	; 4
      00002B 04                      90 	.db #0x04	; 4
      00002C 04                      91 	.db #0x04	; 4
      00002D 04                      92 	.db #0x04	; 4
      00002E 04                      93 	.db #0x04	; 4
      00002F 04                      94 	.db #0x04	; 4
      000030 04                      95 	.db #0x04	; 4
      000031 04                      96 	.db #0x04	; 4
      000032 04                      97 	.db #0x04	; 4
      000033 04                      98 	.db #0x04	; 4
      000034 04                      99 	.db #0x04	; 4
      000035 04                     100 	.db #0x04	; 4
      000036 04                     101 	.db #0x04	; 4
      000037 04                     102 	.db #0x04	; 4
      000038 04                     103 	.db #0x04	; 4
      000039 04                     104 	.db #0x04	; 4
      00003A 04                     105 	.db #0x04	; 4
      00003B 04                     106 	.db #0x04	; 4
      00003C 04                     107 	.db #0x04	; 4
      00003D 04                     108 	.db #0x04	; 4
      00003E 04                     109 	.db #0x04	; 4
      00003F 04                     110 	.db #0x04	; 4
      000040 04                     111 	.db #0x04	; 4
      000041 04                     112 	.db #0x04	; 4
      000042 04                     113 	.db #0x04	; 4
      000043 04                     114 	.db #0x04	; 4
      000044 04                     115 	.db #0x04	; 4
      000045 04                     116 	.db #0x04	; 4
      000046 04                     117 	.db #0x04	; 4
      000047 04                     118 	.db #0x04	; 4
      000048 04                     119 	.db #0x04	; 4
      000049 04                     120 	.db #0x04	; 4
      00004A 04                     121 	.db #0x04	; 4
      00004B 04                     122 	.db #0x04	; 4
      00004C 04                     123 	.db #0x04	; 4
      00004D 04                     124 	.db #0x04	; 4
      00004E 04                     125 	.db #0x04	; 4
      00004F 04                     126 	.db #0x04	; 4
      000050 07                     127 	.db #0x07	; 7
      000051 08                     128 	.db #0x08	; 8
      000052 09                     129 	.db #0x09	; 9
      000053 0A                     130 	.db #0x0a	; 10
      000054 04                     131 	.db #0x04	; 4
      000055 0B                     132 	.db #0x0b	; 11
      000056 0C                     133 	.db #0x0c	; 12
      000057 0D                     134 	.db #0x0d	; 13
      000058 0E                     135 	.db #0x0e	; 14
      000059 0F                     136 	.db #0x0f	; 15
      00005A 10                     137 	.db #0x10	; 16
      00005B 11                     138 	.db #0x11	; 17
      00005C 04                     139 	.db #0x04	; 4
      00005D 04                     140 	.db #0x04	; 4
      00005E 04                     141 	.db #0x04	; 4
      00005F 04                     142 	.db #0x04	; 4
      000060 04                     143 	.db #0x04	; 4
      000061 12                     144 	.db #0x12	; 18
      000062 13                     145 	.db #0x13	; 19
      000063 04                     146 	.db #0x04	; 4
      000064 14                     147 	.db #0x14	; 20
      000065 15                     148 	.db #0x15	; 21
      000066 16                     149 	.db #0x16	; 22
      000067 17                     150 	.db #0x17	; 23
      000068 18                     151 	.db #0x18	; 24
      000069 07                     152 	.db #0x07	; 7
      00006A 08                     153 	.db #0x08	; 8
      00006B 09                     154 	.db #0x09	; 9
      00006C 0A                     155 	.db #0x0a	; 10
      00006D 04                     156 	.db #0x04	; 4
      00006E 04                     157 	.db #0x04	; 4
      00006F 0B                     158 	.db #0x0b	; 11
      000070 0C                     159 	.db #0x0c	; 12
      000071 0D                     160 	.db #0x0d	; 13
      000072 0E                     161 	.db #0x0e	; 14
      000073 0F                     162 	.db #0x0f	; 15
      000074 10                     163 	.db #0x10	; 16
      000075 11                     164 	.db #0x11	; 17
      000076 04                     165 	.db #0x04	; 4
      000077 04                     166 	.db #0x04	; 4
      000078 04                     167 	.db #0x04	; 4
      000079 04                     168 	.db #0x04	; 4
      00007A 04                     169 	.db #0x04	; 4
      00007B 04                     170 	.db #0x04	; 4
      00007C 04                     171 	.db #0x04	; 4
      00007D 04                     172 	.db #0x04	; 4
      00007E 04                     173 	.db #0x04	; 4
      00007F 04                     174 	.db #0x04	; 4
      000080 04                     175 	.db #0x04	; 4
      000081 04                     176 	.db #0x04	; 4
      000082 04                     177 	.db #0x04	; 4
      000083 04                     178 	.db #0x04	; 4
      000084 04                     179 	.db #0x04	; 4
      000085 04                     180 	.db #0x04	; 4
      000086 04                     181 	.db #0x04	; 4
      000087 04                     182 	.db #0x04	; 4
      000088 04                     183 	.db #0x04	; 4
      000089 04                     184 	.db #0x04	; 4
      00008A 04                     185 	.db #0x04	; 4
      00008B 04                     186 	.db #0x04	; 4
      00008C 04                     187 	.db #0x04	; 4
      00008D 04                     188 	.db #0x04	; 4
      00008E 04                     189 	.db #0x04	; 4
      00008F 04                     190 	.db #0x04	; 4
      000090 04                     191 	.db #0x04	; 4
      000091 04                     192 	.db #0x04	; 4
      000092 04                     193 	.db #0x04	; 4
      000093 04                     194 	.db #0x04	; 4
      000094 04                     195 	.db #0x04	; 4
      000095 04                     196 	.db #0x04	; 4
      000096 04                     197 	.db #0x04	; 4
      000097 04                     198 	.db #0x04	; 4
      000098 04                     199 	.db #0x04	; 4
      000099 04                     200 	.db #0x04	; 4
      00009A 04                     201 	.db #0x04	; 4
      00009B 04                     202 	.db #0x04	; 4
      00009C 04                     203 	.db #0x04	; 4
      00009D 04                     204 	.db #0x04	; 4
      00009E 04                     205 	.db #0x04	; 4
      00009F 04                     206 	.db #0x04	; 4
      0000A0 19                     207 	.db #0x19	; 25
      0000A1 1A                     208 	.db #0x1a	; 26
      0000A2 1B                     209 	.db #0x1b	; 27
      0000A3 1C                     210 	.db #0x1c	; 28
      0000A4 1D                     211 	.db #0x1d	; 29
      0000A5 1E                     212 	.db #0x1e	; 30
      0000A6 1F                     213 	.db #0x1f	; 31
      0000A7 20                     214 	.db #0x20	; 32
      0000A8 21                     215 	.db #0x21	; 33
      0000A9 22                     216 	.db #0x22	; 34
      0000AA 23                     217 	.db #0x23	; 35
      0000AB 24                     218 	.db #0x24	; 36
      0000AC 25                     219 	.db #0x25	; 37
      0000AD 26                     220 	.db #0x26	; 38
      0000AE 27                     221 	.db #0x27	; 39
      0000AF 28                     222 	.db #0x28	; 40
      0000B0 29                     223 	.db #0x29	; 41
      0000B1 2A                     224 	.db #0x2a	; 42
      0000B2 2B                     225 	.db #0x2b	; 43
      0000B3 2C                     226 	.db #0x2c	; 44
      0000B4 2D                     227 	.db #0x2d	; 45
      0000B5 2E                     228 	.db #0x2e	; 46
      0000B6 2F                     229 	.db #0x2f	; 47
      0000B7 30                     230 	.db #0x30	; 48	'0'
      0000B8 31                     231 	.db #0x31	; 49	'1'
      0000B9 19                     232 	.db #0x19	; 25
      0000BA 1A                     233 	.db #0x1a	; 26
      0000BB 1B                     234 	.db #0x1b	; 27
      0000BC 1C                     235 	.db #0x1c	; 28
      0000BD 1D                     236 	.db #0x1d	; 29
      0000BE 1D                     237 	.db #0x1d	; 29
      0000BF 1E                     238 	.db #0x1e	; 30
      0000C0 1F                     239 	.db #0x1f	; 31
      0000C1 20                     240 	.db #0x20	; 32
      0000C2 21                     241 	.db #0x21	; 33
      0000C3 22                     242 	.db #0x22	; 34
      0000C4 23                     243 	.db #0x23	; 35
      0000C5 24                     244 	.db #0x24	; 36
      0000C6 25                     245 	.db #0x25	; 37
      0000C7 26                     246 	.db #0x26	; 38
      0000C8 27                     247 	.db #0x27	; 39
      0000C9 1D                     248 	.db #0x1d	; 29
      0000CA 1D                     249 	.db #0x1d	; 29
      0000CB 1D                     250 	.db #0x1d	; 29
      0000CC 1D                     251 	.db #0x1d	; 29
      0000CD 1D                     252 	.db #0x1d	; 29
      0000CE 1D                     253 	.db #0x1d	; 29
      0000CF 1D                     254 	.db #0x1d	; 29
      0000D0 1D                     255 	.db #0x1d	; 29
      0000D1 1D                     256 	.db #0x1d	; 29
      0000D2 1D                     257 	.db #0x1d	; 29
      0000D3 1D                     258 	.db #0x1d	; 29
      0000D4 1D                     259 	.db #0x1d	; 29
      0000D5 1D                     260 	.db #0x1d	; 29
      0000D6 1D                     261 	.db #0x1d	; 29
      0000D7 1D                     262 	.db #0x1d	; 29
      0000D8 1D                     263 	.db #0x1d	; 29
      0000D9 1D                     264 	.db #0x1d	; 29
      0000DA 1D                     265 	.db #0x1d	; 29
      0000DB 1D                     266 	.db #0x1d	; 29
      0000DC 1D                     267 	.db #0x1d	; 29
      0000DD 1D                     268 	.db #0x1d	; 29
      0000DE 1D                     269 	.db #0x1d	; 29
      0000DF 1D                     270 	.db #0x1d	; 29
      0000E0 1D                     271 	.db #0x1d	; 29
      0000E1 1D                     272 	.db #0x1d	; 29
      0000E2 1D                     273 	.db #0x1d	; 29
      0000E3 1D                     274 	.db #0x1d	; 29
      0000E4 1D                     275 	.db #0x1d	; 29
      0000E5 1D                     276 	.db #0x1d	; 29
      0000E6 1D                     277 	.db #0x1d	; 29
      0000E7 1D                     278 	.db #0x1d	; 29
      0000E8 1D                     279 	.db #0x1d	; 29
      0000E9 1D                     280 	.db #0x1d	; 29
      0000EA 1D                     281 	.db #0x1d	; 29
      0000EB 1D                     282 	.db #0x1d	; 29
      0000EC 1D                     283 	.db #0x1d	; 29
      0000ED 1D                     284 	.db #0x1d	; 29
      0000EE 1D                     285 	.db #0x1d	; 29
      0000EF 1D                     286 	.db #0x1d	; 29
      0000F0 32                     287 	.db #0x32	; 50	'2'
      0000F1 33                     288 	.db #0x33	; 51	'3'
      0000F2 34                     289 	.db #0x34	; 52	'4'
      0000F3 35                     290 	.db #0x35	; 53	'5'
      0000F4 36                     291 	.db #0x36	; 54	'6'
      0000F5 37                     292 	.db #0x37	; 55	'7'
      0000F6 38                     293 	.db #0x38	; 56	'8'
      0000F7 39                     294 	.db #0x39	; 57	'9'
      0000F8 3A                     295 	.db #0x3a	; 58
      0000F9 3B                     296 	.db #0x3b	; 59
      0000FA 3C                     297 	.db #0x3c	; 60
      0000FB 3D                     298 	.db #0x3d	; 61
      0000FC 3E                     299 	.db #0x3e	; 62
      0000FD 3F                     300 	.db #0x3f	; 63
      0000FE 40                     301 	.db #0x40	; 64
      0000FF 41                     302 	.db #0x41	; 65	'A'
      000100 42                     303 	.db #0x42	; 66	'B'
      000101 43                     304 	.db #0x43	; 67	'C'
      000102 44                     305 	.db #0x44	; 68	'D'
      000103 45                     306 	.db #0x45	; 69	'E'
      000104 46                     307 	.db #0x46	; 70	'F'
      000105 47                     308 	.db #0x47	; 71	'G'
      000106 48                     309 	.db #0x48	; 72	'H'
      000107 49                     310 	.db #0x49	; 73	'I'
      000108 4A                     311 	.db #0x4a	; 74	'J'
      000109 32                     312 	.db #0x32	; 50	'2'
      00010A 33                     313 	.db #0x33	; 51	'3'
      00010B 34                     314 	.db #0x34	; 52	'4'
      00010C 35                     315 	.db #0x35	; 53	'5'
      00010D 4B                     316 	.db #0x4b	; 75	'K'
      00010E 36                     317 	.db #0x36	; 54	'6'
      00010F 37                     318 	.db #0x37	; 55	'7'
      000110 38                     319 	.db #0x38	; 56	'8'
      000111 39                     320 	.db #0x39	; 57	'9'
      000112 3A                     321 	.db #0x3a	; 58
      000113 3B                     322 	.db #0x3b	; 59
      000114 3C                     323 	.db #0x3c	; 60
      000115 3D                     324 	.db #0x3d	; 61
      000116 3E                     325 	.db #0x3e	; 62
      000117 3F                     326 	.db #0x3f	; 63
      000118 4C                     327 	.db #0x4c	; 76	'L'
      000119 4B                     328 	.db #0x4b	; 75	'K'
      00011A 4B                     329 	.db #0x4b	; 75	'K'
      00011B 4B                     330 	.db #0x4b	; 75	'K'
      00011C 4B                     331 	.db #0x4b	; 75	'K'
      00011D 4B                     332 	.db #0x4b	; 75	'K'
      00011E 4B                     333 	.db #0x4b	; 75	'K'
      00011F 4B                     334 	.db #0x4b	; 75	'K'
      000120 4B                     335 	.db #0x4b	; 75	'K'
      000121 4B                     336 	.db #0x4b	; 75	'K'
      000122 4B                     337 	.db #0x4b	; 75	'K'
      000123 4B                     338 	.db #0x4b	; 75	'K'
      000124 4B                     339 	.db #0x4b	; 75	'K'
      000125 4B                     340 	.db #0x4b	; 75	'K'
      000126 4B                     341 	.db #0x4b	; 75	'K'
      000127 4B                     342 	.db #0x4b	; 75	'K'
      000128 4B                     343 	.db #0x4b	; 75	'K'
      000129 4B                     344 	.db #0x4b	; 75	'K'
      00012A 4B                     345 	.db #0x4b	; 75	'K'
      00012B 4B                     346 	.db #0x4b	; 75	'K'
      00012C 4B                     347 	.db #0x4b	; 75	'K'
      00012D 4B                     348 	.db #0x4b	; 75	'K'
      00012E 4B                     349 	.db #0x4b	; 75	'K'
      00012F 4B                     350 	.db #0x4b	; 75	'K'
      000130 4B                     351 	.db #0x4b	; 75	'K'
      000131 4B                     352 	.db #0x4b	; 75	'K'
      000132 4B                     353 	.db #0x4b	; 75	'K'
      000133 4B                     354 	.db #0x4b	; 75	'K'
      000134 4B                     355 	.db #0x4b	; 75	'K'
      000135 4B                     356 	.db #0x4b	; 75	'K'
      000136 4B                     357 	.db #0x4b	; 75	'K'
      000137 4B                     358 	.db #0x4b	; 75	'K'
      000138 4B                     359 	.db #0x4b	; 75	'K'
      000139 4B                     360 	.db #0x4b	; 75	'K'
      00013A 4B                     361 	.db #0x4b	; 75	'K'
      00013B 4B                     362 	.db #0x4b	; 75	'K'
      00013C 4B                     363 	.db #0x4b	; 75	'K'
      00013D 4B                     364 	.db #0x4b	; 75	'K'
      00013E 4B                     365 	.db #0x4b	; 75	'K'
      00013F 4B                     366 	.db #0x4b	; 75	'K'
      000140 4D                     367 	.db #0x4d	; 77	'M'
      000141 4D                     368 	.db #0x4d	; 77	'M'
      000142 4D                     369 	.db #0x4d	; 77	'M'
      000143 4D                     370 	.db #0x4d	; 77	'M'
      000144 4E                     371 	.db #0x4e	; 78	'N'
      000145 4F                     372 	.db #0x4f	; 79	'O'
      000146 50                     373 	.db #0x50	; 80	'P'
      000147 51                     374 	.db #0x51	; 81	'Q'
      000148 52                     375 	.db #0x52	; 82	'R'
      000149 53                     376 	.db #0x53	; 83	'S'
      00014A 54                     377 	.db #0x54	; 84	'T'
      00014B 55                     378 	.db #0x55	; 85	'U'
      00014C 56                     379 	.db #0x56	; 86	'V'
      00014D 57                     380 	.db #0x57	; 87	'W'
      00014E 58                     381 	.db #0x58	; 88	'X'
      00014F 59                     382 	.db #0x59	; 89	'Y'
      000150 5A                     383 	.db #0x5a	; 90	'Z'
      000151 5B                     384 	.db #0x5b	; 91
      000152 5C                     385 	.db #0x5c	; 92
      000153 5D                     386 	.db #0x5d	; 93
      000154 5E                     387 	.db #0x5e	; 94
      000155 4D                     388 	.db #0x4d	; 77	'M'
      000156 4D                     389 	.db #0x4d	; 77	'M'
      000157 4D                     390 	.db #0x4d	; 77	'M'
      000158 4D                     391 	.db #0x4d	; 77	'M'
      000159 4D                     392 	.db #0x4d	; 77	'M'
      00015A 4D                     393 	.db #0x4d	; 77	'M'
      00015B 4D                     394 	.db #0x4d	; 77	'M'
      00015C 4D                     395 	.db #0x4d	; 77	'M'
      00015D 4D                     396 	.db #0x4d	; 77	'M'
      00015E 4E                     397 	.db #0x4e	; 78	'N'
      00015F 4F                     398 	.db #0x4f	; 79	'O'
      000160 50                     399 	.db #0x50	; 80	'P'
      000161 51                     400 	.db #0x51	; 81	'Q'
      000162 52                     401 	.db #0x52	; 82	'R'
      000163 53                     402 	.db #0x53	; 83	'S'
      000164 54                     403 	.db #0x54	; 84	'T'
      000165 55                     404 	.db #0x55	; 85	'U'
      000166 5F                     405 	.db #0x5f	; 95
      000167 60                     406 	.db #0x60	; 96
      000168 61                     407 	.db #0x61	; 97	'a'
      000169 4D                     408 	.db #0x4d	; 77	'M'
      00016A 4D                     409 	.db #0x4d	; 77	'M'
      00016B 4D                     410 	.db #0x4d	; 77	'M'
      00016C 4D                     411 	.db #0x4d	; 77	'M'
      00016D 4D                     412 	.db #0x4d	; 77	'M'
      00016E 4D                     413 	.db #0x4d	; 77	'M'
      00016F 4D                     414 	.db #0x4d	; 77	'M'
      000170 4D                     415 	.db #0x4d	; 77	'M'
      000171 4D                     416 	.db #0x4d	; 77	'M'
      000172 4D                     417 	.db #0x4d	; 77	'M'
      000173 4D                     418 	.db #0x4d	; 77	'M'
      000174 4D                     419 	.db #0x4d	; 77	'M'
      000175 4D                     420 	.db #0x4d	; 77	'M'
      000176 4D                     421 	.db #0x4d	; 77	'M'
      000177 4D                     422 	.db #0x4d	; 77	'M'
      000178 4D                     423 	.db #0x4d	; 77	'M'
      000179 4D                     424 	.db #0x4d	; 77	'M'
      00017A 4D                     425 	.db #0x4d	; 77	'M'
      00017B 4D                     426 	.db #0x4d	; 77	'M'
      00017C 4D                     427 	.db #0x4d	; 77	'M'
      00017D 4D                     428 	.db #0x4d	; 77	'M'
      00017E 4D                     429 	.db #0x4d	; 77	'M'
      00017F 4D                     430 	.db #0x4d	; 77	'M'
      000180 4D                     431 	.db #0x4d	; 77	'M'
      000181 4D                     432 	.db #0x4d	; 77	'M'
      000182 4D                     433 	.db #0x4d	; 77	'M'
      000183 4D                     434 	.db #0x4d	; 77	'M'
      000184 4D                     435 	.db #0x4d	; 77	'M'
      000185 4D                     436 	.db #0x4d	; 77	'M'
      000186 4D                     437 	.db #0x4d	; 77	'M'
      000187 4D                     438 	.db #0x4d	; 77	'M'
      000188 4D                     439 	.db #0x4d	; 77	'M'
      000189 4D                     440 	.db #0x4d	; 77	'M'
      00018A 4D                     441 	.db #0x4d	; 77	'M'
      00018B 4D                     442 	.db #0x4d	; 77	'M'
      00018C 4D                     443 	.db #0x4d	; 77	'M'
      00018D 4D                     444 	.db #0x4d	; 77	'M'
      00018E 4D                     445 	.db #0x4d	; 77	'M'
      00018F 4D                     446 	.db #0x4d	; 77	'M'
      000190 62                     447 	.db #0x62	; 98	'b'
      000191 62                     448 	.db #0x62	; 98	'b'
      000192 62                     449 	.db #0x62	; 98	'b'
      000193 62                     450 	.db #0x62	; 98	'b'
      000194 62                     451 	.db #0x62	; 98	'b'
      000195 62                     452 	.db #0x62	; 98	'b'
      000196 62                     453 	.db #0x62	; 98	'b'
      000197 62                     454 	.db #0x62	; 98	'b'
      000198 62                     455 	.db #0x62	; 98	'b'
      000199 62                     456 	.db #0x62	; 98	'b'
      00019A 62                     457 	.db #0x62	; 98	'b'
      00019B 62                     458 	.db #0x62	; 98	'b'
      00019C 63                     459 	.db #0x63	; 99	'c'
      00019D 64                     460 	.db #0x64	; 100	'd'
      00019E 65                     461 	.db #0x65	; 101	'e'
      00019F 66                     462 	.db #0x66	; 102	'f'
      0001A0 67                     463 	.db #0x67	; 103	'g'
      0001A1 68                     464 	.db #0x68	; 104	'h'
      0001A2 5C                     465 	.db #0x5c	; 92
      0001A3 69                     466 	.db #0x69	; 105	'i'
      0001A4 6A                     467 	.db #0x6a	; 106	'j'
      0001A5 6B                     468 	.db #0x6b	; 107	'k'
      0001A6 62                     469 	.db #0x62	; 98	'b'
      0001A7 62                     470 	.db #0x62	; 98	'b'
      0001A8 62                     471 	.db #0x62	; 98	'b'
      0001A9 62                     472 	.db #0x62	; 98	'b'
      0001AA 62                     473 	.db #0x62	; 98	'b'
      0001AB 62                     474 	.db #0x62	; 98	'b'
      0001AC 62                     475 	.db #0x62	; 98	'b'
      0001AD 62                     476 	.db #0x62	; 98	'b'
      0001AE 62                     477 	.db #0x62	; 98	'b'
      0001AF 62                     478 	.db #0x62	; 98	'b'
      0001B0 62                     479 	.db #0x62	; 98	'b'
      0001B1 62                     480 	.db #0x62	; 98	'b'
      0001B2 62                     481 	.db #0x62	; 98	'b'
      0001B3 62                     482 	.db #0x62	; 98	'b'
      0001B4 62                     483 	.db #0x62	; 98	'b'
      0001B5 62                     484 	.db #0x62	; 98	'b'
      0001B6 62                     485 	.db #0x62	; 98	'b'
      0001B7 62                     486 	.db #0x62	; 98	'b'
      0001B8 62                     487 	.db #0x62	; 98	'b'
      0001B9 62                     488 	.db #0x62	; 98	'b'
      0001BA 62                     489 	.db #0x62	; 98	'b'
      0001BB 62                     490 	.db #0x62	; 98	'b'
      0001BC 62                     491 	.db #0x62	; 98	'b'
      0001BD 62                     492 	.db #0x62	; 98	'b'
      0001BE 62                     493 	.db #0x62	; 98	'b'
      0001BF 62                     494 	.db #0x62	; 98	'b'
      0001C0 62                     495 	.db #0x62	; 98	'b'
      0001C1 62                     496 	.db #0x62	; 98	'b'
      0001C2 62                     497 	.db #0x62	; 98	'b'
      0001C3 62                     498 	.db #0x62	; 98	'b'
      0001C4 62                     499 	.db #0x62	; 98	'b'
      0001C5 62                     500 	.db #0x62	; 98	'b'
      0001C6 62                     501 	.db #0x62	; 98	'b'
      0001C7 62                     502 	.db #0x62	; 98	'b'
      0001C8 62                     503 	.db #0x62	; 98	'b'
      0001C9 62                     504 	.db #0x62	; 98	'b'
      0001CA 62                     505 	.db #0x62	; 98	'b'
      0001CB 62                     506 	.db #0x62	; 98	'b'
      0001CC 62                     507 	.db #0x62	; 98	'b'
      0001CD 62                     508 	.db #0x62	; 98	'b'
      0001CE 62                     509 	.db #0x62	; 98	'b'
      0001CF 62                     510 	.db #0x62	; 98	'b'
      0001D0 62                     511 	.db #0x62	; 98	'b'
      0001D1 62                     512 	.db #0x62	; 98	'b'
      0001D2 62                     513 	.db #0x62	; 98	'b'
      0001D3 62                     514 	.db #0x62	; 98	'b'
      0001D4 62                     515 	.db #0x62	; 98	'b'
      0001D5 62                     516 	.db #0x62	; 98	'b'
      0001D6 62                     517 	.db #0x62	; 98	'b'
      0001D7 62                     518 	.db #0x62	; 98	'b'
      0001D8 62                     519 	.db #0x62	; 98	'b'
      0001D9 62                     520 	.db #0x62	; 98	'b'
      0001DA 62                     521 	.db #0x62	; 98	'b'
      0001DB 62                     522 	.db #0x62	; 98	'b'
      0001DC 62                     523 	.db #0x62	; 98	'b'
      0001DD 62                     524 	.db #0x62	; 98	'b'
      0001DE 62                     525 	.db #0x62	; 98	'b'
      0001DF 62                     526 	.db #0x62	; 98	'b'
      0001E0 6C                     527 	.db #0x6c	; 108	'l'
      0001E1 6C                     528 	.db #0x6c	; 108	'l'
      0001E2 6C                     529 	.db #0x6c	; 108	'l'
      0001E3 6C                     530 	.db #0x6c	; 108	'l'
      0001E4 6C                     531 	.db #0x6c	; 108	'l'
      0001E5 6C                     532 	.db #0x6c	; 108	'l'
      0001E6 6C                     533 	.db #0x6c	; 108	'l'
      0001E7 6C                     534 	.db #0x6c	; 108	'l'
      0001E8 6C                     535 	.db #0x6c	; 108	'l'
      0001E9 6C                     536 	.db #0x6c	; 108	'l'
      0001EA 6C                     537 	.db #0x6c	; 108	'l'
      0001EB 6D                     538 	.db #0x6d	; 109	'm'
      0001EC 6E                     539 	.db #0x6e	; 110	'n'
      0001ED 6F                     540 	.db #0x6f	; 111	'o'
      0001EE 70                     541 	.db #0x70	; 112	'p'
      0001EF 71                     542 	.db #0x71	; 113	'q'
      0001F0 18                     543 	.db #0x18	; 24
      0001F1 07                     544 	.db #0x07	; 7
      0001F2 70                     545 	.db #0x70	; 112	'p'
      0001F3 5C                     546 	.db #0x5c	; 92
      0001F4 44                     547 	.db #0x44	; 68	'D'
      0001F5 72                     548 	.db #0x72	; 114	'r'
      0001F6 73                     549 	.db #0x73	; 115	's'
      0001F7 6C                     550 	.db #0x6c	; 108	'l'
      0001F8 6C                     551 	.db #0x6c	; 108	'l'
      0001F9 6C                     552 	.db #0x6c	; 108	'l'
      0001FA 6C                     553 	.db #0x6c	; 108	'l'
      0001FB 6C                     554 	.db #0x6c	; 108	'l'
      0001FC 6C                     555 	.db #0x6c	; 108	'l'
      0001FD 6C                     556 	.db #0x6c	; 108	'l'
      0001FE 6C                     557 	.db #0x6c	; 108	'l'
      0001FF 6C                     558 	.db #0x6c	; 108	'l'
      000200 6C                     559 	.db #0x6c	; 108	'l'
      000201 6C                     560 	.db #0x6c	; 108	'l'
      000202 6C                     561 	.db #0x6c	; 108	'l'
      000203 6C                     562 	.db #0x6c	; 108	'l'
      000204 6C                     563 	.db #0x6c	; 108	'l'
      000205 6C                     564 	.db #0x6c	; 108	'l'
      000206 6C                     565 	.db #0x6c	; 108	'l'
      000207 6C                     566 	.db #0x6c	; 108	'l'
      000208 6C                     567 	.db #0x6c	; 108	'l'
      000209 6C                     568 	.db #0x6c	; 108	'l'
      00020A 6C                     569 	.db #0x6c	; 108	'l'
      00020B 6C                     570 	.db #0x6c	; 108	'l'
      00020C 6C                     571 	.db #0x6c	; 108	'l'
      00020D 6C                     572 	.db #0x6c	; 108	'l'
      00020E 6C                     573 	.db #0x6c	; 108	'l'
      00020F 6C                     574 	.db #0x6c	; 108	'l'
      000210 6C                     575 	.db #0x6c	; 108	'l'
      000211 6C                     576 	.db #0x6c	; 108	'l'
      000212 6C                     577 	.db #0x6c	; 108	'l'
      000213 6C                     578 	.db #0x6c	; 108	'l'
      000214 6C                     579 	.db #0x6c	; 108	'l'
      000215 6C                     580 	.db #0x6c	; 108	'l'
      000216 6C                     581 	.db #0x6c	; 108	'l'
      000217 6C                     582 	.db #0x6c	; 108	'l'
      000218 6C                     583 	.db #0x6c	; 108	'l'
      000219 6C                     584 	.db #0x6c	; 108	'l'
      00021A 6C                     585 	.db #0x6c	; 108	'l'
      00021B 6C                     586 	.db #0x6c	; 108	'l'
      00021C 6C                     587 	.db #0x6c	; 108	'l'
      00021D 6C                     588 	.db #0x6c	; 108	'l'
      00021E 6C                     589 	.db #0x6c	; 108	'l'
      00021F 6C                     590 	.db #0x6c	; 108	'l'
      000220 6C                     591 	.db #0x6c	; 108	'l'
      000221 6C                     592 	.db #0x6c	; 108	'l'
      000222 6C                     593 	.db #0x6c	; 108	'l'
      000223 6C                     594 	.db #0x6c	; 108	'l'
      000224 6C                     595 	.db #0x6c	; 108	'l'
      000225 6C                     596 	.db #0x6c	; 108	'l'
      000226 6C                     597 	.db #0x6c	; 108	'l'
      000227 6C                     598 	.db #0x6c	; 108	'l'
      000228 6C                     599 	.db #0x6c	; 108	'l'
      000229 6C                     600 	.db #0x6c	; 108	'l'
      00022A 6C                     601 	.db #0x6c	; 108	'l'
      00022B 6C                     602 	.db #0x6c	; 108	'l'
      00022C 6C                     603 	.db #0x6c	; 108	'l'
      00022D 6C                     604 	.db #0x6c	; 108	'l'
      00022E 6C                     605 	.db #0x6c	; 108	'l'
      00022F 6C                     606 	.db #0x6c	; 108	'l'
      000230 74                     607 	.db #0x74	; 116	't'
      000231 74                     608 	.db #0x74	; 116	't'
      000232 74                     609 	.db #0x74	; 116	't'
      000233 74                     610 	.db #0x74	; 116	't'
      000234 74                     611 	.db #0x74	; 116	't'
      000235 74                     612 	.db #0x74	; 116	't'
      000236 74                     613 	.db #0x74	; 116	't'
      000237 74                     614 	.db #0x74	; 116	't'
      000238 74                     615 	.db #0x74	; 116	't'
      000239 75                     616 	.db #0x75	; 117	'u'
      00023A 76                     617 	.db #0x76	; 118	'v'
      00023B 77                     618 	.db #0x77	; 119	'w'
      00023C 78                     619 	.db #0x78	; 120	'x'
      00023D 79                     620 	.db #0x79	; 121	'y'
      00023E 78                     621 	.db #0x78	; 120	'x'
      00023F 78                     622 	.db #0x78	; 120	'x'
      000240 7A                     623 	.db #0x7a	; 122	'z'
      000241 19                     624 	.db #0x19	; 25
      000242 7B                     625 	.db #0x7b	; 123
      000243 5C                     626 	.db #0x5c	; 92
      000244 5C                     627 	.db #0x5c	; 92
      000245 7C                     628 	.db #0x7c	; 124
      000246 7D                     629 	.db #0x7d	; 125
      000247 74                     630 	.db #0x74	; 116	't'
      000248 74                     631 	.db #0x74	; 116	't'
      000249 74                     632 	.db #0x74	; 116	't'
      00024A 74                     633 	.db #0x74	; 116	't'
      00024B 74                     634 	.db #0x74	; 116	't'
      00024C 74                     635 	.db #0x74	; 116	't'
      00024D 74                     636 	.db #0x74	; 116	't'
      00024E 74                     637 	.db #0x74	; 116	't'
      00024F 74                     638 	.db #0x74	; 116	't'
      000250 74                     639 	.db #0x74	; 116	't'
      000251 74                     640 	.db #0x74	; 116	't'
      000252 74                     641 	.db #0x74	; 116	't'
      000253 74                     642 	.db #0x74	; 116	't'
      000254 74                     643 	.db #0x74	; 116	't'
      000255 74                     644 	.db #0x74	; 116	't'
      000256 74                     645 	.db #0x74	; 116	't'
      000257 74                     646 	.db #0x74	; 116	't'
      000258 74                     647 	.db #0x74	; 116	't'
      000259 74                     648 	.db #0x74	; 116	't'
      00025A 74                     649 	.db #0x74	; 116	't'
      00025B 74                     650 	.db #0x74	; 116	't'
      00025C 74                     651 	.db #0x74	; 116	't'
      00025D 74                     652 	.db #0x74	; 116	't'
      00025E 74                     653 	.db #0x74	; 116	't'
      00025F 74                     654 	.db #0x74	; 116	't'
      000260 74                     655 	.db #0x74	; 116	't'
      000261 74                     656 	.db #0x74	; 116	't'
      000262 74                     657 	.db #0x74	; 116	't'
      000263 74                     658 	.db #0x74	; 116	't'
      000264 74                     659 	.db #0x74	; 116	't'
      000265 74                     660 	.db #0x74	; 116	't'
      000266 74                     661 	.db #0x74	; 116	't'
      000267 74                     662 	.db #0x74	; 116	't'
      000268 74                     663 	.db #0x74	; 116	't'
      000269 74                     664 	.db #0x74	; 116	't'
      00026A 74                     665 	.db #0x74	; 116	't'
      00026B 74                     666 	.db #0x74	; 116	't'
      00026C 74                     667 	.db #0x74	; 116	't'
      00026D 74                     668 	.db #0x74	; 116	't'
      00026E 74                     669 	.db #0x74	; 116	't'
      00026F 74                     670 	.db #0x74	; 116	't'
      000270 74                     671 	.db #0x74	; 116	't'
      000271 74                     672 	.db #0x74	; 116	't'
      000272 74                     673 	.db #0x74	; 116	't'
      000273 74                     674 	.db #0x74	; 116	't'
      000274 74                     675 	.db #0x74	; 116	't'
      000275 74                     676 	.db #0x74	; 116	't'
      000276 74                     677 	.db #0x74	; 116	't'
      000277 74                     678 	.db #0x74	; 116	't'
      000278 74                     679 	.db #0x74	; 116	't'
      000279 74                     680 	.db #0x74	; 116	't'
      00027A 74                     681 	.db #0x74	; 116	't'
      00027B 74                     682 	.db #0x74	; 116	't'
      00027C 74                     683 	.db #0x74	; 116	't'
      00027D 74                     684 	.db #0x74	; 116	't'
      00027E 74                     685 	.db #0x74	; 116	't'
      00027F 74                     686 	.db #0x74	; 116	't'
      000280 7E                     687 	.db #0x7e	; 126
      000281 7E                     688 	.db #0x7e	; 126
      000282 7E                     689 	.db #0x7e	; 126
      000283 7E                     690 	.db #0x7e	; 126
      000284 7E                     691 	.db #0x7e	; 126
      000285 7E                     692 	.db #0x7e	; 126
      000286 7E                     693 	.db #0x7e	; 126
      000287 7F                     694 	.db #0x7f	; 127
      000288 81                     695 	.db #0x81	; 129
      000289 78                     696 	.db #0x78	; 120	'x'
      00028A 78                     697 	.db #0x78	; 120	'x'
      00028B 82                     698 	.db #0x82	; 130
      00028C 83                     699 	.db #0x83	; 131
      00028D 5C                     700 	.db #0x5c	; 92
      00028E 84                     701 	.db #0x84	; 132
      00028F 85                     702 	.db #0x85	; 133
      000290 86                     703 	.db #0x86	; 134
      000291 87                     704 	.db #0x87	; 135
      000292 88                     705 	.db #0x88	; 136
      000293 89                     706 	.db #0x89	; 137
      000294 5C                     707 	.db #0x5c	; 92
      000295 8A                     708 	.db #0x8a	; 138
      000296 7C                     709 	.db #0x7c	; 124
      000297 8B                     710 	.db #0x8b	; 139
      000298 7E                     711 	.db #0x7e	; 126
      000299 7E                     712 	.db #0x7e	; 126
      00029A 7E                     713 	.db #0x7e	; 126
      00029B 7E                     714 	.db #0x7e	; 126
      00029C 7E                     715 	.db #0x7e	; 126
      00029D 7E                     716 	.db #0x7e	; 126
      00029E 7E                     717 	.db #0x7e	; 126
      00029F 7E                     718 	.db #0x7e	; 126
      0002A0 7E                     719 	.db #0x7e	; 126
      0002A1 7E                     720 	.db #0x7e	; 126
      0002A2 7E                     721 	.db #0x7e	; 126
      0002A3 7E                     722 	.db #0x7e	; 126
      0002A4 7E                     723 	.db #0x7e	; 126
      0002A5 7E                     724 	.db #0x7e	; 126
      0002A6 7E                     725 	.db #0x7e	; 126
      0002A7 7E                     726 	.db #0x7e	; 126
      0002A8 7E                     727 	.db #0x7e	; 126
      0002A9 7E                     728 	.db #0x7e	; 126
      0002AA 7E                     729 	.db #0x7e	; 126
      0002AB 7E                     730 	.db #0x7e	; 126
      0002AC 7E                     731 	.db #0x7e	; 126
      0002AD 7E                     732 	.db #0x7e	; 126
      0002AE 7E                     733 	.db #0x7e	; 126
      0002AF 7E                     734 	.db #0x7e	; 126
      0002B0 7E                     735 	.db #0x7e	; 126
      0002B1 7E                     736 	.db #0x7e	; 126
      0002B2 7E                     737 	.db #0x7e	; 126
      0002B3 7E                     738 	.db #0x7e	; 126
      0002B4 7E                     739 	.db #0x7e	; 126
      0002B5 7E                     740 	.db #0x7e	; 126
      0002B6 7E                     741 	.db #0x7e	; 126
      0002B7 7E                     742 	.db #0x7e	; 126
      0002B8 7E                     743 	.db #0x7e	; 126
      0002B9 7E                     744 	.db #0x7e	; 126
      0002BA 7E                     745 	.db #0x7e	; 126
      0002BB 7E                     746 	.db #0x7e	; 126
      0002BC 7E                     747 	.db #0x7e	; 126
      0002BD 7E                     748 	.db #0x7e	; 126
      0002BE 7E                     749 	.db #0x7e	; 126
      0002BF 7E                     750 	.db #0x7e	; 126
      0002C0 7E                     751 	.db #0x7e	; 126
      0002C1 7E                     752 	.db #0x7e	; 126
      0002C2 7E                     753 	.db #0x7e	; 126
      0002C3 7E                     754 	.db #0x7e	; 126
      0002C4 7E                     755 	.db #0x7e	; 126
      0002C5 7E                     756 	.db #0x7e	; 126
      0002C6 7E                     757 	.db #0x7e	; 126
      0002C7 7E                     758 	.db #0x7e	; 126
      0002C8 7E                     759 	.db #0x7e	; 126
      0002C9 7E                     760 	.db #0x7e	; 126
      0002CA 7E                     761 	.db #0x7e	; 126
      0002CB 7E                     762 	.db #0x7e	; 126
      0002CC 7E                     763 	.db #0x7e	; 126
      0002CD 7E                     764 	.db #0x7e	; 126
      0002CE 7E                     765 	.db #0x7e	; 126
      0002CF 7E                     766 	.db #0x7e	; 126
      0002D0 8C                     767 	.db #0x8c	; 140
      0002D1 8C                     768 	.db #0x8c	; 140
      0002D2 8C                     769 	.db #0x8c	; 140
      0002D3 8C                     770 	.db #0x8c	; 140
      0002D4 8D                     771 	.db #0x8d	; 141
      0002D5 8E                     772 	.db #0x8e	; 142
      0002D6 8F                     773 	.db #0x8f	; 143
      0002D7 78                     774 	.db #0x78	; 120	'x'
      0002D8 78                     775 	.db #0x78	; 120	'x'
      0002D9 90                     776 	.db #0x90	; 144
      0002DA 78                     777 	.db #0x78	; 120	'x'
      0002DB 91                     778 	.db #0x91	; 145
      0002DC 92                     779 	.db #0x92	; 146
      0002DD 68                     780 	.db #0x68	; 104	'h'
      0002DE 93                     781 	.db #0x93	; 147
      0002DF 94                     782 	.db #0x94	; 148
      0002E0 95                     783 	.db #0x95	; 149
      0002E1 96                     784 	.db #0x96	; 150
      0002E2 97                     785 	.db #0x97	; 151
      0002E3 98                     786 	.db #0x98	; 152
      0002E4 99                     787 	.db #0x99	; 153
      0002E5 9A                     788 	.db #0x9a	; 154
      0002E6 70                     789 	.db #0x70	; 112	'p'
      0002E7 9B                     790 	.db #0x9b	; 155
      0002E8 9C                     791 	.db #0x9c	; 156
      0002E9 8C                     792 	.db #0x8c	; 140
      0002EA 8C                     793 	.db #0x8c	; 140
      0002EB 8C                     794 	.db #0x8c	; 140
      0002EC 8C                     795 	.db #0x8c	; 140
      0002ED 8C                     796 	.db #0x8c	; 140
      0002EE 8C                     797 	.db #0x8c	; 140
      0002EF 8C                     798 	.db #0x8c	; 140
      0002F0 8C                     799 	.db #0x8c	; 140
      0002F1 8C                     800 	.db #0x8c	; 140
      0002F2 8C                     801 	.db #0x8c	; 140
      0002F3 8C                     802 	.db #0x8c	; 140
      0002F4 8C                     803 	.db #0x8c	; 140
      0002F5 8C                     804 	.db #0x8c	; 140
      0002F6 8C                     805 	.db #0x8c	; 140
      0002F7 8C                     806 	.db #0x8c	; 140
      0002F8 8C                     807 	.db #0x8c	; 140
      0002F9 8C                     808 	.db #0x8c	; 140
      0002FA 8C                     809 	.db #0x8c	; 140
      0002FB 8C                     810 	.db #0x8c	; 140
      0002FC 8C                     811 	.db #0x8c	; 140
      0002FD 8C                     812 	.db #0x8c	; 140
      0002FE 8C                     813 	.db #0x8c	; 140
      0002FF 8C                     814 	.db #0x8c	; 140
      000300 8C                     815 	.db #0x8c	; 140
      000301 8C                     816 	.db #0x8c	; 140
      000302 8C                     817 	.db #0x8c	; 140
      000303 8C                     818 	.db #0x8c	; 140
      000304 8C                     819 	.db #0x8c	; 140
      000305 8C                     820 	.db #0x8c	; 140
      000306 8C                     821 	.db #0x8c	; 140
      000307 8C                     822 	.db #0x8c	; 140
      000308 8C                     823 	.db #0x8c	; 140
      000309 8C                     824 	.db #0x8c	; 140
      00030A 8C                     825 	.db #0x8c	; 140
      00030B 8C                     826 	.db #0x8c	; 140
      00030C 8C                     827 	.db #0x8c	; 140
      00030D 8C                     828 	.db #0x8c	; 140
      00030E 8C                     829 	.db #0x8c	; 140
      00030F 8C                     830 	.db #0x8c	; 140
      000310 8C                     831 	.db #0x8c	; 140
      000311 8C                     832 	.db #0x8c	; 140
      000312 8C                     833 	.db #0x8c	; 140
      000313 8C                     834 	.db #0x8c	; 140
      000314 8C                     835 	.db #0x8c	; 140
      000315 8C                     836 	.db #0x8c	; 140
      000316 8C                     837 	.db #0x8c	; 140
      000317 8C                     838 	.db #0x8c	; 140
      000318 8C                     839 	.db #0x8c	; 140
      000319 8C                     840 	.db #0x8c	; 140
      00031A 8C                     841 	.db #0x8c	; 140
      00031B 8C                     842 	.db #0x8c	; 140
      00031C 8C                     843 	.db #0x8c	; 140
      00031D 8C                     844 	.db #0x8c	; 140
      00031E 8C                     845 	.db #0x8c	; 140
      00031F 8C                     846 	.db #0x8c	; 140
      000320 9D                     847 	.db #0x9d	; 157
      000321 9E                     848 	.db #0x9e	; 158
      000322 9F                     849 	.db #0x9f	; 159
      000323 A0                     850 	.db #0xa0	; 160
      000324 A1                     851 	.db #0xa1	; 161
      000325 78                     852 	.db #0x78	; 120	'x'
      000326 78                     853 	.db #0x78	; 120	'x'
      000327 78                     854 	.db #0x78	; 120	'x'
      000328 78                     855 	.db #0x78	; 120	'x'
      000329 78                     856 	.db #0x78	; 120	'x'
      00032A 78                     857 	.db #0x78	; 120	'x'
      00032B 78                     858 	.db #0x78	; 120	'x'
      00032C 78                     859 	.db #0x78	; 120	'x'
      00032D 78                     860 	.db #0x78	; 120	'x'
      00032E 78                     861 	.db #0x78	; 120	'x'
      00032F 78                     862 	.db #0x78	; 120	'x'
      000330 78                     863 	.db #0x78	; 120	'x'
      000331 78                     864 	.db #0x78	; 120	'x'
      000332 78                     865 	.db #0x78	; 120	'x'
      000333 78                     866 	.db #0x78	; 120	'x'
      000334 78                     867 	.db #0x78	; 120	'x'
      000335 78                     868 	.db #0x78	; 120	'x'
      000336 78                     869 	.db #0x78	; 120	'x'
      000337 78                     870 	.db #0x78	; 120	'x'
      000338 78                     871 	.db #0x78	; 120	'x'
      000339 78                     872 	.db #0x78	; 120	'x'
      00033A 78                     873 	.db #0x78	; 120	'x'
      00033B 9D                     874 	.db #0x9d	; 157
      00033C 9E                     875 	.db #0x9e	; 158
      00033D 9F                     876 	.db #0x9f	; 159
      00033E A0                     877 	.db #0xa0	; 160
      00033F A1                     878 	.db #0xa1	; 161
      000340 78                     879 	.db #0x78	; 120	'x'
      000341 78                     880 	.db #0x78	; 120	'x'
      000342 78                     881 	.db #0x78	; 120	'x'
      000343 78                     882 	.db #0x78	; 120	'x'
      000344 78                     883 	.db #0x78	; 120	'x'
      000345 78                     884 	.db #0x78	; 120	'x'
      000346 78                     885 	.db #0x78	; 120	'x'
      000347 78                     886 	.db #0x78	; 120	'x'
      000348 78                     887 	.db #0x78	; 120	'x'
      000349 78                     888 	.db #0x78	; 120	'x'
      00034A 78                     889 	.db #0x78	; 120	'x'
      00034B 78                     890 	.db #0x78	; 120	'x'
      00034C 78                     891 	.db #0x78	; 120	'x'
      00034D 78                     892 	.db #0x78	; 120	'x'
      00034E 78                     893 	.db #0x78	; 120	'x'
      00034F 78                     894 	.db #0x78	; 120	'x'
      000350 78                     895 	.db #0x78	; 120	'x'
      000351 78                     896 	.db #0x78	; 120	'x'
      000352 78                     897 	.db #0x78	; 120	'x'
      000353 78                     898 	.db #0x78	; 120	'x'
      000354 78                     899 	.db #0x78	; 120	'x'
      000355 78                     900 	.db #0x78	; 120	'x'
      000356 9D                     901 	.db #0x9d	; 157
      000357 9E                     902 	.db #0x9e	; 158
      000358 9F                     903 	.db #0x9f	; 159
      000359 A0                     904 	.db #0xa0	; 160
      00035A A1                     905 	.db #0xa1	; 161
      00035B 78                     906 	.db #0x78	; 120	'x'
      00035C 78                     907 	.db #0x78	; 120	'x'
      00035D 78                     908 	.db #0x78	; 120	'x'
      00035E 78                     909 	.db #0x78	; 120	'x'
      00035F 78                     910 	.db #0x78	; 120	'x'
      000360 78                     911 	.db #0x78	; 120	'x'
      000361 78                     912 	.db #0x78	; 120	'x'
      000362 78                     913 	.db #0x78	; 120	'x'
      000363 78                     914 	.db #0x78	; 120	'x'
      000364 78                     915 	.db #0x78	; 120	'x'
      000365 78                     916 	.db #0x78	; 120	'x'
      000366 78                     917 	.db #0x78	; 120	'x'
      000367 78                     918 	.db #0x78	; 120	'x'
      000368 78                     919 	.db #0x78	; 120	'x'
      000369 78                     920 	.db #0x78	; 120	'x'
      00036A 78                     921 	.db #0x78	; 120	'x'
      00036B 78                     922 	.db #0x78	; 120	'x'
      00036C 78                     923 	.db #0x78	; 120	'x'
      00036D 78                     924 	.db #0x78	; 120	'x'
      00036E 78                     925 	.db #0x78	; 120	'x'
      00036F 78                     926 	.db #0x78	; 120	'x'
      000370 5C                     927 	.db #0x5c	; 92
      000371 5C                     928 	.db #0x5c	; 92
      000372 5C                     929 	.db #0x5c	; 92
      000373 A2                     930 	.db #0xa2	; 162
      000374 04                     931 	.db #0x04	; 4
      000375 A3                     932 	.db #0xa3	; 163
      000376 A4                     933 	.db #0xa4	; 164
      000377 78                     934 	.db #0x78	; 120	'x'
      000378 78                     935 	.db #0x78	; 120	'x'
      000379 78                     936 	.db #0x78	; 120	'x'
      00037A 78                     937 	.db #0x78	; 120	'x'
      00037B 78                     938 	.db #0x78	; 120	'x'
      00037C A5                     939 	.db #0xa5	; 165
      00037D A6                     940 	.db #0xa6	; 166
      00037E A7                     941 	.db #0xa7	; 167
      00037F A8                     942 	.db #0xa8	; 168
      000380 A9                     943 	.db #0xa9	; 169
      000381 AA                     944 	.db #0xaa	; 170
      000382 AB                     945 	.db #0xab	; 171
      000383 AC                     946 	.db #0xac	; 172
      000384 78                     947 	.db #0x78	; 120	'x'
      000385 78                     948 	.db #0x78	; 120	'x'
      000386 78                     949 	.db #0x78	; 120	'x'
      000387 78                     950 	.db #0x78	; 120	'x'
      000388 78                     951 	.db #0x78	; 120	'x'
      000389 AD                     952 	.db #0xad	; 173
      00038A AE                     953 	.db #0xae	; 174
      00038B 5C                     954 	.db #0x5c	; 92
      00038C 5C                     955 	.db #0x5c	; 92
      00038D 5C                     956 	.db #0x5c	; 92
      00038E A2                     957 	.db #0xa2	; 162
      00038F 04                     958 	.db #0x04	; 4
      000390 A3                     959 	.db #0xa3	; 163
      000391 A4                     960 	.db #0xa4	; 164
      000392 78                     961 	.db #0x78	; 120	'x'
      000393 78                     962 	.db #0x78	; 120	'x'
      000394 78                     963 	.db #0x78	; 120	'x'
      000395 78                     964 	.db #0x78	; 120	'x'
      000396 78                     965 	.db #0x78	; 120	'x'
      000397 A5                     966 	.db #0xa5	; 165
      000398 A6                     967 	.db #0xa6	; 166
      000399 A7                     968 	.db #0xa7	; 167
      00039A A8                     969 	.db #0xa8	; 168
      00039B A9                     970 	.db #0xa9	; 169
      00039C AA                     971 	.db #0xaa	; 170
      00039D AB                     972 	.db #0xab	; 171
      00039E AC                     973 	.db #0xac	; 172
      00039F 78                     974 	.db #0x78	; 120	'x'
      0003A0 78                     975 	.db #0x78	; 120	'x'
      0003A1 78                     976 	.db #0x78	; 120	'x'
      0003A2 78                     977 	.db #0x78	; 120	'x'
      0003A3 78                     978 	.db #0x78	; 120	'x'
      0003A4 AD                     979 	.db #0xad	; 173
      0003A5 AE                     980 	.db #0xae	; 174
      0003A6 5C                     981 	.db #0x5c	; 92
      0003A7 5C                     982 	.db #0x5c	; 92
      0003A8 5C                     983 	.db #0x5c	; 92
      0003A9 A2                     984 	.db #0xa2	; 162
      0003AA 04                     985 	.db #0x04	; 4
      0003AB A3                     986 	.db #0xa3	; 163
      0003AC A4                     987 	.db #0xa4	; 164
      0003AD 78                     988 	.db #0x78	; 120	'x'
      0003AE 78                     989 	.db #0x78	; 120	'x'
      0003AF 78                     990 	.db #0x78	; 120	'x'
      0003B0 78                     991 	.db #0x78	; 120	'x'
      0003B1 78                     992 	.db #0x78	; 120	'x'
      0003B2 A5                     993 	.db #0xa5	; 165
      0003B3 A6                     994 	.db #0xa6	; 166
      0003B4 A7                     995 	.db #0xa7	; 167
      0003B5 A8                     996 	.db #0xa8	; 168
      0003B6 A9                     997 	.db #0xa9	; 169
      0003B7 AA                     998 	.db #0xaa	; 170
      0003B8 AB                     999 	.db #0xab	; 171
      0003B9 AC                    1000 	.db #0xac	; 172
      0003BA 78                    1001 	.db #0x78	; 120	'x'
      0003BB 78                    1002 	.db #0x78	; 120	'x'
      0003BC 78                    1003 	.db #0x78	; 120	'x'
      0003BD 78                    1004 	.db #0x78	; 120	'x'
      0003BE 78                    1005 	.db #0x78	; 120	'x'
      0003BF AD                    1006 	.db #0xad	; 173
      0003C0 5C                    1007 	.db #0x5c	; 92
      0003C1 5C                    1008 	.db #0x5c	; 92
      0003C2 5C                    1009 	.db #0x5c	; 92
      0003C3 5C                    1010 	.db #0x5c	; 92
      0003C4 AF                    1011 	.db #0xaf	; 175
      0003C5 04                    1012 	.db #0x04	; 4
      0003C6 B0                    1013 	.db #0xb0	; 176
      0003C7 B1                    1014 	.db #0xb1	; 177
      0003C8 B2                    1015 	.db #0xb2	; 178
      0003C9 B3                    1016 	.db #0xb3	; 179
      0003CA B4                    1017 	.db #0xb4	; 180
      0003CB B5                    1018 	.db #0xb5	; 181
      0003CC 5C                    1019 	.db #0x5c	; 92
      0003CD 5C                    1020 	.db #0x5c	; 92
      0003CE 5C                    1021 	.db #0x5c	; 92
      0003CF B6                    1022 	.db #0xb6	; 182
      0003D0 B7                    1023 	.db #0xb7	; 183
      0003D1 B8                    1024 	.db #0xb8	; 184
      0003D2 B9                    1025 	.db #0xb9	; 185
      0003D3 BA                    1026 	.db #0xba	; 186
      0003D4 BB                    1027 	.db #0xbb	; 187
      0003D5 B2                    1028 	.db #0xb2	; 178
      0003D6 B3                    1029 	.db #0xb3	; 179
      0003D7 B4                    1030 	.db #0xb4	; 180
      0003D8 B5                    1031 	.db #0xb5	; 181
      0003D9 5C                    1032 	.db #0x5c	; 92
      0003DA 5C                    1033 	.db #0x5c	; 92
      0003DB 5C                    1034 	.db #0x5c	; 92
      0003DC 5C                    1035 	.db #0x5c	; 92
      0003DD 5C                    1036 	.db #0x5c	; 92
      0003DE 5C                    1037 	.db #0x5c	; 92
      0003DF AF                    1038 	.db #0xaf	; 175
      0003E0 04                    1039 	.db #0x04	; 4
      0003E1 B0                    1040 	.db #0xb0	; 176
      0003E2 B1                    1041 	.db #0xb1	; 177
      0003E3 B2                    1042 	.db #0xb2	; 178
      0003E4 B3                    1043 	.db #0xb3	; 179
      0003E5 B4                    1044 	.db #0xb4	; 180
      0003E6 B5                    1045 	.db #0xb5	; 181
      0003E7 5C                    1046 	.db #0x5c	; 92
      0003E8 5C                    1047 	.db #0x5c	; 92
      0003E9 5C                    1048 	.db #0x5c	; 92
      0003EA B6                    1049 	.db #0xb6	; 182
      0003EB B7                    1050 	.db #0xb7	; 183
      0003EC B8                    1051 	.db #0xb8	; 184
      0003ED B9                    1052 	.db #0xb9	; 185
      0003EE BA                    1053 	.db #0xba	; 186
      0003EF BB                    1054 	.db #0xbb	; 187
      0003F0 B2                    1055 	.db #0xb2	; 178
      0003F1 B3                    1056 	.db #0xb3	; 179
      0003F2 B4                    1057 	.db #0xb4	; 180
      0003F3 B5                    1058 	.db #0xb5	; 181
      0003F4 5C                    1059 	.db #0x5c	; 92
      0003F5 5C                    1060 	.db #0x5c	; 92
      0003F6 5C                    1061 	.db #0x5c	; 92
      0003F7 5C                    1062 	.db #0x5c	; 92
      0003F8 5C                    1063 	.db #0x5c	; 92
      0003F9 5C                    1064 	.db #0x5c	; 92
      0003FA AF                    1065 	.db #0xaf	; 175
      0003FB 04                    1066 	.db #0x04	; 4
      0003FC B0                    1067 	.db #0xb0	; 176
      0003FD B1                    1068 	.db #0xb1	; 177
      0003FE B2                    1069 	.db #0xb2	; 178
      0003FF B3                    1070 	.db #0xb3	; 179
      000400 B4                    1071 	.db #0xb4	; 180
      000401 B5                    1072 	.db #0xb5	; 181
      000402 5C                    1073 	.db #0x5c	; 92
      000403 5C                    1074 	.db #0x5c	; 92
      000404 5C                    1075 	.db #0x5c	; 92
      000405 B6                    1076 	.db #0xb6	; 182
      000406 B7                    1077 	.db #0xb7	; 183
      000407 B8                    1078 	.db #0xb8	; 184
      000408 B9                    1079 	.db #0xb9	; 185
      000409 BA                    1080 	.db #0xba	; 186
      00040A BB                    1081 	.db #0xbb	; 187
      00040B B2                    1082 	.db #0xb2	; 178
      00040C B3                    1083 	.db #0xb3	; 179
      00040D B4                    1084 	.db #0xb4	; 180
      00040E B5                    1085 	.db #0xb5	; 181
      00040F 5C                    1086 	.db #0x5c	; 92
      000410 BC                    1087 	.db #0xbc	; 188
      000411 BC                    1088 	.db #0xbc	; 188
      000412 BC                    1089 	.db #0xbc	; 188
      000413 BC                    1090 	.db #0xbc	; 188
      000414 BC                    1091 	.db #0xbc	; 188
      000415 BC                    1092 	.db #0xbc	; 188
      000416 BC                    1093 	.db #0xbc	; 188
      000417 BC                    1094 	.db #0xbc	; 188
      000418 BC                    1095 	.db #0xbc	; 188
      000419 BC                    1096 	.db #0xbc	; 188
      00041A BC                    1097 	.db #0xbc	; 188
      00041B BC                    1098 	.db #0xbc	; 188
      00041C BC                    1099 	.db #0xbc	; 188
      00041D BC                    1100 	.db #0xbc	; 188
      00041E BC                    1101 	.db #0xbc	; 188
      00041F BC                    1102 	.db #0xbc	; 188
      000420 BC                    1103 	.db #0xbc	; 188
      000421 BC                    1104 	.db #0xbc	; 188
      000422 BC                    1105 	.db #0xbc	; 188
      000423 BC                    1106 	.db #0xbc	; 188
      000424 BC                    1107 	.db #0xbc	; 188
      000425 BC                    1108 	.db #0xbc	; 188
      000426 BC                    1109 	.db #0xbc	; 188
      000427 BC                    1110 	.db #0xbc	; 188
      000428 BC                    1111 	.db #0xbc	; 188
      000429 BC                    1112 	.db #0xbc	; 188
      00042A BC                    1113 	.db #0xbc	; 188
      00042B BC                    1114 	.db #0xbc	; 188
      00042C BC                    1115 	.db #0xbc	; 188
      00042D BC                    1116 	.db #0xbc	; 188
      00042E BC                    1117 	.db #0xbc	; 188
      00042F BC                    1118 	.db #0xbc	; 188
      000430 BC                    1119 	.db #0xbc	; 188
      000431 BC                    1120 	.db #0xbc	; 188
      000432 BC                    1121 	.db #0xbc	; 188
      000433 BC                    1122 	.db #0xbc	; 188
      000434 BC                    1123 	.db #0xbc	; 188
      000435 BC                    1124 	.db #0xbc	; 188
      000436 BC                    1125 	.db #0xbc	; 188
      000437 BC                    1126 	.db #0xbc	; 188
      000438 BC                    1127 	.db #0xbc	; 188
      000439 BC                    1128 	.db #0xbc	; 188
      00043A BC                    1129 	.db #0xbc	; 188
      00043B BC                    1130 	.db #0xbc	; 188
      00043C BC                    1131 	.db #0xbc	; 188
      00043D BC                    1132 	.db #0xbc	; 188
      00043E BC                    1133 	.db #0xbc	; 188
      00043F BC                    1134 	.db #0xbc	; 188
      000440 BC                    1135 	.db #0xbc	; 188
      000441 BC                    1136 	.db #0xbc	; 188
      000442 BC                    1137 	.db #0xbc	; 188
      000443 BC                    1138 	.db #0xbc	; 188
      000444 BC                    1139 	.db #0xbc	; 188
      000445 BC                    1140 	.db #0xbc	; 188
      000446 BC                    1141 	.db #0xbc	; 188
      000447 BC                    1142 	.db #0xbc	; 188
      000448 BC                    1143 	.db #0xbc	; 188
      000449 BC                    1144 	.db #0xbc	; 188
      00044A BC                    1145 	.db #0xbc	; 188
      00044B BC                    1146 	.db #0xbc	; 188
      00044C BC                    1147 	.db #0xbc	; 188
      00044D BC                    1148 	.db #0xbc	; 188
      00044E BC                    1149 	.db #0xbc	; 188
      00044F BC                    1150 	.db #0xbc	; 188
      000450 BC                    1151 	.db #0xbc	; 188
      000451 BC                    1152 	.db #0xbc	; 188
      000452 BC                    1153 	.db #0xbc	; 188
      000453 BC                    1154 	.db #0xbc	; 188
      000454 BC                    1155 	.db #0xbc	; 188
      000455 BC                    1156 	.db #0xbc	; 188
      000456 BC                    1157 	.db #0xbc	; 188
      000457 BC                    1158 	.db #0xbc	; 188
      000458 BC                    1159 	.db #0xbc	; 188
      000459 BC                    1160 	.db #0xbc	; 188
      00045A BC                    1161 	.db #0xbc	; 188
      00045B BC                    1162 	.db #0xbc	; 188
      00045C BC                    1163 	.db #0xbc	; 188
      00045D BC                    1164 	.db #0xbc	; 188
      00045E BC                    1165 	.db #0xbc	; 188
      00045F BC                    1166 	.db #0xbc	; 188
      000460 BD                    1167 	.db #0xbd	; 189
      000461 BD                    1168 	.db #0xbd	; 189
      000462 BD                    1169 	.db #0xbd	; 189
      000463 BD                    1170 	.db #0xbd	; 189
      000464 BD                    1171 	.db #0xbd	; 189
      000465 BD                    1172 	.db #0xbd	; 189
      000466 BD                    1173 	.db #0xbd	; 189
      000467 BD                    1174 	.db #0xbd	; 189
      000468 BD                    1175 	.db #0xbd	; 189
      000469 BD                    1176 	.db #0xbd	; 189
      00046A BD                    1177 	.db #0xbd	; 189
      00046B BD                    1178 	.db #0xbd	; 189
      00046C BD                    1179 	.db #0xbd	; 189
      00046D BD                    1180 	.db #0xbd	; 189
      00046E BD                    1181 	.db #0xbd	; 189
      00046F BD                    1182 	.db #0xbd	; 189
      000470 BD                    1183 	.db #0xbd	; 189
      000471 BD                    1184 	.db #0xbd	; 189
      000472 BD                    1185 	.db #0xbd	; 189
      000473 BD                    1186 	.db #0xbd	; 189
      000474 BD                    1187 	.db #0xbd	; 189
      000475 BD                    1188 	.db #0xbd	; 189
      000476 BD                    1189 	.db #0xbd	; 189
      000477 BD                    1190 	.db #0xbd	; 189
      000478 BD                    1191 	.db #0xbd	; 189
      000479 BD                    1192 	.db #0xbd	; 189
      00047A BD                    1193 	.db #0xbd	; 189
      00047B BD                    1194 	.db #0xbd	; 189
      00047C BD                    1195 	.db #0xbd	; 189
      00047D BD                    1196 	.db #0xbd	; 189
      00047E BD                    1197 	.db #0xbd	; 189
      00047F BD                    1198 	.db #0xbd	; 189
      000480 BD                    1199 	.db #0xbd	; 189
      000481 BD                    1200 	.db #0xbd	; 189
      000482 BD                    1201 	.db #0xbd	; 189
      000483 BD                    1202 	.db #0xbd	; 189
      000484 BD                    1203 	.db #0xbd	; 189
      000485 BD                    1204 	.db #0xbd	; 189
      000486 BD                    1205 	.db #0xbd	; 189
      000487 BD                    1206 	.db #0xbd	; 189
      000488 BD                    1207 	.db #0xbd	; 189
      000489 BD                    1208 	.db #0xbd	; 189
      00048A BD                    1209 	.db #0xbd	; 189
      00048B BD                    1210 	.db #0xbd	; 189
      00048C BD                    1211 	.db #0xbd	; 189
      00048D BD                    1212 	.db #0xbd	; 189
      00048E BD                    1213 	.db #0xbd	; 189
      00048F BD                    1214 	.db #0xbd	; 189
      000490 BD                    1215 	.db #0xbd	; 189
      000491 BD                    1216 	.db #0xbd	; 189
      000492 BD                    1217 	.db #0xbd	; 189
      000493 BD                    1218 	.db #0xbd	; 189
      000494 BD                    1219 	.db #0xbd	; 189
      000495 BD                    1220 	.db #0xbd	; 189
      000496 BD                    1221 	.db #0xbd	; 189
      000497 BD                    1222 	.db #0xbd	; 189
      000498 BD                    1223 	.db #0xbd	; 189
      000499 BD                    1224 	.db #0xbd	; 189
      00049A BD                    1225 	.db #0xbd	; 189
      00049B BD                    1226 	.db #0xbd	; 189
      00049C BD                    1227 	.db #0xbd	; 189
      00049D BD                    1228 	.db #0xbd	; 189
      00049E BD                    1229 	.db #0xbd	; 189
      00049F BD                    1230 	.db #0xbd	; 189
      0004A0 BD                    1231 	.db #0xbd	; 189
      0004A1 BD                    1232 	.db #0xbd	; 189
      0004A2 BD                    1233 	.db #0xbd	; 189
      0004A3 BD                    1234 	.db #0xbd	; 189
      0004A4 BD                    1235 	.db #0xbd	; 189
      0004A5 BD                    1236 	.db #0xbd	; 189
      0004A6 BD                    1237 	.db #0xbd	; 189
      0004A7 BD                    1238 	.db #0xbd	; 189
      0004A8 BD                    1239 	.db #0xbd	; 189
      0004A9 BD                    1240 	.db #0xbd	; 189
      0004AA BD                    1241 	.db #0xbd	; 189
      0004AB BD                    1242 	.db #0xbd	; 189
      0004AC BD                    1243 	.db #0xbd	; 189
      0004AD BD                    1244 	.db #0xbd	; 189
      0004AE BD                    1245 	.db #0xbd	; 189
      0004AF BD                    1246 	.db #0xbd	; 189
      0004B0 BE                    1247 	.db #0xbe	; 190
      0004B1 BE                    1248 	.db #0xbe	; 190
      0004B2 BE                    1249 	.db #0xbe	; 190
      0004B3 BF                    1250 	.db #0xbf	; 191
      0004B4 BE                    1251 	.db #0xbe	; 190
      0004B5 BE                    1252 	.db #0xbe	; 190
      0004B6 BE                    1253 	.db #0xbe	; 190
      0004B7 BE                    1254 	.db #0xbe	; 190
      0004B8 BE                    1255 	.db #0xbe	; 190
      0004B9 BE                    1256 	.db #0xbe	; 190
      0004BA BE                    1257 	.db #0xbe	; 190
      0004BB BE                    1258 	.db #0xbe	; 190
      0004BC BE                    1259 	.db #0xbe	; 190
      0004BD BE                    1260 	.db #0xbe	; 190
      0004BE BE                    1261 	.db #0xbe	; 190
      0004BF BE                    1262 	.db #0xbe	; 190
      0004C0 BE                    1263 	.db #0xbe	; 190
      0004C1 BE                    1264 	.db #0xbe	; 190
      0004C2 BE                    1265 	.db #0xbe	; 190
      0004C3 BE                    1266 	.db #0xbe	; 190
      0004C4 BE                    1267 	.db #0xbe	; 190
      0004C5 BE                    1268 	.db #0xbe	; 190
      0004C6 BE                    1269 	.db #0xbe	; 190
      0004C7 BE                    1270 	.db #0xbe	; 190
      0004C8 BE                    1271 	.db #0xbe	; 190
      0004C9 BE                    1272 	.db #0xbe	; 190
      0004CA BE                    1273 	.db #0xbe	; 190
      0004CB BE                    1274 	.db #0xbe	; 190
      0004CC BE                    1275 	.db #0xbe	; 190
      0004CD BE                    1276 	.db #0xbe	; 190
      0004CE BF                    1277 	.db #0xbf	; 191
      0004CF BE                    1278 	.db #0xbe	; 190
      0004D0 BE                    1279 	.db #0xbe	; 190
      0004D1 BE                    1280 	.db #0xbe	; 190
      0004D2 BE                    1281 	.db #0xbe	; 190
      0004D3 BE                    1282 	.db #0xbe	; 190
      0004D4 BE                    1283 	.db #0xbe	; 190
      0004D5 BE                    1284 	.db #0xbe	; 190
      0004D6 BF                    1285 	.db #0xbf	; 191
      0004D7 BE                    1286 	.db #0xbe	; 190
      0004D8 BE                    1287 	.db #0xbe	; 190
      0004D9 BE                    1288 	.db #0xbe	; 190
      0004DA BE                    1289 	.db #0xbe	; 190
      0004DB BE                    1290 	.db #0xbe	; 190
      0004DC BE                    1291 	.db #0xbe	; 190
      0004DD BE                    1292 	.db #0xbe	; 190
      0004DE BE                    1293 	.db #0xbe	; 190
      0004DF BE                    1294 	.db #0xbe	; 190
      0004E0 BE                    1295 	.db #0xbe	; 190
      0004E1 BE                    1296 	.db #0xbe	; 190
      0004E2 BE                    1297 	.db #0xbe	; 190
      0004E3 BE                    1298 	.db #0xbe	; 190
      0004E4 BE                    1299 	.db #0xbe	; 190
      0004E5 BE                    1300 	.db #0xbe	; 190
      0004E6 BE                    1301 	.db #0xbe	; 190
      0004E7 BE                    1302 	.db #0xbe	; 190
      0004E8 BE                    1303 	.db #0xbe	; 190
      0004E9 BE                    1304 	.db #0xbe	; 190
      0004EA BE                    1305 	.db #0xbe	; 190
      0004EB BE                    1306 	.db #0xbe	; 190
      0004EC BE                    1307 	.db #0xbe	; 190
      0004ED BE                    1308 	.db #0xbe	; 190
      0004EE BE                    1309 	.db #0xbe	; 190
      0004EF BE                    1310 	.db #0xbe	; 190
      0004F0 BE                    1311 	.db #0xbe	; 190
      0004F1 BF                    1312 	.db #0xbf	; 191
      0004F2 BE                    1313 	.db #0xbe	; 190
      0004F3 BE                    1314 	.db #0xbe	; 190
      0004F4 BE                    1315 	.db #0xbe	; 190
      0004F5 BE                    1316 	.db #0xbe	; 190
      0004F6 BF                    1317 	.db #0xbf	; 191
      0004F7 BE                    1318 	.db #0xbe	; 190
      0004F8 BE                    1319 	.db #0xbe	; 190
      0004F9 BE                    1320 	.db #0xbe	; 190
      0004FA BE                    1321 	.db #0xbe	; 190
      0004FB BE                    1322 	.db #0xbe	; 190
      0004FC BE                    1323 	.db #0xbe	; 190
      0004FD BE                    1324 	.db #0xbe	; 190
      0004FE BE                    1325 	.db #0xbe	; 190
      0004FF BE                    1326 	.db #0xbe	; 190
      000500 BE                    1327 	.db #0xbe	; 190
      000501 BE                    1328 	.db #0xbe	; 190
      000502 BE                    1329 	.db #0xbe	; 190
      000503 BE                    1330 	.db #0xbe	; 190
      000504 BE                    1331 	.db #0xbe	; 190
      000505 BE                    1332 	.db #0xbe	; 190
      000506 BE                    1333 	.db #0xbe	; 190
      000507 BE                    1334 	.db #0xbe	; 190
      000508 BE                    1335 	.db #0xbe	; 190
      000509 BE                    1336 	.db #0xbe	; 190
      00050A BE                    1337 	.db #0xbe	; 190
      00050B BF                    1338 	.db #0xbf	; 191
      00050C BE                    1339 	.db #0xbe	; 190
      00050D BE                    1340 	.db #0xbe	; 190
      00050E BE                    1341 	.db #0xbe	; 190
      00050F BE                    1342 	.db #0xbe	; 190
      000510 BE                    1343 	.db #0xbe	; 190
      000511 BF                    1344 	.db #0xbf	; 191
      000512 BE                    1345 	.db #0xbe	; 190
      000513 BE                    1346 	.db #0xbe	; 190
      000514 BE                    1347 	.db #0xbe	; 190
      000515 BE                    1348 	.db #0xbe	; 190
      000516 BE                    1349 	.db #0xbe	; 190
      000517 BE                    1350 	.db #0xbe	; 190
      000518 BE                    1351 	.db #0xbe	; 190
      000519 BE                    1352 	.db #0xbe	; 190
      00051A BF                    1353 	.db #0xbf	; 191
      00051B BE                    1354 	.db #0xbe	; 190
      00051C BE                    1355 	.db #0xbe	; 190
      00051D BE                    1356 	.db #0xbe	; 190
      00051E BE                    1357 	.db #0xbe	; 190
      00051F BE                    1358 	.db #0xbe	; 190
      000520 BE                    1359 	.db #0xbe	; 190
      000521 BE                    1360 	.db #0xbe	; 190
      000522 BE                    1361 	.db #0xbe	; 190
      000523 BE                    1362 	.db #0xbe	; 190
      000524 BE                    1363 	.db #0xbe	; 190
      000525 BE                    1364 	.db #0xbe	; 190
      000526 BE                    1365 	.db #0xbe	; 190
      000527 BE                    1366 	.db #0xbe	; 190
      000528 BE                    1367 	.db #0xbe	; 190
      000529 BE                    1368 	.db #0xbe	; 190
      00052A BE                    1369 	.db #0xbe	; 190
      00052B BE                    1370 	.db #0xbe	; 190
      00052C BE                    1371 	.db #0xbe	; 190
      00052D BE                    1372 	.db #0xbe	; 190
      00052E BF                    1373 	.db #0xbf	; 191
      00052F BE                    1374 	.db #0xbe	; 190
      000530 BE                    1375 	.db #0xbe	; 190
      000531 BE                    1376 	.db #0xbe	; 190
      000532 BE                    1377 	.db #0xbe	; 190
      000533 BE                    1378 	.db #0xbe	; 190
      000534 BF                    1379 	.db #0xbf	; 191
      000535 BE                    1380 	.db #0xbe	; 190
      000536 BE                    1381 	.db #0xbe	; 190
      000537 BE                    1382 	.db #0xbe	; 190
      000538 BE                    1383 	.db #0xbe	; 190
      000539 BE                    1384 	.db #0xbe	; 190
      00053A BE                    1385 	.db #0xbe	; 190
      00053B BE                    1386 	.db #0xbe	; 190
      00053C BE                    1387 	.db #0xbe	; 190
      00053D BF                    1388 	.db #0xbf	; 191
      00053E BE                    1389 	.db #0xbe	; 190
      00053F BE                    1390 	.db #0xbe	; 190
      000540 BE                    1391 	.db #0xbe	; 190
      000541 BE                    1392 	.db #0xbe	; 190
      000542 BE                    1393 	.db #0xbe	; 190
      000543 BE                    1394 	.db #0xbe	; 190
      000544 BE                    1395 	.db #0xbe	; 190
      000545 BE                    1396 	.db #0xbe	; 190
      000546 BE                    1397 	.db #0xbe	; 190
      000547 BE                    1398 	.db #0xbe	; 190
      000548 BE                    1399 	.db #0xbe	; 190
      000549 BE                    1400 	.db #0xbe	; 190
      00054A BF                    1401 	.db #0xbf	; 191
      00054B BE                    1402 	.db #0xbe	; 190
      00054C BE                    1403 	.db #0xbe	; 190
      00054D BF                    1404 	.db #0xbf	; 191
      00054E BE                    1405 	.db #0xbe	; 190
      00054F BE                    1406 	.db #0xbe	; 190
      000550 BE                    1407 	.db #0xbe	; 190
      000551 BF                    1408 	.db #0xbf	; 191
      000552 BE                    1409 	.db #0xbe	; 190
      000553 BE                    1410 	.db #0xbe	; 190
      000554 BE                    1411 	.db #0xbe	; 190
      000555 BE                    1412 	.db #0xbe	; 190
      000556 BE                    1413 	.db #0xbe	; 190
      000557 BF                    1414 	.db #0xbf	; 191
      000558 BE                    1415 	.db #0xbe	; 190
      000559 BE                    1416 	.db #0xbe	; 190
      00055A BE                    1417 	.db #0xbe	; 190
      00055B BE                    1418 	.db #0xbe	; 190
      00055C BE                    1419 	.db #0xbe	; 190
      00055D BE                    1420 	.db #0xbe	; 190
      00055E BE                    1421 	.db #0xbe	; 190
      00055F BE                    1422 	.db #0xbe	; 190
      000560 BE                    1423 	.db #0xbe	; 190
      000561 BE                    1424 	.db #0xbe	; 190
      000562 BE                    1425 	.db #0xbe	; 190
      000563 BE                    1426 	.db #0xbe	; 190
      000564 BE                    1427 	.db #0xbe	; 190
      000565 BF                    1428 	.db #0xbf	; 191
      000566 BE                    1429 	.db #0xbe	; 190
      000567 BE                    1430 	.db #0xbe	; 190
      000568 BE                    1431 	.db #0xbe	; 190
      000569 BE                    1432 	.db #0xbe	; 190
      00056A BE                    1433 	.db #0xbe	; 190
      00056B BE                    1434 	.db #0xbe	; 190
      00056C BE                    1435 	.db #0xbe	; 190
      00056D BE                    1436 	.db #0xbe	; 190
      00056E BE                    1437 	.db #0xbe	; 190
      00056F BF                    1438 	.db #0xbf	; 191
      000570 BE                    1439 	.db #0xbe	; 190
      000571 BE                    1440 	.db #0xbe	; 190
      000572 BE                    1441 	.db #0xbe	; 190
      000573 BE                    1442 	.db #0xbe	; 190
      000574 BF                    1443 	.db #0xbf	; 191
      000575 BE                    1444 	.db #0xbe	; 190
      000576 BE                    1445 	.db #0xbe	; 190
      000577 BE                    1446 	.db #0xbe	; 190
      000578 BE                    1447 	.db #0xbe	; 190
      000579 BE                    1448 	.db #0xbe	; 190
      00057A BF                    1449 	.db #0xbf	; 191
      00057B BE                    1450 	.db #0xbe	; 190
      00057C BE                    1451 	.db #0xbe	; 190
      00057D BE                    1452 	.db #0xbe	; 190
      00057E BE                    1453 	.db #0xbe	; 190
      00057F BE                    1454 	.db #0xbe	; 190
      000580 BE                    1455 	.db #0xbe	; 190
      000581 BE                    1456 	.db #0xbe	; 190
      000582 BE                    1457 	.db #0xbe	; 190
      000583 BE                    1458 	.db #0xbe	; 190
      000584 BE                    1459 	.db #0xbe	; 190
      000585 BE                    1460 	.db #0xbe	; 190
      000586 BE                    1461 	.db #0xbe	; 190
      000587 BE                    1462 	.db #0xbe	; 190
      000588 BF                    1463 	.db #0xbf	; 191
      000589 BE                    1464 	.db #0xbe	; 190
      00058A BE                    1465 	.db #0xbe	; 190
      00058B BE                    1466 	.db #0xbe	; 190
      00058C BE                    1467 	.db #0xbe	; 190
      00058D BE                    1468 	.db #0xbe	; 190
      00058E BE                    1469 	.db #0xbe	; 190
      00058F BE                    1470 	.db #0xbe	; 190
      000590 BE                    1471 	.db #0xbe	; 190
      000591 BE                    1472 	.db #0xbe	; 190
      000592 BF                    1473 	.db #0xbf	; 191
      000593 BE                    1474 	.db #0xbe	; 190
      000594 BE                    1475 	.db #0xbe	; 190
      000595 BE                    1476 	.db #0xbe	; 190
      000596 BE                    1477 	.db #0xbe	; 190
      000597 BF                    1478 	.db #0xbf	; 191
      000598 BE                    1479 	.db #0xbe	; 190
      000599 BE                    1480 	.db #0xbe	; 190
      00059A BE                    1481 	.db #0xbe	; 190
      00059B BE                    1482 	.db #0xbe	; 190
      00059C BE                    1483 	.db #0xbe	; 190
      00059D BE                    1484 	.db #0xbe	; 190
      00059E BE                    1485 	.db #0xbe	; 190
      00059F BE                    1486 	.db #0xbe	; 190
                                   1487 	.area _INITIALIZER
                                   1488 	.area _CABS (ABS)
