                                      1 ;--------------------------------------------------------
                                      2 ; File Created by SDCC : free open source ANSI-C Compiler
                                      3 ; Version 4.1.4 #12246 (Mac OS X x86_64)
                                      4 ;--------------------------------------------------------
                                      5 	.module background_8_map
                                      6 	.optsdcc -mgbz80
                                      7 	
                                      8 ;--------------------------------------------------------
                                      9 ; Public variables in this module
                                     10 ;--------------------------------------------------------
                                     11 	.globl _background_8_map
                                     12 	.globl ___bank_background_8_map
                                     13 ;--------------------------------------------------------
                                     14 ; special function registers
                                     15 ;--------------------------------------------------------
                                     16 ;--------------------------------------------------------
                                     17 ; ram data
                                     18 ;--------------------------------------------------------
                                     19 	.area _DATA
                                     20 ;--------------------------------------------------------
                                     21 ; ram data
                                     22 ;--------------------------------------------------------
                                     23 	.area _INITIALIZED
                                     24 ;--------------------------------------------------------
                                     25 ; absolute external ram data
                                     26 ;--------------------------------------------------------
                                     27 	.area _DABS (ABS)
                                     28 ;--------------------------------------------------------
                                     29 ; global & static initialisations
                                     30 ;--------------------------------------------------------
                                     31 	.area _HOME
                                     32 	.area _GSINIT
                                     33 	.area _GSFINAL
                                     34 	.area _GSINIT
                                     35 ;--------------------------------------------------------
                                     36 ; Home
                                     37 ;--------------------------------------------------------
                                     38 	.area _HOME
                                     39 	.area _HOME
                                     40 ;--------------------------------------------------------
                                     41 ; code
                                     42 ;--------------------------------------------------------
                                     43 	.area _CODE_255
                                     44 	.area _CODE_255
                           0000FF    45 ___bank_background_8_map	=	0x00ff
      000000                         46 _background_8_map:
      000000 3C                      47 	.db #0x3c	; 60
      000001 3D                      48 	.db #0x3d	; 61
      000002 3D                      49 	.db #0x3d	; 61
      000003 3E                      50 	.db #0x3e	; 62
      000004 3F                      51 	.db #0x3f	; 63
      000005 40                      52 	.db #0x40	; 64
      000006 41                      53 	.db #0x41	; 65	'A'
      000007 3D                      54 	.db #0x3d	; 61
      000008 3D                      55 	.db #0x3d	; 61
      000009 3D                      56 	.db #0x3d	; 61
      00000A 3D                      57 	.db #0x3d	; 61
      00000B 3D                      58 	.db #0x3d	; 61
      00000C 3D                      59 	.db #0x3d	; 61
      00000D 3D                      60 	.db #0x3d	; 61
      00000E 3D                      61 	.db #0x3d	; 61
      00000F 3D                      62 	.db #0x3d	; 61
      000010 3D                      63 	.db #0x3d	; 61
      000011 3D                      64 	.db #0x3d	; 61
      000012 3D                      65 	.db #0x3d	; 61
      000013 42                      66 	.db #0x42	; 66	'B'
      000014 3C                      67 	.db #0x3c	; 60
      000015 42                      68 	.db #0x42	; 66	'B'
      000016 42                      69 	.db #0x42	; 66	'B'
      000017 3C                      70 	.db #0x3c	; 60
      000018 3C                      71 	.db #0x3c	; 60
      000019 3C                      72 	.db #0x3c	; 60
      00001A 3C                      73 	.db #0x3c	; 60
      00001B 3C                      74 	.db #0x3c	; 60
      00001C 42                      75 	.db #0x42	; 66	'B'
      00001D 42                      76 	.db #0x42	; 66	'B'
      00001E 3C                      77 	.db #0x3c	; 60
      00001F 42                      78 	.db #0x42	; 66	'B'
      000020 42                      79 	.db #0x42	; 66	'B'
      000021 43                      80 	.db #0x43	; 67	'C'
      000022 44                      81 	.db #0x44	; 68	'D'
      000023 45                      82 	.db #0x45	; 69	'E'
      000024 46                      83 	.db #0x46	; 70	'F'
      000025 40                      84 	.db #0x40	; 64
      000026 47                      85 	.db #0x47	; 71	'G'
      000027 45                      86 	.db #0x45	; 69	'E'
      000028 44                      87 	.db #0x44	; 68	'D'
      000029 45                      88 	.db #0x45	; 69	'E'
      00002A 45                      89 	.db #0x45	; 69	'E'
      00002B 45                      90 	.db #0x45	; 69	'E'
      00002C 45                      91 	.db #0x45	; 69	'E'
      00002D 45                      92 	.db #0x45	; 69	'E'
      00002E 45                      93 	.db #0x45	; 69	'E'
      00002F 44                      94 	.db #0x44	; 68	'D'
      000030 45                      95 	.db #0x45	; 69	'E'
      000031 44                      96 	.db #0x44	; 68	'D'
      000032 3E                      97 	.db #0x3e	; 62
      000033 48                      98 	.db #0x48	; 72	'H'
      000034 42                      99 	.db #0x42	; 66	'B'
      000035 42                     100 	.db #0x42	; 66	'B'
      000036 3C                     101 	.db #0x3c	; 60
      000037 3C                     102 	.db #0x3c	; 60
      000038 42                     103 	.db #0x42	; 66	'B'
      000039 42                     104 	.db #0x42	; 66	'B'
      00003A 42                     105 	.db #0x42	; 66	'B'
      00003B 3C                     106 	.db #0x3c	; 60
      00003C 42                     107 	.db #0x42	; 66	'B'
      00003D 42                     108 	.db #0x42	; 66	'B'
      00003E 42                     109 	.db #0x42	; 66	'B'
      00003F 3C                     110 	.db #0x3c	; 60
      000040 3C                     111 	.db #0x3c	; 60
      000041 49                     112 	.db #0x49	; 73	'I'
      000042 4A                     113 	.db #0x4a	; 74	'J'
      000043 00                     114 	.db #0x00	; 0
      000044 4B                     115 	.db #0x4b	; 75	'K'
      000045 40                     116 	.db #0x40	; 64
      000046 4C                     117 	.db #0x4c	; 76	'L'
      000047 00                     118 	.db #0x00	; 0
      000048 00                     119 	.db #0x00	; 0
      000049 00                     120 	.db #0x00	; 0
      00004A 00                     121 	.db #0x00	; 0
      00004B 4A                     122 	.db #0x4a	; 74	'J'
      00004C 00                     123 	.db #0x00	; 0
      00004D 00                     124 	.db #0x00	; 0
      00004E 00                     125 	.db #0x00	; 0
      00004F 00                     126 	.db #0x00	; 0
      000050 00                     127 	.db #0x00	; 0
      000051 00                     128 	.db #0x00	; 0
      000052 00                     129 	.db #0x00	; 0
      000053 48                     130 	.db #0x48	; 72	'H'
      000054 42                     131 	.db #0x42	; 66	'B'
      000055 3C                     132 	.db #0x3c	; 60
      000056 42                     133 	.db #0x42	; 66	'B'
      000057 42                     134 	.db #0x42	; 66	'B'
      000058 42                     135 	.db #0x42	; 66	'B'
      000059 3C                     136 	.db #0x3c	; 60
      00005A 3C                     137 	.db #0x3c	; 60
      00005B 42                     138 	.db #0x42	; 66	'B'
      00005C 42                     139 	.db #0x42	; 66	'B'
      00005D 3C                     140 	.db #0x3c	; 60
      00005E 42                     141 	.db #0x42	; 66	'B'
      00005F 3C                     142 	.db #0x3c	; 60
      000060 3C                     143 	.db #0x3c	; 60
      000061 49                     144 	.db #0x49	; 73	'I'
      000062 00                     145 	.db #0x00	; 0
      000063 00                     146 	.db #0x00	; 0
      000064 4B                     147 	.db #0x4b	; 75	'K'
      000065 40                     148 	.db #0x40	; 64
      000066 4C                     149 	.db #0x4c	; 76	'L'
      000067 00                     150 	.db #0x00	; 0
      000068 00                     151 	.db #0x00	; 0
      000069 00                     152 	.db #0x00	; 0
      00006A 00                     153 	.db #0x00	; 0
      00006B 00                     154 	.db #0x00	; 0
      00006C 00                     155 	.db #0x00	; 0
      00006D 4D                     156 	.db #0x4d	; 77	'M'
      00006E 4E                     157 	.db #0x4e	; 78	'N'
      00006F 4F                     158 	.db #0x4f	; 79	'O'
      000070 00                     159 	.db #0x00	; 0
      000071 00                     160 	.db #0x00	; 0
      000072 00                     161 	.db #0x00	; 0
      000073 3E                     162 	.db #0x3e	; 62
      000074 42                     163 	.db #0x42	; 66	'B'
      000075 42                     164 	.db #0x42	; 66	'B'
      000076 3C                     165 	.db #0x3c	; 60
      000077 42                     166 	.db #0x42	; 66	'B'
      000078 42                     167 	.db #0x42	; 66	'B'
      000079 45                     168 	.db #0x45	; 69	'E'
      00007A 44                     169 	.db #0x44	; 68	'D'
      00007B 3C                     170 	.db #0x3c	; 60
      00007C 3C                     171 	.db #0x3c	; 60
      00007D 42                     172 	.db #0x42	; 66	'B'
      00007E 3C                     173 	.db #0x3c	; 60
      00007F 3C                     174 	.db #0x3c	; 60
      000080 42                     175 	.db #0x42	; 66	'B'
      000081 50                     176 	.db #0x50	; 80	'P'
      000082 00                     177 	.db #0x00	; 0
      000083 00                     178 	.db #0x00	; 0
      000084 4B                     179 	.db #0x4b	; 75	'K'
      000085 40                     180 	.db #0x40	; 64
      000086 4C                     181 	.db #0x4c	; 76	'L'
      000087 00                     182 	.db #0x00	; 0
      000088 00                     183 	.db #0x00	; 0
      000089 00                     184 	.db #0x00	; 0
      00008A 00                     185 	.db #0x00	; 0
      00008B 00                     186 	.db #0x00	; 0
      00008C 00                     187 	.db #0x00	; 0
      00008D 4B                     188 	.db #0x4b	; 75	'K'
      00008E 40                     189 	.db #0x40	; 64
      00008F 4C                     190 	.db #0x4c	; 76	'L'
      000090 00                     191 	.db #0x00	; 0
      000091 00                     192 	.db #0x00	; 0
      000092 00                     193 	.db #0x00	; 0
      000093 3E                     194 	.db #0x3e	; 62
      000094 42                     195 	.db #0x42	; 66	'B'
      000095 42                     196 	.db #0x42	; 66	'B'
      000096 42                     197 	.db #0x42	; 66	'B'
      000097 3C                     198 	.db #0x3c	; 60
      000098 44                     199 	.db #0x44	; 68	'D'
      000099 00                     200 	.db #0x00	; 0
      00009A 00                     201 	.db #0x00	; 0
      00009B 45                     202 	.db #0x45	; 69	'E'
      00009C 42                     203 	.db #0x42	; 66	'B'
      00009D 3C                     204 	.db #0x3c	; 60
      00009E 42                     205 	.db #0x42	; 66	'B'
      00009F 42                     206 	.db #0x42	; 66	'B'
      0000A0 3C                     207 	.db #0x3c	; 60
      0000A1 3C                     208 	.db #0x3c	; 60
      0000A2 50                     209 	.db #0x50	; 80	'P'
      0000A3 50                     210 	.db #0x50	; 80	'P'
      0000A4 50                     211 	.db #0x50	; 80	'P'
      0000A5 48                     212 	.db #0x48	; 72	'H'
      0000A6 50                     213 	.db #0x50	; 80	'P'
      0000A7 50                     214 	.db #0x50	; 80	'P'
      0000A8 48                     215 	.db #0x48	; 72	'H'
      0000A9 48                     216 	.db #0x48	; 72	'H'
      0000AA 50                     217 	.db #0x50	; 80	'P'
      0000AB 48                     218 	.db #0x48	; 72	'H'
      0000AC 50                     219 	.db #0x50	; 80	'P'
      0000AD 3F                     220 	.db #0x3f	; 63
      0000AE 40                     221 	.db #0x40	; 64
      0000AF 41                     222 	.db #0x41	; 65	'A'
      0000B0 48                     223 	.db #0x48	; 72	'H'
      0000B1 48                     224 	.db #0x48	; 72	'H'
      0000B2 50                     225 	.db #0x50	; 80	'P'
      0000B3 3C                     226 	.db #0x3c	; 60
      0000B4 42                     227 	.db #0x42	; 66	'B'
      0000B5 3C                     228 	.db #0x3c	; 60
      0000B6 3C                     229 	.db #0x3c	; 60
      0000B7 44                     230 	.db #0x44	; 68	'D'
      0000B8 00                     231 	.db #0x00	; 0
      0000B9 00                     232 	.db #0x00	; 0
      0000BA 00                     233 	.db #0x00	; 0
      0000BB 00                     234 	.db #0x00	; 0
      0000BC 45                     235 	.db #0x45	; 69	'E'
      0000BD 44                     236 	.db #0x44	; 68	'D'
      0000BE 3C                     237 	.db #0x3c	; 60
      0000BF 3C                     238 	.db #0x3c	; 60
      0000C0 3C                     239 	.db #0x3c	; 60
      0000C1 42                     240 	.db #0x42	; 66	'B'
      0000C2 43                     241 	.db #0x43	; 67	'C'
      0000C3 44                     242 	.db #0x44	; 68	'D'
      0000C4 45                     243 	.db #0x45	; 69	'E'
      0000C5 45                     244 	.db #0x45	; 69	'E'
      0000C6 44                     245 	.db #0x44	; 68	'D'
      0000C7 44                     246 	.db #0x44	; 68	'D'
      0000C8 45                     247 	.db #0x45	; 69	'E'
      0000C9 45                     248 	.db #0x45	; 69	'E'
      0000CA 44                     249 	.db #0x44	; 68	'D'
      0000CB 44                     250 	.db #0x44	; 68	'D'
      0000CC 44                     251 	.db #0x44	; 68	'D'
      0000CD 46                     252 	.db #0x46	; 70	'F'
      0000CE 40                     253 	.db #0x40	; 64
      0000CF 47                     254 	.db #0x47	; 71	'G'
      0000D0 44                     255 	.db #0x44	; 68	'D'
      0000D1 44                     256 	.db #0x44	; 68	'D'
      0000D2 45                     257 	.db #0x45	; 69	'E'
      0000D3 44                     258 	.db #0x44	; 68	'D'
      0000D4 45                     259 	.db #0x45	; 69	'E'
      0000D5 42                     260 	.db #0x42	; 66	'B'
      0000D6 50                     261 	.db #0x50	; 80	'P'
      0000D7 00                     262 	.db #0x00	; 0
      0000D8 00                     263 	.db #0x00	; 0
      0000D9 00                     264 	.db #0x00	; 0
      0000DA 00                     265 	.db #0x00	; 0
      0000DB 00                     266 	.db #0x00	; 0
      0000DC 00                     267 	.db #0x00	; 0
      0000DD 00                     268 	.db #0x00	; 0
      0000DE 3E                     269 	.db #0x3e	; 62
      0000DF 3C                     270 	.db #0x3c	; 60
      0000E0 42                     271 	.db #0x42	; 66	'B'
      0000E1 3C                     272 	.db #0x3c	; 60
      0000E2 49                     273 	.db #0x49	; 73	'I'
      0000E3 00                     274 	.db #0x00	; 0
      0000E4 00                     275 	.db #0x00	; 0
      0000E5 00                     276 	.db #0x00	; 0
      0000E6 00                     277 	.db #0x00	; 0
      0000E7 00                     278 	.db #0x00	; 0
      0000E8 00                     279 	.db #0x00	; 0
      0000E9 00                     280 	.db #0x00	; 0
      0000EA 00                     281 	.db #0x00	; 0
      0000EB 00                     282 	.db #0x00	; 0
      0000EC 00                     283 	.db #0x00	; 0
      0000ED 4B                     284 	.db #0x4b	; 75	'K'
      0000EE 40                     285 	.db #0x40	; 64
      0000EF 4C                     286 	.db #0x4c	; 76	'L'
      0000F0 00                     287 	.db #0x00	; 0
      0000F1 00                     288 	.db #0x00	; 0
      0000F2 00                     289 	.db #0x00	; 0
      0000F3 00                     290 	.db #0x00	; 0
      0000F4 00                     291 	.db #0x00	; 0
      0000F5 3E                     292 	.db #0x3e	; 62
      0000F6 49                     293 	.db #0x49	; 73	'I'
      0000F7 00                     294 	.db #0x00	; 0
      0000F8 00                     295 	.db #0x00	; 0
      0000F9 00                     296 	.db #0x00	; 0
      0000FA 4A                     297 	.db #0x4a	; 74	'J'
      0000FB 00                     298 	.db #0x00	; 0
      0000FC 00                     299 	.db #0x00	; 0
      0000FD 00                     300 	.db #0x00	; 0
      0000FE 3E                     301 	.db #0x3e	; 62
      0000FF 3C                     302 	.db #0x3c	; 60
      000100 3C                     303 	.db #0x3c	; 60
      000101 3C                     304 	.db #0x3c	; 60
      000102 50                     305 	.db #0x50	; 80	'P'
      000103 00                     306 	.db #0x00	; 0
      000104 00                     307 	.db #0x00	; 0
      000105 00                     308 	.db #0x00	; 0
      000106 00                     309 	.db #0x00	; 0
      000107 4A                     310 	.db #0x4a	; 74	'J'
      000108 00                     311 	.db #0x00	; 0
      000109 00                     312 	.db #0x00	; 0
      00010A 00                     313 	.db #0x00	; 0
      00010B 00                     314 	.db #0x00	; 0
      00010C 00                     315 	.db #0x00	; 0
      00010D 4B                     316 	.db #0x4b	; 75	'K'
      00010E 40                     317 	.db #0x40	; 64
      00010F 4C                     318 	.db #0x4c	; 76	'L'
      000110 00                     319 	.db #0x00	; 0
      000111 00                     320 	.db #0x00	; 0
      000112 00                     321 	.db #0x00	; 0
      000113 4A                     322 	.db #0x4a	; 74	'J'
      000114 00                     323 	.db #0x00	; 0
      000115 3E                     324 	.db #0x3e	; 62
      000116 50                     325 	.db #0x50	; 80	'P'
      000117 00                     326 	.db #0x00	; 0
      000118 00                     327 	.db #0x00	; 0
      000119 00                     328 	.db #0x00	; 0
      00011A 00                     329 	.db #0x00	; 0
      00011B 00                     330 	.db #0x00	; 0
      00011C 00                     331 	.db #0x00	; 0
      00011D 00                     332 	.db #0x00	; 0
      00011E 3E                     333 	.db #0x3e	; 62
      00011F 42                     334 	.db #0x42	; 66	'B'
      000120 42                     335 	.db #0x42	; 66	'B'
      000121 3C                     336 	.db #0x3c	; 60
      000122 50                     337 	.db #0x50	; 80	'P'
      000123 00                     338 	.db #0x00	; 0
      000124 00                     339 	.db #0x00	; 0
      000125 4A                     340 	.db #0x4a	; 74	'J'
      000126 00                     341 	.db #0x00	; 0
      000127 00                     342 	.db #0x00	; 0
      000128 00                     343 	.db #0x00	; 0
      000129 00                     344 	.db #0x00	; 0
      00012A 00                     345 	.db #0x00	; 0
      00012B 00                     346 	.db #0x00	; 0
      00012C 00                     347 	.db #0x00	; 0
      00012D 4B                     348 	.db #0x4b	; 75	'K'
      00012E 40                     349 	.db #0x40	; 64
      00012F 4C                     350 	.db #0x4c	; 76	'L'
      000130 00                     351 	.db #0x00	; 0
      000131 00                     352 	.db #0x00	; 0
      000132 4D                     353 	.db #0x4d	; 77	'M'
      000133 4E                     354 	.db #0x4e	; 78	'N'
      000134 4F                     355 	.db #0x4f	; 79	'O'
      000135 3E                     356 	.db #0x3e	; 62
      000136 49                     357 	.db #0x49	; 73	'I'
      000137 00                     358 	.db #0x00	; 0
      000138 00                     359 	.db #0x00	; 0
      000139 00                     360 	.db #0x00	; 0
      00013A 00                     361 	.db #0x00	; 0
      00013B 00                     362 	.db #0x00	; 0
      00013C 00                     363 	.db #0x00	; 0
      00013D 00                     364 	.db #0x00	; 0
      00013E 48                     365 	.db #0x48	; 72	'H'
      00013F 3C                     366 	.db #0x3c	; 60
      000140 3C                     367 	.db #0x3c	; 60
      000141 42                     368 	.db #0x42	; 66	'B'
      000142 49                     369 	.db #0x49	; 73	'I'
      000143 00                     370 	.db #0x00	; 0
      000144 00                     371 	.db #0x00	; 0
      000145 00                     372 	.db #0x00	; 0
      000146 00                     373 	.db #0x00	; 0
      000147 00                     374 	.db #0x00	; 0
      000148 00                     375 	.db #0x00	; 0
      000149 00                     376 	.db #0x00	; 0
      00014A 00                     377 	.db #0x00	; 0
      00014B 00                     378 	.db #0x00	; 0
      00014C 00                     379 	.db #0x00	; 0
      00014D 4B                     380 	.db #0x4b	; 75	'K'
      00014E 40                     381 	.db #0x40	; 64
      00014F 4C                     382 	.db #0x4c	; 76	'L'
      000150 00                     383 	.db #0x00	; 0
      000151 00                     384 	.db #0x00	; 0
      000152 4B                     385 	.db #0x4b	; 75	'K'
      000153 40                     386 	.db #0x40	; 64
      000154 4C                     387 	.db #0x4c	; 76	'L'
      000155 3E                     388 	.db #0x3e	; 62
      000156 50                     389 	.db #0x50	; 80	'P'
      000157 00                     390 	.db #0x00	; 0
      000158 00                     391 	.db #0x00	; 0
      000159 00                     392 	.db #0x00	; 0
      00015A 00                     393 	.db #0x00	; 0
      00015B 00                     394 	.db #0x00	; 0
      00015C 00                     395 	.db #0x00	; 0
      00015D 00                     396 	.db #0x00	; 0
      00015E 3E                     397 	.db #0x3e	; 62
      00015F 42                     398 	.db #0x42	; 66	'B'
      000160 3C                     399 	.db #0x3c	; 60
      000161 42                     400 	.db #0x42	; 66	'B'
      000162 50                     401 	.db #0x50	; 80	'P'
      000163 50                     402 	.db #0x50	; 80	'P'
      000164 50                     403 	.db #0x50	; 80	'P'
      000165 50                     404 	.db #0x50	; 80	'P'
      000166 50                     405 	.db #0x50	; 80	'P'
      000167 48                     406 	.db #0x48	; 72	'H'
      000168 48                     407 	.db #0x48	; 72	'H'
      000169 50                     408 	.db #0x50	; 80	'P'
      00016A 48                     409 	.db #0x48	; 72	'H'
      00016B 48                     410 	.db #0x48	; 72	'H'
      00016C 48                     411 	.db #0x48	; 72	'H'
      00016D 50                     412 	.db #0x50	; 80	'P'
      00016E 48                     413 	.db #0x48	; 72	'H'
      00016F 50                     414 	.db #0x50	; 80	'P'
      000170 48                     415 	.db #0x48	; 72	'H'
      000171 48                     416 	.db #0x48	; 72	'H'
      000172 3F                     417 	.db #0x3f	; 63
      000173 40                     418 	.db #0x40	; 64
      000174 41                     419 	.db #0x41	; 65	'A'
      000175 50                     420 	.db #0x50	; 80	'P'
      000176 44                     421 	.db #0x44	; 68	'D'
      000177 00                     422 	.db #0x00	; 0
      000178 4A                     423 	.db #0x4a	; 74	'J'
      000179 00                     424 	.db #0x00	; 0
      00017A 00                     425 	.db #0x00	; 0
      00017B 00                     426 	.db #0x00	; 0
      00017C 00                     427 	.db #0x00	; 0
      00017D 00                     428 	.db #0x00	; 0
      00017E 3E                     429 	.db #0x3e	; 62
      00017F 42                     430 	.db #0x42	; 66	'B'
      000180 42                     431 	.db #0x42	; 66	'B'
      000181 42                     432 	.db #0x42	; 66	'B'
      000182 44                     433 	.db #0x44	; 68	'D'
      000183 44                     434 	.db #0x44	; 68	'D'
      000184 44                     435 	.db #0x44	; 68	'D'
      000185 3E                     436 	.db #0x3e	; 62
      000186 42                     437 	.db #0x42	; 66	'B'
      000187 42                     438 	.db #0x42	; 66	'B'
      000188 45                     439 	.db #0x45	; 69	'E'
      000189 45                     440 	.db #0x45	; 69	'E'
      00018A 45                     441 	.db #0x45	; 69	'E'
      00018B 45                     442 	.db #0x45	; 69	'E'
      00018C 45                     443 	.db #0x45	; 69	'E'
      00018D 44                     444 	.db #0x44	; 68	'D'
      00018E 45                     445 	.db #0x45	; 69	'E'
      00018F 45                     446 	.db #0x45	; 69	'E'
      000190 45                     447 	.db #0x45	; 69	'E'
      000191 44                     448 	.db #0x44	; 68	'D'
      000192 46                     449 	.db #0x46	; 70	'F'
      000193 40                     450 	.db #0x40	; 64
      000194 47                     451 	.db #0x47	; 71	'G'
      000195 44                     452 	.db #0x44	; 68	'D'
      000196 00                     453 	.db #0x00	; 0
      000197 00                     454 	.db #0x00	; 0
      000198 00                     455 	.db #0x00	; 0
      000199 00                     456 	.db #0x00	; 0
      00019A 00                     457 	.db #0x00	; 0
      00019B 00                     458 	.db #0x00	; 0
      00019C 00                     459 	.db #0x00	; 0
      00019D 00                     460 	.db #0x00	; 0
      00019E 48                     461 	.db #0x48	; 72	'H'
      00019F 42                     462 	.db #0x42	; 66	'B'
      0001A0 42                     463 	.db #0x42	; 66	'B'
      0001A1 50                     464 	.db #0x50	; 80	'P'
      0001A2 00                     465 	.db #0x00	; 0
      0001A3 4A                     466 	.db #0x4a	; 74	'J'
      0001A4 00                     467 	.db #0x00	; 0
      0001A5 00                     468 	.db #0x00	; 0
      0001A6 44                     469 	.db #0x44	; 68	'D'
      0001A7 44                     470 	.db #0x44	; 68	'D'
      0001A8 00                     471 	.db #0x00	; 0
      0001A9 00                     472 	.db #0x00	; 0
      0001AA 00                     473 	.db #0x00	; 0
      0001AB 00                     474 	.db #0x00	; 0
      0001AC 00                     475 	.db #0x00	; 0
      0001AD 00                     476 	.db #0x00	; 0
      0001AE 00                     477 	.db #0x00	; 0
      0001AF 00                     478 	.db #0x00	; 0
      0001B0 00                     479 	.db #0x00	; 0
      0001B1 00                     480 	.db #0x00	; 0
      0001B2 4B                     481 	.db #0x4b	; 75	'K'
      0001B3 40                     482 	.db #0x40	; 64
      0001B4 4C                     483 	.db #0x4c	; 76	'L'
      0001B5 00                     484 	.db #0x00	; 0
      0001B6 00                     485 	.db #0x00	; 0
      0001B7 00                     486 	.db #0x00	; 0
      0001B8 00                     487 	.db #0x00	; 0
      0001B9 00                     488 	.db #0x00	; 0
      0001BA 00                     489 	.db #0x00	; 0
      0001BB 00                     490 	.db #0x00	; 0
      0001BC 00                     491 	.db #0x00	; 0
      0001BD 00                     492 	.db #0x00	; 0
      0001BE 48                     493 	.db #0x48	; 72	'H'
      0001BF 42                     494 	.db #0x42	; 66	'B'
      0001C0 42                     495 	.db #0x42	; 66	'B'
      0001C1 50                     496 	.db #0x50	; 80	'P'
      0001C2 00                     497 	.db #0x00	; 0
      0001C3 00                     498 	.db #0x00	; 0
      0001C4 00                     499 	.db #0x00	; 0
      0001C5 00                     500 	.db #0x00	; 0
      0001C6 00                     501 	.db #0x00	; 0
      0001C7 00                     502 	.db #0x00	; 0
      0001C8 00                     503 	.db #0x00	; 0
      0001C9 00                     504 	.db #0x00	; 0
      0001CA 4A                     505 	.db #0x4a	; 74	'J'
      0001CB 00                     506 	.db #0x00	; 0
      0001CC 00                     507 	.db #0x00	; 0
      0001CD 00                     508 	.db #0x00	; 0
      0001CE 00                     509 	.db #0x00	; 0
      0001CF 4A                     510 	.db #0x4a	; 74	'J'
      0001D0 00                     511 	.db #0x00	; 0
      0001D1 00                     512 	.db #0x00	; 0
      0001D2 4B                     513 	.db #0x4b	; 75	'K'
      0001D3 40                     514 	.db #0x40	; 64
      0001D4 4C                     515 	.db #0x4c	; 76	'L'
      0001D5 00                     516 	.db #0x00	; 0
      0001D6 00                     517 	.db #0x00	; 0
      0001D7 00                     518 	.db #0x00	; 0
      0001D8 00                     519 	.db #0x00	; 0
      0001D9 00                     520 	.db #0x00	; 0
      0001DA 00                     521 	.db #0x00	; 0
      0001DB 00                     522 	.db #0x00	; 0
      0001DC 00                     523 	.db #0x00	; 0
      0001DD 00                     524 	.db #0x00	; 0
      0001DE 48                     525 	.db #0x48	; 72	'H'
      0001DF 3C                     526 	.db #0x3c	; 60
      0001E0 3C                     527 	.db #0x3c	; 60
      0001E1 49                     528 	.db #0x49	; 73	'I'
      0001E2 00                     529 	.db #0x00	; 0
      0001E3 00                     530 	.db #0x00	; 0
      0001E4 00                     531 	.db #0x00	; 0
      0001E5 00                     532 	.db #0x00	; 0
      0001E6 00                     533 	.db #0x00	; 0
      0001E7 00                     534 	.db #0x00	; 0
      0001E8 00                     535 	.db #0x00	; 0
      0001E9 00                     536 	.db #0x00	; 0
      0001EA 00                     537 	.db #0x00	; 0
      0001EB 00                     538 	.db #0x00	; 0
      0001EC 4A                     539 	.db #0x4a	; 74	'J'
      0001ED 00                     540 	.db #0x00	; 0
      0001EE 00                     541 	.db #0x00	; 0
      0001EF 00                     542 	.db #0x00	; 0
      0001F0 00                     543 	.db #0x00	; 0
      0001F1 00                     544 	.db #0x00	; 0
      0001F2 4B                     545 	.db #0x4b	; 75	'K'
      0001F3 40                     546 	.db #0x40	; 64
      0001F4 4C                     547 	.db #0x4c	; 76	'L'
      0001F5 00                     548 	.db #0x00	; 0
      0001F6 00                     549 	.db #0x00	; 0
      0001F7 00                     550 	.db #0x00	; 0
      0001F8 00                     551 	.db #0x00	; 0
      0001F9 00                     552 	.db #0x00	; 0
      0001FA 00                     553 	.db #0x00	; 0
      0001FB 00                     554 	.db #0x00	; 0
      0001FC 00                     555 	.db #0x00	; 0
      0001FD 00                     556 	.db #0x00	; 0
      0001FE 3E                     557 	.db #0x3e	; 62
      0001FF 3C                     558 	.db #0x3c	; 60
      000200 42                     559 	.db #0x42	; 66	'B'
      000201 3C                     560 	.db #0x3c	; 60
      000202 50                     561 	.db #0x50	; 80	'P'
      000203 50                     562 	.db #0x50	; 80	'P'
      000204 48                     563 	.db #0x48	; 72	'H'
      000205 48                     564 	.db #0x48	; 72	'H'
      000206 48                     565 	.db #0x48	; 72	'H'
      000207 50                     566 	.db #0x50	; 80	'P'
      000208 48                     567 	.db #0x48	; 72	'H'
      000209 48                     568 	.db #0x48	; 72	'H'
      00020A 50                     569 	.db #0x50	; 80	'P'
      00020B 48                     570 	.db #0x48	; 72	'H'
      00020C 50                     571 	.db #0x50	; 80	'P'
      00020D 48                     572 	.db #0x48	; 72	'H'
      00020E 50                     573 	.db #0x50	; 80	'P'
      00020F 50                     574 	.db #0x50	; 80	'P'
      000210 50                     575 	.db #0x50	; 80	'P'
      000211 48                     576 	.db #0x48	; 72	'H'
      000212 50                     577 	.db #0x50	; 80	'P'
      000213 50                     578 	.db #0x50	; 80	'P'
      000214 50                     579 	.db #0x50	; 80	'P'
      000215 48                     580 	.db #0x48	; 72	'H'
      000216 48                     581 	.db #0x48	; 72	'H'
      000217 48                     582 	.db #0x48	; 72	'H'
      000218 48                     583 	.db #0x48	; 72	'H'
      000219 50                     584 	.db #0x50	; 80	'P'
      00021A 48                     585 	.db #0x48	; 72	'H'
      00021B 48                     586 	.db #0x48	; 72	'H'
      00021C 50                     587 	.db #0x50	; 80	'P'
      00021D 48                     588 	.db #0x48	; 72	'H'
      00021E 3C                     589 	.db #0x3c	; 60
      00021F 42                     590 	.db #0x42	; 66	'B'
      000220 42                     591 	.db #0x42	; 66	'B'
      000221 3C                     592 	.db #0x3c	; 60
      000222 42                     593 	.db #0x42	; 66	'B'
      000223 42                     594 	.db #0x42	; 66	'B'
      000224 3C                     595 	.db #0x3c	; 60
      000225 42                     596 	.db #0x42	; 66	'B'
      000226 3C                     597 	.db #0x3c	; 60
      000227 3C                     598 	.db #0x3c	; 60
      000228 3C                     599 	.db #0x3c	; 60
      000229 3C                     600 	.db #0x3c	; 60
      00022A 3C                     601 	.db #0x3c	; 60
      00022B 42                     602 	.db #0x42	; 66	'B'
      00022C 42                     603 	.db #0x42	; 66	'B'
      00022D 3C                     604 	.db #0x3c	; 60
      00022E 42                     605 	.db #0x42	; 66	'B'
      00022F 3C                     606 	.db #0x3c	; 60
      000230 42                     607 	.db #0x42	; 66	'B'
      000231 3C                     608 	.db #0x3c	; 60
      000232 42                     609 	.db #0x42	; 66	'B'
      000233 3C                     610 	.db #0x3c	; 60
      000234 42                     611 	.db #0x42	; 66	'B'
      000235 3C                     612 	.db #0x3c	; 60
      000236 42                     613 	.db #0x42	; 66	'B'
      000237 42                     614 	.db #0x42	; 66	'B'
      000238 42                     615 	.db #0x42	; 66	'B'
      000239 3C                     616 	.db #0x3c	; 60
      00023A 3C                     617 	.db #0x3c	; 60
      00023B 3C                     618 	.db #0x3c	; 60
      00023C 42                     619 	.db #0x42	; 66	'B'
      00023D 42                     620 	.db #0x42	; 66	'B'
      00023E 3C                     621 	.db #0x3c	; 60
      00023F 42                     622 	.db #0x42	; 66	'B'
                                    623 	.area _INITIALIZER
                                    624 	.area _CABS (ABS)
