                                      1 ;--------------------------------------------------------
                                      2 ; File Created by SDCC : free open source ANSI-C Compiler
                                      3 ; Version 4.1.4 #12246 (Mac OS X x86_64)
                                      4 ;--------------------------------------------------------
                                      5 	.module background_1_map
                                      6 	.optsdcc -mgbz80
                                      7 	
                                      8 ;--------------------------------------------------------
                                      9 ; Public variables in this module
                                     10 ;--------------------------------------------------------
                                     11 	.globl _background_1_map
                                     12 	.globl ___bank_background_1_map
                                     13 ;--------------------------------------------------------
                                     14 ; special function registers
                                     15 ;--------------------------------------------------------
                                     16 ;--------------------------------------------------------
                                     17 ; ram data
                                     18 ;--------------------------------------------------------
                                     19 	.area _DATA
                                     20 ;--------------------------------------------------------
                                     21 ; ram data
                                     22 ;--------------------------------------------------------
                                     23 	.area _INITIALIZED
                                     24 ;--------------------------------------------------------
                                     25 ; absolute external ram data
                                     26 ;--------------------------------------------------------
                                     27 	.area _DABS (ABS)
                                     28 ;--------------------------------------------------------
                                     29 ; global & static initialisations
                                     30 ;--------------------------------------------------------
                                     31 	.area _HOME
                                     32 	.area _GSINIT
                                     33 	.area _GSFINAL
                                     34 	.area _GSINIT
                                     35 ;--------------------------------------------------------
                                     36 ; Home
                                     37 ;--------------------------------------------------------
                                     38 	.area _HOME
                                     39 	.area _HOME
                                     40 ;--------------------------------------------------------
                                     41 ; code
                                     42 ;--------------------------------------------------------
                                     43 	.area _CODE_255
                                     44 	.area _CODE_255
                           0000FF    45 ___bank_background_1_map	=	0x00ff
      000000                         46 _background_1_map:
      000000 31                      47 	.db #0x31	; 49	'1'
      000001 32                      48 	.db #0x32	; 50	'2'
      000002 33                      49 	.db #0x33	; 51	'3'
      000003 34                      50 	.db #0x34	; 52	'4'
      000004 35                      51 	.db #0x35	; 53	'5'
      000005 36                      52 	.db #0x36	; 54	'6'
      000006 33                      53 	.db #0x33	; 51	'3'
      000007 34                      54 	.db #0x34	; 52	'4'
      000008 35                      55 	.db #0x35	; 53	'5'
      000009 36                      56 	.db #0x36	; 54	'6'
      00000A 33                      57 	.db #0x33	; 51	'3'
      00000B 34                      58 	.db #0x34	; 52	'4'
      00000C 35                      59 	.db #0x35	; 53	'5'
      00000D 36                      60 	.db #0x36	; 54	'6'
      00000E 33                      61 	.db #0x33	; 51	'3'
      00000F 34                      62 	.db #0x34	; 52	'4'
      000010 35                      63 	.db #0x35	; 53	'5'
      000011 36                      64 	.db #0x36	; 54	'6'
      000012 37                      65 	.db #0x37	; 55	'7'
      000013 38                      66 	.db #0x38	; 56	'8'
      000014 39                      67 	.db #0x39	; 57	'9'
      000015 38                      68 	.db #0x38	; 56	'8'
      000016 39                      69 	.db #0x39	; 57	'9'
      000017 38                      70 	.db #0x38	; 56	'8'
      000018 38                      71 	.db #0x38	; 56	'8'
      000019 39                      72 	.db #0x39	; 57	'9'
      00001A 38                      73 	.db #0x38	; 56	'8'
      00001B 39                      74 	.db #0x39	; 57	'9'
      00001C 38                      75 	.db #0x38	; 56	'8'
      00001D 39                      76 	.db #0x39	; 57	'9'
      00001E 38                      77 	.db #0x38	; 56	'8'
      00001F 39                      78 	.db #0x39	; 57	'9'
      000020 3A                      79 	.db #0x3a	; 58
      000021 3B                      80 	.db #0x3b	; 59
      000022 3C                      81 	.db #0x3c	; 60
      000023 3D                      82 	.db #0x3d	; 61
      000024 3E                      83 	.db #0x3e	; 62
      000025 3F                      84 	.db #0x3f	; 63
      000026 3C                      85 	.db #0x3c	; 60
      000027 3D                      86 	.db #0x3d	; 61
      000028 3E                      87 	.db #0x3e	; 62
      000029 3F                      88 	.db #0x3f	; 63
      00002A 3C                      89 	.db #0x3c	; 60
      00002B 3D                      90 	.db #0x3d	; 61
      00002C 3E                      91 	.db #0x3e	; 62
      00002D 3F                      92 	.db #0x3f	; 63
      00002E 3C                      93 	.db #0x3c	; 60
      00002F 3D                      94 	.db #0x3d	; 61
      000030 3E                      95 	.db #0x3e	; 62
      000031 3F                      96 	.db #0x3f	; 63
      000032 37                      97 	.db #0x37	; 55	'7'
      000033 39                      98 	.db #0x39	; 57	'9'
      000034 38                      99 	.db #0x38	; 56	'8'
      000035 39                     100 	.db #0x39	; 57	'9'
      000036 38                     101 	.db #0x38	; 56	'8'
      000037 39                     102 	.db #0x39	; 57	'9'
      000038 39                     103 	.db #0x39	; 57	'9'
      000039 38                     104 	.db #0x38	; 56	'8'
      00003A 39                     105 	.db #0x39	; 57	'9'
      00003B 40                     106 	.db #0x40	; 64
      00003C 39                     107 	.db #0x39	; 57	'9'
      00003D 38                     108 	.db #0x38	; 56	'8'
      00003E 39                     109 	.db #0x39	; 57	'9'
      00003F 38                     110 	.db #0x38	; 56	'8'
      000040 41                     111 	.db #0x41	; 65	'A'
      000041 42                     112 	.db #0x42	; 66	'B'
      000042 43                     113 	.db #0x43	; 67	'C'
      000043 44                     114 	.db #0x44	; 68	'D'
      000044 45                     115 	.db #0x45	; 69	'E'
      000045 46                     116 	.db #0x46	; 70	'F'
      000046 43                     117 	.db #0x43	; 67	'C'
      000047 44                     118 	.db #0x44	; 68	'D'
      000048 45                     119 	.db #0x45	; 69	'E'
      000049 46                     120 	.db #0x46	; 70	'F'
      00004A 43                     121 	.db #0x43	; 67	'C'
      00004B 44                     122 	.db #0x44	; 68	'D'
      00004C 45                     123 	.db #0x45	; 69	'E'
      00004D 46                     124 	.db #0x46	; 70	'F'
      00004E 43                     125 	.db #0x43	; 67	'C'
      00004F 44                     126 	.db #0x44	; 68	'D'
      000050 45                     127 	.db #0x45	; 69	'E'
      000051 46                     128 	.db #0x46	; 70	'F'
      000052 47                     129 	.db #0x47	; 71	'G'
      000053 38                     130 	.db #0x38	; 56	'8'
      000054 48                     131 	.db #0x48	; 72	'H'
      000055 49                     132 	.db #0x49	; 73	'I'
      000056 39                     133 	.db #0x39	; 57	'9'
      000057 40                     134 	.db #0x40	; 64
      000058 38                     135 	.db #0x38	; 56	'8'
      000059 39                     136 	.db #0x39	; 57	'9'
      00005A 38                     137 	.db #0x38	; 56	'8'
      00005B 39                     138 	.db #0x39	; 57	'9'
      00005C 38                     139 	.db #0x38	; 56	'8'
      00005D 39                     140 	.db #0x39	; 57	'9'
      00005E 38                     141 	.db #0x38	; 56	'8'
      00005F 39                     142 	.db #0x39	; 57	'9'
      000060 4A                     143 	.db #0x4a	; 74	'J'
      000061 38                     144 	.db #0x38	; 56	'8'
      000062 39                     145 	.db #0x39	; 57	'9'
      000063 4B                     146 	.db #0x4b	; 75	'K'
      000064 4A                     147 	.db #0x4a	; 74	'J'
      000065 38                     148 	.db #0x38	; 56	'8'
      000066 39                     149 	.db #0x39	; 57	'9'
      000067 4B                     150 	.db #0x4b	; 75	'K'
      000068 4A                     151 	.db #0x4a	; 74	'J'
      000069 38                     152 	.db #0x38	; 56	'8'
      00006A 39                     153 	.db #0x39	; 57	'9'
      00006B 4B                     154 	.db #0x4b	; 75	'K'
      00006C 4A                     155 	.db #0x4a	; 74	'J'
      00006D 38                     156 	.db #0x38	; 56	'8'
      00006E 39                     157 	.db #0x39	; 57	'9'
      00006F 4B                     158 	.db #0x4b	; 75	'K'
      000070 4A                     159 	.db #0x4a	; 74	'J'
      000071 38                     160 	.db #0x38	; 56	'8'
      000072 37                     161 	.db #0x37	; 55	'7'
      000073 4C                     162 	.db #0x4c	; 76	'L'
      000074 4D                     163 	.db #0x4d	; 77	'M'
      000075 4E                     164 	.db #0x4e	; 78	'N'
      000076 4C                     165 	.db #0x4c	; 76	'L'
      000077 4C                     166 	.db #0x4c	; 76	'L'
      000078 39                     167 	.db #0x39	; 57	'9'
      000079 38                     168 	.db #0x38	; 56	'8'
      00007A 39                     169 	.db #0x39	; 57	'9'
      00007B 38                     170 	.db #0x38	; 56	'8'
      00007C 39                     171 	.db #0x39	; 57	'9'
      00007D 38                     172 	.db #0x38	; 56	'8'
      00007E 39                     173 	.db #0x39	; 57	'9'
      00007F 38                     174 	.db #0x38	; 56	'8'
      000080 4F                     175 	.db #0x4f	; 79	'O'
      000081 50                     176 	.db #0x50	; 80	'P'
      000082 38                     177 	.db #0x38	; 56	'8'
      000083 39                     178 	.db #0x39	; 57	'9'
      000084 38                     179 	.db #0x38	; 56	'8'
      000085 39                     180 	.db #0x39	; 57	'9'
      000086 38                     181 	.db #0x38	; 56	'8'
      000087 39                     182 	.db #0x39	; 57	'9'
      000088 00                     183 	.db #0x00	; 0
      000089 51                     184 	.db #0x51	; 81	'Q'
      00008A 00                     185 	.db #0x00	; 0
      00008B 00                     186 	.db #0x00	; 0
      00008C 00                     187 	.db #0x00	; 0
      00008D 00                     188 	.db #0x00	; 0
      00008E 4C                     189 	.db #0x4c	; 76	'L'
      00008F 38                     190 	.db #0x38	; 56	'8'
      000090 39                     191 	.db #0x39	; 57	'9'
      000091 38                     192 	.db #0x38	; 56	'8'
      000092 37                     193 	.db #0x37	; 55	'7'
      000093 37                     194 	.db #0x37	; 55	'7'
      000094 4C                     195 	.db #0x4c	; 76	'L'
      000095 4C                     196 	.db #0x4c	; 76	'L'
      000096 4C                     197 	.db #0x4c	; 76	'L'
      000097 4C                     198 	.db #0x4c	; 76	'L'
      000098 38                     199 	.db #0x38	; 56	'8'
      000099 40                     200 	.db #0x40	; 64
      00009A 38                     201 	.db #0x38	; 56	'8'
      00009B 39                     202 	.db #0x39	; 57	'9'
      00009C 38                     203 	.db #0x38	; 56	'8'
      00009D 39                     204 	.db #0x39	; 57	'9'
      00009E 38                     205 	.db #0x38	; 56	'8'
      00009F 39                     206 	.db #0x39	; 57	'9'
      0000A0 3E                     207 	.db #0x3e	; 62
      0000A1 52                     208 	.db #0x52	; 82	'R'
      0000A2 38                     209 	.db #0x38	; 56	'8'
      0000A3 38                     210 	.db #0x38	; 56	'8'
      0000A4 39                     211 	.db #0x39	; 57	'9'
      0000A5 38                     212 	.db #0x38	; 56	'8'
      0000A6 39                     213 	.db #0x39	; 57	'9'
      0000A7 40                     214 	.db #0x40	; 64
      0000A8 53                     215 	.db #0x53	; 83	'S'
      0000A9 54                     216 	.db #0x54	; 84	'T'
      0000AA 54                     217 	.db #0x54	; 84	'T'
      0000AB 54                     218 	.db #0x54	; 84	'T'
      0000AC 54                     219 	.db #0x54	; 84	'T'
      0000AD 55                     220 	.db #0x55	; 85	'U'
      0000AE 4C                     221 	.db #0x4c	; 76	'L'
      0000AF 39                     222 	.db #0x39	; 57	'9'
      0000B0 38                     223 	.db #0x38	; 56	'8'
      0000B1 39                     224 	.db #0x39	; 57	'9'
      0000B2 47                     225 	.db #0x47	; 71	'G'
      0000B3 47                     226 	.db #0x47	; 71	'G'
      0000B4 37                     227 	.db #0x37	; 55	'7'
      0000B5 4C                     228 	.db #0x4c	; 76	'L'
      0000B6 4C                     229 	.db #0x4c	; 76	'L'
      0000B7 4C                     230 	.db #0x4c	; 76	'L'
      0000B8 4C                     231 	.db #0x4c	; 76	'L'
      0000B9 4C                     232 	.db #0x4c	; 76	'L'
      0000BA 39                     233 	.db #0x39	; 57	'9'
      0000BB 38                     234 	.db #0x38	; 56	'8'
      0000BC 39                     235 	.db #0x39	; 57	'9'
      0000BD 38                     236 	.db #0x38	; 56	'8'
      0000BE 39                     237 	.db #0x39	; 57	'9'
      0000BF 38                     238 	.db #0x38	; 56	'8'
      0000C0 56                     239 	.db #0x56	; 86	'V'
      0000C1 46                     240 	.db #0x46	; 70	'F'
      0000C2 38                     241 	.db #0x38	; 56	'8'
      0000C3 39                     242 	.db #0x39	; 57	'9'
      0000C4 38                     243 	.db #0x38	; 56	'8'
      0000C5 39                     244 	.db #0x39	; 57	'9'
      0000C6 38                     245 	.db #0x38	; 56	'8'
      0000C7 39                     246 	.db #0x39	; 57	'9'
      0000C8 57                     247 	.db #0x57	; 87	'W'
      0000C9 58                     248 	.db #0x58	; 88	'X'
      0000CA 58                     249 	.db #0x58	; 88	'X'
      0000CB 58                     250 	.db #0x58	; 88	'X'
      0000CC 58                     251 	.db #0x58	; 88	'X'
      0000CD 59                     252 	.db #0x59	; 89	'Y'
      0000CE 4C                     253 	.db #0x4c	; 76	'L'
      0000CF 38                     254 	.db #0x38	; 56	'8'
      0000D0 39                     255 	.db #0x39	; 57	'9'
      0000D1 38                     256 	.db #0x38	; 56	'8'
      0000D2 37                     257 	.db #0x37	; 55	'7'
      0000D3 37                     258 	.db #0x37	; 55	'7'
      0000D4 47                     259 	.db #0x47	; 71	'G'
      0000D5 5A                     260 	.db #0x5a	; 90	'Z'
      0000D6 5B                     261 	.db #0x5b	; 91
      0000D7 5B                     262 	.db #0x5b	; 91
      0000D8 5B                     263 	.db #0x5b	; 91
      0000D9 5A                     264 	.db #0x5a	; 90	'Z'
      0000DA 5B                     265 	.db #0x5b	; 91
      0000DB 5A                     266 	.db #0x5a	; 90	'Z'
      0000DC 5B                     267 	.db #0x5b	; 91
      0000DD 5A                     268 	.db #0x5a	; 90	'Z'
      0000DE 5B                     269 	.db #0x5b	; 91
      0000DF 5A                     270 	.db #0x5a	; 90	'Z'
      0000E0 4A                     271 	.db #0x4a	; 74	'J'
      0000E1 38                     272 	.db #0x38	; 56	'8'
      0000E2 39                     273 	.db #0x39	; 57	'9'
      0000E3 38                     274 	.db #0x38	; 56	'8'
      0000E4 39                     275 	.db #0x39	; 57	'9'
      0000E5 38                     276 	.db #0x38	; 56	'8'
      0000E6 39                     277 	.db #0x39	; 57	'9'
      0000E7 38                     278 	.db #0x38	; 56	'8'
      0000E8 5C                     279 	.db #0x5c	; 92
      0000E9 5D                     280 	.db #0x5d	; 93
      0000EA 5E                     281 	.db #0x5e	; 94
      0000EB 5F                     282 	.db #0x5f	; 95
      0000EC 5D                     283 	.db #0x5d	; 93
      0000ED 60                     284 	.db #0x60	; 96
      0000EE 4C                     285 	.db #0x4c	; 76	'L'
      0000EF 39                     286 	.db #0x39	; 57	'9'
      0000F0 38                     287 	.db #0x38	; 56	'8'
      0000F1 39                     288 	.db #0x39	; 57	'9'
      0000F2 38                     289 	.db #0x38	; 56	'8'
      0000F3 39                     290 	.db #0x39	; 57	'9'
      0000F4 37                     291 	.db #0x37	; 55	'7'
      0000F5 61                     292 	.db #0x61	; 97	'a'
      0000F6 62                     293 	.db #0x62	; 98	'b'
      0000F7 62                     294 	.db #0x62	; 98	'b'
      0000F8 63                     295 	.db #0x63	; 99	'c'
      0000F9 64                     296 	.db #0x64	; 100	'd'
      0000FA 62                     297 	.db #0x62	; 98	'b'
      0000FB 61                     298 	.db #0x61	; 97	'a'
      0000FC 62                     299 	.db #0x62	; 98	'b'
      0000FD 61                     300 	.db #0x61	; 97	'a'
      0000FE 62                     301 	.db #0x62	; 98	'b'
      0000FF 61                     302 	.db #0x61	; 97	'a'
      000100 4F                     303 	.db #0x4f	; 79	'O'
      000101 50                     304 	.db #0x50	; 80	'P'
      000102 38                     305 	.db #0x38	; 56	'8'
      000103 39                     306 	.db #0x39	; 57	'9'
      000104 38                     307 	.db #0x38	; 56	'8'
      000105 39                     308 	.db #0x39	; 57	'9'
      000106 38                     309 	.db #0x38	; 56	'8'
      000107 39                     310 	.db #0x39	; 57	'9'
      000108 65                     311 	.db #0x65	; 101	'e'
      000109 66                     312 	.db #0x66	; 102	'f'
      00010A 67                     313 	.db #0x67	; 103	'g'
      00010B 68                     314 	.db #0x68	; 104	'h'
      00010C 65                     315 	.db #0x65	; 101	'e'
      00010D 66                     316 	.db #0x66	; 102	'f'
      00010E 4C                     317 	.db #0x4c	; 76	'L'
      00010F 38                     318 	.db #0x38	; 56	'8'
      000110 39                     319 	.db #0x39	; 57	'9'
      000111 38                     320 	.db #0x38	; 56	'8'
      000112 39                     321 	.db #0x39	; 57	'9'
      000113 38                     322 	.db #0x38	; 56	'8'
      000114 40                     323 	.db #0x40	; 64
      000115 5B                     324 	.db #0x5b	; 91
      000116 5B                     325 	.db #0x5b	; 91
      000117 5A                     326 	.db #0x5a	; 90	'Z'
      000118 69                     327 	.db #0x69	; 105	'i'
      000119 6A                     328 	.db #0x6a	; 106	'j'
      00011A 5A                     329 	.db #0x5a	; 90	'Z'
      00011B 5B                     330 	.db #0x5b	; 91
      00011C 5B                     331 	.db #0x5b	; 91
      00011D 5A                     332 	.db #0x5a	; 90	'Z'
      00011E 6B                     333 	.db #0x6b	; 107	'k'
      00011F 34                     334 	.db #0x34	; 52	'4'
      000120 3E                     335 	.db #0x3e	; 62
      000121 52                     336 	.db #0x52	; 82	'R'
      000122 39                     337 	.db #0x39	; 57	'9'
      000123 38                     338 	.db #0x38	; 56	'8'
      000124 39                     339 	.db #0x39	; 57	'9'
      000125 38                     340 	.db #0x38	; 56	'8'
      000126 39                     341 	.db #0x39	; 57	'9'
      000127 38                     342 	.db #0x38	; 56	'8'
      000128 4C                     343 	.db #0x4c	; 76	'L'
      000129 40                     344 	.db #0x40	; 64
      00012A 39                     345 	.db #0x39	; 57	'9'
      00012B 38                     346 	.db #0x38	; 56	'8'
      00012C 39                     347 	.db #0x39	; 57	'9'
      00012D 38                     348 	.db #0x38	; 56	'8'
      00012E 39                     349 	.db #0x39	; 57	'9'
      00012F 38                     350 	.db #0x38	; 56	'8'
      000130 38                     351 	.db #0x38	; 56	'8'
      000131 39                     352 	.db #0x39	; 57	'9'
      000132 38                     353 	.db #0x38	; 56	'8'
      000133 39                     354 	.db #0x39	; 57	'9'
      000134 38                     355 	.db #0x38	; 56	'8'
      000135 39                     356 	.db #0x39	; 57	'9'
      000136 38                     357 	.db #0x38	; 56	'8'
      000137 39                     358 	.db #0x39	; 57	'9'
      000138 38                     359 	.db #0x38	; 56	'8'
      000139 39                     360 	.db #0x39	; 57	'9'
      00013A 38                     361 	.db #0x38	; 56	'8'
      00013B 39                     362 	.db #0x39	; 57	'9'
      00013C 38                     363 	.db #0x38	; 56	'8'
      00013D 39                     364 	.db #0x39	; 57	'9'
      00013E 6C                     365 	.db #0x6c	; 108	'l'
      00013F 3D                     366 	.db #0x3d	; 61
      000140 56                     367 	.db #0x56	; 86	'V'
      000141 46                     368 	.db #0x46	; 70	'F'
      000142 38                     369 	.db #0x38	; 56	'8'
      000143 39                     370 	.db #0x39	; 57	'9'
      000144 38                     371 	.db #0x38	; 56	'8'
      000145 39                     372 	.db #0x39	; 57	'9'
      000146 38                     373 	.db #0x38	; 56	'8'
      000147 39                     374 	.db #0x39	; 57	'9'
      000148 38                     375 	.db #0x38	; 56	'8'
      000149 39                     376 	.db #0x39	; 57	'9'
      00014A 38                     377 	.db #0x38	; 56	'8'
      00014B 39                     378 	.db #0x39	; 57	'9'
      00014C 38                     379 	.db #0x38	; 56	'8'
      00014D 39                     380 	.db #0x39	; 57	'9'
      00014E 38                     381 	.db #0x38	; 56	'8'
      00014F 39                     382 	.db #0x39	; 57	'9'
      000150 39                     383 	.db #0x39	; 57	'9'
      000151 38                     384 	.db #0x38	; 56	'8'
      000152 39                     385 	.db #0x39	; 57	'9'
      000153 40                     386 	.db #0x40	; 64
      000154 39                     387 	.db #0x39	; 57	'9'
      000155 38                     388 	.db #0x38	; 56	'8'
      000156 39                     389 	.db #0x39	; 57	'9'
      000157 38                     390 	.db #0x38	; 56	'8'
      000158 39                     391 	.db #0x39	; 57	'9'
      000159 38                     392 	.db #0x38	; 56	'8'
      00015A 39                     393 	.db #0x39	; 57	'9'
      00015B 38                     394 	.db #0x38	; 56	'8'
      00015C 39                     395 	.db #0x39	; 57	'9'
      00015D 38                     396 	.db #0x38	; 56	'8'
      00015E 43                     397 	.db #0x43	; 67	'C'
      00015F 44                     398 	.db #0x44	; 68	'D'
      000160 4A                     399 	.db #0x4a	; 74	'J'
      000161 38                     400 	.db #0x38	; 56	'8'
      000162 39                     401 	.db #0x39	; 57	'9'
      000163 38                     402 	.db #0x38	; 56	'8'
      000164 40                     403 	.db #0x40	; 64
      000165 38                     404 	.db #0x38	; 56	'8'
      000166 39                     405 	.db #0x39	; 57	'9'
      000167 38                     406 	.db #0x38	; 56	'8'
      000168 39                     407 	.db #0x39	; 57	'9'
      000169 38                     408 	.db #0x38	; 56	'8'
      00016A 39                     409 	.db #0x39	; 57	'9'
      00016B 38                     410 	.db #0x38	; 56	'8'
      00016C 39                     411 	.db #0x39	; 57	'9'
      00016D 38                     412 	.db #0x38	; 56	'8'
      00016E 39                     413 	.db #0x39	; 57	'9'
      00016F 38                     414 	.db #0x38	; 56	'8'
      000170 38                     415 	.db #0x38	; 56	'8'
      000171 39                     416 	.db #0x39	; 57	'9'
      000172 38                     417 	.db #0x38	; 56	'8'
      000173 39                     418 	.db #0x39	; 57	'9'
      000174 38                     419 	.db #0x38	; 56	'8'
      000175 39                     420 	.db #0x39	; 57	'9'
      000176 38                     421 	.db #0x38	; 56	'8'
      000177 39                     422 	.db #0x39	; 57	'9'
      000178 38                     423 	.db #0x38	; 56	'8'
      000179 39                     424 	.db #0x39	; 57	'9'
      00017A 38                     425 	.db #0x38	; 56	'8'
      00017B 39                     426 	.db #0x39	; 57	'9'
      00017C 38                     427 	.db #0x38	; 56	'8'
      00017D 39                     428 	.db #0x39	; 57	'9'
      00017E 4C                     429 	.db #0x4c	; 76	'L'
      00017F 4B                     430 	.db #0x4b	; 75	'K'
      000180 4F                     431 	.db #0x4f	; 79	'O'
      000181 50                     432 	.db #0x50	; 80	'P'
      000182 38                     433 	.db #0x38	; 56	'8'
      000183 39                     434 	.db #0x39	; 57	'9'
      000184 6B                     435 	.db #0x6b	; 107	'k'
      000185 34                     436 	.db #0x34	; 52	'4'
      000186 4F                     437 	.db #0x4f	; 79	'O'
      000187 50                     438 	.db #0x50	; 80	'P'
      000188 38                     439 	.db #0x38	; 56	'8'
      000189 39                     440 	.db #0x39	; 57	'9'
      00018A 38                     441 	.db #0x38	; 56	'8'
      00018B 39                     442 	.db #0x39	; 57	'9'
      00018C 38                     443 	.db #0x38	; 56	'8'
      00018D 39                     444 	.db #0x39	; 57	'9'
      00018E 38                     445 	.db #0x38	; 56	'8'
      00018F 39                     446 	.db #0x39	; 57	'9'
      000190 39                     447 	.db #0x39	; 57	'9'
      000191 38                     448 	.db #0x38	; 56	'8'
      000192 39                     449 	.db #0x39	; 57	'9'
      000193 38                     450 	.db #0x38	; 56	'8'
      000194 39                     451 	.db #0x39	; 57	'9'
      000195 38                     452 	.db #0x38	; 56	'8'
      000196 39                     453 	.db #0x39	; 57	'9'
      000197 38                     454 	.db #0x38	; 56	'8'
      000198 39                     455 	.db #0x39	; 57	'9'
      000199 38                     456 	.db #0x38	; 56	'8'
      00019A 39                     457 	.db #0x39	; 57	'9'
      00019B 38                     458 	.db #0x38	; 56	'8'
      00019C 39                     459 	.db #0x39	; 57	'9'
      00019D 38                     460 	.db #0x38	; 56	'8'
      00019E 6B                     461 	.db #0x6b	; 107	'k'
      00019F 34                     462 	.db #0x34	; 52	'4'
      0001A0 3E                     463 	.db #0x3e	; 62
      0001A1 52                     464 	.db #0x52	; 82	'R'
      0001A2 39                     465 	.db #0x39	; 57	'9'
      0001A3 40                     466 	.db #0x40	; 64
      0001A4 6C                     467 	.db #0x6c	; 108	'l'
      0001A5 3D                     468 	.db #0x3d	; 61
      0001A6 3E                     469 	.db #0x3e	; 62
      0001A7 52                     470 	.db #0x52	; 82	'R'
      0001A8 39                     471 	.db #0x39	; 57	'9'
      0001A9 38                     472 	.db #0x38	; 56	'8'
      0001AA 39                     473 	.db #0x39	; 57	'9'
      0001AB 38                     474 	.db #0x38	; 56	'8'
      0001AC 39                     475 	.db #0x39	; 57	'9'
      0001AD 38                     476 	.db #0x38	; 56	'8'
      0001AE 39                     477 	.db #0x39	; 57	'9'
      0001AF 38                     478 	.db #0x38	; 56	'8'
      0001B0 38                     479 	.db #0x38	; 56	'8'
      0001B1 40                     480 	.db #0x40	; 64
      0001B2 38                     481 	.db #0x38	; 56	'8'
      0001B3 39                     482 	.db #0x39	; 57	'9'
      0001B4 38                     483 	.db #0x38	; 56	'8'
      0001B5 39                     484 	.db #0x39	; 57	'9'
      0001B6 38                     485 	.db #0x38	; 56	'8'
      0001B7 39                     486 	.db #0x39	; 57	'9'
      0001B8 38                     487 	.db #0x38	; 56	'8'
      0001B9 6D                     488 	.db #0x6d	; 109	'm'
      0001BA 6E                     489 	.db #0x6e	; 110	'n'
      0001BB 39                     490 	.db #0x39	; 57	'9'
      0001BC 38                     491 	.db #0x38	; 56	'8'
      0001BD 39                     492 	.db #0x39	; 57	'9'
      0001BE 6C                     493 	.db #0x6c	; 108	'l'
      0001BF 3D                     494 	.db #0x3d	; 61
      0001C0 56                     495 	.db #0x56	; 86	'V'
      0001C1 46                     496 	.db #0x46	; 70	'F'
      0001C2 38                     497 	.db #0x38	; 56	'8'
      0001C3 39                     498 	.db #0x39	; 57	'9'
      0001C4 43                     499 	.db #0x43	; 67	'C'
      0001C5 44                     500 	.db #0x44	; 68	'D'
      0001C6 45                     501 	.db #0x45	; 69	'E'
      0001C7 46                     502 	.db #0x46	; 70	'F'
      0001C8 38                     503 	.db #0x38	; 56	'8'
      0001C9 39                     504 	.db #0x39	; 57	'9'
      0001CA 38                     505 	.db #0x38	; 56	'8'
      0001CB 39                     506 	.db #0x39	; 57	'9'
      0001CC 38                     507 	.db #0x38	; 56	'8'
      0001CD 39                     508 	.db #0x39	; 57	'9'
      0001CE 40                     509 	.db #0x40	; 64
      0001CF 39                     510 	.db #0x39	; 57	'9'
      0001D0 38                     511 	.db #0x38	; 56	'8'
      0001D1 39                     512 	.db #0x39	; 57	'9'
      0001D2 39                     513 	.db #0x39	; 57	'9'
      0001D3 38                     514 	.db #0x38	; 56	'8'
      0001D4 39                     515 	.db #0x39	; 57	'9'
      0001D5 38                     516 	.db #0x38	; 56	'8'
      0001D6 39                     517 	.db #0x39	; 57	'9'
      0001D7 38                     518 	.db #0x38	; 56	'8'
      0001D8 39                     519 	.db #0x39	; 57	'9'
      0001D9 6F                     520 	.db #0x6f	; 111	'o'
      0001DA 70                     521 	.db #0x70	; 112	'p'
      0001DB 38                     522 	.db #0x38	; 56	'8'
      0001DC 39                     523 	.db #0x39	; 57	'9'
      0001DD 40                     524 	.db #0x40	; 64
      0001DE 43                     525 	.db #0x43	; 67	'C'
      0001DF 44                     526 	.db #0x44	; 68	'D'
      0001E0 4A                     527 	.db #0x4a	; 74	'J'
      0001E1 38                     528 	.db #0x38	; 56	'8'
      0001E2 39                     529 	.db #0x39	; 57	'9'
      0001E3 38                     530 	.db #0x38	; 56	'8'
      0001E4 38                     531 	.db #0x38	; 56	'8'
      0001E5 4B                     532 	.db #0x4b	; 75	'K'
      0001E6 4A                     533 	.db #0x4a	; 74	'J'
      0001E7 39                     534 	.db #0x39	; 57	'9'
      0001E8 39                     535 	.db #0x39	; 57	'9'
      0001E9 38                     536 	.db #0x38	; 56	'8'
      0001EA 39                     537 	.db #0x39	; 57	'9'
      0001EB 38                     538 	.db #0x38	; 56	'8'
      0001EC 39                     539 	.db #0x39	; 57	'9'
      0001ED 38                     540 	.db #0x38	; 56	'8'
      0001EE 39                     541 	.db #0x39	; 57	'9'
      0001EF 38                     542 	.db #0x38	; 56	'8'
      0001F0 39                     543 	.db #0x39	; 57	'9'
      0001F1 38                     544 	.db #0x38	; 56	'8'
      0001F2 39                     545 	.db #0x39	; 57	'9'
      0001F3 38                     546 	.db #0x38	; 56	'8'
      0001F4 39                     547 	.db #0x39	; 57	'9'
      0001F5 4C                     548 	.db #0x4c	; 76	'L'
      0001F6 4C                     549 	.db #0x4c	; 76	'L'
      0001F7 4C                     550 	.db #0x4c	; 76	'L'
      0001F8 4C                     551 	.db #0x4c	; 76	'L'
      0001F9 4C                     552 	.db #0x4c	; 76	'L'
      0001FA 4C                     553 	.db #0x4c	; 76	'L'
      0001FB 4C                     554 	.db #0x4c	; 76	'L'
      0001FC 4C                     555 	.db #0x4c	; 76	'L'
      0001FD 4C                     556 	.db #0x4c	; 76	'L'
      0001FE 4C                     557 	.db #0x4c	; 76	'L'
      0001FF 4B                     558 	.db #0x4b	; 75	'K'
      000200 4F                     559 	.db #0x4f	; 79	'O'
      000201 50                     560 	.db #0x50	; 80	'P'
      000202 38                     561 	.db #0x38	; 56	'8'
      000203 39                     562 	.db #0x39	; 57	'9'
      000204 38                     563 	.db #0x38	; 56	'8'
      000205 39                     564 	.db #0x39	; 57	'9'
      000206 38                     565 	.db #0x38	; 56	'8'
      000207 39                     566 	.db #0x39	; 57	'9'
      000208 38                     567 	.db #0x38	; 56	'8'
      000209 39                     568 	.db #0x39	; 57	'9'
      00020A 38                     569 	.db #0x38	; 56	'8'
      00020B 39                     570 	.db #0x39	; 57	'9'
      00020C 38                     571 	.db #0x38	; 56	'8'
      00020D 39                     572 	.db #0x39	; 57	'9'
      00020E 38                     573 	.db #0x38	; 56	'8'
      00020F 38                     574 	.db #0x38	; 56	'8'
      000210 38                     575 	.db #0x38	; 56	'8'
      000211 39                     576 	.db #0x39	; 57	'9'
      000212 38                     577 	.db #0x38	; 56	'8'
      000213 39                     578 	.db #0x39	; 57	'9'
      000214 40                     579 	.db #0x40	; 64
      000215 4C                     580 	.db #0x4c	; 76	'L'
      000216 4C                     581 	.db #0x4c	; 76	'L'
      000217 4C                     582 	.db #0x4c	; 76	'L'
      000218 4C                     583 	.db #0x4c	; 76	'L'
      000219 4C                     584 	.db #0x4c	; 76	'L'
      00021A 4C                     585 	.db #0x4c	; 76	'L'
      00021B 4C                     586 	.db #0x4c	; 76	'L'
      00021C 4C                     587 	.db #0x4c	; 76	'L'
      00021D 4C                     588 	.db #0x4c	; 76	'L'
      00021E 6B                     589 	.db #0x6b	; 107	'k'
      00021F 34                     590 	.db #0x34	; 52	'4'
      000220 3E                     591 	.db #0x3e	; 62
      000221 52                     592 	.db #0x52	; 82	'R'
      000222 39                     593 	.db #0x39	; 57	'9'
      000223 38                     594 	.db #0x38	; 56	'8'
      000224 39                     595 	.db #0x39	; 57	'9'
      000225 38                     596 	.db #0x38	; 56	'8'
      000226 39                     597 	.db #0x39	; 57	'9'
      000227 38                     598 	.db #0x38	; 56	'8'
      000228 39                     599 	.db #0x39	; 57	'9'
      000229 38                     600 	.db #0x38	; 56	'8'
      00022A 39                     601 	.db #0x39	; 57	'9'
      00022B 38                     602 	.db #0x38	; 56	'8'
      00022C 39                     603 	.db #0x39	; 57	'9'
      00022D 40                     604 	.db #0x40	; 64
      00022E 39                     605 	.db #0x39	; 57	'9'
      00022F 71                     606 	.db #0x71	; 113	'q'
      000230 72                     607 	.db #0x72	; 114	'r'
      000231 72                     608 	.db #0x72	; 114	'r'
      000232 72                     609 	.db #0x72	; 114	'r'
      000233 72                     610 	.db #0x72	; 114	'r'
      000234 72                     611 	.db #0x72	; 114	'r'
      000235 72                     612 	.db #0x72	; 114	'r'
      000236 72                     613 	.db #0x72	; 114	'r'
      000237 72                     614 	.db #0x72	; 114	'r'
      000238 72                     615 	.db #0x72	; 114	'r'
      000239 72                     616 	.db #0x72	; 114	'r'
      00023A 72                     617 	.db #0x72	; 114	'r'
      00023B 73                     618 	.db #0x73	; 115	's'
      00023C 4C                     619 	.db #0x4c	; 76	'L'
      00023D 4C                     620 	.db #0x4c	; 76	'L'
      00023E 6C                     621 	.db #0x6c	; 108	'l'
      00023F 3D                     622 	.db #0x3d	; 61
      000240 56                     623 	.db #0x56	; 86	'V'
      000241 46                     624 	.db #0x46	; 70	'F'
      000242 38                     625 	.db #0x38	; 56	'8'
      000243 39                     626 	.db #0x39	; 57	'9'
      000244 38                     627 	.db #0x38	; 56	'8'
      000245 39                     628 	.db #0x39	; 57	'9'
      000246 38                     629 	.db #0x38	; 56	'8'
      000247 39                     630 	.db #0x39	; 57	'9'
      000248 4C                     631 	.db #0x4c	; 76	'L'
      000249 4C                     632 	.db #0x4c	; 76	'L'
      00024A 4C                     633 	.db #0x4c	; 76	'L'
      00024B 74                     634 	.db #0x74	; 116	't'
      00024C 72                     635 	.db #0x72	; 114	'r'
      00024D 72                     636 	.db #0x72	; 114	'r'
      00024E 72                     637 	.db #0x72	; 114	'r'
      00024F 72                     638 	.db #0x72	; 114	'r'
      000250 72                     639 	.db #0x72	; 114	'r'
      000251 72                     640 	.db #0x72	; 114	'r'
      000252 72                     641 	.db #0x72	; 114	'r'
      000253 72                     642 	.db #0x72	; 114	'r'
      000254 72                     643 	.db #0x72	; 114	'r'
      000255 72                     644 	.db #0x72	; 114	'r'
      000256 72                     645 	.db #0x72	; 114	'r'
      000257 72                     646 	.db #0x72	; 114	'r'
      000258 72                     647 	.db #0x72	; 114	'r'
      000259 72                     648 	.db #0x72	; 114	'r'
      00025A 72                     649 	.db #0x72	; 114	'r'
      00025B 72                     650 	.db #0x72	; 114	'r'
      00025C 75                     651 	.db #0x75	; 117	'u'
      00025D 4C                     652 	.db #0x4c	; 76	'L'
      00025E 43                     653 	.db #0x43	; 67	'C'
      00025F 44                     654 	.db #0x44	; 68	'D'
      000260 4A                     655 	.db #0x4a	; 74	'J'
      000261 38                     656 	.db #0x38	; 56	'8'
      000262 39                     657 	.db #0x39	; 57	'9'
      000263 38                     658 	.db #0x38	; 56	'8'
      000264 39                     659 	.db #0x39	; 57	'9'
      000265 38                     660 	.db #0x38	; 56	'8'
      000266 39                     661 	.db #0x39	; 57	'9'
      000267 38                     662 	.db #0x38	; 56	'8'
      000268 4C                     663 	.db #0x4c	; 76	'L'
      000269 74                     664 	.db #0x74	; 116	't'
      00026A 72                     665 	.db #0x72	; 114	'r'
      00026B 72                     666 	.db #0x72	; 114	'r'
      00026C 72                     667 	.db #0x72	; 114	'r'
      00026D 72                     668 	.db #0x72	; 114	'r'
      00026E 72                     669 	.db #0x72	; 114	'r'
      00026F 72                     670 	.db #0x72	; 114	'r'
      000270 72                     671 	.db #0x72	; 114	'r'
      000271 72                     672 	.db #0x72	; 114	'r'
      000272 72                     673 	.db #0x72	; 114	'r'
      000273 72                     674 	.db #0x72	; 114	'r'
      000274 72                     675 	.db #0x72	; 114	'r'
      000275 72                     676 	.db #0x72	; 114	'r'
      000276 72                     677 	.db #0x72	; 114	'r'
      000277 72                     678 	.db #0x72	; 114	'r'
      000278 72                     679 	.db #0x72	; 114	'r'
      000279 72                     680 	.db #0x72	; 114	'r'
      00027A 72                     681 	.db #0x72	; 114	'r'
      00027B 72                     682 	.db #0x72	; 114	'r'
      00027C 72                     683 	.db #0x72	; 114	'r'
      00027D 4C                     684 	.db #0x4c	; 76	'L'
      00027E 4C                     685 	.db #0x4c	; 76	'L'
      00027F 4B                     686 	.db #0x4b	; 75	'K'
      000280 4F                     687 	.db #0x4f	; 79	'O'
      000281 50                     688 	.db #0x50	; 80	'P'
      000282 40                     689 	.db #0x40	; 64
      000283 39                     690 	.db #0x39	; 57	'9'
      000284 38                     691 	.db #0x38	; 56	'8'
      000285 39                     692 	.db #0x39	; 57	'9'
      000286 38                     693 	.db #0x38	; 56	'8'
      000287 39                     694 	.db #0x39	; 57	'9'
      000288 4C                     695 	.db #0x4c	; 76	'L'
      000289 72                     696 	.db #0x72	; 114	'r'
      00028A 72                     697 	.db #0x72	; 114	'r'
      00028B 72                     698 	.db #0x72	; 114	'r'
      00028C 72                     699 	.db #0x72	; 114	'r'
      00028D 72                     700 	.db #0x72	; 114	'r'
      00028E 72                     701 	.db #0x72	; 114	'r'
      00028F 72                     702 	.db #0x72	; 114	'r'
      000290 72                     703 	.db #0x72	; 114	'r'
      000291 72                     704 	.db #0x72	; 114	'r'
      000292 72                     705 	.db #0x72	; 114	'r'
      000293 72                     706 	.db #0x72	; 114	'r'
      000294 72                     707 	.db #0x72	; 114	'r'
      000295 72                     708 	.db #0x72	; 114	'r'
      000296 72                     709 	.db #0x72	; 114	'r'
      000297 72                     710 	.db #0x72	; 114	'r'
      000298 72                     711 	.db #0x72	; 114	'r'
      000299 72                     712 	.db #0x72	; 114	'r'
      00029A 72                     713 	.db #0x72	; 114	'r'
      00029B 72                     714 	.db #0x72	; 114	'r'
      00029C 72                     715 	.db #0x72	; 114	'r'
      00029D 39                     716 	.db #0x39	; 57	'9'
      00029E 6B                     717 	.db #0x6b	; 107	'k'
      00029F 34                     718 	.db #0x34	; 52	'4'
      0002A0 3E                     719 	.db #0x3e	; 62
      0002A1 52                     720 	.db #0x52	; 82	'R'
      0002A2 39                     721 	.db #0x39	; 57	'9'
      0002A3 38                     722 	.db #0x38	; 56	'8'
      0002A4 39                     723 	.db #0x39	; 57	'9'
      0002A5 38                     724 	.db #0x38	; 56	'8'
      0002A6 39                     725 	.db #0x39	; 57	'9'
      0002A7 38                     726 	.db #0x38	; 56	'8'
      0002A8 39                     727 	.db #0x39	; 57	'9'
      0002A9 76                     728 	.db #0x76	; 118	'v'
      0002AA 72                     729 	.db #0x72	; 114	'r'
      0002AB 72                     730 	.db #0x72	; 114	'r'
      0002AC 72                     731 	.db #0x72	; 114	'r'
      0002AD 72                     732 	.db #0x72	; 114	'r'
      0002AE 72                     733 	.db #0x72	; 114	'r'
      0002AF 72                     734 	.db #0x72	; 114	'r'
      0002B0 72                     735 	.db #0x72	; 114	'r'
      0002B1 72                     736 	.db #0x72	; 114	'r'
      0002B2 72                     737 	.db #0x72	; 114	'r'
      0002B3 72                     738 	.db #0x72	; 114	'r'
      0002B4 72                     739 	.db #0x72	; 114	'r'
      0002B5 72                     740 	.db #0x72	; 114	'r'
      0002B6 72                     741 	.db #0x72	; 114	'r'
      0002B7 72                     742 	.db #0x72	; 114	'r'
      0002B8 72                     743 	.db #0x72	; 114	'r'
      0002B9 72                     744 	.db #0x72	; 114	'r'
      0002BA 72                     745 	.db #0x72	; 114	'r'
      0002BB 72                     746 	.db #0x72	; 114	'r'
      0002BC 72                     747 	.db #0x72	; 114	'r'
      0002BD 38                     748 	.db #0x38	; 56	'8'
      0002BE 6C                     749 	.db #0x6c	; 108	'l'
      0002BF 3D                     750 	.db #0x3d	; 61
      0002C0 56                     751 	.db #0x56	; 86	'V'
      0002C1 46                     752 	.db #0x46	; 70	'F'
      0002C2 38                     753 	.db #0x38	; 56	'8'
      0002C3 39                     754 	.db #0x39	; 57	'9'
      0002C4 38                     755 	.db #0x38	; 56	'8'
      0002C5 39                     756 	.db #0x39	; 57	'9'
      0002C6 38                     757 	.db #0x38	; 56	'8'
      0002C7 39                     758 	.db #0x39	; 57	'9'
      0002C8 38                     759 	.db #0x38	; 56	'8'
      0002C9 39                     760 	.db #0x39	; 57	'9'
      0002CA 38                     761 	.db #0x38	; 56	'8'
      0002CB 4C                     762 	.db #0x4c	; 76	'L'
      0002CC 77                     763 	.db #0x77	; 119	'w'
      0002CD 72                     764 	.db #0x72	; 114	'r'
      0002CE 72                     765 	.db #0x72	; 114	'r'
      0002CF 72                     766 	.db #0x72	; 114	'r'
      0002D0 72                     767 	.db #0x72	; 114	'r'
      0002D1 72                     768 	.db #0x72	; 114	'r'
      0002D2 72                     769 	.db #0x72	; 114	'r'
      0002D3 72                     770 	.db #0x72	; 114	'r'
      0002D4 72                     771 	.db #0x72	; 114	'r'
      0002D5 72                     772 	.db #0x72	; 114	'r'
      0002D6 72                     773 	.db #0x72	; 114	'r'
      0002D7 72                     774 	.db #0x72	; 114	'r'
      0002D8 72                     775 	.db #0x72	; 114	'r'
      0002D9 72                     776 	.db #0x72	; 114	'r'
      0002DA 72                     777 	.db #0x72	; 114	'r'
      0002DB 72                     778 	.db #0x72	; 114	'r'
      0002DC 78                     779 	.db #0x78	; 120	'x'
      0002DD 39                     780 	.db #0x39	; 57	'9'
      0002DE 43                     781 	.db #0x43	; 67	'C'
      0002DF 44                     782 	.db #0x44	; 68	'D'
      0002E0 4A                     783 	.db #0x4a	; 74	'J'
      0002E1 38                     784 	.db #0x38	; 56	'8'
      0002E2 39                     785 	.db #0x39	; 57	'9'
      0002E3 38                     786 	.db #0x38	; 56	'8'
      0002E4 39                     787 	.db #0x39	; 57	'9'
      0002E5 38                     788 	.db #0x38	; 56	'8'
      0002E6 39                     789 	.db #0x39	; 57	'9'
      0002E7 38                     790 	.db #0x38	; 56	'8'
      0002E8 39                     791 	.db #0x39	; 57	'9'
      0002E9 38                     792 	.db #0x38	; 56	'8'
      0002EA 39                     793 	.db #0x39	; 57	'9'
      0002EB 38                     794 	.db #0x38	; 56	'8'
      0002EC 39                     795 	.db #0x39	; 57	'9'
      0002ED 38                     796 	.db #0x38	; 56	'8'
      0002EE 79                     797 	.db #0x79	; 121	'y'
      0002EF 72                     798 	.db #0x72	; 114	'r'
      0002F0 72                     799 	.db #0x72	; 114	'r'
      0002F1 72                     800 	.db #0x72	; 114	'r'
      0002F2 72                     801 	.db #0x72	; 114	'r'
      0002F3 72                     802 	.db #0x72	; 114	'r'
      0002F4 72                     803 	.db #0x72	; 114	'r'
      0002F5 72                     804 	.db #0x72	; 114	'r'
      0002F6 72                     805 	.db #0x72	; 114	'r'
      0002F7 72                     806 	.db #0x72	; 114	'r'
      0002F8 72                     807 	.db #0x72	; 114	'r'
      0002F9 72                     808 	.db #0x72	; 114	'r'
      0002FA 7A                     809 	.db #0x7a	; 122	'z'
      0002FB 38                     810 	.db #0x38	; 56	'8'
      0002FC 39                     811 	.db #0x39	; 57	'9'
      0002FD 38                     812 	.db #0x38	; 56	'8'
      0002FE 4C                     813 	.db #0x4c	; 76	'L'
      0002FF 4B                     814 	.db #0x4b	; 75	'K'
      000300 4F                     815 	.db #0x4f	; 79	'O'
      000301 50                     816 	.db #0x50	; 80	'P'
      000302 38                     817 	.db #0x38	; 56	'8'
      000303 39                     818 	.db #0x39	; 57	'9'
      000304 38                     819 	.db #0x38	; 56	'8'
      000305 39                     820 	.db #0x39	; 57	'9'
      000306 38                     821 	.db #0x38	; 56	'8'
      000307 39                     822 	.db #0x39	; 57	'9'
      000308 38                     823 	.db #0x38	; 56	'8'
      000309 39                     824 	.db #0x39	; 57	'9'
      00030A 38                     825 	.db #0x38	; 56	'8'
      00030B 39                     826 	.db #0x39	; 57	'9'
      00030C 38                     827 	.db #0x38	; 56	'8'
      00030D 39                     828 	.db #0x39	; 57	'9'
      00030E 38                     829 	.db #0x38	; 56	'8'
      00030F 39                     830 	.db #0x39	; 57	'9'
      000310 40                     831 	.db #0x40	; 64
      000311 39                     832 	.db #0x39	; 57	'9'
      000312 38                     833 	.db #0x38	; 56	'8'
      000313 39                     834 	.db #0x39	; 57	'9'
      000314 38                     835 	.db #0x38	; 56	'8'
      000315 39                     836 	.db #0x39	; 57	'9'
      000316 38                     837 	.db #0x38	; 56	'8'
      000317 39                     838 	.db #0x39	; 57	'9'
      000318 38                     839 	.db #0x38	; 56	'8'
      000319 39                     840 	.db #0x39	; 57	'9'
      00031A 38                     841 	.db #0x38	; 56	'8'
      00031B 39                     842 	.db #0x39	; 57	'9'
      00031C 38                     843 	.db #0x38	; 56	'8'
      00031D 39                     844 	.db #0x39	; 57	'9'
      00031E 6B                     845 	.db #0x6b	; 107	'k'
      00031F 34                     846 	.db #0x34	; 52	'4'
      000320 3E                     847 	.db #0x3e	; 62
      000321 52                     848 	.db #0x52	; 82	'R'
      000322 39                     849 	.db #0x39	; 57	'9'
      000323 38                     850 	.db #0x38	; 56	'8'
      000324 39                     851 	.db #0x39	; 57	'9'
      000325 38                     852 	.db #0x38	; 56	'8'
      000326 39                     853 	.db #0x39	; 57	'9'
      000327 38                     854 	.db #0x38	; 56	'8'
      000328 39                     855 	.db #0x39	; 57	'9'
      000329 38                     856 	.db #0x38	; 56	'8'
      00032A 39                     857 	.db #0x39	; 57	'9'
      00032B 38                     858 	.db #0x38	; 56	'8'
      00032C 39                     859 	.db #0x39	; 57	'9'
      00032D 38                     860 	.db #0x38	; 56	'8'
      00032E 39                     861 	.db #0x39	; 57	'9'
      00032F 38                     862 	.db #0x38	; 56	'8'
      000330 39                     863 	.db #0x39	; 57	'9'
      000331 38                     864 	.db #0x38	; 56	'8'
      000332 39                     865 	.db #0x39	; 57	'9'
      000333 38                     866 	.db #0x38	; 56	'8'
      000334 39                     867 	.db #0x39	; 57	'9'
      000335 38                     868 	.db #0x38	; 56	'8'
      000336 39                     869 	.db #0x39	; 57	'9'
      000337 38                     870 	.db #0x38	; 56	'8'
      000338 39                     871 	.db #0x39	; 57	'9'
      000339 38                     872 	.db #0x38	; 56	'8'
      00033A 39                     873 	.db #0x39	; 57	'9'
      00033B 38                     874 	.db #0x38	; 56	'8'
      00033C 39                     875 	.db #0x39	; 57	'9'
      00033D 38                     876 	.db #0x38	; 56	'8'
      00033E 6C                     877 	.db #0x6c	; 108	'l'
      00033F 3D                     878 	.db #0x3d	; 61
      000340 56                     879 	.db #0x56	; 86	'V'
      000341 46                     880 	.db #0x46	; 70	'F'
      000342 38                     881 	.db #0x38	; 56	'8'
      000343 39                     882 	.db #0x39	; 57	'9'
      000344 38                     883 	.db #0x38	; 56	'8'
      000345 39                     884 	.db #0x39	; 57	'9'
      000346 38                     885 	.db #0x38	; 56	'8'
      000347 39                     886 	.db #0x39	; 57	'9'
      000348 38                     887 	.db #0x38	; 56	'8'
      000349 39                     888 	.db #0x39	; 57	'9'
      00034A 38                     889 	.db #0x38	; 56	'8'
      00034B 39                     890 	.db #0x39	; 57	'9'
      00034C 38                     891 	.db #0x38	; 56	'8'
      00034D 39                     892 	.db #0x39	; 57	'9'
      00034E 38                     893 	.db #0x38	; 56	'8'
      00034F 39                     894 	.db #0x39	; 57	'9'
      000350 38                     895 	.db #0x38	; 56	'8'
      000351 39                     896 	.db #0x39	; 57	'9'
      000352 38                     897 	.db #0x38	; 56	'8'
      000353 39                     898 	.db #0x39	; 57	'9'
      000354 38                     899 	.db #0x38	; 56	'8'
      000355 39                     900 	.db #0x39	; 57	'9'
      000356 38                     901 	.db #0x38	; 56	'8'
      000357 39                     902 	.db #0x39	; 57	'9'
      000358 38                     903 	.db #0x38	; 56	'8'
      000359 39                     904 	.db #0x39	; 57	'9'
      00035A 38                     905 	.db #0x38	; 56	'8'
      00035B 39                     906 	.db #0x39	; 57	'9'
      00035C 38                     907 	.db #0x38	; 56	'8'
      00035D 39                     908 	.db #0x39	; 57	'9'
      00035E 43                     909 	.db #0x43	; 67	'C'
      00035F 44                     910 	.db #0x44	; 68	'D'
      000360 4A                     911 	.db #0x4a	; 74	'J'
      000361 38                     912 	.db #0x38	; 56	'8'
      000362 40                     913 	.db #0x40	; 64
      000363 38                     914 	.db #0x38	; 56	'8'
      000364 39                     915 	.db #0x39	; 57	'9'
      000365 38                     916 	.db #0x38	; 56	'8'
      000366 39                     917 	.db #0x39	; 57	'9'
      000367 38                     918 	.db #0x38	; 56	'8'
      000368 39                     919 	.db #0x39	; 57	'9'
      000369 38                     920 	.db #0x38	; 56	'8'
      00036A 39                     921 	.db #0x39	; 57	'9'
      00036B 38                     922 	.db #0x38	; 56	'8'
      00036C 39                     923 	.db #0x39	; 57	'9'
      00036D 38                     924 	.db #0x38	; 56	'8'
      00036E 40                     925 	.db #0x40	; 64
      00036F 38                     926 	.db #0x38	; 56	'8'
      000370 39                     927 	.db #0x39	; 57	'9'
      000371 38                     928 	.db #0x38	; 56	'8'
      000372 39                     929 	.db #0x39	; 57	'9'
      000373 38                     930 	.db #0x38	; 56	'8'
      000374 39                     931 	.db #0x39	; 57	'9'
      000375 38                     932 	.db #0x38	; 56	'8'
      000376 39                     933 	.db #0x39	; 57	'9'
      000377 38                     934 	.db #0x38	; 56	'8'
      000378 39                     935 	.db #0x39	; 57	'9'
      000379 38                     936 	.db #0x38	; 56	'8'
      00037A 39                     937 	.db #0x39	; 57	'9'
      00037B 38                     938 	.db #0x38	; 56	'8'
      00037C 39                     939 	.db #0x39	; 57	'9'
      00037D 38                     940 	.db #0x38	; 56	'8'
      00037E 4C                     941 	.db #0x4c	; 76	'L'
      00037F 4B                     942 	.db #0x4b	; 75	'K'
      000380 4F                     943 	.db #0x4f	; 79	'O'
      000381 50                     944 	.db #0x50	; 80	'P'
      000382 6B                     945 	.db #0x6b	; 107	'k'
      000383 34                     946 	.db #0x34	; 52	'4'
      000384 4F                     947 	.db #0x4f	; 79	'O'
      000385 50                     948 	.db #0x50	; 80	'P'
      000386 6B                     949 	.db #0x6b	; 107	'k'
      000387 34                     950 	.db #0x34	; 52	'4'
      000388 4F                     951 	.db #0x4f	; 79	'O'
      000389 50                     952 	.db #0x50	; 80	'P'
      00038A 6B                     953 	.db #0x6b	; 107	'k'
      00038B 34                     954 	.db #0x34	; 52	'4'
      00038C 4F                     955 	.db #0x4f	; 79	'O'
      00038D 50                     956 	.db #0x50	; 80	'P'
      00038E 6B                     957 	.db #0x6b	; 107	'k'
      00038F 34                     958 	.db #0x34	; 52	'4'
      000390 4F                     959 	.db #0x4f	; 79	'O'
      000391 50                     960 	.db #0x50	; 80	'P'
      000392 6B                     961 	.db #0x6b	; 107	'k'
      000393 34                     962 	.db #0x34	; 52	'4'
      000394 4F                     963 	.db #0x4f	; 79	'O'
      000395 50                     964 	.db #0x50	; 80	'P'
      000396 6B                     965 	.db #0x6b	; 107	'k'
      000397 34                     966 	.db #0x34	; 52	'4'
      000398 4F                     967 	.db #0x4f	; 79	'O'
      000399 50                     968 	.db #0x50	; 80	'P'
      00039A 6B                     969 	.db #0x6b	; 107	'k'
      00039B 34                     970 	.db #0x34	; 52	'4'
      00039C 4F                     971 	.db #0x4f	; 79	'O'
      00039D 50                     972 	.db #0x50	; 80	'P'
      00039E 6B                     973 	.db #0x6b	; 107	'k'
      00039F 34                     974 	.db #0x34	; 52	'4'
      0003A0 3E                     975 	.db #0x3e	; 62
      0003A1 52                     976 	.db #0x52	; 82	'R'
      0003A2 6C                     977 	.db #0x6c	; 108	'l'
      0003A3 3D                     978 	.db #0x3d	; 61
      0003A4 3E                     979 	.db #0x3e	; 62
      0003A5 52                     980 	.db #0x52	; 82	'R'
      0003A6 6C                     981 	.db #0x6c	; 108	'l'
      0003A7 3D                     982 	.db #0x3d	; 61
      0003A8 3E                     983 	.db #0x3e	; 62
      0003A9 52                     984 	.db #0x52	; 82	'R'
      0003AA 6C                     985 	.db #0x6c	; 108	'l'
      0003AB 3D                     986 	.db #0x3d	; 61
      0003AC 3E                     987 	.db #0x3e	; 62
      0003AD 52                     988 	.db #0x52	; 82	'R'
      0003AE 6C                     989 	.db #0x6c	; 108	'l'
      0003AF 3D                     990 	.db #0x3d	; 61
      0003B0 3E                     991 	.db #0x3e	; 62
      0003B1 52                     992 	.db #0x52	; 82	'R'
      0003B2 6C                     993 	.db #0x6c	; 108	'l'
      0003B3 3D                     994 	.db #0x3d	; 61
      0003B4 3E                     995 	.db #0x3e	; 62
      0003B5 52                     996 	.db #0x52	; 82	'R'
      0003B6 6C                     997 	.db #0x6c	; 108	'l'
      0003B7 3D                     998 	.db #0x3d	; 61
      0003B8 3E                     999 	.db #0x3e	; 62
      0003B9 52                    1000 	.db #0x52	; 82	'R'
      0003BA 6C                    1001 	.db #0x6c	; 108	'l'
      0003BB 3D                    1002 	.db #0x3d	; 61
      0003BC 3E                    1003 	.db #0x3e	; 62
      0003BD 52                    1004 	.db #0x52	; 82	'R'
      0003BE 6C                    1005 	.db #0x6c	; 108	'l'
      0003BF 3D                    1006 	.db #0x3d	; 61
      0003C0 33                    1007 	.db #0x33	; 51	'3'
      0003C1 34                    1008 	.db #0x34	; 52	'4'
      0003C2 35                    1009 	.db #0x35	; 53	'5'
      0003C3 36                    1010 	.db #0x36	; 54	'6'
      0003C4 7B                    1011 	.db #0x7b	; 123
      0003C5 34                    1012 	.db #0x34	; 52	'4'
      0003C6 35                    1013 	.db #0x35	; 53	'5'
      0003C7 36                    1014 	.db #0x36	; 54	'6'
      0003C8 7B                    1015 	.db #0x7b	; 123
      0003C9 34                    1016 	.db #0x34	; 52	'4'
      0003CA 35                    1017 	.db #0x35	; 53	'5'
      0003CB 36                    1018 	.db #0x36	; 54	'6'
      0003CC 7B                    1019 	.db #0x7b	; 123
      0003CD 34                    1020 	.db #0x34	; 52	'4'
      0003CE 35                    1021 	.db #0x35	; 53	'5'
      0003CF 36                    1022 	.db #0x36	; 54	'6'
      0003D0 7B                    1023 	.db #0x7b	; 123
      0003D1 34                    1024 	.db #0x34	; 52	'4'
      0003D2 35                    1025 	.db #0x35	; 53	'5'
      0003D3 36                    1026 	.db #0x36	; 54	'6'
      0003D4 7B                    1027 	.db #0x7b	; 123
      0003D5 34                    1028 	.db #0x34	; 52	'4'
      0003D6 35                    1029 	.db #0x35	; 53	'5'
      0003D7 36                    1030 	.db #0x36	; 54	'6'
      0003D8 7B                    1031 	.db #0x7b	; 123
      0003D9 34                    1032 	.db #0x34	; 52	'4'
      0003DA 35                    1033 	.db #0x35	; 53	'5'
      0003DB 36                    1034 	.db #0x36	; 54	'6'
      0003DC 7B                    1035 	.db #0x7b	; 123
      0003DD 34                    1036 	.db #0x34	; 52	'4'
      0003DE 35                    1037 	.db #0x35	; 53	'5'
      0003DF 36                    1038 	.db #0x36	; 54	'6'
      0003E0 3C                    1039 	.db #0x3c	; 60
      0003E1 3D                    1040 	.db #0x3d	; 61
      0003E2 3E                    1041 	.db #0x3e	; 62
      0003E3 3F                    1042 	.db #0x3f	; 63
      0003E4 3C                    1043 	.db #0x3c	; 60
      0003E5 3D                    1044 	.db #0x3d	; 61
      0003E6 3E                    1045 	.db #0x3e	; 62
      0003E7 3F                    1046 	.db #0x3f	; 63
      0003E8 3C                    1047 	.db #0x3c	; 60
      0003E9 3D                    1048 	.db #0x3d	; 61
      0003EA 3E                    1049 	.db #0x3e	; 62
      0003EB 3F                    1050 	.db #0x3f	; 63
      0003EC 3C                    1051 	.db #0x3c	; 60
      0003ED 3D                    1052 	.db #0x3d	; 61
      0003EE 3E                    1053 	.db #0x3e	; 62
      0003EF 3F                    1054 	.db #0x3f	; 63
      0003F0 3C                    1055 	.db #0x3c	; 60
      0003F1 3D                    1056 	.db #0x3d	; 61
      0003F2 3E                    1057 	.db #0x3e	; 62
      0003F3 3F                    1058 	.db #0x3f	; 63
      0003F4 3C                    1059 	.db #0x3c	; 60
      0003F5 3D                    1060 	.db #0x3d	; 61
      0003F6 3E                    1061 	.db #0x3e	; 62
      0003F7 3F                    1062 	.db #0x3f	; 63
      0003F8 3C                    1063 	.db #0x3c	; 60
      0003F9 3D                    1064 	.db #0x3d	; 61
      0003FA 3E                    1065 	.db #0x3e	; 62
      0003FB 3F                    1066 	.db #0x3f	; 63
      0003FC 3C                    1067 	.db #0x3c	; 60
      0003FD 3D                    1068 	.db #0x3d	; 61
      0003FE 3E                    1069 	.db #0x3e	; 62
      0003FF 3F                    1070 	.db #0x3f	; 63
                                   1071 	.area _INITIALIZER
                                   1072 	.area _CABS (ABS)
