                                      1 ;--------------------------------------------------------
                                      2 ; File Created by SDCC : free open source ANSI-C Compiler
                                      3 ; Version 4.1.4 #12246 (Mac OS X x86_64)
                                      4 ;--------------------------------------------------------
                                      5 	.module background_9
                                      6 	.optsdcc -mgbz80
                                      7 	
                                      8 ;--------------------------------------------------------
                                      9 ; Public variables in this module
                                     10 ;--------------------------------------------------------
                                     11 	.globl _background_9
                                     12 	.globl ___bank_background_9
                                     13 ;--------------------------------------------------------
                                     14 ; special function registers
                                     15 ;--------------------------------------------------------
                                     16 ;--------------------------------------------------------
                                     17 ; ram data
                                     18 ;--------------------------------------------------------
                                     19 	.area _DATA
                                     20 ;--------------------------------------------------------
                                     21 ; ram data
                                     22 ;--------------------------------------------------------
                                     23 	.area _INITIALIZED
                                     24 ;--------------------------------------------------------
                                     25 ; absolute external ram data
                                     26 ;--------------------------------------------------------
                                     27 	.area _DABS (ABS)
                                     28 ;--------------------------------------------------------
                                     29 ; global & static initialisations
                                     30 ;--------------------------------------------------------
                                     31 	.area _HOME
                                     32 	.area _GSINIT
                                     33 	.area _GSFINAL
                                     34 	.area _GSINIT
                                     35 ;--------------------------------------------------------
                                     36 ; Home
                                     37 ;--------------------------------------------------------
                                     38 	.area _HOME
                                     39 	.area _HOME
                                     40 ;--------------------------------------------------------
                                     41 ; code
                                     42 ;--------------------------------------------------------
                                     43 	.area _CODE_255
                                     44 	.area _CODE_255
                           0000FF    45 ___bank_background_9	=	0x00ff
      000000                         46 _background_9:
      000000 14                      47 	.db #0x14	; 20
      000001 12                      48 	.db #0x12	; 18
      000002r00                      49 	.byte ___bank_tileset_8
      000003r00r00                   50 	.dw _tileset_8
      000005 00                      51 	.db #0x00	; 0
      000006 00 00                   52 	.dw #0x0000
      000008r00                      53 	.byte ___bank_background_9_map
      000009r00r00                   54 	.dw _background_9_map
      00000Br00                      55 	.byte ___bank_scene_9_colors
      00000Cr00r00                   56 	.dw _scene_9_colors
                                     57 	.area _INITIALIZER
                                     58 	.area _CABS (ABS)
