                                      1 ;--------------------------------------------------------
                                      2 ; File Created by SDCC : free open source ANSI-C Compiler
                                      3 ; Version 4.1.4 #12246 (Mac OS X x86_64)
                                      4 ;--------------------------------------------------------
                                      5 	.module background_9_map
                                      6 	.optsdcc -mgbz80
                                      7 	
                                      8 ;--------------------------------------------------------
                                      9 ; Public variables in this module
                                     10 ;--------------------------------------------------------
                                     11 	.globl _background_9_map
                                     12 	.globl ___bank_background_9_map
                                     13 ;--------------------------------------------------------
                                     14 ; special function registers
                                     15 ;--------------------------------------------------------
                                     16 ;--------------------------------------------------------
                                     17 ; ram data
                                     18 ;--------------------------------------------------------
                                     19 	.area _DATA
                                     20 ;--------------------------------------------------------
                                     21 ; ram data
                                     22 ;--------------------------------------------------------
                                     23 	.area _INITIALIZED
                                     24 ;--------------------------------------------------------
                                     25 ; absolute external ram data
                                     26 ;--------------------------------------------------------
                                     27 	.area _DABS (ABS)
                                     28 ;--------------------------------------------------------
                                     29 ; global & static initialisations
                                     30 ;--------------------------------------------------------
                                     31 	.area _HOME
                                     32 	.area _GSINIT
                                     33 	.area _GSFINAL
                                     34 	.area _GSINIT
                                     35 ;--------------------------------------------------------
                                     36 ; Home
                                     37 ;--------------------------------------------------------
                                     38 	.area _HOME
                                     39 	.area _HOME
                                     40 ;--------------------------------------------------------
                                     41 ; code
                                     42 ;--------------------------------------------------------
                                     43 	.area _CODE_255
                                     44 	.area _CODE_255
                           0000FF    45 ___bank_background_9_map	=	0x00ff
      000000                         46 _background_9_map:
      000000 00                      47 	.db #0x00	; 0
      000001 00                      48 	.db #0x00	; 0
      000002 00                      49 	.db #0x00	; 0
      000003 00                      50 	.db #0x00	; 0
      000004 00                      51 	.db #0x00	; 0
      000005 00                      52 	.db #0x00	; 0
      000006 00                      53 	.db #0x00	; 0
      000007 00                      54 	.db #0x00	; 0
      000008 00                      55 	.db #0x00	; 0
      000009 00                      56 	.db #0x00	; 0
      00000A 00                      57 	.db #0x00	; 0
      00000B 00                      58 	.db #0x00	; 0
      00000C 00                      59 	.db #0x00	; 0
      00000D 00                      60 	.db #0x00	; 0
      00000E 00                      61 	.db #0x00	; 0
      00000F 00                      62 	.db #0x00	; 0
      000010 01                      63 	.db #0x01	; 1
      000011 02                      64 	.db #0x02	; 2
      000012 03                      65 	.db #0x03	; 3
      000013 03                      66 	.db #0x03	; 3
      000014 04                      67 	.db #0x04	; 4
      000015 04                      68 	.db #0x04	; 4
      000016 04                      69 	.db #0x04	; 4
      000017 04                      70 	.db #0x04	; 4
      000018 04                      71 	.db #0x04	; 4
      000019 04                      72 	.db #0x04	; 4
      00001A 04                      73 	.db #0x04	; 4
      00001B 04                      74 	.db #0x04	; 4
      00001C 04                      75 	.db #0x04	; 4
      00001D 04                      76 	.db #0x04	; 4
      00001E 04                      77 	.db #0x04	; 4
      00001F 04                      78 	.db #0x04	; 4
      000020 04                      79 	.db #0x04	; 4
      000021 04                      80 	.db #0x04	; 4
      000022 04                      81 	.db #0x04	; 4
      000023 04                      82 	.db #0x04	; 4
      000024 02                      83 	.db #0x02	; 2
      000025 03                      84 	.db #0x03	; 3
      000026 03                      85 	.db #0x03	; 3
      000027 03                      86 	.db #0x03	; 3
      000028 05                      87 	.db #0x05	; 5
      000029 05                      88 	.db #0x05	; 5
      00002A 05                      89 	.db #0x05	; 5
      00002B 05                      90 	.db #0x05	; 5
      00002C 05                      91 	.db #0x05	; 5
      00002D 05                      92 	.db #0x05	; 5
      00002E 05                      93 	.db #0x05	; 5
      00002F 05                      94 	.db #0x05	; 5
      000030 05                      95 	.db #0x05	; 5
      000031 05                      96 	.db #0x05	; 5
      000032 05                      97 	.db #0x05	; 5
      000033 05                      98 	.db #0x05	; 5
      000034 05                      99 	.db #0x05	; 5
      000035 05                     100 	.db #0x05	; 5
      000036 05                     101 	.db #0x05	; 5
      000037 06                     102 	.db #0x06	; 6
      000038 03                     103 	.db #0x03	; 3
      000039 03                     104 	.db #0x03	; 3
      00003A 07                     105 	.db #0x07	; 7
      00003B 08                     106 	.db #0x08	; 8
      00003C 05                     107 	.db #0x05	; 5
      00003D 05                     108 	.db #0x05	; 5
      00003E 05                     109 	.db #0x05	; 5
      00003F 05                     110 	.db #0x05	; 5
      000040 05                     111 	.db #0x05	; 5
      000041 05                     112 	.db #0x05	; 5
      000042 05                     113 	.db #0x05	; 5
      000043 05                     114 	.db #0x05	; 5
      000044 05                     115 	.db #0x05	; 5
      000045 05                     116 	.db #0x05	; 5
      000046 05                     117 	.db #0x05	; 5
      000047 05                     118 	.db #0x05	; 5
      000048 05                     119 	.db #0x05	; 5
      000049 05                     120 	.db #0x05	; 5
      00004A 05                     121 	.db #0x05	; 5
      00004B 06                     122 	.db #0x06	; 6
      00004C 03                     123 	.db #0x03	; 3
      00004D 03                     124 	.db #0x03	; 3
      00004E 09                     125 	.db #0x09	; 9
      00004F 0A                     126 	.db #0x0a	; 10
      000050 05                     127 	.db #0x05	; 5
      000051 0B                     128 	.db #0x0b	; 11
      000052 05                     129 	.db #0x05	; 5
      000053 05                     130 	.db #0x05	; 5
      000054 0C                     131 	.db #0x0c	; 12
      000055 0D                     132 	.db #0x0d	; 13
      000056 0E                     133 	.db #0x0e	; 14
      000057 05                     134 	.db #0x05	; 5
      000058 05                     135 	.db #0x05	; 5
      000059 05                     136 	.db #0x05	; 5
      00005A 05                     137 	.db #0x05	; 5
      00005B 05                     138 	.db #0x05	; 5
      00005C 05                     139 	.db #0x05	; 5
      00005D 05                     140 	.db #0x05	; 5
      00005E 05                     141 	.db #0x05	; 5
      00005F 06                     142 	.db #0x06	; 6
      000060 03                     143 	.db #0x03	; 3
      000061 03                     144 	.db #0x03	; 3
      000062 0F                     145 	.db #0x0f	; 15
      000063 10                     146 	.db #0x10	; 16
      000064 05                     147 	.db #0x05	; 5
      000065 05                     148 	.db #0x05	; 5
      000066 05                     149 	.db #0x05	; 5
      000067 05                     150 	.db #0x05	; 5
      000068 11                     151 	.db #0x11	; 17
      000069 12                     152 	.db #0x12	; 18
      00006A 13                     153 	.db #0x13	; 19
      00006B 05                     154 	.db #0x05	; 5
      00006C 05                     155 	.db #0x05	; 5
      00006D 05                     156 	.db #0x05	; 5
      00006E 05                     157 	.db #0x05	; 5
      00006F 05                     158 	.db #0x05	; 5
      000070 05                     159 	.db #0x05	; 5
      000071 05                     160 	.db #0x05	; 5
      000072 05                     161 	.db #0x05	; 5
      000073 06                     162 	.db #0x06	; 6
      000074 03                     163 	.db #0x03	; 3
      000075 03                     164 	.db #0x03	; 3
      000076 14                     165 	.db #0x14	; 20
      000077 15                     166 	.db #0x15	; 21
      000078 05                     167 	.db #0x05	; 5
      000079 0B                     168 	.db #0x0b	; 11
      00007A 05                     169 	.db #0x05	; 5
      00007B 05                     170 	.db #0x05	; 5
      00007C 16                     171 	.db #0x16	; 22
      00007D 17                     172 	.db #0x17	; 23
      00007E 18                     173 	.db #0x18	; 24
      00007F 05                     174 	.db #0x05	; 5
      000080 05                     175 	.db #0x05	; 5
      000081 05                     176 	.db #0x05	; 5
      000082 05                     177 	.db #0x05	; 5
      000083 05                     178 	.db #0x05	; 5
      000084 05                     179 	.db #0x05	; 5
      000085 05                     180 	.db #0x05	; 5
      000086 05                     181 	.db #0x05	; 5
      000087 06                     182 	.db #0x06	; 6
      000088 03                     183 	.db #0x03	; 3
      000089 03                     184 	.db #0x03	; 3
      00008A 0F                     185 	.db #0x0f	; 15
      00008B 19                     186 	.db #0x19	; 25
      00008C 05                     187 	.db #0x05	; 5
      00008D 05                     188 	.db #0x05	; 5
      00008E 05                     189 	.db #0x05	; 5
      00008F 05                     190 	.db #0x05	; 5
      000090 1A                     191 	.db #0x1a	; 26
      000091 1B                     192 	.db #0x1b	; 27
      000092 1C                     193 	.db #0x1c	; 28
      000093 05                     194 	.db #0x05	; 5
      000094 05                     195 	.db #0x05	; 5
      000095 1D                     196 	.db #0x1d	; 29
      000096 1E                     197 	.db #0x1e	; 30
      000097 1F                     198 	.db #0x1f	; 31
      000098 20                     199 	.db #0x20	; 32
      000099 05                     200 	.db #0x05	; 5
      00009A 05                     201 	.db #0x05	; 5
      00009B 06                     202 	.db #0x06	; 6
      00009C 03                     203 	.db #0x03	; 3
      00009D 03                     204 	.db #0x03	; 3
      00009E 0F                     205 	.db #0x0f	; 15
      00009F 21                     206 	.db #0x21	; 33
      0000A0 05                     207 	.db #0x05	; 5
      0000A1 0B                     208 	.db #0x0b	; 11
      0000A2 05                     209 	.db #0x05	; 5
      0000A3 05                     210 	.db #0x05	; 5
      0000A4 05                     211 	.db #0x05	; 5
      0000A5 05                     212 	.db #0x05	; 5
      0000A6 05                     213 	.db #0x05	; 5
      0000A7 05                     214 	.db #0x05	; 5
      0000A8 22                     215 	.db #0x22	; 34
      0000A9 23                     216 	.db #0x23	; 35
      0000AA 24                     217 	.db #0x24	; 36
      0000AB 00                     218 	.db #0x00	; 0
      0000AC 25                     219 	.db #0x25	; 37
      0000AD 05                     220 	.db #0x05	; 5
      0000AE 05                     221 	.db #0x05	; 5
      0000AF 06                     222 	.db #0x06	; 6
      0000B0 03                     223 	.db #0x03	; 3
      0000B1 03                     224 	.db #0x03	; 3
      0000B2 26                     225 	.db #0x26	; 38
      0000B3 27                     226 	.db #0x27	; 39
      0000B4 05                     227 	.db #0x05	; 5
      0000B5 05                     228 	.db #0x05	; 5
      0000B6 05                     229 	.db #0x05	; 5
      0000B7 05                     230 	.db #0x05	; 5
      0000B8 28                     231 	.db #0x28	; 40
      0000B9 29                     232 	.db #0x29	; 41
      0000BA 2A                     233 	.db #0x2a	; 42
      0000BB 2B                     234 	.db #0x2b	; 43
      0000BC 2C                     235 	.db #0x2c	; 44
      0000BD 2D                     236 	.db #0x2d	; 45
      0000BE 2E                     237 	.db #0x2e	; 46
      0000BF 2F                     238 	.db #0x2f	; 47
      0000C0 30                     239 	.db #0x30	; 48	'0'
      0000C1 31                     240 	.db #0x31	; 49	'1'
      0000C2 05                     241 	.db #0x05	; 5
      0000C3 06                     242 	.db #0x06	; 6
      0000C4 03                     243 	.db #0x03	; 3
      0000C5 03                     244 	.db #0x03	; 3
      0000C6 0F                     245 	.db #0x0f	; 15
      0000C7 10                     246 	.db #0x10	; 16
      0000C8 05                     247 	.db #0x05	; 5
      0000C9 0B                     248 	.db #0x0b	; 11
      0000CA 05                     249 	.db #0x05	; 5
      0000CB 05                     250 	.db #0x05	; 5
      0000CC 32                     251 	.db #0x32	; 50	'2'
      0000CD 33                     252 	.db #0x33	; 51	'3'
      0000CE 34                     253 	.db #0x34	; 52	'4'
      0000CF 35                     254 	.db #0x35	; 53	'5'
      0000D0 36                     255 	.db #0x36	; 54	'6'
      0000D1 37                     256 	.db #0x37	; 55	'7'
      0000D2 38                     257 	.db #0x38	; 56	'8'
      0000D3 39                     258 	.db #0x39	; 57	'9'
      0000D4 3A                     259 	.db #0x3a	; 58
      0000D5 3B                     260 	.db #0x3b	; 59
      0000D6 3C                     261 	.db #0x3c	; 60
      0000D7 06                     262 	.db #0x06	; 6
      0000D8 03                     263 	.db #0x03	; 3
      0000D9 03                     264 	.db #0x03	; 3
      0000DA 3D                     265 	.db #0x3d	; 61
      0000DB 3E                     266 	.db #0x3e	; 62
      0000DC 05                     267 	.db #0x05	; 5
      0000DD 05                     268 	.db #0x05	; 5
      0000DE 05                     269 	.db #0x05	; 5
      0000DF 05                     270 	.db #0x05	; 5
      0000E0 3F                     271 	.db #0x3f	; 63
      0000E1 40                     272 	.db #0x40	; 64
      0000E2 41                     273 	.db #0x41	; 65	'A'
      0000E3 42                     274 	.db #0x42	; 66	'B'
      0000E4 43                     275 	.db #0x43	; 67	'C'
      0000E5 44                     276 	.db #0x44	; 68	'D'
      0000E6 45                     277 	.db #0x45	; 69	'E'
      0000E7 45                     278 	.db #0x45	; 69	'E'
      0000E8 45                     279 	.db #0x45	; 69	'E'
      0000E9 46                     280 	.db #0x46	; 70	'F'
      0000EA 47                     281 	.db #0x47	; 71	'G'
      0000EB 06                     282 	.db #0x06	; 6
      0000EC 03                     283 	.db #0x03	; 3
      0000ED 03                     284 	.db #0x03	; 3
      0000EE 48                     285 	.db #0x48	; 72	'H'
      0000EF 49                     286 	.db #0x49	; 73	'I'
      0000F0 05                     287 	.db #0x05	; 5
      0000F1 05                     288 	.db #0x05	; 5
      0000F2 05                     289 	.db #0x05	; 5
      0000F3 05                     290 	.db #0x05	; 5
      0000F4 3F                     291 	.db #0x3f	; 63
      0000F5 4A                     292 	.db #0x4a	; 74	'J'
      0000F6 4B                     293 	.db #0x4b	; 75	'K'
      0000F7 4C                     294 	.db #0x4c	; 76	'L'
      0000F8 4D                     295 	.db #0x4d	; 77	'M'
      0000F9 4E                     296 	.db #0x4e	; 78	'N'
      0000FA 00                     297 	.db #0x00	; 0
      0000FB 00                     298 	.db #0x00	; 0
      0000FC 00                     299 	.db #0x00	; 0
      0000FD 4F                     300 	.db #0x4f	; 79	'O'
      0000FE 47                     301 	.db #0x47	; 71	'G'
      0000FF 06                     302 	.db #0x06	; 6
      000100 03                     303 	.db #0x03	; 3
      000101 03                     304 	.db #0x03	; 3
      000102 0F                     305 	.db #0x0f	; 15
      000103 50                     306 	.db #0x50	; 80	'P'
      000104 05                     307 	.db #0x05	; 5
      000105 05                     308 	.db #0x05	; 5
      000106 05                     309 	.db #0x05	; 5
      000107 05                     310 	.db #0x05	; 5
      000108 3F                     311 	.db #0x3f	; 63
      000109 51                     312 	.db #0x51	; 81	'Q'
      00010A 52                     313 	.db #0x52	; 82	'R'
      00010B 53                     314 	.db #0x53	; 83	'S'
      00010C 54                     315 	.db #0x54	; 84	'T'
      00010D 55                     316 	.db #0x55	; 85	'U'
      00010E 00                     317 	.db #0x00	; 0
      00010F 00                     318 	.db #0x00	; 0
      000110 00                     319 	.db #0x00	; 0
      000111 56                     320 	.db #0x56	; 86	'V'
      000112 47                     321 	.db #0x47	; 71	'G'
      000113 06                     322 	.db #0x06	; 6
      000114 03                     323 	.db #0x03	; 3
      000115 03                     324 	.db #0x03	; 3
      000116 57                     325 	.db #0x57	; 87	'W'
      000117 58                     326 	.db #0x58	; 88	'X'
      000118 59                     327 	.db #0x59	; 89	'Y'
      000119 5A                     328 	.db #0x5a	; 90	'Z'
      00011A 5B                     329 	.db #0x5b	; 91
      00011B 5C                     330 	.db #0x5c	; 92
      00011C 5D                     331 	.db #0x5d	; 93
      00011D 5E                     332 	.db #0x5e	; 94
      00011E 5F                     333 	.db #0x5f	; 95
      00011F 60                     334 	.db #0x60	; 96
      000120 61                     335 	.db #0x61	; 97	'a'
      000121 62                     336 	.db #0x62	; 98	'b'
      000122 5F                     337 	.db #0x5f	; 95
      000123 5F                     338 	.db #0x5f	; 95
      000124 5F                     339 	.db #0x5f	; 95
      000125 63                     340 	.db #0x63	; 99	'c'
      000126 64                     341 	.db #0x64	; 100	'd'
      000127 65                     342 	.db #0x65	; 101	'e'
      000128 66                     343 	.db #0x66	; 102	'f'
      000129 03                     344 	.db #0x03	; 3
      00012A 67                     345 	.db #0x67	; 103	'g'
      00012B 68                     346 	.db #0x68	; 104	'h'
      00012C 69                     347 	.db #0x69	; 105	'i'
      00012D 6A                     348 	.db #0x6a	; 106	'j'
      00012E 6B                     349 	.db #0x6b	; 107	'k'
      00012F 6C                     350 	.db #0x6c	; 108	'l'
      000130 6D                     351 	.db #0x6d	; 109	'm'
      000131 6E                     352 	.db #0x6e	; 110	'n'
      000132 6F                     353 	.db #0x6f	; 111	'o'
      000133 70                     354 	.db #0x70	; 112	'p'
      000134 71                     355 	.db #0x71	; 113	'q'
      000135 71                     356 	.db #0x71	; 113	'q'
      000136 71                     357 	.db #0x71	; 113	'q'
      000137 71                     358 	.db #0x71	; 113	'q'
      000138 71                     359 	.db #0x71	; 113	'q'
      000139 72                     360 	.db #0x72	; 114	'r'
      00013A 73                     361 	.db #0x73	; 115	's'
      00013B 74                     362 	.db #0x74	; 116	't'
      00013C 75                     363 	.db #0x75	; 117	'u'
      00013D 66                     364 	.db #0x66	; 102	'f'
      00013E 03                     365 	.db #0x03	; 3
      00013F 03                     366 	.db #0x03	; 3
      000140 01                     367 	.db #0x01	; 1
      000141 76                     368 	.db #0x76	; 118	'v'
      000142 77                     369 	.db #0x77	; 119	'w'
      000143 78                     370 	.db #0x78	; 120	'x'
      000144 79                     371 	.db #0x79	; 121	'y'
      000145 7A                     372 	.db #0x7a	; 122	'z'
      000146 7B                     373 	.db #0x7b	; 123
      000147 7C                     374 	.db #0x7c	; 124
      000148 05                     375 	.db #0x05	; 5
      000149 7D                     376 	.db #0x7d	; 125
      00014A 7E                     377 	.db #0x7e	; 126
      00014B 7F                     378 	.db #0x7f	; 127
      00014C 88                     379 	.db #0x88	; 136
      00014D 89                     380 	.db #0x89	; 137
      00014E 8A                     381 	.db #0x8a	; 138
      00014F 8B                     382 	.db #0x8b	; 139
      000150 8C                     383 	.db #0x8c	; 140
      000151 8D                     384 	.db #0x8d	; 141
      000152 66                     385 	.db #0x66	; 102	'f'
      000153 03                     386 	.db #0x03	; 3
      000154 76                     387 	.db #0x76	; 118	'v'
      000155 00                     388 	.db #0x00	; 0
      000156 8E                     389 	.db #0x8e	; 142
      000157 8F                     390 	.db #0x8f	; 143
      000158 90                     391 	.db #0x90	; 144
      000159 91                     392 	.db #0x91	; 145
      00015A 92                     393 	.db #0x92	; 146
      00015B 93                     394 	.db #0x93	; 147
      00015C 05                     395 	.db #0x05	; 5
      00015D 94                     396 	.db #0x94	; 148
      00015E 95                     397 	.db #0x95	; 149
      00015F 96                     398 	.db #0x96	; 150
      000160 97                     399 	.db #0x97	; 151
      000161 05                     400 	.db #0x05	; 5
      000162 98                     401 	.db #0x98	; 152
      000163 99                     402 	.db #0x99	; 153
      000164 00                     403 	.db #0x00	; 0
      000165 9A                     404 	.db #0x9a	; 154
      000166 9B                     405 	.db #0x9b	; 155
      000167 66                     406 	.db #0x66	; 102	'f'
                                    407 	.area _INITIALIZER
                                    408 	.area _CABS (ABS)
