                                      1 ;--------------------------------------------------------
                                      2 ; File Created by SDCC : free open source ANSI-C Compiler
                                      3 ; Version 4.1.4 #12246 (Mac OS X x86_64)
                                      4 ;--------------------------------------------------------
                                      5 	.module background_4_tiles
                                      6 	.optsdcc -mgbz80
                                      7 	
                                      8 ;--------------------------------------------------------
                                      9 ; Public variables in this module
                                     10 ;--------------------------------------------------------
                                     11 	.globl _background_4_tiles
                                     12 	.globl ___bank_background_4_tiles
                                     13 ;--------------------------------------------------------
                                     14 ; special function registers
                                     15 ;--------------------------------------------------------
                                     16 ;--------------------------------------------------------
                                     17 ; ram data
                                     18 ;--------------------------------------------------------
                                     19 	.area _DATA
                                     20 ;--------------------------------------------------------
                                     21 ; ram data
                                     22 ;--------------------------------------------------------
                                     23 	.area _INITIALIZED
                                     24 ;--------------------------------------------------------
                                     25 ; absolute external ram data
                                     26 ;--------------------------------------------------------
                                     27 	.area _DABS (ABS)
                                     28 ;--------------------------------------------------------
                                     29 ; global & static initialisations
                                     30 ;--------------------------------------------------------
                                     31 	.area _HOME
                                     32 	.area _GSINIT
                                     33 	.area _GSFINAL
                                     34 	.area _GSINIT
                                     35 ;--------------------------------------------------------
                                     36 ; Home
                                     37 ;--------------------------------------------------------
                                     38 	.area _HOME
                                     39 	.area _HOME
                                     40 ;--------------------------------------------------------
                                     41 ; code
                                     42 ;--------------------------------------------------------
                                     43 	.area _CODE_255
                                     44 	.area _CODE_255
                           0000FF    45 ___bank_background_4_tiles	=	0x00ff
      000000                         46 _background_4_tiles:
      000000 28 00                   47 	.dw #0x0028
      000002 FF                      48 	.db #0xff	; 255
      000003 FF                      49 	.db #0xff	; 255
      000004 FF                      50 	.db #0xff	; 255
      000005 FF                      51 	.db #0xff	; 255
      000006 FF                      52 	.db #0xff	; 255
      000007 FF                      53 	.db #0xff	; 255
      000008 FF                      54 	.db #0xff	; 255
      000009 FF                      55 	.db #0xff	; 255
      00000A FF                      56 	.db #0xff	; 255
      00000B FF                      57 	.db #0xff	; 255
      00000C FF                      58 	.db #0xff	; 255
      00000D FF                      59 	.db #0xff	; 255
      00000E FF                      60 	.db #0xff	; 255
      00000F FF                      61 	.db #0xff	; 255
      000010 FF                      62 	.db #0xff	; 255
      000011 FF                      63 	.db #0xff	; 255
      000012 FF                      64 	.db #0xff	; 255
      000013 FF                      65 	.db #0xff	; 255
      000014 FF                      66 	.db #0xff	; 255
      000015 FF                      67 	.db #0xff	; 255
      000016 FF                      68 	.db #0xff	; 255
      000017 FF                      69 	.db #0xff	; 255
      000018 FF                      70 	.db #0xff	; 255
      000019 FF                      71 	.db #0xff	; 255
      00001A FF                      72 	.db #0xff	; 255
      00001B FF                      73 	.db #0xff	; 255
      00001C FF                      74 	.db #0xff	; 255
      00001D FF                      75 	.db #0xff	; 255
      00001E FF                      76 	.db #0xff	; 255
      00001F FF                      77 	.db #0xff	; 255
      000020 FF                      78 	.db #0xff	; 255
      000021 FE                      79 	.db #0xfe	; 254
      000022 FF                      80 	.db #0xff	; 255
      000023 FF                      81 	.db #0xff	; 255
      000024 FF                      82 	.db #0xff	; 255
      000025 FF                      83 	.db #0xff	; 255
      000026 FF                      84 	.db #0xff	; 255
      000027 FF                      85 	.db #0xff	; 255
      000028 FF                      86 	.db #0xff	; 255
      000029 FF                      87 	.db #0xff	; 255
      00002A FF                      88 	.db #0xff	; 255
      00002B FF                      89 	.db #0xff	; 255
      00002C FF                      90 	.db #0xff	; 255
      00002D FF                      91 	.db #0xff	; 255
      00002E FF                      92 	.db #0xff	; 255
      00002F 00                      93 	.db #0x00	; 0
      000030 FF                      94 	.db #0xff	; 255
      000031 FF                      95 	.db #0xff	; 255
      000032 FF                      96 	.db #0xff	; 255
      000033 FF                      97 	.db #0xff	; 255
      000034 FF                      98 	.db #0xff	; 255
      000035 FF                      99 	.db #0xff	; 255
      000036 FF                     100 	.db #0xff	; 255
      000037 FF                     101 	.db #0xff	; 255
      000038 FF                     102 	.db #0xff	; 255
      000039 FF                     103 	.db #0xff	; 255
      00003A FF                     104 	.db #0xff	; 255
      00003B FF                     105 	.db #0xff	; 255
      00003C FF                     106 	.db #0xff	; 255
      00003D FF                     107 	.db #0xff	; 255
      00003E FF                     108 	.db #0xff	; 255
      00003F FF                     109 	.db #0xff	; 255
      000040 FF                     110 	.db #0xff	; 255
      000041 7F                     111 	.db #0x7f	; 127
      000042 FF                     112 	.db #0xff	; 255
      000043 FD                     113 	.db #0xfd	; 253
      000044 FF                     114 	.db #0xff	; 255
      000045 FD                     115 	.db #0xfd	; 253
      000046 FF                     116 	.db #0xff	; 255
      000047 FD                     117 	.db #0xfd	; 253
      000048 FF                     118 	.db #0xff	; 255
      000049 FD                     119 	.db #0xfd	; 253
      00004A FF                     120 	.db #0xff	; 255
      00004B FD                     121 	.db #0xfd	; 253
      00004C FF                     122 	.db #0xff	; 255
      00004D FD                     123 	.db #0xfd	; 253
      00004E FF                     124 	.db #0xff	; 255
      00004F FD                     125 	.db #0xfd	; 253
      000050 FF                     126 	.db #0xff	; 255
      000051 FD                     127 	.db #0xfd	; 253
      000052 FF                     128 	.db #0xff	; 255
      000053 00                     129 	.db #0x00	; 0
      000054 FF                     130 	.db #0xff	; 255
      000055 00                     131 	.db #0x00	; 0
      000056 FF                     132 	.db #0xff	; 255
      000057 00                     133 	.db #0x00	; 0
      000058 FF                     134 	.db #0xff	; 255
      000059 00                     135 	.db #0x00	; 0
      00005A FF                     136 	.db #0xff	; 255
      00005B 00                     137 	.db #0x00	; 0
      00005C FF                     138 	.db #0xff	; 255
      00005D 00                     139 	.db #0x00	; 0
      00005E FF                     140 	.db #0xff	; 255
      00005F 00                     141 	.db #0x00	; 0
      000060 FF                     142 	.db #0xff	; 255
      000061 00                     143 	.db #0x00	; 0
      000062 FF                     144 	.db #0xff	; 255
      000063 BF                     145 	.db #0xbf	; 191
      000064 FF                     146 	.db #0xff	; 255
      000065 BF                     147 	.db #0xbf	; 191
      000066 FF                     148 	.db #0xff	; 255
      000067 BF                     149 	.db #0xbf	; 191
      000068 FF                     150 	.db #0xff	; 255
      000069 BF                     151 	.db #0xbf	; 191
      00006A FF                     152 	.db #0xff	; 255
      00006B BF                     153 	.db #0xbf	; 191
      00006C FF                     154 	.db #0xff	; 255
      00006D BF                     155 	.db #0xbf	; 191
      00006E FF                     156 	.db #0xff	; 255
      00006F BF                     157 	.db #0xbf	; 191
      000070 FF                     158 	.db #0xff	; 255
      000071 BF                     159 	.db #0xbf	; 191
      000072 FF                     160 	.db #0xff	; 255
      000073 00                     161 	.db #0x00	; 0
      000074 FF                     162 	.db #0xff	; 255
      000075 00                     163 	.db #0x00	; 0
      000076 FF                     164 	.db #0xff	; 255
      000077 00                     165 	.db #0x00	; 0
      000078 FF                     166 	.db #0xff	; 255
      000079 00                     167 	.db #0x00	; 0
      00007A FF                     168 	.db #0xff	; 255
      00007B 00                     169 	.db #0x00	; 0
      00007C FF                     170 	.db #0xff	; 255
      00007D 00                     171 	.db #0x00	; 0
      00007E FF                     172 	.db #0xff	; 255
      00007F 00                     173 	.db #0x00	; 0
      000080 FF                     174 	.db #0xff	; 255
      000081 FF                     175 	.db #0xff	; 255
      000082 00                     176 	.db #0x00	; 0
      000083 00                     177 	.db #0x00	; 0
      000084 00                     178 	.db #0x00	; 0
      000085 00                     179 	.db #0x00	; 0
      000086 00                     180 	.db #0x00	; 0
      000087 00                     181 	.db #0x00	; 0
      000088 00                     182 	.db #0x00	; 0
      000089 00                     183 	.db #0x00	; 0
      00008A 00                     184 	.db #0x00	; 0
      00008B 00                     185 	.db #0x00	; 0
      00008C 00                     186 	.db #0x00	; 0
      00008D 00                     187 	.db #0x00	; 0
      00008E 00                     188 	.db #0x00	; 0
      00008F 00                     189 	.db #0x00	; 0
      000090 00                     190 	.db #0x00	; 0
      000091 00                     191 	.db #0x00	; 0
      000092 FF                     192 	.db #0xff	; 255
      000093 FE                     193 	.db #0xfe	; 254
      000094 FF                     194 	.db #0xff	; 255
      000095 FF                     195 	.db #0xff	; 255
      000096 FF                     196 	.db #0xff	; 255
      000097 FF                     197 	.db #0xff	; 255
      000098 FF                     198 	.db #0xff	; 255
      000099 FF                     199 	.db #0xff	; 255
      00009A FF                     200 	.db #0xff	; 255
      00009B FF                     201 	.db #0xff	; 255
      00009C FF                     202 	.db #0xff	; 255
      00009D FF                     203 	.db #0xff	; 255
      00009E FF                     204 	.db #0xff	; 255
      00009F FF                     205 	.db #0xff	; 255
      0000A0 FF                     206 	.db #0xff	; 255
      0000A1 FF                     207 	.db #0xff	; 255
      0000A2 FF                     208 	.db #0xff	; 255
      0000A3 FF                     209 	.db #0xff	; 255
      0000A4 FF                     210 	.db #0xff	; 255
      0000A5 00                     211 	.db #0x00	; 0
      0000A6 FF                     212 	.db #0xff	; 255
      0000A7 FF                     213 	.db #0xff	; 255
      0000A8 FF                     214 	.db #0xff	; 255
      0000A9 FF                     215 	.db #0xff	; 255
      0000AA FF                     216 	.db #0xff	; 255
      0000AB FF                     217 	.db #0xff	; 255
      0000AC FF                     218 	.db #0xff	; 255
      0000AD FF                     219 	.db #0xff	; 255
      0000AE FF                     220 	.db #0xff	; 255
      0000AF FF                     221 	.db #0xff	; 255
      0000B0 FF                     222 	.db #0xff	; 255
      0000B1 FF                     223 	.db #0xff	; 255
      0000B2 FF                     224 	.db #0xff	; 255
      0000B3 FF                     225 	.db #0xff	; 255
      0000B4 FF                     226 	.db #0xff	; 255
      0000B5 01                     227 	.db #0x01	; 1
      0000B6 FF                     228 	.db #0xff	; 255
      0000B7 FD                     229 	.db #0xfd	; 253
      0000B8 FF                     230 	.db #0xff	; 255
      0000B9 FD                     231 	.db #0xfd	; 253
      0000BA FF                     232 	.db #0xff	; 255
      0000BB FD                     233 	.db #0xfd	; 253
      0000BC FF                     234 	.db #0xff	; 255
      0000BD FD                     235 	.db #0xfd	; 253
      0000BE FF                     236 	.db #0xff	; 255
      0000BF FD                     237 	.db #0xfd	; 253
      0000C0 FF                     238 	.db #0xff	; 255
      0000C1 FD                     239 	.db #0xfd	; 253
      0000C2 00                     240 	.db #0x00	; 0
      0000C3 00                     241 	.db #0x00	; 0
      0000C4 00                     242 	.db #0x00	; 0
      0000C5 00                     243 	.db #0x00	; 0
      0000C6 AA                     244 	.db #0xaa	; 170
      0000C7 00                     245 	.db #0x00	; 0
      0000C8 55                     246 	.db #0x55	; 85	'U'
      0000C9 00                     247 	.db #0x00	; 0
      0000CA AA                     248 	.db #0xaa	; 170
      0000CB 55                     249 	.db #0x55	; 85	'U'
      0000CC 55                     250 	.db #0x55	; 85	'U'
      0000CD AA                     251 	.db #0xaa	; 170
      0000CE AA                     252 	.db #0xaa	; 170
      0000CF FF                     253 	.db #0xff	; 255
      0000D0 55                     254 	.db #0x55	; 85	'U'
      0000D1 FF                     255 	.db #0xff	; 255
      0000D2 FF                     256 	.db #0xff	; 255
      0000D3 FF                     257 	.db #0xff	; 255
      0000D4 FF                     258 	.db #0xff	; 255
      0000D5 80                     259 	.db #0x80	; 128
      0000D6 FF                     260 	.db #0xff	; 255
      0000D7 BF                     261 	.db #0xbf	; 191
      0000D8 FF                     262 	.db #0xff	; 255
      0000D9 BF                     263 	.db #0xbf	; 191
      0000DA FF                     264 	.db #0xff	; 255
      0000DB BF                     265 	.db #0xbf	; 191
      0000DC FF                     266 	.db #0xff	; 255
      0000DD BF                     267 	.db #0xbf	; 191
      0000DE FF                     268 	.db #0xff	; 255
      0000DF BF                     269 	.db #0xbf	; 191
      0000E0 FF                     270 	.db #0xff	; 255
      0000E1 BF                     271 	.db #0xbf	; 191
      0000E2 FF                     272 	.db #0xff	; 255
      0000E3 7F                     273 	.db #0x7f	; 127
      0000E4 FF                     274 	.db #0xff	; 255
      0000E5 FF                     275 	.db #0xff	; 255
      0000E6 FF                     276 	.db #0xff	; 255
      0000E7 FF                     277 	.db #0xff	; 255
      0000E8 FF                     278 	.db #0xff	; 255
      0000E9 FF                     279 	.db #0xff	; 255
      0000EA FF                     280 	.db #0xff	; 255
      0000EB FF                     281 	.db #0xff	; 255
      0000EC FF                     282 	.db #0xff	; 255
      0000ED FF                     283 	.db #0xff	; 255
      0000EE FF                     284 	.db #0xff	; 255
      0000EF FF                     285 	.db #0xff	; 255
      0000F0 FF                     286 	.db #0xff	; 255
      0000F1 FF                     287 	.db #0xff	; 255
      0000F2 DB                     288 	.db #0xdb	; 219
      0000F3 E7                     289 	.db #0xe7	; 231
      0000F4 FF                     290 	.db #0xff	; 255
      0000F5 3C                     291 	.db #0x3c	; 60
      0000F6 CF                     292 	.db #0xcf	; 207
      0000F7 F0                     293 	.db #0xf0	; 240
      0000F8 E7                     294 	.db #0xe7	; 231
      0000F9 38                     295 	.db #0x38	; 56	'8'
      0000FA F3                     296 	.db #0xf3	; 243
      0000FB 1C                     297 	.db #0x1c	; 28
      0000FC F9                     298 	.db #0xf9	; 249
      0000FD 1E                     299 	.db #0x1e	; 30
      0000FE 3F                     300 	.db #0x3f	; 63
      0000FF E7                     301 	.db #0xe7	; 231
      000100 DB                     302 	.db #0xdb	; 219
      000101 EC                     303 	.db #0xec	; 236
      000102 DB                     304 	.db #0xdb	; 219
      000103 E7                     305 	.db #0xe7	; 231
      000104 FF                     306 	.db #0xff	; 255
      000105 3C                     307 	.db #0x3c	; 60
      000106 F9                     308 	.db #0xf9	; 249
      000107 1E                     309 	.db #0x1e	; 30
      000108 FF                     310 	.db #0xff	; 255
      000109 1F                     311 	.db #0x1f	; 31
      00010A 7D                     312 	.db #0x7d	; 125
      00010B FE                     313 	.db #0xfe	; 254
      00010C DF                     314 	.db #0xdf	; 223
      00010D EF                     315 	.db #0xef	; 239
      00010E EF                     316 	.db #0xef	; 239
      00010F 35                     317 	.db #0x35	; 53	'5'
      000110 E7                     318 	.db #0xe7	; 231
      000111 3C                     319 	.db #0x3c	; 60
      000112 EF                     320 	.db #0xef	; 239
      000113 78                     321 	.db #0x78	; 120	'x'
      000114 B9                     322 	.db #0xb9	; 185
      000115 DE                     323 	.db #0xde	; 222
      000116 7C                     324 	.db #0x7c	; 124
      000117 8F                     325 	.db #0x8f	; 143
      000118 BF                     326 	.db #0xbf	; 191
      000119 F3                     327 	.db #0xf3	; 243
      00011A AC                     328 	.db #0xac	; 172
      00011B FF                     329 	.db #0xff	; 255
      00011C DB                     330 	.db #0xdb	; 219
      00011D 66                     331 	.db #0x66	; 102	'f'
      00011E DD                     332 	.db #0xdd	; 221
      00011F 63                     333 	.db #0x63	; 99	'c'
      000120 D9                     334 	.db #0xd9	; 217
      000121 67                     335 	.db #0x67	; 103	'g'
      000122 FF                     336 	.db #0xff	; 255
      000123 3C                     337 	.db #0x3c	; 60
      000124 3A                     338 	.db #0x3a	; 58
      000125 ED                     339 	.db #0xed	; 237
      000126 F9                     340 	.db #0xf9	; 249
      000127 EF                     341 	.db #0xef	; 239
      000128 BF                     342 	.db #0xbf	; 191
      000129 C7                     343 	.db #0xc7	; 199
      00012A CD                     344 	.db #0xcd	; 205
      00012B 7E                     345 	.db #0x7e	; 126
      00012C E9                     346 	.db #0xe9	; 233
      00012D 3E                     347 	.db #0x3e	; 62
      00012E F8                     348 	.db #0xf8	; 248
      00012F 1F                     349 	.db #0x1f	; 31
      000130 7C                     350 	.db #0x7c	; 124
      000131 A7                     351 	.db #0xa7	; 167
      000132 87                     352 	.db #0x87	; 135
      000133 FF                     353 	.db #0xff	; 255
      000134 98                     354 	.db #0x98	; 152
      000135 FF                     355 	.db #0xff	; 255
      000136 60                     356 	.db #0x60	; 96
      000137 FF                     357 	.db #0xff	; 255
      000138 C0                     358 	.db #0xc0	; 192
      000139 FF                     359 	.db #0xff	; 255
      00013A 2E                     360 	.db #0x2e	; 46
      00013B FF                     361 	.db #0xff	; 255
      00013C FF                     362 	.db #0xff	; 255
      00013D FF                     363 	.db #0xff	; 255
      00013E FF                     364 	.db #0xff	; 255
      00013F FF                     365 	.db #0xff	; 255
      000140 8E                     366 	.db #0x8e	; 142
      000141 FF                     367 	.db #0xff	; 255
      000142 09                     368 	.db #0x09	; 9
      000143 FF                     369 	.db #0xff	; 255
      000144 A8                     370 	.db #0xa8	; 168
      000145 FF                     371 	.db #0xff	; 255
      000146 5D                     372 	.db #0x5d	; 93
      000147 FF                     373 	.db #0xff	; 255
      000148 47                     374 	.db #0x47	; 71	'G'
      000149 FF                     375 	.db #0xff	; 255
      00014A 82                     376 	.db #0x82	; 130
      00014B FF                     377 	.db #0xff	; 255
      00014C FD                     378 	.db #0xfd	; 253
      00014D FF                     379 	.db #0xff	; 255
      00014E FF                     380 	.db #0xff	; 255
      00014F FF                     381 	.db #0xff	; 255
      000150 F5                     382 	.db #0xf5	; 245
      000151 FF                     383 	.db #0xff	; 255
      000152 9B                     384 	.db #0x9b	; 155
      000153 FF                     385 	.db #0xff	; 255
      000154 8F                     386 	.db #0x8f	; 143
      000155 FF                     387 	.db #0xff	; 255
      000156 7F                     388 	.db #0x7f	; 127
      000157 FF                     389 	.db #0xff	; 255
      000158 BF                     390 	.db #0xbf	; 191
      000159 FF                     391 	.db #0xff	; 255
      00015A F7                     392 	.db #0xf7	; 247
      00015B FF                     393 	.db #0xff	; 255
      00015C 7F                     394 	.db #0x7f	; 127
      00015D FF                     395 	.db #0xff	; 255
      00015E FF                     396 	.db #0xff	; 255
      00015F FF                     397 	.db #0xff	; 255
      000160 FF                     398 	.db #0xff	; 255
      000161 FF                     399 	.db #0xff	; 255
      000162 87                     400 	.db #0x87	; 135
      000163 FF                     401 	.db #0xff	; 255
      000164 98                     402 	.db #0x98	; 152
      000165 FF                     403 	.db #0xff	; 255
      000166 60                     404 	.db #0x60	; 96
      000167 FF                     405 	.db #0xff	; 255
      000168 C0                     406 	.db #0xc0	; 192
      000169 FF                     407 	.db #0xff	; 255
      00016A FE                     408 	.db #0xfe	; 254
      00016B FF                     409 	.db #0xff	; 255
      00016C BF                     410 	.db #0xbf	; 191
      00016D FF                     411 	.db #0xff	; 255
      00016E FF                     412 	.db #0xff	; 255
      00016F FF                     413 	.db #0xff	; 255
      000170 FF                     414 	.db #0xff	; 255
      000171 FF                     415 	.db #0xff	; 255
      000172 09                     416 	.db #0x09	; 9
      000173 FF                     417 	.db #0xff	; 255
      000174 A8                     418 	.db #0xa8	; 168
      000175 FF                     419 	.db #0xff	; 255
      000176 5D                     420 	.db #0x5d	; 93
      000177 FF                     421 	.db #0xff	; 255
      000178 47                     422 	.db #0x47	; 71	'G'
      000179 FF                     423 	.db #0xff	; 255
      00017A 82                     424 	.db #0x82	; 130
      00017B FF                     425 	.db #0xff	; 255
      00017C FF                     426 	.db #0xff	; 255
      00017D FF                     427 	.db #0xff	; 255
      00017E FF                     428 	.db #0xff	; 255
      00017F FF                     429 	.db #0xff	; 255
      000180 FD                     430 	.db #0xfd	; 253
      000181 FF                     431 	.db #0xff	; 255
      000182 FF                     432 	.db #0xff	; 255
      000183 FF                     433 	.db #0xff	; 255
      000184 FF                     434 	.db #0xff	; 255
      000185 FF                     435 	.db #0xff	; 255
      000186 F0                     436 	.db #0xf0	; 240
      000187 FF                     437 	.db #0xff	; 255
      000188 C0                     438 	.db #0xc0	; 192
      000189 FF                     439 	.db #0xff	; 255
      00018A 2E                     440 	.db #0x2e	; 46
      00018B FF                     441 	.db #0xff	; 255
      00018C 9D                     442 	.db #0x9d	; 157
      00018D FF                     443 	.db #0xff	; 255
      00018E 88                     444 	.db #0x88	; 136
      00018F FF                     445 	.db #0xff	; 255
      000190 8E                     446 	.db #0x8e	; 142
      000191 FF                     447 	.db #0xff	; 255
      000192 FF                     448 	.db #0xff	; 255
      000193 FF                     449 	.db #0xff	; 255
      000194 F9                     450 	.db #0xf9	; 249
      000195 FF                     451 	.db #0xff	; 255
      000196 5D                     452 	.db #0x5d	; 93
      000197 FF                     453 	.db #0xff	; 255
      000198 47                     454 	.db #0x47	; 71	'G'
      000199 FF                     455 	.db #0xff	; 255
      00019A 82                     456 	.db #0x82	; 130
      00019B FF                     457 	.db #0xff	; 255
      00019C 14                     458 	.db #0x14	; 20
      00019D FF                     459 	.db #0xff	; 255
      00019E A8                     460 	.db #0xa8	; 168
      00019F FF                     461 	.db #0xff	; 255
      0001A0 45                     462 	.db #0x45	; 69	'E'
      0001A1 FF                     463 	.db #0xff	; 255
      0001A2 09                     464 	.db #0x09	; 9
      0001A3 FF                     465 	.db #0xff	; 255
      0001A4 A8                     466 	.db #0xa8	; 168
      0001A5 FF                     467 	.db #0xff	; 255
      0001A6 5D                     468 	.db #0x5d	; 93
      0001A7 FF                     469 	.db #0xff	; 255
      0001A8 47                     470 	.db #0x47	; 71	'G'
      0001A9 FF                     471 	.db #0xff	; 255
      0001AA 82                     472 	.db #0x82	; 130
      0001AB FF                     473 	.db #0xff	; 255
      0001AC 14                     474 	.db #0x14	; 20
      0001AD FF                     475 	.db #0xff	; 255
      0001AE A8                     476 	.db #0xa8	; 168
      0001AF FF                     477 	.db #0xff	; 255
      0001B0 45                     478 	.db #0x45	; 69	'E'
      0001B1 FF                     479 	.db #0xff	; 255
      0001B2 87                     480 	.db #0x87	; 135
      0001B3 FF                     481 	.db #0xff	; 255
      0001B4 98                     482 	.db #0x98	; 152
      0001B5 FF                     483 	.db #0xff	; 255
      0001B6 60                     484 	.db #0x60	; 96
      0001B7 FF                     485 	.db #0xff	; 255
      0001B8 C0                     486 	.db #0xc0	; 192
      0001B9 FF                     487 	.db #0xff	; 255
      0001BA 2E                     488 	.db #0x2e	; 46
      0001BB FF                     489 	.db #0xff	; 255
      0001BC 9D                     490 	.db #0x9d	; 157
      0001BD FF                     491 	.db #0xff	; 255
      0001BE 88                     492 	.db #0x88	; 136
      0001BF FF                     493 	.db #0xff	; 255
      0001C0 8E                     494 	.db #0x8e	; 142
      0001C1 FF                     495 	.db #0xff	; 255
      0001C2 FF                     496 	.db #0xff	; 255
      0001C3 FF                     497 	.db #0xff	; 255
      0001C4 FF                     498 	.db #0xff	; 255
      0001C5 FF                     499 	.db #0xff	; 255
      0001C6 FF                     500 	.db #0xff	; 255
      0001C7 FC                     501 	.db #0xfc	; 252
      0001C8 FC                     502 	.db #0xfc	; 252
      0001C9 F0                     503 	.db #0xf0	; 240
      0001CA F0                     504 	.db #0xf0	; 240
      0001CB E0                     505 	.db #0xe0	; 224
      0001CC E0                     506 	.db #0xe0	; 224
      0001CD 80                     507 	.db #0x80	; 128
      0001CE E0                     508 	.db #0xe0	; 224
      0001CF 80                     509 	.db #0x80	; 128
      0001D0 E0                     510 	.db #0xe0	; 224
      0001D1 80                     511 	.db #0x80	; 128
      0001D2 FF                     512 	.db #0xff	; 255
      0001D3 FF                     513 	.db #0xff	; 255
      0001D4 FF                     514 	.db #0xff	; 255
      0001D5 FF                     515 	.db #0xff	; 255
      0001D6 9F                     516 	.db #0x9f	; 159
      0001D7 0F                     517 	.db #0x0f	; 15
      0001D8 07                     518 	.db #0x07	; 7
      0001D9 03                     519 	.db #0x03	; 3
      0001DA 03                     520 	.db #0x03	; 3
      0001DB 01                     521 	.db #0x01	; 1
      0001DC 01                     522 	.db #0x01	; 1
      0001DD 01                     523 	.db #0x01	; 1
      0001DE 01                     524 	.db #0x01	; 1
      0001DF 01                     525 	.db #0x01	; 1
      0001E0 01                     526 	.db #0x01	; 1
      0001E1 01                     527 	.db #0x01	; 1
      0001E2 C0                     528 	.db #0xc0	; 192
      0001E3 80                     529 	.db #0x80	; 128
      0001E4 E3                     530 	.db #0xe3	; 227
      0001E5 C0                     531 	.db #0xc0	; 192
      0001E6 FE                     532 	.db #0xfe	; 254
      0001E7 C0                     533 	.db #0xc0	; 192
      0001E8 FF                     534 	.db #0xff	; 255
      0001E9 E4                     535 	.db #0xe4	; 228
      0001EA FF                     536 	.db #0xff	; 255
      0001EB FE                     537 	.db #0xfe	; 254
      0001EC FF                     538 	.db #0xff	; 255
      0001ED FF                     539 	.db #0xff	; 255
      0001EE FF                     540 	.db #0xff	; 255
      0001EF 9F                     541 	.db #0x9f	; 159
      0001F0 FF                     542 	.db #0xff	; 255
      0001F1 C0                     543 	.db #0xc0	; 192
      0001F2 03                     544 	.db #0x03	; 3
      0001F3 01                     545 	.db #0x01	; 1
      0001F4 01                     546 	.db #0x01	; 1
      0001F5 01                     547 	.db #0x01	; 1
      0001F6 01                     548 	.db #0x01	; 1
      0001F7 01                     549 	.db #0x01	; 1
      0001F8 03                     550 	.db #0x03	; 3
      0001F9 01                     551 	.db #0x01	; 1
      0001FA 8F                     552 	.db #0x8f	; 143
      0001FB 01                     553 	.db #0x01	; 1
      0001FC FF                     554 	.db #0xff	; 255
      0001FD 03                     555 	.db #0x03	; 3
      0001FE FF                     556 	.db #0xff	; 255
      0001FF FC                     557 	.db #0xfc	; 252
      000200 FF                     558 	.db #0xff	; 255
      000201 01                     559 	.db #0x01	; 1
      000202 FF                     560 	.db #0xff	; 255
      000203 00                     561 	.db #0x00	; 0
      000204 FF                     562 	.db #0xff	; 255
      000205 03                     563 	.db #0x03	; 3
      000206 FF                     564 	.db #0xff	; 255
      000207 0C                     565 	.db #0x0c	; 12
      000208 FC                     566 	.db #0xfc	; 252
      000209 10                     567 	.db #0x10	; 16
      00020A F0                     568 	.db #0xf0	; 240
      00020B 60                     569 	.db #0x60	; 96
      00020C E0                     570 	.db #0xe0	; 224
      00020D 80                     571 	.db #0x80	; 128
      00020E E0                     572 	.db #0xe0	; 224
      00020F 80                     573 	.db #0x80	; 128
      000210 E0                     574 	.db #0xe0	; 224
      000211 80                     575 	.db #0x80	; 128
      000212 FF                     576 	.db #0xff	; 255
      000213 00                     577 	.db #0x00	; 0
      000214 FF                     578 	.db #0xff	; 255
      000215 F0                     579 	.db #0xf0	; 240
      000216 9F                     580 	.db #0x9f	; 159
      000217 0C                     581 	.db #0x0c	; 12
      000218 07                     582 	.db #0x07	; 7
      000219 02                     583 	.db #0x02	; 2
      00021A 03                     584 	.db #0x03	; 3
      00021B 01                     585 	.db #0x01	; 1
      00021C 01                     586 	.db #0x01	; 1
      00021D 01                     587 	.db #0x01	; 1
      00021E 01                     588 	.db #0x01	; 1
      00021F 01                     589 	.db #0x01	; 1
      000220 01                     590 	.db #0x01	; 1
      000221 01                     591 	.db #0x01	; 1
      000222 C0                     592 	.db #0xc0	; 192
      000223 80                     593 	.db #0x80	; 128
      000224 E3                     594 	.db #0xe3	; 227
      000225 C0                     595 	.db #0xc0	; 192
      000226 FE                     596 	.db #0xfe	; 254
      000227 C0                     597 	.db #0xc0	; 192
      000228 FF                     598 	.db #0xff	; 255
      000229 64                     599 	.db #0x64	; 100	'd'
      00022A FF                     600 	.db #0xff	; 255
      00022B 7E                     601 	.db #0x7e	; 126
      00022C FF                     602 	.db #0xff	; 255
      00022D 3F                     603 	.db #0x3f	; 63
      00022E FF                     604 	.db #0xff	; 255
      00022F 1F                     605 	.db #0x1f	; 31
      000230 FF                     606 	.db #0xff	; 255
      000231 00                     607 	.db #0x00	; 0
      000232 03                     608 	.db #0x03	; 3
      000233 01                     609 	.db #0x01	; 1
      000234 01                     610 	.db #0x01	; 1
      000235 01                     611 	.db #0x01	; 1
      000236 01                     612 	.db #0x01	; 1
      000237 01                     613 	.db #0x01	; 1
      000238 03                     614 	.db #0x03	; 3
      000239 01                     615 	.db #0x01	; 1
      00023A 8F                     616 	.db #0x8f	; 143
      00023B 01                     617 	.db #0x01	; 1
      00023C FF                     618 	.db #0xff	; 255
      00023D 02                     619 	.db #0x02	; 2
      00023E FF                     620 	.db #0xff	; 255
      00023F FC                     621 	.db #0xfc	; 252
      000240 FF                     622 	.db #0xff	; 255
      000241 00                     623 	.db #0x00	; 0
      000242 80                     624 	.db #0x80	; 128
      000243 7F                     625 	.db #0x7f	; 127
      000244 00                     626 	.db #0x00	; 0
      000245 FF                     627 	.db #0xff	; 255
      000246 00                     628 	.db #0x00	; 0
      000247 FF                     629 	.db #0xff	; 255
      000248 00                     630 	.db #0x00	; 0
      000249 FF                     631 	.db #0xff	; 255
      00024A 00                     632 	.db #0x00	; 0
      00024B FF                     633 	.db #0xff	; 255
      00024C 04                     634 	.db #0x04	; 4
      00024D FB                     635 	.db #0xfb	; 251
      00024E 02                     636 	.db #0x02	; 2
      00024F FD                     637 	.db #0xfd	; 253
      000250 01                     638 	.db #0x01	; 1
      000251 FE                     639 	.db #0xfe	; 254
      000252 01                     640 	.db #0x01	; 1
      000253 FE                     641 	.db #0xfe	; 254
      000254 00                     642 	.db #0x00	; 0
      000255 FF                     643 	.db #0xff	; 255
      000256 00                     644 	.db #0x00	; 0
      000257 FF                     645 	.db #0xff	; 255
      000258 00                     646 	.db #0x00	; 0
      000259 FF                     647 	.db #0xff	; 255
      00025A 00                     648 	.db #0x00	; 0
      00025B FF                     649 	.db #0xff	; 255
      00025C 20                     650 	.db #0x20	; 32
      00025D DF                     651 	.db #0xdf	; 223
      00025E 40                     652 	.db #0x40	; 64
      00025F BF                     653 	.db #0xbf	; 191
      000260 80                     654 	.db #0x80	; 128
      000261 7F                     655 	.db #0x7f	; 127
      000262 01                     656 	.db #0x01	; 1
      000263 FE                     657 	.db #0xfe	; 254
      000264 02                     658 	.db #0x02	; 2
      000265 FD                     659 	.db #0xfd	; 253
      000266 04                     660 	.db #0x04	; 4
      000267 FB                     661 	.db #0xfb	; 251
      000268 00                     662 	.db #0x00	; 0
      000269 FF                     663 	.db #0xff	; 255
      00026A 00                     664 	.db #0x00	; 0
      00026B FF                     665 	.db #0xff	; 255
      00026C 00                     666 	.db #0x00	; 0
      00026D FF                     667 	.db #0xff	; 255
      00026E 00                     668 	.db #0x00	; 0
      00026F FF                     669 	.db #0xff	; 255
      000270 80                     670 	.db #0x80	; 128
      000271 7F                     671 	.db #0x7f	; 127
      000272 80                     672 	.db #0x80	; 128
      000273 7F                     673 	.db #0x7f	; 127
      000274 40                     674 	.db #0x40	; 64
      000275 BF                     675 	.db #0xbf	; 191
      000276 20                     676 	.db #0x20	; 32
      000277 DF                     677 	.db #0xdf	; 223
      000278 00                     678 	.db #0x00	; 0
      000279 FF                     679 	.db #0xff	; 255
      00027A 00                     680 	.db #0x00	; 0
      00027B FF                     681 	.db #0xff	; 255
      00027C 00                     682 	.db #0x00	; 0
      00027D FF                     683 	.db #0xff	; 255
      00027E 00                     684 	.db #0x00	; 0
      00027F FF                     685 	.db #0xff	; 255
      000280 01                     686 	.db #0x01	; 1
      000281 FE                     687 	.db #0xfe	; 254
                                    688 	.area _INITIALIZER
                                    689 	.area _CABS (ABS)
