                                      1 ;--------------------------------------------------------
                                      2 ; File Created by SDCC : free open source ANSI-C Compiler
                                      3 ; Version 4.1.4 #12246 (Mac OS X x86_64)
                                      4 ;--------------------------------------------------------
                                      5 	.module background_6_map
                                      6 	.optsdcc -mgbz80
                                      7 	
                                      8 ;--------------------------------------------------------
                                      9 ; Public variables in this module
                                     10 ;--------------------------------------------------------
                                     11 	.globl _background_6_map
                                     12 	.globl ___bank_background_6_map
                                     13 ;--------------------------------------------------------
                                     14 ; special function registers
                                     15 ;--------------------------------------------------------
                                     16 ;--------------------------------------------------------
                                     17 ; ram data
                                     18 ;--------------------------------------------------------
                                     19 	.area _DATA
                                     20 ;--------------------------------------------------------
                                     21 ; ram data
                                     22 ;--------------------------------------------------------
                                     23 	.area _INITIALIZED
                                     24 ;--------------------------------------------------------
                                     25 ; absolute external ram data
                                     26 ;--------------------------------------------------------
                                     27 	.area _DABS (ABS)
                                     28 ;--------------------------------------------------------
                                     29 ; global & static initialisations
                                     30 ;--------------------------------------------------------
                                     31 	.area _HOME
                                     32 	.area _GSINIT
                                     33 	.area _GSFINAL
                                     34 	.area _GSINIT
                                     35 ;--------------------------------------------------------
                                     36 ; Home
                                     37 ;--------------------------------------------------------
                                     38 	.area _HOME
                                     39 	.area _HOME
                                     40 ;--------------------------------------------------------
                                     41 ; code
                                     42 ;--------------------------------------------------------
                                     43 	.area _CODE_255
                                     44 	.area _CODE_255
                           0000FF    45 ___bank_background_6_map	=	0x00ff
      000000                         46 _background_6_map:
      000000 00                      47 	.db #0x00	; 0
      000001 00                      48 	.db #0x00	; 0
      000002 00                      49 	.db #0x00	; 0
      000003 00                      50 	.db #0x00	; 0
      000004 00                      51 	.db #0x00	; 0
      000005 00                      52 	.db #0x00	; 0
      000006 00                      53 	.db #0x00	; 0
      000007 00                      54 	.db #0x00	; 0
      000008 00                      55 	.db #0x00	; 0
      000009 00                      56 	.db #0x00	; 0
      00000A 00                      57 	.db #0x00	; 0
      00000B 00                      58 	.db #0x00	; 0
      00000C 00                      59 	.db #0x00	; 0
      00000D 00                      60 	.db #0x00	; 0
      00000E 00                      61 	.db #0x00	; 0
      00000F 00                      62 	.db #0x00	; 0
      000010 00                      63 	.db #0x00	; 0
      000011 00                      64 	.db #0x00	; 0
      000012 00                      65 	.db #0x00	; 0
      000013 00                      66 	.db #0x00	; 0
      000014 00                      67 	.db #0x00	; 0
      000015 00                      68 	.db #0x00	; 0
      000016 00                      69 	.db #0x00	; 0
      000017 00                      70 	.db #0x00	; 0
      000018 00                      71 	.db #0x00	; 0
      000019 00                      72 	.db #0x00	; 0
      00001A 00                      73 	.db #0x00	; 0
      00001B 00                      74 	.db #0x00	; 0
      00001C 00                      75 	.db #0x00	; 0
      00001D 00                      76 	.db #0x00	; 0
      00001E 00                      77 	.db #0x00	; 0
      00001F 00                      78 	.db #0x00	; 0
      000020 00                      79 	.db #0x00	; 0
      000021 00                      80 	.db #0x00	; 0
      000022 00                      81 	.db #0x00	; 0
      000023 00                      82 	.db #0x00	; 0
      000024 00                      83 	.db #0x00	; 0
      000025 00                      84 	.db #0x00	; 0
      000026 00                      85 	.db #0x00	; 0
      000027 00                      86 	.db #0x00	; 0
      000028 01                      87 	.db #0x01	; 1
      000029 01                      88 	.db #0x01	; 1
      00002A 01                      89 	.db #0x01	; 1
      00002B 01                      90 	.db #0x01	; 1
      00002C 01                      91 	.db #0x01	; 1
      00002D 01                      92 	.db #0x01	; 1
      00002E 01                      93 	.db #0x01	; 1
      00002F 01                      94 	.db #0x01	; 1
      000030 01                      95 	.db #0x01	; 1
      000031 01                      96 	.db #0x01	; 1
      000032 01                      97 	.db #0x01	; 1
      000033 01                      98 	.db #0x01	; 1
      000034 01                      99 	.db #0x01	; 1
      000035 01                     100 	.db #0x01	; 1
      000036 01                     101 	.db #0x01	; 1
      000037 01                     102 	.db #0x01	; 1
      000038 01                     103 	.db #0x01	; 1
      000039 01                     104 	.db #0x01	; 1
      00003A 01                     105 	.db #0x01	; 1
      00003B 01                     106 	.db #0x01	; 1
      00003C 02                     107 	.db #0x02	; 2
      00003D 03                     108 	.db #0x03	; 3
      00003E 04                     109 	.db #0x04	; 4
      00003F 05                     110 	.db #0x05	; 5
      000040 02                     111 	.db #0x02	; 2
      000041 03                     112 	.db #0x03	; 3
      000042 04                     113 	.db #0x04	; 4
      000043 05                     114 	.db #0x05	; 5
      000044 02                     115 	.db #0x02	; 2
      000045 03                     116 	.db #0x03	; 3
      000046 04                     117 	.db #0x04	; 4
      000047 05                     118 	.db #0x05	; 5
      000048 02                     119 	.db #0x02	; 2
      000049 03                     120 	.db #0x03	; 3
      00004A 04                     121 	.db #0x04	; 4
      00004B 05                     122 	.db #0x05	; 5
      00004C 02                     123 	.db #0x02	; 2
      00004D 03                     124 	.db #0x03	; 3
      00004E 04                     125 	.db #0x04	; 4
      00004F 05                     126 	.db #0x05	; 5
      000050 06                     127 	.db #0x06	; 6
      000051 07                     128 	.db #0x07	; 7
      000052 08                     129 	.db #0x08	; 8
      000053 09                     130 	.db #0x09	; 9
      000054 06                     131 	.db #0x06	; 6
      000055 07                     132 	.db #0x07	; 7
      000056 0A                     133 	.db #0x0a	; 10
      000057 09                     134 	.db #0x09	; 9
      000058 06                     135 	.db #0x06	; 6
      000059 07                     136 	.db #0x07	; 7
      00005A 0A                     137 	.db #0x0a	; 10
      00005B 09                     138 	.db #0x09	; 9
      00005C 06                     139 	.db #0x06	; 6
      00005D 07                     140 	.db #0x07	; 7
      00005E 0A                     141 	.db #0x0a	; 10
      00005F 09                     142 	.db #0x09	; 9
      000060 06                     143 	.db #0x06	; 6
      000061 07                     144 	.db #0x07	; 7
      000062 0A                     145 	.db #0x0a	; 10
      000063 09                     146 	.db #0x09	; 9
      000064 00                     147 	.db #0x00	; 0
      000065 00                     148 	.db #0x00	; 0
      000066 0B                     149 	.db #0x0b	; 11
      000067 0C                     150 	.db #0x0c	; 12
      000068 0B                     151 	.db #0x0b	; 11
      000069 0C                     152 	.db #0x0c	; 12
      00006A 0B                     153 	.db #0x0b	; 11
      00006B 0C                     154 	.db #0x0c	; 12
      00006C 00                     155 	.db #0x00	; 0
      00006D 00                     156 	.db #0x00	; 0
      00006E 00                     157 	.db #0x00	; 0
      00006F 00                     158 	.db #0x00	; 0
      000070 0D                     159 	.db #0x0d	; 13
      000071 0E                     160 	.db #0x0e	; 14
      000072 0D                     161 	.db #0x0d	; 13
      000073 0E                     162 	.db #0x0e	; 14
      000074 0D                     163 	.db #0x0d	; 13
      000075 0E                     164 	.db #0x0e	; 14
      000076 00                     165 	.db #0x00	; 0
      000077 00                     166 	.db #0x00	; 0
      000078 00                     167 	.db #0x00	; 0
      000079 00                     168 	.db #0x00	; 0
      00007A 00                     169 	.db #0x00	; 0
      00007B 00                     170 	.db #0x00	; 0
      00007C 00                     171 	.db #0x00	; 0
      00007D 00                     172 	.db #0x00	; 0
      00007E 00                     173 	.db #0x00	; 0
      00007F 00                     174 	.db #0x00	; 0
      000080 00                     175 	.db #0x00	; 0
      000081 00                     176 	.db #0x00	; 0
      000082 00                     177 	.db #0x00	; 0
      000083 00                     178 	.db #0x00	; 0
      000084 00                     179 	.db #0x00	; 0
      000085 00                     180 	.db #0x00	; 0
      000086 00                     181 	.db #0x00	; 0
      000087 00                     182 	.db #0x00	; 0
      000088 00                     183 	.db #0x00	; 0
      000089 00                     184 	.db #0x00	; 0
      00008A 00                     185 	.db #0x00	; 0
      00008B 00                     186 	.db #0x00	; 0
      00008C 00                     187 	.db #0x00	; 0
      00008D 00                     188 	.db #0x00	; 0
      00008E 00                     189 	.db #0x00	; 0
      00008F 00                     190 	.db #0x00	; 0
      000090 00                     191 	.db #0x00	; 0
      000091 00                     192 	.db #0x00	; 0
      000092 00                     193 	.db #0x00	; 0
      000093 0F                     194 	.db #0x0f	; 15
      000094 10                     195 	.db #0x10	; 16
      000095 11                     196 	.db #0x11	; 17
      000096 12                     197 	.db #0x12	; 18
      000097 13                     198 	.db #0x13	; 19
      000098 14                     199 	.db #0x14	; 20
      000099 00                     200 	.db #0x00	; 0
      00009A 00                     201 	.db #0x00	; 0
      00009B 00                     202 	.db #0x00	; 0
      00009C 00                     203 	.db #0x00	; 0
      00009D 00                     204 	.db #0x00	; 0
      00009E 00                     205 	.db #0x00	; 0
      00009F 00                     206 	.db #0x00	; 0
      0000A0 00                     207 	.db #0x00	; 0
      0000A1 00                     208 	.db #0x00	; 0
      0000A2 00                     209 	.db #0x00	; 0
      0000A3 00                     210 	.db #0x00	; 0
      0000A4 00                     211 	.db #0x00	; 0
      0000A5 00                     212 	.db #0x00	; 0
      0000A6 00                     213 	.db #0x00	; 0
      0000A7 00                     214 	.db #0x00	; 0
      0000A8 00                     215 	.db #0x00	; 0
      0000A9 00                     216 	.db #0x00	; 0
      0000AA 00                     217 	.db #0x00	; 0
      0000AB 00                     218 	.db #0x00	; 0
      0000AC 00                     219 	.db #0x00	; 0
      0000AD 00                     220 	.db #0x00	; 0
      0000AE 00                     221 	.db #0x00	; 0
      0000AF 00                     222 	.db #0x00	; 0
      0000B0 00                     223 	.db #0x00	; 0
      0000B1 00                     224 	.db #0x00	; 0
      0000B2 00                     225 	.db #0x00	; 0
      0000B3 00                     226 	.db #0x00	; 0
      0000B4 00                     227 	.db #0x00	; 0
      0000B5 00                     228 	.db #0x00	; 0
      0000B6 00                     229 	.db #0x00	; 0
      0000B7 00                     230 	.db #0x00	; 0
      0000B8 00                     231 	.db #0x00	; 0
      0000B9 00                     232 	.db #0x00	; 0
      0000BA 00                     233 	.db #0x00	; 0
      0000BB 00                     234 	.db #0x00	; 0
      0000BC 00                     235 	.db #0x00	; 0
      0000BD 00                     236 	.db #0x00	; 0
      0000BE 00                     237 	.db #0x00	; 0
      0000BF 00                     238 	.db #0x00	; 0
      0000C0 00                     239 	.db #0x00	; 0
      0000C1 00                     240 	.db #0x00	; 0
      0000C2 00                     241 	.db #0x00	; 0
      0000C3 00                     242 	.db #0x00	; 0
      0000C4 00                     243 	.db #0x00	; 0
      0000C5 00                     244 	.db #0x00	; 0
      0000C6 00                     245 	.db #0x00	; 0
      0000C7 00                     246 	.db #0x00	; 0
      0000C8 00                     247 	.db #0x00	; 0
      0000C9 00                     248 	.db #0x00	; 0
      0000CA 00                     249 	.db #0x00	; 0
      0000CB 00                     250 	.db #0x00	; 0
      0000CC 00                     251 	.db #0x00	; 0
      0000CD 00                     252 	.db #0x00	; 0
      0000CE 00                     253 	.db #0x00	; 0
      0000CF 00                     254 	.db #0x00	; 0
      0000D0 00                     255 	.db #0x00	; 0
      0000D1 00                     256 	.db #0x00	; 0
      0000D2 00                     257 	.db #0x00	; 0
      0000D3 00                     258 	.db #0x00	; 0
      0000D4 00                     259 	.db #0x00	; 0
      0000D5 00                     260 	.db #0x00	; 0
      0000D6 00                     261 	.db #0x00	; 0
      0000D7 00                     262 	.db #0x00	; 0
      0000D8 00                     263 	.db #0x00	; 0
      0000D9 00                     264 	.db #0x00	; 0
      0000DA 00                     265 	.db #0x00	; 0
      0000DB 00                     266 	.db #0x00	; 0
      0000DC 00                     267 	.db #0x00	; 0
      0000DD 00                     268 	.db #0x00	; 0
      0000DE 00                     269 	.db #0x00	; 0
      0000DF 00                     270 	.db #0x00	; 0
      0000E0 00                     271 	.db #0x00	; 0
      0000E1 00                     272 	.db #0x00	; 0
      0000E2 00                     273 	.db #0x00	; 0
      0000E3 00                     274 	.db #0x00	; 0
      0000E4 00                     275 	.db #0x00	; 0
      0000E5 00                     276 	.db #0x00	; 0
      0000E6 00                     277 	.db #0x00	; 0
      0000E7 00                     278 	.db #0x00	; 0
      0000E8 00                     279 	.db #0x00	; 0
      0000E9 00                     280 	.db #0x00	; 0
      0000EA 00                     281 	.db #0x00	; 0
      0000EB 00                     282 	.db #0x00	; 0
      0000EC 00                     283 	.db #0x00	; 0
      0000ED 00                     284 	.db #0x00	; 0
      0000EE 00                     285 	.db #0x00	; 0
      0000EF 00                     286 	.db #0x00	; 0
      0000F0 00                     287 	.db #0x00	; 0
      0000F1 00                     288 	.db #0x00	; 0
      0000F2 00                     289 	.db #0x00	; 0
      0000F3 15                     290 	.db #0x15	; 21
      0000F4 16                     291 	.db #0x16	; 22
      0000F5 17                     292 	.db #0x17	; 23
      0000F6 18                     293 	.db #0x18	; 24
      0000F7 19                     294 	.db #0x19	; 25
      0000F8 1A                     295 	.db #0x1a	; 26
      0000F9 1B                     296 	.db #0x1b	; 27
      0000FA 1C                     297 	.db #0x1c	; 28
      0000FB 1D                     298 	.db #0x1d	; 29
      0000FC 1E                     299 	.db #0x1e	; 30
      0000FD 1F                     300 	.db #0x1f	; 31
      0000FE 20                     301 	.db #0x20	; 32
      0000FF 21                     302 	.db #0x21	; 33
      000100 22                     303 	.db #0x22	; 34
      000101 00                     304 	.db #0x00	; 0
      000102 00                     305 	.db #0x00	; 0
      000103 00                     306 	.db #0x00	; 0
      000104 00                     307 	.db #0x00	; 0
      000105 00                     308 	.db #0x00	; 0
      000106 00                     309 	.db #0x00	; 0
      000107 23                     310 	.db #0x23	; 35
      000108 24                     311 	.db #0x24	; 36
      000109 25                     312 	.db #0x25	; 37
      00010A 26                     313 	.db #0x26	; 38
      00010B 27                     314 	.db #0x27	; 39
      00010C 28                     315 	.db #0x28	; 40
      00010D 29                     316 	.db #0x29	; 41
      00010E 2A                     317 	.db #0x2a	; 42
      00010F 2B                     318 	.db #0x2b	; 43
      000110 2C                     319 	.db #0x2c	; 44
      000111 2D                     320 	.db #0x2d	; 45
      000112 2E                     321 	.db #0x2e	; 46
      000113 2F                     322 	.db #0x2f	; 47
      000114 30                     323 	.db #0x30	; 48	'0'
      000115 00                     324 	.db #0x00	; 0
      000116 00                     325 	.db #0x00	; 0
      000117 00                     326 	.db #0x00	; 0
      000118 31                     327 	.db #0x31	; 49	'1'
      000119 32                     328 	.db #0x32	; 50	'2'
      00011A 33                     329 	.db #0x33	; 51	'3'
      00011B 34                     330 	.db #0x34	; 52	'4'
      00011C 35                     331 	.db #0x35	; 53	'5'
      00011D 36                     332 	.db #0x36	; 54	'6'
      00011E 37                     333 	.db #0x37	; 55	'7'
      00011F 36                     334 	.db #0x36	; 54	'6'
      000120 37                     335 	.db #0x37	; 55	'7'
      000121 36                     336 	.db #0x36	; 54	'6'
      000122 37                     337 	.db #0x37	; 55	'7'
      000123 36                     338 	.db #0x36	; 54	'6'
      000124 37                     339 	.db #0x37	; 55	'7'
      000125 36                     340 	.db #0x36	; 54	'6'
      000126 37                     341 	.db #0x37	; 55	'7'
      000127 34                     342 	.db #0x34	; 52	'4'
      000128 35                     343 	.db #0x35	; 53	'5'
      000129 38                     344 	.db #0x38	; 56	'8'
      00012A 39                     345 	.db #0x39	; 57	'9'
      00012B 31                     346 	.db #0x31	; 49	'1'
      00012C 00                     347 	.db #0x00	; 0
      00012D 00                     348 	.db #0x00	; 0
      00012E 00                     349 	.db #0x00	; 0
      00012F 00                     350 	.db #0x00	; 0
      000130 00                     351 	.db #0x00	; 0
      000131 3A                     352 	.db #0x3a	; 58
      000132 3B                     353 	.db #0x3b	; 59
      000133 3A                     354 	.db #0x3a	; 58
      000134 3B                     355 	.db #0x3b	; 59
      000135 3A                     356 	.db #0x3a	; 58
      000136 3B                     357 	.db #0x3b	; 59
      000137 3A                     358 	.db #0x3a	; 58
      000138 3B                     359 	.db #0x3b	; 59
      000139 3A                     360 	.db #0x3a	; 58
      00013A 3B                     361 	.db #0x3b	; 59
      00013B 00                     362 	.db #0x00	; 0
      00013C 00                     363 	.db #0x00	; 0
      00013D 00                     364 	.db #0x00	; 0
      00013E 00                     365 	.db #0x00	; 0
      00013F 00                     366 	.db #0x00	; 0
      000140 00                     367 	.db #0x00	; 0
      000141 00                     368 	.db #0x00	; 0
      000142 00                     369 	.db #0x00	; 0
      000143 00                     370 	.db #0x00	; 0
      000144 00                     371 	.db #0x00	; 0
      000145 00                     372 	.db #0x00	; 0
      000146 00                     373 	.db #0x00	; 0
      000147 00                     374 	.db #0x00	; 0
      000148 00                     375 	.db #0x00	; 0
      000149 00                     376 	.db #0x00	; 0
      00014A 00                     377 	.db #0x00	; 0
      00014B 00                     378 	.db #0x00	; 0
      00014C 00                     379 	.db #0x00	; 0
      00014D 00                     380 	.db #0x00	; 0
      00014E 00                     381 	.db #0x00	; 0
      00014F 00                     382 	.db #0x00	; 0
      000150 00                     383 	.db #0x00	; 0
      000151 00                     384 	.db #0x00	; 0
      000152 00                     385 	.db #0x00	; 0
      000153 00                     386 	.db #0x00	; 0
      000154 00                     387 	.db #0x00	; 0
      000155 00                     388 	.db #0x00	; 0
      000156 00                     389 	.db #0x00	; 0
      000157 00                     390 	.db #0x00	; 0
      000158 00                     391 	.db #0x00	; 0
      000159 00                     392 	.db #0x00	; 0
      00015A 00                     393 	.db #0x00	; 0
      00015B 00                     394 	.db #0x00	; 0
      00015C 00                     395 	.db #0x00	; 0
      00015D 00                     396 	.db #0x00	; 0
      00015E 00                     397 	.db #0x00	; 0
      00015F 00                     398 	.db #0x00	; 0
      000160 00                     399 	.db #0x00	; 0
      000161 00                     400 	.db #0x00	; 0
      000162 00                     401 	.db #0x00	; 0
      000163 00                     402 	.db #0x00	; 0
      000164 00                     403 	.db #0x00	; 0
      000165 00                     404 	.db #0x00	; 0
      000166 00                     405 	.db #0x00	; 0
      000167 00                     406 	.db #0x00	; 0
                                    407 	.area _INITIALIZER
                                    408 	.area _CABS (ABS)
