                                      1 ;--------------------------------------------------------
                                      2 ; File Created by SDCC : free open source ANSI-C Compiler
                                      3 ; Version 4.1.4 #12246 (Mac OS X x86_64)
                                      4 ;--------------------------------------------------------
                                      5 	.module background_4_map
                                      6 	.optsdcc -mgbz80
                                      7 	
                                      8 ;--------------------------------------------------------
                                      9 ; Public variables in this module
                                     10 ;--------------------------------------------------------
                                     11 	.globl _background_4_map
                                     12 	.globl ___bank_background_4_map
                                     13 ;--------------------------------------------------------
                                     14 ; special function registers
                                     15 ;--------------------------------------------------------
                                     16 ;--------------------------------------------------------
                                     17 ; ram data
                                     18 ;--------------------------------------------------------
                                     19 	.area _DATA
                                     20 ;--------------------------------------------------------
                                     21 ; ram data
                                     22 ;--------------------------------------------------------
                                     23 	.area _INITIALIZED
                                     24 ;--------------------------------------------------------
                                     25 ; absolute external ram data
                                     26 ;--------------------------------------------------------
                                     27 	.area _DABS (ABS)
                                     28 ;--------------------------------------------------------
                                     29 ; global & static initialisations
                                     30 ;--------------------------------------------------------
                                     31 	.area _HOME
                                     32 	.area _GSINIT
                                     33 	.area _GSFINAL
                                     34 	.area _GSINIT
                                     35 ;--------------------------------------------------------
                                     36 ; Home
                                     37 ;--------------------------------------------------------
                                     38 	.area _HOME
                                     39 	.area _HOME
                                     40 ;--------------------------------------------------------
                                     41 ; code
                                     42 ;--------------------------------------------------------
                                     43 	.area _CODE_255
                                     44 	.area _CODE_255
                           0000FF    45 ___bank_background_4_map	=	0x00ff
      000000                         46 _background_4_map:
      000000 00                      47 	.db #0x00	; 0
      000001 00                      48 	.db #0x00	; 0
      000002 00                      49 	.db #0x00	; 0
      000003 00                      50 	.db #0x00	; 0
      000004 00                      51 	.db #0x00	; 0
      000005 00                      52 	.db #0x00	; 0
      000006 00                      53 	.db #0x00	; 0
      000007 00                      54 	.db #0x00	; 0
      000008 00                      55 	.db #0x00	; 0
      000009 00                      56 	.db #0x00	; 0
      00000A 00                      57 	.db #0x00	; 0
      00000B 00                      58 	.db #0x00	; 0
      00000C 00                      59 	.db #0x00	; 0
      00000D 00                      60 	.db #0x00	; 0
      00000E 00                      61 	.db #0x00	; 0
      00000F 00                      62 	.db #0x00	; 0
      000010 00                      63 	.db #0x00	; 0
      000011 00                      64 	.db #0x00	; 0
      000012 00                      65 	.db #0x00	; 0
      000013 00                      66 	.db #0x00	; 0
      000014 00                      67 	.db #0x00	; 0
      000015 00                      68 	.db #0x00	; 0
      000016 00                      69 	.db #0x00	; 0
      000017 00                      70 	.db #0x00	; 0
      000018 00                      71 	.db #0x00	; 0
      000019 00                      72 	.db #0x00	; 0
      00001A 00                      73 	.db #0x00	; 0
      00001B 00                      74 	.db #0x00	; 0
      00001C 00                      75 	.db #0x00	; 0
      00001D 00                      76 	.db #0x00	; 0
      00001E 00                      77 	.db #0x00	; 0
      00001F 00                      78 	.db #0x00	; 0
      000020 00                      79 	.db #0x00	; 0
      000021 01                      80 	.db #0x01	; 1
      000022 02                      81 	.db #0x02	; 2
      000023 02                      82 	.db #0x02	; 2
      000024 02                      83 	.db #0x02	; 2
      000025 02                      84 	.db #0x02	; 2
      000026 02                      85 	.db #0x02	; 2
      000027 02                      86 	.db #0x02	; 2
      000028 02                      87 	.db #0x02	; 2
      000029 02                      88 	.db #0x02	; 2
      00002A 02                      89 	.db #0x02	; 2
      00002B 02                      90 	.db #0x02	; 2
      00002C 02                      91 	.db #0x02	; 2
      00002D 02                      92 	.db #0x02	; 2
      00002E 02                      93 	.db #0x02	; 2
      00002F 02                      94 	.db #0x02	; 2
      000030 02                      95 	.db #0x02	; 2
      000031 02                      96 	.db #0x02	; 2
      000032 02                      97 	.db #0x02	; 2
      000033 02                      98 	.db #0x02	; 2
      000034 02                      99 	.db #0x02	; 2
      000035 02                     100 	.db #0x02	; 2
      000036 02                     101 	.db #0x02	; 2
      000037 02                     102 	.db #0x02	; 2
      000038 02                     103 	.db #0x02	; 2
      000039 02                     104 	.db #0x02	; 2
      00003A 02                     105 	.db #0x02	; 2
      00003B 02                     106 	.db #0x02	; 2
      00003C 02                     107 	.db #0x02	; 2
      00003D 02                     108 	.db #0x02	; 2
      00003E 03                     109 	.db #0x03	; 3
      00003F 00                     110 	.db #0x00	; 0
      000040 00                     111 	.db #0x00	; 0
      000041 04                     112 	.db #0x04	; 4
      000042 0F                     113 	.db #0x0f	; 15
      000043 10                     114 	.db #0x10	; 16
      000044 10                     115 	.db #0x10	; 16
      000045 10                     116 	.db #0x10	; 16
      000046 0F                     117 	.db #0x0f	; 15
      000047 10                     118 	.db #0x10	; 16
      000048 0F                     119 	.db #0x0f	; 15
      000049 10                     120 	.db #0x10	; 16
      00004A 0F                     121 	.db #0x0f	; 15
      00004B 10                     122 	.db #0x10	; 16
      00004C 0F                     123 	.db #0x0f	; 15
      00004D 10                     124 	.db #0x10	; 16
      00004E 0F                     125 	.db #0x0f	; 15
      00004F 0F                     126 	.db #0x0f	; 15
      000050 10                     127 	.db #0x10	; 16
      000051 0F                     128 	.db #0x0f	; 15
      000052 10                     129 	.db #0x10	; 16
      000053 0F                     130 	.db #0x0f	; 15
      000054 0F                     131 	.db #0x0f	; 15
      000055 10                     132 	.db #0x10	; 16
      000056 0F                     133 	.db #0x0f	; 15
      000057 10                     134 	.db #0x10	; 16
      000058 0F                     135 	.db #0x0f	; 15
      000059 0F                     136 	.db #0x0f	; 15
      00005A 10                     137 	.db #0x10	; 16
      00005B 0F                     138 	.db #0x0f	; 15
      00005C 10                     139 	.db #0x10	; 16
      00005D 0F                     140 	.db #0x0f	; 15
      00005E 06                     141 	.db #0x06	; 6
      00005F 00                     142 	.db #0x00	; 0
      000060 00                     143 	.db #0x00	; 0
      000061 04                     144 	.db #0x04	; 4
      000062 11                     145 	.db #0x11	; 17
      000063 12                     146 	.db #0x12	; 18
      000064 12                     147 	.db #0x12	; 18
      000065 12                     148 	.db #0x12	; 18
      000066 11                     149 	.db #0x11	; 17
      000067 12                     150 	.db #0x12	; 18
      000068 11                     151 	.db #0x11	; 17
      000069 12                     152 	.db #0x12	; 18
      00006A 11                     153 	.db #0x11	; 17
      00006B 12                     154 	.db #0x12	; 18
      00006C 11                     155 	.db #0x11	; 17
      00006D 12                     156 	.db #0x12	; 18
      00006E 11                     157 	.db #0x11	; 17
      00006F 11                     158 	.db #0x11	; 17
      000070 12                     159 	.db #0x12	; 18
      000071 11                     160 	.db #0x11	; 17
      000072 12                     161 	.db #0x12	; 18
      000073 11                     162 	.db #0x11	; 17
      000074 11                     163 	.db #0x11	; 17
      000075 12                     164 	.db #0x12	; 18
      000076 11                     165 	.db #0x11	; 17
      000077 12                     166 	.db #0x12	; 18
      000078 11                     167 	.db #0x11	; 17
      000079 11                     168 	.db #0x11	; 17
      00007A 12                     169 	.db #0x12	; 18
      00007B 11                     170 	.db #0x11	; 17
      00007C 12                     171 	.db #0x12	; 18
      00007D 11                     172 	.db #0x11	; 17
      00007E 06                     173 	.db #0x06	; 6
      00007F 00                     174 	.db #0x00	; 0
      000080 00                     175 	.db #0x00	; 0
      000081 04                     176 	.db #0x04	; 4
      000082 13                     177 	.db #0x13	; 19
      000083 14                     178 	.db #0x14	; 20
      000084 15                     179 	.db #0x15	; 21
      000085 16                     180 	.db #0x16	; 22
      000086 17                     181 	.db #0x17	; 23
      000087 13                     182 	.db #0x13	; 19
      000088 13                     183 	.db #0x13	; 19
      000089 14                     184 	.db #0x14	; 20
      00008A 13                     185 	.db #0x13	; 19
      00008B 14                     186 	.db #0x14	; 20
      00008C 15                     187 	.db #0x15	; 21
      00008D 13                     188 	.db #0x13	; 19
      00008E 14                     189 	.db #0x14	; 20
      00008F 15                     190 	.db #0x15	; 21
      000090 16                     191 	.db #0x16	; 22
      000091 17                     192 	.db #0x17	; 23
      000092 13                     193 	.db #0x13	; 19
      000093 14                     194 	.db #0x14	; 20
      000094 13                     195 	.db #0x13	; 19
      000095 14                     196 	.db #0x14	; 20
      000096 15                     197 	.db #0x15	; 21
      000097 13                     198 	.db #0x13	; 19
      000098 14                     199 	.db #0x14	; 20
      000099 15                     200 	.db #0x15	; 21
      00009A 16                     201 	.db #0x16	; 22
      00009B 17                     202 	.db #0x17	; 23
      00009C 13                     203 	.db #0x13	; 19
      00009D 14                     204 	.db #0x14	; 20
      00009E 06                     205 	.db #0x06	; 6
      00009F 00                     206 	.db #0x00	; 0
      0000A0 00                     207 	.db #0x00	; 0
      0000A1 04                     208 	.db #0x04	; 4
      0000A2 00                     209 	.db #0x00	; 0
      0000A3 00                     210 	.db #0x00	; 0
      0000A4 1C                     211 	.db #0x1c	; 28
      0000A5 1D                     212 	.db #0x1d	; 29
      0000A6 1C                     213 	.db #0x1c	; 28
      0000A7 1D                     214 	.db #0x1d	; 29
      0000A8 1C                     215 	.db #0x1c	; 28
      0000A9 1D                     216 	.db #0x1d	; 29
      0000AA 1C                     217 	.db #0x1c	; 28
      0000AB 1D                     218 	.db #0x1d	; 29
      0000AC 1C                     219 	.db #0x1c	; 28
      0000AD 1D                     220 	.db #0x1d	; 29
      0000AE 1C                     221 	.db #0x1c	; 28
      0000AF 1D                     222 	.db #0x1d	; 29
      0000B0 1C                     223 	.db #0x1c	; 28
      0000B1 1D                     224 	.db #0x1d	; 29
      0000B2 1C                     225 	.db #0x1c	; 28
      0000B3 1D                     226 	.db #0x1d	; 29
      0000B4 1C                     227 	.db #0x1c	; 28
      0000B5 1D                     228 	.db #0x1d	; 29
      0000B6 1C                     229 	.db #0x1c	; 28
      0000B7 1D                     230 	.db #0x1d	; 29
      0000B8 1C                     231 	.db #0x1c	; 28
      0000B9 1D                     232 	.db #0x1d	; 29
      0000BA 1C                     233 	.db #0x1c	; 28
      0000BB 1D                     234 	.db #0x1d	; 29
      0000BC 00                     235 	.db #0x00	; 0
      0000BD 00                     236 	.db #0x00	; 0
      0000BE 06                     237 	.db #0x06	; 6
      0000BF 00                     238 	.db #0x00	; 0
      0000C0 00                     239 	.db #0x00	; 0
      0000C1 04                     240 	.db #0x04	; 4
      0000C2 1C                     241 	.db #0x1c	; 28
      0000C3 1D                     242 	.db #0x1d	; 29
      0000C4 1E                     243 	.db #0x1e	; 30
      0000C5 1F                     244 	.db #0x1f	; 31
      0000C6 1E                     245 	.db #0x1e	; 30
      0000C7 1F                     246 	.db #0x1f	; 31
      0000C8 1E                     247 	.db #0x1e	; 30
      0000C9 1F                     248 	.db #0x1f	; 31
      0000CA 1E                     249 	.db #0x1e	; 30
      0000CB 1F                     250 	.db #0x1f	; 31
      0000CC 1E                     251 	.db #0x1e	; 30
      0000CD 1F                     252 	.db #0x1f	; 31
      0000CE 1E                     253 	.db #0x1e	; 30
      0000CF 1F                     254 	.db #0x1f	; 31
      0000D0 1E                     255 	.db #0x1e	; 30
      0000D1 1F                     256 	.db #0x1f	; 31
      0000D2 1E                     257 	.db #0x1e	; 30
      0000D3 1F                     258 	.db #0x1f	; 31
      0000D4 1E                     259 	.db #0x1e	; 30
      0000D5 1F                     260 	.db #0x1f	; 31
      0000D6 1E                     261 	.db #0x1e	; 30
      0000D7 1F                     262 	.db #0x1f	; 31
      0000D8 1E                     263 	.db #0x1e	; 30
      0000D9 1F                     264 	.db #0x1f	; 31
      0000DA 1E                     265 	.db #0x1e	; 30
      0000DB 1F                     266 	.db #0x1f	; 31
      0000DC 1C                     267 	.db #0x1c	; 28
      0000DD 1D                     268 	.db #0x1d	; 29
      0000DE 06                     269 	.db #0x06	; 6
      0000DF 00                     270 	.db #0x00	; 0
      0000E0 00                     271 	.db #0x00	; 0
      0000E1 04                     272 	.db #0x04	; 4
      0000E2 1E                     273 	.db #0x1e	; 30
      0000E3 1F                     274 	.db #0x1f	; 31
      0000E4 05                     275 	.db #0x05	; 5
      0000E5 05                     276 	.db #0x05	; 5
      0000E6 05                     277 	.db #0x05	; 5
      0000E7 05                     278 	.db #0x05	; 5
      0000E8 05                     279 	.db #0x05	; 5
      0000E9 05                     280 	.db #0x05	; 5
      0000EA 05                     281 	.db #0x05	; 5
      0000EB 05                     282 	.db #0x05	; 5
      0000EC 05                     283 	.db #0x05	; 5
      0000ED 05                     284 	.db #0x05	; 5
      0000EE 05                     285 	.db #0x05	; 5
      0000EF 20                     286 	.db #0x20	; 32
      0000F0 21                     287 	.db #0x21	; 33
      0000F1 05                     288 	.db #0x05	; 5
      0000F2 05                     289 	.db #0x05	; 5
      0000F3 05                     290 	.db #0x05	; 5
      0000F4 05                     291 	.db #0x05	; 5
      0000F5 05                     292 	.db #0x05	; 5
      0000F6 05                     293 	.db #0x05	; 5
      0000F7 05                     294 	.db #0x05	; 5
      0000F8 20                     295 	.db #0x20	; 32
      0000F9 21                     296 	.db #0x21	; 33
      0000FA 05                     297 	.db #0x05	; 5
      0000FB 05                     298 	.db #0x05	; 5
      0000FC 1E                     299 	.db #0x1e	; 30
      0000FD 1F                     300 	.db #0x1f	; 31
      0000FE 06                     301 	.db #0x06	; 6
      0000FF 00                     302 	.db #0x00	; 0
      000100 00                     303 	.db #0x00	; 0
      000101 04                     304 	.db #0x04	; 4
      000102 1C                     305 	.db #0x1c	; 28
      000103 1D                     306 	.db #0x1d	; 29
      000104 05                     307 	.db #0x05	; 5
      000105 05                     308 	.db #0x05	; 5
      000106 05                     309 	.db #0x05	; 5
      000107 05                     310 	.db #0x05	; 5
      000108 05                     311 	.db #0x05	; 5
      000109 05                     312 	.db #0x05	; 5
      00010A 05                     313 	.db #0x05	; 5
      00010B 05                     314 	.db #0x05	; 5
      00010C 05                     315 	.db #0x05	; 5
      00010D 05                     316 	.db #0x05	; 5
      00010E 05                     317 	.db #0x05	; 5
      00010F 22                     318 	.db #0x22	; 34
      000110 23                     319 	.db #0x23	; 35
      000111 05                     320 	.db #0x05	; 5
      000112 05                     321 	.db #0x05	; 5
      000113 05                     322 	.db #0x05	; 5
      000114 05                     323 	.db #0x05	; 5
      000115 05                     324 	.db #0x05	; 5
      000116 05                     325 	.db #0x05	; 5
      000117 05                     326 	.db #0x05	; 5
      000118 22                     327 	.db #0x22	; 34
      000119 23                     328 	.db #0x23	; 35
      00011A 05                     329 	.db #0x05	; 5
      00011B 05                     330 	.db #0x05	; 5
      00011C 1C                     331 	.db #0x1c	; 28
      00011D 1D                     332 	.db #0x1d	; 29
      00011E 06                     333 	.db #0x06	; 6
      00011F 00                     334 	.db #0x00	; 0
      000120 00                     335 	.db #0x00	; 0
      000121 04                     336 	.db #0x04	; 4
      000122 1E                     337 	.db #0x1e	; 30
      000123 1F                     338 	.db #0x1f	; 31
      000124 05                     339 	.db #0x05	; 5
      000125 05                     340 	.db #0x05	; 5
      000126 20                     341 	.db #0x20	; 32
      000127 21                     342 	.db #0x21	; 33
      000128 05                     343 	.db #0x05	; 5
      000129 05                     344 	.db #0x05	; 5
      00012A 05                     345 	.db #0x05	; 5
      00012B 05                     346 	.db #0x05	; 5
      00012C 05                     347 	.db #0x05	; 5
      00012D 05                     348 	.db #0x05	; 5
      00012E 05                     349 	.db #0x05	; 5
      00012F 24                     350 	.db #0x24	; 36
      000130 25                     351 	.db #0x25	; 37
      000131 05                     352 	.db #0x05	; 5
      000132 05                     353 	.db #0x05	; 5
      000133 05                     354 	.db #0x05	; 5
      000134 05                     355 	.db #0x05	; 5
      000135 05                     356 	.db #0x05	; 5
      000136 05                     357 	.db #0x05	; 5
      000137 05                     358 	.db #0x05	; 5
      000138 05                     359 	.db #0x05	; 5
      000139 05                     360 	.db #0x05	; 5
      00013A 05                     361 	.db #0x05	; 5
      00013B 05                     362 	.db #0x05	; 5
      00013C 1E                     363 	.db #0x1e	; 30
      00013D 1F                     364 	.db #0x1f	; 31
      00013E 06                     365 	.db #0x06	; 6
      00013F 00                     366 	.db #0x00	; 0
      000140 00                     367 	.db #0x00	; 0
      000141 04                     368 	.db #0x04	; 4
      000142 1C                     369 	.db #0x1c	; 28
      000143 1D                     370 	.db #0x1d	; 29
      000144 05                     371 	.db #0x05	; 5
      000145 05                     372 	.db #0x05	; 5
      000146 22                     373 	.db #0x22	; 34
      000147 23                     374 	.db #0x23	; 35
      000148 05                     375 	.db #0x05	; 5
      000149 05                     376 	.db #0x05	; 5
      00014A 05                     377 	.db #0x05	; 5
      00014B 05                     378 	.db #0x05	; 5
      00014C 05                     379 	.db #0x05	; 5
      00014D 05                     380 	.db #0x05	; 5
      00014E 05                     381 	.db #0x05	; 5
      00014F 26                     382 	.db #0x26	; 38
      000150 27                     383 	.db #0x27	; 39
      000151 05                     384 	.db #0x05	; 5
      000152 05                     385 	.db #0x05	; 5
      000153 05                     386 	.db #0x05	; 5
      000154 05                     387 	.db #0x05	; 5
      000155 05                     388 	.db #0x05	; 5
      000156 05                     389 	.db #0x05	; 5
      000157 05                     390 	.db #0x05	; 5
      000158 05                     391 	.db #0x05	; 5
      000159 05                     392 	.db #0x05	; 5
      00015A 05                     393 	.db #0x05	; 5
      00015B 05                     394 	.db #0x05	; 5
      00015C 1C                     395 	.db #0x1c	; 28
      00015D 1D                     396 	.db #0x1d	; 29
      00015E 06                     397 	.db #0x06	; 6
      00015F 00                     398 	.db #0x00	; 0
      000160 00                     399 	.db #0x00	; 0
      000161 04                     400 	.db #0x04	; 4
      000162 1E                     401 	.db #0x1e	; 30
      000163 1F                     402 	.db #0x1f	; 31
      000164 05                     403 	.db #0x05	; 5
      000165 05                     404 	.db #0x05	; 5
      000166 05                     405 	.db #0x05	; 5
      000167 05                     406 	.db #0x05	; 5
      000168 05                     407 	.db #0x05	; 5
      000169 05                     408 	.db #0x05	; 5
      00016A 05                     409 	.db #0x05	; 5
      00016B 05                     410 	.db #0x05	; 5
      00016C 05                     411 	.db #0x05	; 5
      00016D 05                     412 	.db #0x05	; 5
      00016E 05                     413 	.db #0x05	; 5
      00016F 05                     414 	.db #0x05	; 5
      000170 05                     415 	.db #0x05	; 5
      000171 05                     416 	.db #0x05	; 5
      000172 05                     417 	.db #0x05	; 5
      000173 05                     418 	.db #0x05	; 5
      000174 05                     419 	.db #0x05	; 5
      000175 05                     420 	.db #0x05	; 5
      000176 05                     421 	.db #0x05	; 5
      000177 05                     422 	.db #0x05	; 5
      000178 05                     423 	.db #0x05	; 5
      000179 05                     424 	.db #0x05	; 5
      00017A 05                     425 	.db #0x05	; 5
      00017B 05                     426 	.db #0x05	; 5
      00017C 1E                     427 	.db #0x1e	; 30
      00017D 1F                     428 	.db #0x1f	; 31
      00017E 06                     429 	.db #0x06	; 6
      00017F 00                     430 	.db #0x00	; 0
      000180 00                     431 	.db #0x00	; 0
      000181 04                     432 	.db #0x04	; 4
      000182 1C                     433 	.db #0x1c	; 28
      000183 1D                     434 	.db #0x1d	; 29
      000184 05                     435 	.db #0x05	; 5
      000185 05                     436 	.db #0x05	; 5
      000186 05                     437 	.db #0x05	; 5
      000187 05                     438 	.db #0x05	; 5
      000188 05                     439 	.db #0x05	; 5
      000189 05                     440 	.db #0x05	; 5
      00018A 05                     441 	.db #0x05	; 5
      00018B 05                     442 	.db #0x05	; 5
      00018C 05                     443 	.db #0x05	; 5
      00018D 05                     444 	.db #0x05	; 5
      00018E 05                     445 	.db #0x05	; 5
      00018F 05                     446 	.db #0x05	; 5
      000190 05                     447 	.db #0x05	; 5
      000191 05                     448 	.db #0x05	; 5
      000192 05                     449 	.db #0x05	; 5
      000193 05                     450 	.db #0x05	; 5
      000194 05                     451 	.db #0x05	; 5
      000195 05                     452 	.db #0x05	; 5
      000196 05                     453 	.db #0x05	; 5
      000197 05                     454 	.db #0x05	; 5
      000198 05                     455 	.db #0x05	; 5
      000199 05                     456 	.db #0x05	; 5
      00019A 05                     457 	.db #0x05	; 5
      00019B 05                     458 	.db #0x05	; 5
      00019C 1C                     459 	.db #0x1c	; 28
      00019D 1D                     460 	.db #0x1d	; 29
      00019E 06                     461 	.db #0x06	; 6
      00019F 00                     462 	.db #0x00	; 0
      0001A0 00                     463 	.db #0x00	; 0
      0001A1 04                     464 	.db #0x04	; 4
      0001A2 1E                     465 	.db #0x1e	; 30
      0001A3 1F                     466 	.db #0x1f	; 31
      0001A4 05                     467 	.db #0x05	; 5
      0001A5 05                     468 	.db #0x05	; 5
      0001A6 05                     469 	.db #0x05	; 5
      0001A7 05                     470 	.db #0x05	; 5
      0001A8 05                     471 	.db #0x05	; 5
      0001A9 05                     472 	.db #0x05	; 5
      0001AA 05                     473 	.db #0x05	; 5
      0001AB 05                     474 	.db #0x05	; 5
      0001AC 05                     475 	.db #0x05	; 5
      0001AD 05                     476 	.db #0x05	; 5
      0001AE 05                     477 	.db #0x05	; 5
      0001AF 05                     478 	.db #0x05	; 5
      0001B0 05                     479 	.db #0x05	; 5
      0001B1 05                     480 	.db #0x05	; 5
      0001B2 05                     481 	.db #0x05	; 5
      0001B3 05                     482 	.db #0x05	; 5
      0001B4 05                     483 	.db #0x05	; 5
      0001B5 05                     484 	.db #0x05	; 5
      0001B6 05                     485 	.db #0x05	; 5
      0001B7 05                     486 	.db #0x05	; 5
      0001B8 05                     487 	.db #0x05	; 5
      0001B9 05                     488 	.db #0x05	; 5
      0001BA 05                     489 	.db #0x05	; 5
      0001BB 05                     490 	.db #0x05	; 5
      0001BC 1E                     491 	.db #0x1e	; 30
      0001BD 1F                     492 	.db #0x1f	; 31
      0001BE 06                     493 	.db #0x06	; 6
      0001BF 00                     494 	.db #0x00	; 0
      0001C0 00                     495 	.db #0x00	; 0
      0001C1 04                     496 	.db #0x04	; 4
      0001C2 1C                     497 	.db #0x1c	; 28
      0001C3 1D                     498 	.db #0x1d	; 29
      0001C4 05                     499 	.db #0x05	; 5
      0001C5 05                     500 	.db #0x05	; 5
      0001C6 05                     501 	.db #0x05	; 5
      0001C7 05                     502 	.db #0x05	; 5
      0001C8 05                     503 	.db #0x05	; 5
      0001C9 05                     504 	.db #0x05	; 5
      0001CA 05                     505 	.db #0x05	; 5
      0001CB 05                     506 	.db #0x05	; 5
      0001CC 05                     507 	.db #0x05	; 5
      0001CD 05                     508 	.db #0x05	; 5
      0001CE 05                     509 	.db #0x05	; 5
      0001CF 05                     510 	.db #0x05	; 5
      0001D0 05                     511 	.db #0x05	; 5
      0001D1 20                     512 	.db #0x20	; 32
      0001D2 21                     513 	.db #0x21	; 33
      0001D3 05                     514 	.db #0x05	; 5
      0001D4 05                     515 	.db #0x05	; 5
      0001D5 05                     516 	.db #0x05	; 5
      0001D6 05                     517 	.db #0x05	; 5
      0001D7 05                     518 	.db #0x05	; 5
      0001D8 05                     519 	.db #0x05	; 5
      0001D9 05                     520 	.db #0x05	; 5
      0001DA 05                     521 	.db #0x05	; 5
      0001DB 05                     522 	.db #0x05	; 5
      0001DC 1C                     523 	.db #0x1c	; 28
      0001DD 1D                     524 	.db #0x1d	; 29
      0001DE 06                     525 	.db #0x06	; 6
      0001DF 00                     526 	.db #0x00	; 0
      0001E0 00                     527 	.db #0x00	; 0
      0001E1 04                     528 	.db #0x04	; 4
      0001E2 1E                     529 	.db #0x1e	; 30
      0001E3 1F                     530 	.db #0x1f	; 31
      0001E4 05                     531 	.db #0x05	; 5
      0001E5 05                     532 	.db #0x05	; 5
      0001E6 05                     533 	.db #0x05	; 5
      0001E7 05                     534 	.db #0x05	; 5
      0001E8 05                     535 	.db #0x05	; 5
      0001E9 05                     536 	.db #0x05	; 5
      0001EA 05                     537 	.db #0x05	; 5
      0001EB 05                     538 	.db #0x05	; 5
      0001EC 05                     539 	.db #0x05	; 5
      0001ED 05                     540 	.db #0x05	; 5
      0001EE 05                     541 	.db #0x05	; 5
      0001EF 05                     542 	.db #0x05	; 5
      0001F0 05                     543 	.db #0x05	; 5
      0001F1 22                     544 	.db #0x22	; 34
      0001F2 23                     545 	.db #0x23	; 35
      0001F3 05                     546 	.db #0x05	; 5
      0001F4 05                     547 	.db #0x05	; 5
      0001F5 05                     548 	.db #0x05	; 5
      0001F6 05                     549 	.db #0x05	; 5
      0001F7 05                     550 	.db #0x05	; 5
      0001F8 05                     551 	.db #0x05	; 5
      0001F9 05                     552 	.db #0x05	; 5
      0001FA 05                     553 	.db #0x05	; 5
      0001FB 05                     554 	.db #0x05	; 5
      0001FC 1E                     555 	.db #0x1e	; 30
      0001FD 1F                     556 	.db #0x1f	; 31
      0001FE 06                     557 	.db #0x06	; 6
      0001FF 00                     558 	.db #0x00	; 0
      000200 00                     559 	.db #0x00	; 0
      000201 04                     560 	.db #0x04	; 4
      000202 1C                     561 	.db #0x1c	; 28
      000203 1D                     562 	.db #0x1d	; 29
      000204 05                     563 	.db #0x05	; 5
      000205 05                     564 	.db #0x05	; 5
      000206 05                     565 	.db #0x05	; 5
      000207 05                     566 	.db #0x05	; 5
      000208 20                     567 	.db #0x20	; 32
      000209 21                     568 	.db #0x21	; 33
      00020A 05                     569 	.db #0x05	; 5
      00020B 05                     570 	.db #0x05	; 5
      00020C 05                     571 	.db #0x05	; 5
      00020D 05                     572 	.db #0x05	; 5
      00020E 05                     573 	.db #0x05	; 5
      00020F 05                     574 	.db #0x05	; 5
      000210 05                     575 	.db #0x05	; 5
      000211 05                     576 	.db #0x05	; 5
      000212 05                     577 	.db #0x05	; 5
      000213 05                     578 	.db #0x05	; 5
      000214 05                     579 	.db #0x05	; 5
      000215 05                     580 	.db #0x05	; 5
      000216 05                     581 	.db #0x05	; 5
      000217 05                     582 	.db #0x05	; 5
      000218 05                     583 	.db #0x05	; 5
      000219 05                     584 	.db #0x05	; 5
      00021A 05                     585 	.db #0x05	; 5
      00021B 05                     586 	.db #0x05	; 5
      00021C 1C                     587 	.db #0x1c	; 28
      00021D 1D                     588 	.db #0x1d	; 29
      00021E 06                     589 	.db #0x06	; 6
      00021F 00                     590 	.db #0x00	; 0
      000220 00                     591 	.db #0x00	; 0
      000221 04                     592 	.db #0x04	; 4
      000222 1E                     593 	.db #0x1e	; 30
      000223 1F                     594 	.db #0x1f	; 31
      000224 05                     595 	.db #0x05	; 5
      000225 05                     596 	.db #0x05	; 5
      000226 05                     597 	.db #0x05	; 5
      000227 05                     598 	.db #0x05	; 5
      000228 22                     599 	.db #0x22	; 34
      000229 23                     600 	.db #0x23	; 35
      00022A 05                     601 	.db #0x05	; 5
      00022B 05                     602 	.db #0x05	; 5
      00022C 05                     603 	.db #0x05	; 5
      00022D 05                     604 	.db #0x05	; 5
      00022E 05                     605 	.db #0x05	; 5
      00022F 05                     606 	.db #0x05	; 5
      000230 05                     607 	.db #0x05	; 5
      000231 05                     608 	.db #0x05	; 5
      000232 05                     609 	.db #0x05	; 5
      000233 05                     610 	.db #0x05	; 5
      000234 05                     611 	.db #0x05	; 5
      000235 05                     612 	.db #0x05	; 5
      000236 05                     613 	.db #0x05	; 5
      000237 05                     614 	.db #0x05	; 5
      000238 05                     615 	.db #0x05	; 5
      000239 05                     616 	.db #0x05	; 5
      00023A 05                     617 	.db #0x05	; 5
      00023B 05                     618 	.db #0x05	; 5
      00023C 1E                     619 	.db #0x1e	; 30
      00023D 1F                     620 	.db #0x1f	; 31
      00023E 06                     621 	.db #0x06	; 6
      00023F 00                     622 	.db #0x00	; 0
      000240 00                     623 	.db #0x00	; 0
      000241 04                     624 	.db #0x04	; 4
      000242 1C                     625 	.db #0x1c	; 28
      000243 1D                     626 	.db #0x1d	; 29
      000244 1C                     627 	.db #0x1c	; 28
      000245 1D                     628 	.db #0x1d	; 29
      000246 1C                     629 	.db #0x1c	; 28
      000247 1D                     630 	.db #0x1d	; 29
      000248 1C                     631 	.db #0x1c	; 28
      000249 1D                     632 	.db #0x1d	; 29
      00024A 1C                     633 	.db #0x1c	; 28
      00024B 1D                     634 	.db #0x1d	; 29
      00024C 1C                     635 	.db #0x1c	; 28
      00024D 1D                     636 	.db #0x1d	; 29
      00024E 1C                     637 	.db #0x1c	; 28
      00024F 1D                     638 	.db #0x1d	; 29
      000250 1C                     639 	.db #0x1c	; 28
      000251 1D                     640 	.db #0x1d	; 29
      000252 1C                     641 	.db #0x1c	; 28
      000253 1D                     642 	.db #0x1d	; 29
      000254 1C                     643 	.db #0x1c	; 28
      000255 1D                     644 	.db #0x1d	; 29
      000256 1C                     645 	.db #0x1c	; 28
      000257 1D                     646 	.db #0x1d	; 29
      000258 00                     647 	.db #0x00	; 0
      000259 00                     648 	.db #0x00	; 0
      00025A 1C                     649 	.db #0x1c	; 28
      00025B 1D                     650 	.db #0x1d	; 29
      00025C 1C                     651 	.db #0x1c	; 28
      00025D 1D                     652 	.db #0x1d	; 29
      00025E 06                     653 	.db #0x06	; 6
      00025F 00                     654 	.db #0x00	; 0
      000260 00                     655 	.db #0x00	; 0
      000261 04                     656 	.db #0x04	; 4
      000262 1E                     657 	.db #0x1e	; 30
      000263 1F                     658 	.db #0x1f	; 31
      000264 1E                     659 	.db #0x1e	; 30
      000265 1F                     660 	.db #0x1f	; 31
      000266 1E                     661 	.db #0x1e	; 30
      000267 1F                     662 	.db #0x1f	; 31
      000268 1E                     663 	.db #0x1e	; 30
      000269 1F                     664 	.db #0x1f	; 31
      00026A 1E                     665 	.db #0x1e	; 30
      00026B 1F                     666 	.db #0x1f	; 31
      00026C 1E                     667 	.db #0x1e	; 30
      00026D 1F                     668 	.db #0x1f	; 31
      00026E 1E                     669 	.db #0x1e	; 30
      00026F 1F                     670 	.db #0x1f	; 31
      000270 1E                     671 	.db #0x1e	; 30
      000271 1F                     672 	.db #0x1f	; 31
      000272 1E                     673 	.db #0x1e	; 30
      000273 1F                     674 	.db #0x1f	; 31
      000274 1E                     675 	.db #0x1e	; 30
      000275 1F                     676 	.db #0x1f	; 31
      000276 1E                     677 	.db #0x1e	; 30
      000277 1F                     678 	.db #0x1f	; 31
      000278 00                     679 	.db #0x00	; 0
      000279 00                     680 	.db #0x00	; 0
      00027A 1E                     681 	.db #0x1e	; 30
      00027B 1F                     682 	.db #0x1f	; 31
      00027C 1E                     683 	.db #0x1e	; 30
      00027D 1F                     684 	.db #0x1f	; 31
      00027E 06                     685 	.db #0x06	; 6
      00027F 00                     686 	.db #0x00	; 0
      000280 00                     687 	.db #0x00	; 0
      000281 04                     688 	.db #0x04	; 4
      000282 00                     689 	.db #0x00	; 0
      000283 00                     690 	.db #0x00	; 0
      000284 00                     691 	.db #0x00	; 0
      000285 00                     692 	.db #0x00	; 0
      000286 00                     693 	.db #0x00	; 0
      000287 00                     694 	.db #0x00	; 0
      000288 00                     695 	.db #0x00	; 0
      000289 00                     696 	.db #0x00	; 0
      00028A 00                     697 	.db #0x00	; 0
      00028B 00                     698 	.db #0x00	; 0
      00028C 00                     699 	.db #0x00	; 0
      00028D 00                     700 	.db #0x00	; 0
      00028E 00                     701 	.db #0x00	; 0
      00028F 00                     702 	.db #0x00	; 0
      000290 00                     703 	.db #0x00	; 0
      000291 00                     704 	.db #0x00	; 0
      000292 00                     705 	.db #0x00	; 0
      000293 00                     706 	.db #0x00	; 0
      000294 00                     707 	.db #0x00	; 0
      000295 00                     708 	.db #0x00	; 0
      000296 00                     709 	.db #0x00	; 0
      000297 00                     710 	.db #0x00	; 0
      000298 00                     711 	.db #0x00	; 0
      000299 00                     712 	.db #0x00	; 0
      00029A 00                     713 	.db #0x00	; 0
      00029B 00                     714 	.db #0x00	; 0
      00029C 00                     715 	.db #0x00	; 0
      00029D 00                     716 	.db #0x00	; 0
      00029E 06                     717 	.db #0x06	; 6
      00029F 00                     718 	.db #0x00	; 0
      0002A0 00                     719 	.db #0x00	; 0
      0002A1 04                     720 	.db #0x04	; 4
      0002A2 00                     721 	.db #0x00	; 0
      0002A3 00                     722 	.db #0x00	; 0
      0002A4 00                     723 	.db #0x00	; 0
      0002A5 00                     724 	.db #0x00	; 0
      0002A6 00                     725 	.db #0x00	; 0
      0002A7 00                     726 	.db #0x00	; 0
      0002A8 00                     727 	.db #0x00	; 0
      0002A9 00                     728 	.db #0x00	; 0
      0002AA 00                     729 	.db #0x00	; 0
      0002AB 00                     730 	.db #0x00	; 0
      0002AC 00                     731 	.db #0x00	; 0
      0002AD 00                     732 	.db #0x00	; 0
      0002AE 00                     733 	.db #0x00	; 0
      0002AF 00                     734 	.db #0x00	; 0
      0002B0 00                     735 	.db #0x00	; 0
      0002B1 00                     736 	.db #0x00	; 0
      0002B2 00                     737 	.db #0x00	; 0
      0002B3 00                     738 	.db #0x00	; 0
      0002B4 00                     739 	.db #0x00	; 0
      0002B5 00                     740 	.db #0x00	; 0
      0002B6 00                     741 	.db #0x00	; 0
      0002B7 00                     742 	.db #0x00	; 0
      0002B8 00                     743 	.db #0x00	; 0
      0002B9 00                     744 	.db #0x00	; 0
      0002BA 00                     745 	.db #0x00	; 0
      0002BB 00                     746 	.db #0x00	; 0
      0002BC 00                     747 	.db #0x00	; 0
      0002BD 00                     748 	.db #0x00	; 0
      0002BE 06                     749 	.db #0x06	; 6
      0002BF 00                     750 	.db #0x00	; 0
      0002C0 00                     751 	.db #0x00	; 0
      0002C1 04                     752 	.db #0x04	; 4
      0002C2 00                     753 	.db #0x00	; 0
      0002C3 00                     754 	.db #0x00	; 0
      0002C4 00                     755 	.db #0x00	; 0
      0002C5 00                     756 	.db #0x00	; 0
      0002C6 00                     757 	.db #0x00	; 0
      0002C7 00                     758 	.db #0x00	; 0
      0002C8 00                     759 	.db #0x00	; 0
      0002C9 00                     760 	.db #0x00	; 0
      0002CA 00                     761 	.db #0x00	; 0
      0002CB 00                     762 	.db #0x00	; 0
      0002CC 00                     763 	.db #0x00	; 0
      0002CD 00                     764 	.db #0x00	; 0
      0002CE 00                     765 	.db #0x00	; 0
      0002CF 00                     766 	.db #0x00	; 0
      0002D0 00                     767 	.db #0x00	; 0
      0002D1 1C                     768 	.db #0x1c	; 28
      0002D2 1D                     769 	.db #0x1d	; 29
      0002D3 1C                     770 	.db #0x1c	; 28
      0002D4 1D                     771 	.db #0x1d	; 29
      0002D5 00                     772 	.db #0x00	; 0
      0002D6 00                     773 	.db #0x00	; 0
      0002D7 1C                     774 	.db #0x1c	; 28
      0002D8 1D                     775 	.db #0x1d	; 29
      0002D9 1C                     776 	.db #0x1c	; 28
      0002DA 1D                     777 	.db #0x1d	; 29
      0002DB 00                     778 	.db #0x00	; 0
      0002DC 00                     779 	.db #0x00	; 0
      0002DD 00                     780 	.db #0x00	; 0
      0002DE 06                     781 	.db #0x06	; 6
      0002DF 00                     782 	.db #0x00	; 0
      0002E0 00                     783 	.db #0x00	; 0
      0002E1 04                     784 	.db #0x04	; 4
      0002E2 00                     785 	.db #0x00	; 0
      0002E3 00                     786 	.db #0x00	; 0
      0002E4 00                     787 	.db #0x00	; 0
      0002E5 00                     788 	.db #0x00	; 0
      0002E6 00                     789 	.db #0x00	; 0
      0002E7 00                     790 	.db #0x00	; 0
      0002E8 00                     791 	.db #0x00	; 0
      0002E9 00                     792 	.db #0x00	; 0
      0002EA 00                     793 	.db #0x00	; 0
      0002EB 00                     794 	.db #0x00	; 0
      0002EC 00                     795 	.db #0x00	; 0
      0002ED 00                     796 	.db #0x00	; 0
      0002EE 00                     797 	.db #0x00	; 0
      0002EF 1C                     798 	.db #0x1c	; 28
      0002F0 1D                     799 	.db #0x1d	; 29
      0002F1 1E                     800 	.db #0x1e	; 30
      0002F2 1F                     801 	.db #0x1f	; 31
      0002F3 1E                     802 	.db #0x1e	; 30
      0002F4 1F                     803 	.db #0x1f	; 31
      0002F5 00                     804 	.db #0x00	; 0
      0002F6 00                     805 	.db #0x00	; 0
      0002F7 1E                     806 	.db #0x1e	; 30
      0002F8 1F                     807 	.db #0x1f	; 31
      0002F9 1E                     808 	.db #0x1e	; 30
      0002FA 1F                     809 	.db #0x1f	; 31
      0002FB 00                     810 	.db #0x00	; 0
      0002FC 00                     811 	.db #0x00	; 0
      0002FD 00                     812 	.db #0x00	; 0
      0002FE 06                     813 	.db #0x06	; 6
      0002FF 00                     814 	.db #0x00	; 0
      000300 00                     815 	.db #0x00	; 0
      000301 04                     816 	.db #0x04	; 4
      000302 00                     817 	.db #0x00	; 0
      000303 00                     818 	.db #0x00	; 0
      000304 00                     819 	.db #0x00	; 0
      000305 00                     820 	.db #0x00	; 0
      000306 00                     821 	.db #0x00	; 0
      000307 00                     822 	.db #0x00	; 0
      000308 00                     823 	.db #0x00	; 0
      000309 00                     824 	.db #0x00	; 0
      00030A 00                     825 	.db #0x00	; 0
      00030B 00                     826 	.db #0x00	; 0
      00030C 00                     827 	.db #0x00	; 0
      00030D 00                     828 	.db #0x00	; 0
      00030E 00                     829 	.db #0x00	; 0
      00030F 1E                     830 	.db #0x1e	; 30
      000310 1F                     831 	.db #0x1f	; 31
      000311 1C                     832 	.db #0x1c	; 28
      000312 1D                     833 	.db #0x1d	; 29
      000313 00                     834 	.db #0x00	; 0
      000314 00                     835 	.db #0x00	; 0
      000315 00                     836 	.db #0x00	; 0
      000316 00                     837 	.db #0x00	; 0
      000317 00                     838 	.db #0x00	; 0
      000318 00                     839 	.db #0x00	; 0
      000319 1C                     840 	.db #0x1c	; 28
      00031A 1D                     841 	.db #0x1d	; 29
      00031B 00                     842 	.db #0x00	; 0
      00031C 00                     843 	.db #0x00	; 0
      00031D 00                     844 	.db #0x00	; 0
      00031E 06                     845 	.db #0x06	; 6
      00031F 00                     846 	.db #0x00	; 0
      000320 00                     847 	.db #0x00	; 0
      000321 04                     848 	.db #0x04	; 4
      000322 00                     849 	.db #0x00	; 0
      000323 00                     850 	.db #0x00	; 0
      000324 00                     851 	.db #0x00	; 0
      000325 00                     852 	.db #0x00	; 0
      000326 00                     853 	.db #0x00	; 0
      000327 00                     854 	.db #0x00	; 0
      000328 00                     855 	.db #0x00	; 0
      000329 00                     856 	.db #0x00	; 0
      00032A 00                     857 	.db #0x00	; 0
      00032B 00                     858 	.db #0x00	; 0
      00032C 00                     859 	.db #0x00	; 0
      00032D 00                     860 	.db #0x00	; 0
      00032E 00                     861 	.db #0x00	; 0
      00032F 1C                     862 	.db #0x1c	; 28
      000330 1D                     863 	.db #0x1d	; 29
      000331 1E                     864 	.db #0x1e	; 30
      000332 1F                     865 	.db #0x1f	; 31
      000333 00                     866 	.db #0x00	; 0
      000334 00                     867 	.db #0x00	; 0
      000335 00                     868 	.db #0x00	; 0
      000336 00                     869 	.db #0x00	; 0
      000337 00                     870 	.db #0x00	; 0
      000338 00                     871 	.db #0x00	; 0
      000339 1E                     872 	.db #0x1e	; 30
      00033A 1F                     873 	.db #0x1f	; 31
      00033B 00                     874 	.db #0x00	; 0
      00033C 1C                     875 	.db #0x1c	; 28
      00033D 1D                     876 	.db #0x1d	; 29
      00033E 06                     877 	.db #0x06	; 6
      00033F 00                     878 	.db #0x00	; 0
      000340 00                     879 	.db #0x00	; 0
      000341 04                     880 	.db #0x04	; 4
      000342 00                     881 	.db #0x00	; 0
      000343 00                     882 	.db #0x00	; 0
      000344 00                     883 	.db #0x00	; 0
      000345 00                     884 	.db #0x00	; 0
      000346 00                     885 	.db #0x00	; 0
      000347 00                     886 	.db #0x00	; 0
      000348 00                     887 	.db #0x00	; 0
      000349 00                     888 	.db #0x00	; 0
      00034A 00                     889 	.db #0x00	; 0
      00034B 00                     890 	.db #0x00	; 0
      00034C 00                     891 	.db #0x00	; 0
      00034D 00                     892 	.db #0x00	; 0
      00034E 00                     893 	.db #0x00	; 0
      00034F 1E                     894 	.db #0x1e	; 30
      000350 1F                     895 	.db #0x1f	; 31
      000351 1C                     896 	.db #0x1c	; 28
      000352 1D                     897 	.db #0x1d	; 29
      000353 00                     898 	.db #0x00	; 0
      000354 00                     899 	.db #0x00	; 0
      000355 00                     900 	.db #0x00	; 0
      000356 00                     901 	.db #0x00	; 0
      000357 00                     902 	.db #0x00	; 0
      000358 00                     903 	.db #0x00	; 0
      000359 1C                     904 	.db #0x1c	; 28
      00035A 1D                     905 	.db #0x1d	; 29
      00035B 00                     906 	.db #0x00	; 0
      00035C 1E                     907 	.db #0x1e	; 30
      00035D 1F                     908 	.db #0x1f	; 31
      00035E 06                     909 	.db #0x06	; 6
      00035F 00                     910 	.db #0x00	; 0
      000360 00                     911 	.db #0x00	; 0
      000361 04                     912 	.db #0x04	; 4
      000362 00                     913 	.db #0x00	; 0
      000363 00                     914 	.db #0x00	; 0
      000364 00                     915 	.db #0x00	; 0
      000365 00                     916 	.db #0x00	; 0
      000366 00                     917 	.db #0x00	; 0
      000367 00                     918 	.db #0x00	; 0
      000368 00                     919 	.db #0x00	; 0
      000369 00                     920 	.db #0x00	; 0
      00036A 00                     921 	.db #0x00	; 0
      00036B 00                     922 	.db #0x00	; 0
      00036C 00                     923 	.db #0x00	; 0
      00036D 00                     924 	.db #0x00	; 0
      00036E 00                     925 	.db #0x00	; 0
      00036F 00                     926 	.db #0x00	; 0
      000370 00                     927 	.db #0x00	; 0
      000371 1E                     928 	.db #0x1e	; 30
      000372 1F                     929 	.db #0x1f	; 31
      000373 00                     930 	.db #0x00	; 0
      000374 00                     931 	.db #0x00	; 0
      000375 00                     932 	.db #0x00	; 0
      000376 00                     933 	.db #0x00	; 0
      000377 00                     934 	.db #0x00	; 0
      000378 00                     935 	.db #0x00	; 0
      000379 1E                     936 	.db #0x1e	; 30
      00037A 1F                     937 	.db #0x1f	; 31
      00037B 00                     938 	.db #0x00	; 0
      00037C 00                     939 	.db #0x00	; 0
      00037D 00                     940 	.db #0x00	; 0
      00037E 06                     941 	.db #0x06	; 6
      00037F 00                     942 	.db #0x00	; 0
      000380 00                     943 	.db #0x00	; 0
      000381 04                     944 	.db #0x04	; 4
      000382 00                     945 	.db #0x00	; 0
      000383 00                     946 	.db #0x00	; 0
      000384 00                     947 	.db #0x00	; 0
      000385 00                     948 	.db #0x00	; 0
      000386 00                     949 	.db #0x00	; 0
      000387 00                     950 	.db #0x00	; 0
      000388 00                     951 	.db #0x00	; 0
      000389 00                     952 	.db #0x00	; 0
      00038A 00                     953 	.db #0x00	; 0
      00038B 00                     954 	.db #0x00	; 0
      00038C 00                     955 	.db #0x00	; 0
      00038D 00                     956 	.db #0x00	; 0
      00038E 00                     957 	.db #0x00	; 0
      00038F 00                     958 	.db #0x00	; 0
      000390 00                     959 	.db #0x00	; 0
      000391 1C                     960 	.db #0x1c	; 28
      000392 1D                     961 	.db #0x1d	; 29
      000393 00                     962 	.db #0x00	; 0
      000394 00                     963 	.db #0x00	; 0
      000395 00                     964 	.db #0x00	; 0
      000396 00                     965 	.db #0x00	; 0
      000397 00                     966 	.db #0x00	; 0
      000398 00                     967 	.db #0x00	; 0
      000399 1C                     968 	.db #0x1c	; 28
      00039A 1D                     969 	.db #0x1d	; 29
      00039B 00                     970 	.db #0x00	; 0
      00039C 1C                     971 	.db #0x1c	; 28
      00039D 1D                     972 	.db #0x1d	; 29
      00039E 06                     973 	.db #0x06	; 6
      00039F 00                     974 	.db #0x00	; 0
      0003A0 00                     975 	.db #0x00	; 0
      0003A1 04                     976 	.db #0x04	; 4
      0003A2 00                     977 	.db #0x00	; 0
      0003A3 00                     978 	.db #0x00	; 0
      0003A4 00                     979 	.db #0x00	; 0
      0003A5 00                     980 	.db #0x00	; 0
      0003A6 00                     981 	.db #0x00	; 0
      0003A7 00                     982 	.db #0x00	; 0
      0003A8 00                     983 	.db #0x00	; 0
      0003A9 00                     984 	.db #0x00	; 0
      0003AA 00                     985 	.db #0x00	; 0
      0003AB 00                     986 	.db #0x00	; 0
      0003AC 00                     987 	.db #0x00	; 0
      0003AD 00                     988 	.db #0x00	; 0
      0003AE 00                     989 	.db #0x00	; 0
      0003AF 00                     990 	.db #0x00	; 0
      0003B0 00                     991 	.db #0x00	; 0
      0003B1 1E                     992 	.db #0x1e	; 30
      0003B2 1F                     993 	.db #0x1f	; 31
      0003B3 00                     994 	.db #0x00	; 0
      0003B4 00                     995 	.db #0x00	; 0
      0003B5 00                     996 	.db #0x00	; 0
      0003B6 00                     997 	.db #0x00	; 0
      0003B7 00                     998 	.db #0x00	; 0
      0003B8 00                     999 	.db #0x00	; 0
      0003B9 1E                    1000 	.db #0x1e	; 30
      0003BA 1F                    1001 	.db #0x1f	; 31
      0003BB 00                    1002 	.db #0x00	; 0
      0003BC 1E                    1003 	.db #0x1e	; 30
      0003BD 1F                    1004 	.db #0x1f	; 31
      0003BE 06                    1005 	.db #0x06	; 6
      0003BF 00                    1006 	.db #0x00	; 0
      0003C0 00                    1007 	.db #0x00	; 0
      0003C1 09                    1008 	.db #0x09	; 9
      0003C2 0A                    1009 	.db #0x0a	; 10
      0003C3 0A                    1010 	.db #0x0a	; 10
      0003C4 0A                    1011 	.db #0x0a	; 10
      0003C5 0A                    1012 	.db #0x0a	; 10
      0003C6 0A                    1013 	.db #0x0a	; 10
      0003C7 0A                    1014 	.db #0x0a	; 10
      0003C8 0A                    1015 	.db #0x0a	; 10
      0003C9 0A                    1016 	.db #0x0a	; 10
      0003CA 0A                    1017 	.db #0x0a	; 10
      0003CB 0A                    1018 	.db #0x0a	; 10
      0003CC 0A                    1019 	.db #0x0a	; 10
      0003CD 0A                    1020 	.db #0x0a	; 10
      0003CE 0A                    1021 	.db #0x0a	; 10
      0003CF 0A                    1022 	.db #0x0a	; 10
      0003D0 0A                    1023 	.db #0x0a	; 10
      0003D1 0A                    1024 	.db #0x0a	; 10
      0003D2 0A                    1025 	.db #0x0a	; 10
      0003D3 0A                    1026 	.db #0x0a	; 10
      0003D4 0B                    1027 	.db #0x0b	; 11
      0003D5 18                    1028 	.db #0x18	; 24
      0003D6 19                    1029 	.db #0x19	; 25
      0003D7 0D                    1030 	.db #0x0d	; 13
      0003D8 0A                    1031 	.db #0x0a	; 10
      0003D9 0A                    1032 	.db #0x0a	; 10
      0003DA 0A                    1033 	.db #0x0a	; 10
      0003DB 0A                    1034 	.db #0x0a	; 10
      0003DC 0A                    1035 	.db #0x0a	; 10
      0003DD 0A                    1036 	.db #0x0a	; 10
      0003DE 0E                    1037 	.db #0x0e	; 14
      0003DF 00                    1038 	.db #0x00	; 0
      0003E0 00                    1039 	.db #0x00	; 0
      0003E1 00                    1040 	.db #0x00	; 0
      0003E2 00                    1041 	.db #0x00	; 0
      0003E3 00                    1042 	.db #0x00	; 0
      0003E4 00                    1043 	.db #0x00	; 0
      0003E5 00                    1044 	.db #0x00	; 0
      0003E6 00                    1045 	.db #0x00	; 0
      0003E7 00                    1046 	.db #0x00	; 0
      0003E8 00                    1047 	.db #0x00	; 0
      0003E9 00                    1048 	.db #0x00	; 0
      0003EA 00                    1049 	.db #0x00	; 0
      0003EB 00                    1050 	.db #0x00	; 0
      0003EC 00                    1051 	.db #0x00	; 0
      0003ED 00                    1052 	.db #0x00	; 0
      0003EE 00                    1053 	.db #0x00	; 0
      0003EF 00                    1054 	.db #0x00	; 0
      0003F0 00                    1055 	.db #0x00	; 0
      0003F1 00                    1056 	.db #0x00	; 0
      0003F2 00                    1057 	.db #0x00	; 0
      0003F3 00                    1058 	.db #0x00	; 0
      0003F4 04                    1059 	.db #0x04	; 4
      0003F5 1A                    1060 	.db #0x1a	; 26
      0003F6 1B                    1061 	.db #0x1b	; 27
      0003F7 06                    1062 	.db #0x06	; 6
      0003F8 00                    1063 	.db #0x00	; 0
      0003F9 00                    1064 	.db #0x00	; 0
      0003FA 00                    1065 	.db #0x00	; 0
      0003FB 00                    1066 	.db #0x00	; 0
      0003FC 00                    1067 	.db #0x00	; 0
      0003FD 00                    1068 	.db #0x00	; 0
      0003FE 00                    1069 	.db #0x00	; 0
      0003FF 00                    1070 	.db #0x00	; 0
                                   1071 	.area _INITIALIZER
                                   1072 	.area _CABS (ABS)
