                                      1 ;--------------------------------------------------------
                                      2 ; File Created by SDCC : free open source ANSI-C Compiler
                                      3 ; Version 4.1.4 #12246 (Mac OS X x86_64)
                                      4 ;--------------------------------------------------------
                                      5 	.module frame_image
                                      6 	.optsdcc -mgbz80
                                      7 	
                                      8 ;--------------------------------------------------------
                                      9 ; Public variables in this module
                                     10 ;--------------------------------------------------------
                                     11 	.globl _frame_image
                                     12 	.globl ___bank_frame_image
                                     13 ;--------------------------------------------------------
                                     14 ; special function registers
                                     15 ;--------------------------------------------------------
                                     16 ;--------------------------------------------------------
                                     17 ; ram data
                                     18 ;--------------------------------------------------------
                                     19 	.area _DATA
                                     20 ;--------------------------------------------------------
                                     21 ; ram data
                                     22 ;--------------------------------------------------------
                                     23 	.area _INITIALIZED
                                     24 ;--------------------------------------------------------
                                     25 ; absolute external ram data
                                     26 ;--------------------------------------------------------
                                     27 	.area _DABS (ABS)
                                     28 ;--------------------------------------------------------
                                     29 ; global & static initialisations
                                     30 ;--------------------------------------------------------
                                     31 	.area _HOME
                                     32 	.area _GSINIT
                                     33 	.area _GSFINAL
                                     34 	.area _GSINIT
                                     35 ;--------------------------------------------------------
                                     36 ; Home
                                     37 ;--------------------------------------------------------
                                     38 	.area _HOME
                                     39 	.area _HOME
                                     40 ;--------------------------------------------------------
                                     41 ; code
                                     42 ;--------------------------------------------------------
                                     43 	.area _CODE_255
                                     44 	.area _CODE_255
                           0000FF    45 ___bank_frame_image	=	0x00ff
      000000                         46 _frame_image:
      000000 3F                      47 	.db #0x3f	; 63
      000001 00                      48 	.db #0x00	; 0
      000002 7F                      49 	.db #0x7f	; 127
      000003 3F                      50 	.db #0x3f	; 63
      000004 C0                      51 	.db #0xc0	; 192
      000005 40                      52 	.db #0x40	; 64
      000006 DF                      53 	.db #0xdf	; 223
      000007 5F                      54 	.db #0x5f	; 95
      000008 F0                      55 	.db #0xf0	; 240
      000009 50                      56 	.db #0x50	; 80	'P'
      00000A D0                      57 	.db #0xd0	; 208
      00000B 50                      58 	.db #0x50	; 80	'P'
      00000C F0                      59 	.db #0xf0	; 240
      00000D 50                      60 	.db #0x50	; 80	'P'
      00000E F0                      61 	.db #0xf0	; 240
      00000F 50                      62 	.db #0x50	; 80	'P'
      000010 FF                      63 	.db #0xff	; 255
      000011 00                      64 	.db #0x00	; 0
      000012 FF                      65 	.db #0xff	; 255
      000013 FF                      66 	.db #0xff	; 255
      000014 00                      67 	.db #0x00	; 0
      000015 00                      68 	.db #0x00	; 0
      000016 FF                      69 	.db #0xff	; 255
      000017 FF                      70 	.db #0xff	; 255
      000018 00                      71 	.db #0x00	; 0
      000019 00                      72 	.db #0x00	; 0
      00001A 00                      73 	.db #0x00	; 0
      00001B 00                      74 	.db #0x00	; 0
      00001C 00                      75 	.db #0x00	; 0
      00001D 00                      76 	.db #0x00	; 0
      00001E 00                      77 	.db #0x00	; 0
      00001F 00                      78 	.db #0x00	; 0
      000020 FC                      79 	.db #0xfc	; 252
      000021 00                      80 	.db #0x00	; 0
      000022 FE                      81 	.db #0xfe	; 254
      000023 FC                      82 	.db #0xfc	; 252
      000024 03                      83 	.db #0x03	; 3
      000025 02                      84 	.db #0x02	; 2
      000026 FB                      85 	.db #0xfb	; 251
      000027 FA                      86 	.db #0xfa	; 250
      000028 0F                      87 	.db #0x0f	; 15
      000029 0A                      88 	.db #0x0a	; 10
      00002A 0B                      89 	.db #0x0b	; 11
      00002B 0A                      90 	.db #0x0a	; 10
      00002C 0F                      91 	.db #0x0f	; 15
      00002D 0A                      92 	.db #0x0a	; 10
      00002E 0F                      93 	.db #0x0f	; 15
      00002F 0A                      94 	.db #0x0a	; 10
      000030 F0                      95 	.db #0xf0	; 240
      000031 50                      96 	.db #0x50	; 80	'P'
      000032 F0                      97 	.db #0xf0	; 240
      000033 50                      98 	.db #0x50	; 80	'P'
      000034 F0                      99 	.db #0xf0	; 240
      000035 50                     100 	.db #0x50	; 80	'P'
      000036 F0                     101 	.db #0xf0	; 240
      000037 50                     102 	.db #0x50	; 80	'P'
      000038 F0                     103 	.db #0xf0	; 240
      000039 50                     104 	.db #0x50	; 80	'P'
      00003A F0                     105 	.db #0xf0	; 240
      00003B 50                     106 	.db #0x50	; 80	'P'
      00003C F0                     107 	.db #0xf0	; 240
      00003D 50                     108 	.db #0x50	; 80	'P'
      00003E F0                     109 	.db #0xf0	; 240
      00003F 50                     110 	.db #0x50	; 80	'P'
      000040 00                     111 	.db #0x00	; 0
      000041 00                     112 	.db #0x00	; 0
      000042 00                     113 	.db #0x00	; 0
      000043 00                     114 	.db #0x00	; 0
      000044 00                     115 	.db #0x00	; 0
      000045 00                     116 	.db #0x00	; 0
      000046 00                     117 	.db #0x00	; 0
      000047 00                     118 	.db #0x00	; 0
      000048 00                     119 	.db #0x00	; 0
      000049 00                     120 	.db #0x00	; 0
      00004A 00                     121 	.db #0x00	; 0
      00004B 00                     122 	.db #0x00	; 0
      00004C 00                     123 	.db #0x00	; 0
      00004D 00                     124 	.db #0x00	; 0
      00004E 00                     125 	.db #0x00	; 0
      00004F 00                     126 	.db #0x00	; 0
      000050 0F                     127 	.db #0x0f	; 15
      000051 0A                     128 	.db #0x0a	; 10
      000052 0F                     129 	.db #0x0f	; 15
      000053 0A                     130 	.db #0x0a	; 10
      000054 0F                     131 	.db #0x0f	; 15
      000055 0A                     132 	.db #0x0a	; 10
      000056 0F                     133 	.db #0x0f	; 15
      000057 0A                     134 	.db #0x0a	; 10
      000058 0F                     135 	.db #0x0f	; 15
      000059 0A                     136 	.db #0x0a	; 10
      00005A 0F                     137 	.db #0x0f	; 15
      00005B 0A                     138 	.db #0x0a	; 10
      00005C 0F                     139 	.db #0x0f	; 15
      00005D 0A                     140 	.db #0x0a	; 10
      00005E 0F                     141 	.db #0x0f	; 15
      00005F 0A                     142 	.db #0x0a	; 10
      000060 D0                     143 	.db #0xd0	; 208
      000061 70                     144 	.db #0x70	; 112	'p'
      000062 F0                     145 	.db #0xf0	; 240
      000063 50                     146 	.db #0x50	; 80	'P'
      000064 D0                     147 	.db #0xd0	; 208
      000065 70                     148 	.db #0x70	; 112	'p'
      000066 F0                     149 	.db #0xf0	; 240
      000067 50                     150 	.db #0x50	; 80	'P'
      000068 DF                     151 	.db #0xdf	; 223
      000069 7F                     152 	.db #0x7f	; 127
      00006A C0                     153 	.db #0xc0	; 192
      00006B 7F                     154 	.db #0x7f	; 127
      00006C 7F                     155 	.db #0x7f	; 127
      00006D 3F                     156 	.db #0x3f	; 63
      00006E 3F                     157 	.db #0x3f	; 63
      00006F 00                     158 	.db #0x00	; 0
      000070 00                     159 	.db #0x00	; 0
      000071 00                     160 	.db #0x00	; 0
      000072 00                     161 	.db #0x00	; 0
      000073 00                     162 	.db #0x00	; 0
      000074 00                     163 	.db #0x00	; 0
      000075 00                     164 	.db #0x00	; 0
      000076 00                     165 	.db #0x00	; 0
      000077 00                     166 	.db #0x00	; 0
      000078 FF                     167 	.db #0xff	; 255
      000079 FF                     168 	.db #0xff	; 255
      00007A 00                     169 	.db #0x00	; 0
      00007B FF                     170 	.db #0xff	; 255
      00007C FF                     171 	.db #0xff	; 255
      00007D FF                     172 	.db #0xff	; 255
      00007E FF                     173 	.db #0xff	; 255
      00007F 00                     174 	.db #0x00	; 0
      000080 0B                     175 	.db #0x0b	; 11
      000081 0E                     176 	.db #0x0e	; 14
      000082 0F                     177 	.db #0x0f	; 15
      000083 0A                     178 	.db #0x0a	; 10
      000084 0B                     179 	.db #0x0b	; 11
      000085 0E                     180 	.db #0x0e	; 14
      000086 0F                     181 	.db #0x0f	; 15
      000087 0A                     182 	.db #0x0a	; 10
      000088 FB                     183 	.db #0xfb	; 251
      000089 FE                     184 	.db #0xfe	; 254
      00008A 03                     185 	.db #0x03	; 3
      00008B FE                     186 	.db #0xfe	; 254
      00008C FE                     187 	.db #0xfe	; 254
      00008D FC                     188 	.db #0xfc	; 252
      00008E FC                     189 	.db #0xfc	; 252
      00008F 00                     190 	.db #0x00	; 0
                                    191 	.area _INITIALIZER
                                    192 	.area _CABS (ABS)
