                                      1 ;--------------------------------------------------------
                                      2 ; File Created by SDCC : free open source ANSI-C Compiler
                                      3 ; Version 4.1.4 #12246 (Mac OS X x86_64)
                                      4 ;--------------------------------------------------------
                                      5 	.module music_track_108__Data
                                      6 	.optsdcc -mgbz80
                                      7 	
                                      8 ;--------------------------------------------------------
                                      9 ; Public variables in this module
                                     10 ;--------------------------------------------------------
                                     11 	.globl _music_track_108__Data
                                     12 	.globl ___bank_music_track_108__Data
                                     13 ;--------------------------------------------------------
                                     14 ; special function registers
                                     15 ;--------------------------------------------------------
                                     16 ;--------------------------------------------------------
                                     17 ; ram data
                                     18 ;--------------------------------------------------------
                                     19 	.area _DATA
                                     20 ;--------------------------------------------------------
                                     21 ; ram data
                                     22 ;--------------------------------------------------------
                                     23 	.area _INITIALIZED
                                     24 ;--------------------------------------------------------
                                     25 ; absolute external ram data
                                     26 ;--------------------------------------------------------
                                     27 	.area _DABS (ABS)
                                     28 ;--------------------------------------------------------
                                     29 ; global & static initialisations
                                     30 ;--------------------------------------------------------
                                     31 	.area _HOME
                                     32 	.area _GSINIT
                                     33 	.area _GSFINAL
                                     34 	.area _GSINIT
                                     35 ;--------------------------------------------------------
                                     36 ; Home
                                     37 ;--------------------------------------------------------
                                     38 	.area _HOME
                                     39 	.area _HOME
                                     40 ;--------------------------------------------------------
                                     41 ; code
                                     42 ;--------------------------------------------------------
                                     43 	.area _CODE_255
                                     44 	.area _CODE_255
                           0000FF    45 ___bank_music_track_108__Data	=	0x00ff
      000000                         46 _music_track_108__Data:
      000000 00                      47 	.db #0x00	; 0
      000001 00 00                   48 	.dw #0x0000
      000003 00 00                   49 	.dw #0x0000
      000005 00 00                   50 	.dw #0x0000
      000007 00 00                   51 	.dw #0x0000
      000009 00 00                   52 	.dw #0x0000
      00000B 00 00                   53 	.dw #0x0000
      00000D 00 00                   54 	.dw #0x0000
      00000F 00 00                   55 	.dw #0x0000
      000011 00 00                   56 	.dw #0x0000
      000013 00 00                   57 	.dw #0x0000
                                     58 	.area _INITIALIZER
                                     59 	.area _CABS (ABS)
