                                      1 ;--------------------------------------------------------
                                      2 ; File Created by SDCC : free open source ANSI-C Compiler
                                      3 ; Version 4.1.4 #12246 (Mac OS X x86_64)
                                      4 ;--------------------------------------------------------
                                      5 	.module music_track_103__Data
                                      6 	.optsdcc -mgbz80
                                      7 	
                                      8 ;--------------------------------------------------------
                                      9 ; Public variables in this module
                                     10 ;--------------------------------------------------------
                                     11 	.globl _music_track_103__Data
                                     12 	.globl ___bank_music_track_103__Data
                                     13 ;--------------------------------------------------------
                                     14 ; special function registers
                                     15 ;--------------------------------------------------------
                                     16 ;--------------------------------------------------------
                                     17 ; ram data
                                     18 ;--------------------------------------------------------
                                     19 	.area _DATA
                                     20 ;--------------------------------------------------------
                                     21 ; ram data
                                     22 ;--------------------------------------------------------
                                     23 	.area _INITIALIZED
                                     24 ;--------------------------------------------------------
                                     25 ; absolute external ram data
                                     26 ;--------------------------------------------------------
                                     27 	.area _DABS (ABS)
                                     28 ;--------------------------------------------------------
                                     29 ; global & static initialisations
                                     30 ;--------------------------------------------------------
                                     31 	.area _HOME
                                     32 	.area _GSINIT
                                     33 	.area _GSFINAL
                                     34 	.area _GSINIT
                                     35 ;--------------------------------------------------------
                                     36 ; Home
                                     37 ;--------------------------------------------------------
                                     38 	.area _HOME
                                     39 	.area _HOME
                                     40 ;--------------------------------------------------------
                                     41 ; code
                                     42 ;--------------------------------------------------------
                                     43 	.area _CODE_255
                                     44 	.area _CODE_255
      000000                         45 _order_cnt:
      000000 06                      46 	.db #0x06	; 6
      000001                         47 _P0:
      000001 5A                      48 	.db #0x5a	; 90	'Z'
      000002 00                      49 	.db #0x00	; 0
      000003 00                      50 	.db #0x00	; 0
      000004 5A                      51 	.db #0x5a	; 90	'Z'
      000005 00                      52 	.db #0x00	; 0
      000006 00                      53 	.db #0x00	; 0
      000007 5A                      54 	.db #0x5a	; 90	'Z'
      000008 00                      55 	.db #0x00	; 0
      000009 00                      56 	.db #0x00	; 0
      00000A 5A                      57 	.db #0x5a	; 90	'Z'
      00000B 00                      58 	.db #0x00	; 0
      00000C 00                      59 	.db #0x00	; 0
      00000D 5A                      60 	.db #0x5a	; 90	'Z'
      00000E 00                      61 	.db #0x00	; 0
      00000F 00                      62 	.db #0x00	; 0
      000010 5A                      63 	.db #0x5a	; 90	'Z'
      000011 00                      64 	.db #0x00	; 0
      000012 00                      65 	.db #0x00	; 0
      000013 5A                      66 	.db #0x5a	; 90	'Z'
      000014 00                      67 	.db #0x00	; 0
      000015 00                      68 	.db #0x00	; 0
      000016 5A                      69 	.db #0x5a	; 90	'Z'
      000017 00                      70 	.db #0x00	; 0
      000018 00                      71 	.db #0x00	; 0
      000019 5A                      72 	.db #0x5a	; 90	'Z'
      00001A 00                      73 	.db #0x00	; 0
      00001B 00                      74 	.db #0x00	; 0
      00001C 5A                      75 	.db #0x5a	; 90	'Z'
      00001D 00                      76 	.db #0x00	; 0
      00001E 00                      77 	.db #0x00	; 0
      00001F 5A                      78 	.db #0x5a	; 90	'Z'
      000020 00                      79 	.db #0x00	; 0
      000021 00                      80 	.db #0x00	; 0
      000022 5A                      81 	.db #0x5a	; 90	'Z'
      000023 00                      82 	.db #0x00	; 0
      000024 00                      83 	.db #0x00	; 0
      000025 5A                      84 	.db #0x5a	; 90	'Z'
      000026 00                      85 	.db #0x00	; 0
      000027 00                      86 	.db #0x00	; 0
      000028 5A                      87 	.db #0x5a	; 90	'Z'
      000029 00                      88 	.db #0x00	; 0
      00002A 00                      89 	.db #0x00	; 0
      00002B 5A                      90 	.db #0x5a	; 90	'Z'
      00002C 00                      91 	.db #0x00	; 0
      00002D 00                      92 	.db #0x00	; 0
      00002E 5A                      93 	.db #0x5a	; 90	'Z'
      00002F 00                      94 	.db #0x00	; 0
      000030 00                      95 	.db #0x00	; 0
      000031 5A                      96 	.db #0x5a	; 90	'Z'
      000032 00                      97 	.db #0x00	; 0
      000033 00                      98 	.db #0x00	; 0
      000034 5A                      99 	.db #0x5a	; 90	'Z'
      000035 00                     100 	.db #0x00	; 0
      000036 00                     101 	.db #0x00	; 0
      000037 5A                     102 	.db #0x5a	; 90	'Z'
      000038 00                     103 	.db #0x00	; 0
      000039 00                     104 	.db #0x00	; 0
      00003A 5A                     105 	.db #0x5a	; 90	'Z'
      00003B 00                     106 	.db #0x00	; 0
      00003C 00                     107 	.db #0x00	; 0
      00003D 5A                     108 	.db #0x5a	; 90	'Z'
      00003E 00                     109 	.db #0x00	; 0
      00003F 00                     110 	.db #0x00	; 0
      000040 5A                     111 	.db #0x5a	; 90	'Z'
      000041 00                     112 	.db #0x00	; 0
      000042 00                     113 	.db #0x00	; 0
      000043 5A                     114 	.db #0x5a	; 90	'Z'
      000044 00                     115 	.db #0x00	; 0
      000045 00                     116 	.db #0x00	; 0
      000046 5A                     117 	.db #0x5a	; 90	'Z'
      000047 00                     118 	.db #0x00	; 0
      000048 00                     119 	.db #0x00	; 0
      000049 5A                     120 	.db #0x5a	; 90	'Z'
      00004A 00                     121 	.db #0x00	; 0
      00004B 00                     122 	.db #0x00	; 0
      00004C 5A                     123 	.db #0x5a	; 90	'Z'
      00004D 00                     124 	.db #0x00	; 0
      00004E 00                     125 	.db #0x00	; 0
      00004F 5A                     126 	.db #0x5a	; 90	'Z'
      000050 00                     127 	.db #0x00	; 0
      000051 00                     128 	.db #0x00	; 0
      000052 5A                     129 	.db #0x5a	; 90	'Z'
      000053 00                     130 	.db #0x00	; 0
      000054 00                     131 	.db #0x00	; 0
      000055 5A                     132 	.db #0x5a	; 90	'Z'
      000056 00                     133 	.db #0x00	; 0
      000057 00                     134 	.db #0x00	; 0
      000058 5A                     135 	.db #0x5a	; 90	'Z'
      000059 00                     136 	.db #0x00	; 0
      00005A 00                     137 	.db #0x00	; 0
      00005B 5A                     138 	.db #0x5a	; 90	'Z'
      00005C 00                     139 	.db #0x00	; 0
      00005D 00                     140 	.db #0x00	; 0
      00005E 5A                     141 	.db #0x5a	; 90	'Z'
      00005F 00                     142 	.db #0x00	; 0
      000060 00                     143 	.db #0x00	; 0
      000061 5A                     144 	.db #0x5a	; 90	'Z'
      000062 00                     145 	.db #0x00	; 0
      000063 00                     146 	.db #0x00	; 0
      000064 5A                     147 	.db #0x5a	; 90	'Z'
      000065 00                     148 	.db #0x00	; 0
      000066 00                     149 	.db #0x00	; 0
      000067 5A                     150 	.db #0x5a	; 90	'Z'
      000068 00                     151 	.db #0x00	; 0
      000069 00                     152 	.db #0x00	; 0
      00006A 5A                     153 	.db #0x5a	; 90	'Z'
      00006B 00                     154 	.db #0x00	; 0
      00006C 00                     155 	.db #0x00	; 0
      00006D 5A                     156 	.db #0x5a	; 90	'Z'
      00006E 00                     157 	.db #0x00	; 0
      00006F 00                     158 	.db #0x00	; 0
      000070 5A                     159 	.db #0x5a	; 90	'Z'
      000071 00                     160 	.db #0x00	; 0
      000072 00                     161 	.db #0x00	; 0
      000073 5A                     162 	.db #0x5a	; 90	'Z'
      000074 00                     163 	.db #0x00	; 0
      000075 00                     164 	.db #0x00	; 0
      000076 5A                     165 	.db #0x5a	; 90	'Z'
      000077 00                     166 	.db #0x00	; 0
      000078 00                     167 	.db #0x00	; 0
      000079 5A                     168 	.db #0x5a	; 90	'Z'
      00007A 00                     169 	.db #0x00	; 0
      00007B 00                     170 	.db #0x00	; 0
      00007C 5A                     171 	.db #0x5a	; 90	'Z'
      00007D 00                     172 	.db #0x00	; 0
      00007E 00                     173 	.db #0x00	; 0
      00007F 5A                     174 	.db #0x5a	; 90	'Z'
      000080 00                     175 	.db #0x00	; 0
      000081 00                     176 	.db #0x00	; 0
      000082 5A                     177 	.db #0x5a	; 90	'Z'
      000083 00                     178 	.db #0x00	; 0
      000084 00                     179 	.db #0x00	; 0
      000085 5A                     180 	.db #0x5a	; 90	'Z'
      000086 00                     181 	.db #0x00	; 0
      000087 00                     182 	.db #0x00	; 0
      000088 5A                     183 	.db #0x5a	; 90	'Z'
      000089 00                     184 	.db #0x00	; 0
      00008A 00                     185 	.db #0x00	; 0
      00008B 5A                     186 	.db #0x5a	; 90	'Z'
      00008C 00                     187 	.db #0x00	; 0
      00008D 00                     188 	.db #0x00	; 0
      00008E 5A                     189 	.db #0x5a	; 90	'Z'
      00008F 00                     190 	.db #0x00	; 0
      000090 00                     191 	.db #0x00	; 0
      000091 5A                     192 	.db #0x5a	; 90	'Z'
      000092 00                     193 	.db #0x00	; 0
      000093 00                     194 	.db #0x00	; 0
      000094 5A                     195 	.db #0x5a	; 90	'Z'
      000095 00                     196 	.db #0x00	; 0
      000096 00                     197 	.db #0x00	; 0
      000097 5A                     198 	.db #0x5a	; 90	'Z'
      000098 00                     199 	.db #0x00	; 0
      000099 00                     200 	.db #0x00	; 0
      00009A 5A                     201 	.db #0x5a	; 90	'Z'
      00009B 00                     202 	.db #0x00	; 0
      00009C 00                     203 	.db #0x00	; 0
      00009D 5A                     204 	.db #0x5a	; 90	'Z'
      00009E 00                     205 	.db #0x00	; 0
      00009F 00                     206 	.db #0x00	; 0
      0000A0 5A                     207 	.db #0x5a	; 90	'Z'
      0000A1 00                     208 	.db #0x00	; 0
      0000A2 00                     209 	.db #0x00	; 0
      0000A3 5A                     210 	.db #0x5a	; 90	'Z'
      0000A4 00                     211 	.db #0x00	; 0
      0000A5 00                     212 	.db #0x00	; 0
      0000A6 5A                     213 	.db #0x5a	; 90	'Z'
      0000A7 00                     214 	.db #0x00	; 0
      0000A8 00                     215 	.db #0x00	; 0
      0000A9 5A                     216 	.db #0x5a	; 90	'Z'
      0000AA 00                     217 	.db #0x00	; 0
      0000AB 00                     218 	.db #0x00	; 0
      0000AC 5A                     219 	.db #0x5a	; 90	'Z'
      0000AD 00                     220 	.db #0x00	; 0
      0000AE 00                     221 	.db #0x00	; 0
      0000AF 5A                     222 	.db #0x5a	; 90	'Z'
      0000B0 00                     223 	.db #0x00	; 0
      0000B1 00                     224 	.db #0x00	; 0
      0000B2 5A                     225 	.db #0x5a	; 90	'Z'
      0000B3 00                     226 	.db #0x00	; 0
      0000B4 00                     227 	.db #0x00	; 0
      0000B5 5A                     228 	.db #0x5a	; 90	'Z'
      0000B6 00                     229 	.db #0x00	; 0
      0000B7 00                     230 	.db #0x00	; 0
      0000B8 5A                     231 	.db #0x5a	; 90	'Z'
      0000B9 00                     232 	.db #0x00	; 0
      0000BA 00                     233 	.db #0x00	; 0
      0000BB 5A                     234 	.db #0x5a	; 90	'Z'
      0000BC 00                     235 	.db #0x00	; 0
      0000BD 00                     236 	.db #0x00	; 0
      0000BE 5A                     237 	.db #0x5a	; 90	'Z'
      0000BF 00                     238 	.db #0x00	; 0
      0000C0 00                     239 	.db #0x00	; 0
      0000C1                        240 _P1:
      0000C1 0D                     241 	.db #0x0d	; 13
      0000C2 19                     242 	.db #0x19	; 25
      0000C3 00                     243 	.db #0x00	; 0
      0000C4 14                     244 	.db #0x14	; 20
      0000C5 1C                     245 	.db #0x1c	; 28
      0000C6 07                     246 	.db #0x07	; 7
      0000C7 14                     247 	.db #0x14	; 20
      0000C8 19                     248 	.db #0x19	; 25
      0000C9 40                     249 	.db #0x40	; 64
      0000CA 0D                     250 	.db #0x0d	; 13
      0000CB 1C                     251 	.db #0x1c	; 28
      0000CC 07                     252 	.db #0x07	; 7
      0000CD 19                     253 	.db #0x19	; 25
      0000CE 14                     254 	.db #0x14	; 20
      0000CF C0                     255 	.db #0xc0	; 192
      0000D0 14                     256 	.db #0x14	; 20
      0000D1 1C                     257 	.db #0x1c	; 28
      0000D2 07                     258 	.db #0x07	; 7
      0000D3 0D                     259 	.db #0x0d	; 13
      0000D4 19                     260 	.db #0x19	; 25
      0000D5 40                     261 	.db #0x40	; 64
      0000D6 19                     262 	.db #0x19	; 25
      0000D7 1C                     263 	.db #0x1c	; 28
      0000D8 07                     264 	.db #0x07	; 7
      0000D9 14                     265 	.db #0x14	; 20
      0000DA 19                     266 	.db #0x19	; 25
      0000DB 00                     267 	.db #0x00	; 0
      0000DC 0D                     268 	.db #0x0d	; 13
      0000DD 1C                     269 	.db #0x1c	; 28
      0000DE 07                     270 	.db #0x07	; 7
      0000DF 19                     271 	.db #0x19	; 25
      0000E0 19                     272 	.db #0x19	; 25
      0000E1 40                     273 	.db #0x40	; 64
      0000E2 14                     274 	.db #0x14	; 20
      0000E3 1C                     275 	.db #0x1c	; 28
      0000E4 07                     276 	.db #0x07	; 7
      0000E5 0D                     277 	.db #0x0d	; 13
      0000E6 14                     278 	.db #0x14	; 20
      0000E7 C0                     279 	.db #0xc0	; 192
      0000E8 19                     280 	.db #0x19	; 25
      0000E9 1C                     281 	.db #0x1c	; 28
      0000EA 07                     282 	.db #0x07	; 7
      0000EB 14                     283 	.db #0x14	; 20
      0000EC 19                     284 	.db #0x19	; 25
      0000ED 40                     285 	.db #0x40	; 64
      0000EE 0D                     286 	.db #0x0d	; 13
      0000EF 1C                     287 	.db #0x1c	; 28
      0000F0 07                     288 	.db #0x07	; 7
      0000F1 0D                     289 	.db #0x0d	; 13
      0000F2 19                     290 	.db #0x19	; 25
      0000F3 00                     291 	.db #0x00	; 0
      0000F4 14                     292 	.db #0x14	; 20
      0000F5 1C                     293 	.db #0x1c	; 28
      0000F6 07                     294 	.db #0x07	; 7
      0000F7 14                     295 	.db #0x14	; 20
      0000F8 19                     296 	.db #0x19	; 25
      0000F9 40                     297 	.db #0x40	; 64
      0000FA 0D                     298 	.db #0x0d	; 13
      0000FB 1C                     299 	.db #0x1c	; 28
      0000FC 07                     300 	.db #0x07	; 7
      0000FD 19                     301 	.db #0x19	; 25
      0000FE 14                     302 	.db #0x14	; 20
      0000FF C0                     303 	.db #0xc0	; 192
      000100 14                     304 	.db #0x14	; 20
      000101 1C                     305 	.db #0x1c	; 28
      000102 07                     306 	.db #0x07	; 7
      000103 0D                     307 	.db #0x0d	; 13
      000104 19                     308 	.db #0x19	; 25
      000105 40                     309 	.db #0x40	; 64
      000106 19                     310 	.db #0x19	; 25
      000107 1C                     311 	.db #0x1c	; 28
      000108 07                     312 	.db #0x07	; 7
      000109 14                     313 	.db #0x14	; 20
      00010A 19                     314 	.db #0x19	; 25
      00010B 00                     315 	.db #0x00	; 0
      00010C 0D                     316 	.db #0x0d	; 13
      00010D 1C                     317 	.db #0x1c	; 28
      00010E 07                     318 	.db #0x07	; 7
      00010F 19                     319 	.db #0x19	; 25
      000110 19                     320 	.db #0x19	; 25
      000111 40                     321 	.db #0x40	; 64
      000112 14                     322 	.db #0x14	; 20
      000113 1C                     323 	.db #0x1c	; 28
      000114 07                     324 	.db #0x07	; 7
      000115 1C                     325 	.db #0x1c	; 28
      000116 14                     326 	.db #0x14	; 20
      000117 C0                     327 	.db #0xc0	; 192
      000118 19                     328 	.db #0x19	; 25
      000119 1C                     329 	.db #0x1c	; 28
      00011A 07                     330 	.db #0x07	; 7
      00011B 1B                     331 	.db #0x1b	; 27
      00011C 19                     332 	.db #0x19	; 25
      00011D 40                     333 	.db #0x40	; 64
      00011E 1C                     334 	.db #0x1c	; 28
      00011F 1C                     335 	.db #0x1c	; 28
      000120 07                     336 	.db #0x07	; 7
      000121 0D                     337 	.db #0x0d	; 13
      000122 19                     338 	.db #0x19	; 25
      000123 00                     339 	.db #0x00	; 0
      000124 1B                     340 	.db #0x1b	; 27
      000125 1C                     341 	.db #0x1c	; 28
      000126 07                     342 	.db #0x07	; 7
      000127 14                     343 	.db #0x14	; 20
      000128 19                     344 	.db #0x19	; 25
      000129 40                     345 	.db #0x40	; 64
      00012A 0D                     346 	.db #0x0d	; 13
      00012B 1C                     347 	.db #0x1c	; 28
      00012C 07                     348 	.db #0x07	; 7
      00012D 19                     349 	.db #0x19	; 25
      00012E 14                     350 	.db #0x14	; 20
      00012F C0                     351 	.db #0xc0	; 192
      000130 14                     352 	.db #0x14	; 20
      000131 1C                     353 	.db #0x1c	; 28
      000132 07                     354 	.db #0x07	; 7
      000133 0D                     355 	.db #0x0d	; 13
      000134 19                     356 	.db #0x19	; 25
      000135 40                     357 	.db #0x40	; 64
      000136 19                     358 	.db #0x19	; 25
      000137 1C                     359 	.db #0x1c	; 28
      000138 07                     360 	.db #0x07	; 7
      000139 14                     361 	.db #0x14	; 20
      00013A 19                     362 	.db #0x19	; 25
      00013B 00                     363 	.db #0x00	; 0
      00013C 0D                     364 	.db #0x0d	; 13
      00013D 1C                     365 	.db #0x1c	; 28
      00013E 07                     366 	.db #0x07	; 7
      00013F 19                     367 	.db #0x19	; 25
      000140 19                     368 	.db #0x19	; 25
      000141 40                     369 	.db #0x40	; 64
      000142 14                     370 	.db #0x14	; 20
      000143 1C                     371 	.db #0x1c	; 28
      000144 07                     372 	.db #0x07	; 7
      000145 0D                     373 	.db #0x0d	; 13
      000146 14                     374 	.db #0x14	; 20
      000147 C0                     375 	.db #0xc0	; 192
      000148 19                     376 	.db #0x19	; 25
      000149 1C                     377 	.db #0x1c	; 28
      00014A 07                     378 	.db #0x07	; 7
      00014B 14                     379 	.db #0x14	; 20
      00014C 19                     380 	.db #0x19	; 25
      00014D 40                     381 	.db #0x40	; 64
      00014E 0D                     382 	.db #0x0d	; 13
      00014F 1C                     383 	.db #0x1c	; 28
      000150 07                     384 	.db #0x07	; 7
      000151 0D                     385 	.db #0x0d	; 13
      000152 19                     386 	.db #0x19	; 25
      000153 00                     387 	.db #0x00	; 0
      000154 14                     388 	.db #0x14	; 20
      000155 1C                     389 	.db #0x1c	; 28
      000156 07                     390 	.db #0x07	; 7
      000157 14                     391 	.db #0x14	; 20
      000158 19                     392 	.db #0x19	; 25
      000159 40                     393 	.db #0x40	; 64
      00015A 0D                     394 	.db #0x0d	; 13
      00015B 1C                     395 	.db #0x1c	; 28
      00015C 07                     396 	.db #0x07	; 7
      00015D 19                     397 	.db #0x19	; 25
      00015E 14                     398 	.db #0x14	; 20
      00015F C0                     399 	.db #0xc0	; 192
      000160 14                     400 	.db #0x14	; 20
      000161 1C                     401 	.db #0x1c	; 28
      000162 07                     402 	.db #0x07	; 7
      000163 0D                     403 	.db #0x0d	; 13
      000164 19                     404 	.db #0x19	; 25
      000165 40                     405 	.db #0x40	; 64
      000166 19                     406 	.db #0x19	; 25
      000167 1C                     407 	.db #0x1c	; 28
      000168 07                     408 	.db #0x07	; 7
      000169 14                     409 	.db #0x14	; 20
      00016A 19                     410 	.db #0x19	; 25
      00016B 00                     411 	.db #0x00	; 0
      00016C 0D                     412 	.db #0x0d	; 13
      00016D 1C                     413 	.db #0x1c	; 28
      00016E 07                     414 	.db #0x07	; 7
      00016F 19                     415 	.db #0x19	; 25
      000170 19                     416 	.db #0x19	; 25
      000171 40                     417 	.db #0x40	; 64
      000172 14                     418 	.db #0x14	; 20
      000173 1C                     419 	.db #0x1c	; 28
      000174 07                     420 	.db #0x07	; 7
      000175 17                     421 	.db #0x17	; 23
      000176 14                     422 	.db #0x14	; 20
      000177 C0                     423 	.db #0xc0	; 192
      000178 19                     424 	.db #0x19	; 25
      000179 1C                     425 	.db #0x1c	; 28
      00017A 07                     426 	.db #0x07	; 7
      00017B 16                     427 	.db #0x16	; 22
      00017C 19                     428 	.db #0x19	; 25
      00017D 40                     429 	.db #0x40	; 64
      00017E 17                     430 	.db #0x17	; 23
      00017F 1C                     431 	.db #0x1c	; 28
      000180 07                     432 	.db #0x07	; 7
      000181                        433 _P2:
      000181 0D                     434 	.db #0x0d	; 13
      000182 20                     435 	.db #0x20	; 32
      000183 00                     436 	.db #0x00	; 0
      000184 5A                     437 	.db #0x5a	; 90	'Z'
      000185 00                     438 	.db #0x00	; 0
      000186 00                     439 	.db #0x00	; 0
      000187 5A                     440 	.db #0x5a	; 90	'Z'
      000188 00                     441 	.db #0x00	; 0
      000189 00                     442 	.db #0x00	; 0
      00018A 5A                     443 	.db #0x5a	; 90	'Z'
      00018B 00                     444 	.db #0x00	; 0
      00018C 00                     445 	.db #0x00	; 0
      00018D 5A                     446 	.db #0x5a	; 90	'Z'
      00018E 00                     447 	.db #0x00	; 0
      00018F 00                     448 	.db #0x00	; 0
      000190 5A                     449 	.db #0x5a	; 90	'Z'
      000191 00                     450 	.db #0x00	; 0
      000192 00                     451 	.db #0x00	; 0
      000193 5A                     452 	.db #0x5a	; 90	'Z'
      000194 00                     453 	.db #0x00	; 0
      000195 00                     454 	.db #0x00	; 0
      000196 5A                     455 	.db #0x5a	; 90	'Z'
      000197 00                     456 	.db #0x00	; 0
      000198 00                     457 	.db #0x00	; 0
      000199 5A                     458 	.db #0x5a	; 90	'Z'
      00019A 00                     459 	.db #0x00	; 0
      00019B 00                     460 	.db #0x00	; 0
      00019C 5A                     461 	.db #0x5a	; 90	'Z'
      00019D 00                     462 	.db #0x00	; 0
      00019E 00                     463 	.db #0x00	; 0
      00019F 5A                     464 	.db #0x5a	; 90	'Z'
      0001A0 00                     465 	.db #0x00	; 0
      0001A1 00                     466 	.db #0x00	; 0
      0001A2 5A                     467 	.db #0x5a	; 90	'Z'
      0001A3 00                     468 	.db #0x00	; 0
      0001A4 00                     469 	.db #0x00	; 0
      0001A5 5A                     470 	.db #0x5a	; 90	'Z'
      0001A6 00                     471 	.db #0x00	; 0
      0001A7 00                     472 	.db #0x00	; 0
      0001A8 5A                     473 	.db #0x5a	; 90	'Z'
      0001A9 00                     474 	.db #0x00	; 0
      0001AA 00                     475 	.db #0x00	; 0
      0001AB 5A                     476 	.db #0x5a	; 90	'Z'
      0001AC 00                     477 	.db #0x00	; 0
      0001AD 00                     478 	.db #0x00	; 0
      0001AE 5A                     479 	.db #0x5a	; 90	'Z'
      0001AF 00                     480 	.db #0x00	; 0
      0001B0 00                     481 	.db #0x00	; 0
      0001B1 5A                     482 	.db #0x5a	; 90	'Z'
      0001B2 00                     483 	.db #0x00	; 0
      0001B3 00                     484 	.db #0x00	; 0
      0001B4 5A                     485 	.db #0x5a	; 90	'Z'
      0001B5 00                     486 	.db #0x00	; 0
      0001B6 00                     487 	.db #0x00	; 0
      0001B7 5A                     488 	.db #0x5a	; 90	'Z'
      0001B8 00                     489 	.db #0x00	; 0
      0001B9 00                     490 	.db #0x00	; 0
      0001BA 5A                     491 	.db #0x5a	; 90	'Z'
      0001BB 00                     492 	.db #0x00	; 0
      0001BC 00                     493 	.db #0x00	; 0
      0001BD 5A                     494 	.db #0x5a	; 90	'Z'
      0001BE 00                     495 	.db #0x00	; 0
      0001BF 00                     496 	.db #0x00	; 0
      0001C0 5A                     497 	.db #0x5a	; 90	'Z'
      0001C1 00                     498 	.db #0x00	; 0
      0001C2 00                     499 	.db #0x00	; 0
      0001C3 5A                     500 	.db #0x5a	; 90	'Z'
      0001C4 00                     501 	.db #0x00	; 0
      0001C5 00                     502 	.db #0x00	; 0
      0001C6 5A                     503 	.db #0x5a	; 90	'Z'
      0001C7 00                     504 	.db #0x00	; 0
      0001C8 00                     505 	.db #0x00	; 0
      0001C9 5A                     506 	.db #0x5a	; 90	'Z'
      0001CA 00                     507 	.db #0x00	; 0
      0001CB 00                     508 	.db #0x00	; 0
      0001CC 5A                     509 	.db #0x5a	; 90	'Z'
      0001CD 00                     510 	.db #0x00	; 0
      0001CE 00                     511 	.db #0x00	; 0
      0001CF 5A                     512 	.db #0x5a	; 90	'Z'
      0001D0 00                     513 	.db #0x00	; 0
      0001D1 00                     514 	.db #0x00	; 0
      0001D2 5A                     515 	.db #0x5a	; 90	'Z'
      0001D3 00                     516 	.db #0x00	; 0
      0001D4 00                     517 	.db #0x00	; 0
      0001D5 5A                     518 	.db #0x5a	; 90	'Z'
      0001D6 00                     519 	.db #0x00	; 0
      0001D7 00                     520 	.db #0x00	; 0
      0001D8 5A                     521 	.db #0x5a	; 90	'Z'
      0001D9 00                     522 	.db #0x00	; 0
      0001DA 00                     523 	.db #0x00	; 0
      0001DB 5A                     524 	.db #0x5a	; 90	'Z'
      0001DC 00                     525 	.db #0x00	; 0
      0001DD 00                     526 	.db #0x00	; 0
      0001DE 5A                     527 	.db #0x5a	; 90	'Z'
      0001DF 00                     528 	.db #0x00	; 0
      0001E0 00                     529 	.db #0x00	; 0
      0001E1 10                     530 	.db #0x10	; 16
      0001E2 20                     531 	.db #0x20	; 32
      0001E3 00                     532 	.db #0x00	; 0
      0001E4 5A                     533 	.db #0x5a	; 90	'Z'
      0001E5 00                     534 	.db #0x00	; 0
      0001E6 00                     535 	.db #0x00	; 0
      0001E7 5A                     536 	.db #0x5a	; 90	'Z'
      0001E8 00                     537 	.db #0x00	; 0
      0001E9 00                     538 	.db #0x00	; 0
      0001EA 5A                     539 	.db #0x5a	; 90	'Z'
      0001EB 00                     540 	.db #0x00	; 0
      0001EC 00                     541 	.db #0x00	; 0
      0001ED 5A                     542 	.db #0x5a	; 90	'Z'
      0001EE 00                     543 	.db #0x00	; 0
      0001EF 00                     544 	.db #0x00	; 0
      0001F0 5A                     545 	.db #0x5a	; 90	'Z'
      0001F1 00                     546 	.db #0x00	; 0
      0001F2 00                     547 	.db #0x00	; 0
      0001F3 5A                     548 	.db #0x5a	; 90	'Z'
      0001F4 00                     549 	.db #0x00	; 0
      0001F5 00                     550 	.db #0x00	; 0
      0001F6 5A                     551 	.db #0x5a	; 90	'Z'
      0001F7 00                     552 	.db #0x00	; 0
      0001F8 00                     553 	.db #0x00	; 0
      0001F9 5A                     554 	.db #0x5a	; 90	'Z'
      0001FA 00                     555 	.db #0x00	; 0
      0001FB 00                     556 	.db #0x00	; 0
      0001FC 5A                     557 	.db #0x5a	; 90	'Z'
      0001FD 00                     558 	.db #0x00	; 0
      0001FE 00                     559 	.db #0x00	; 0
      0001FF 5A                     560 	.db #0x5a	; 90	'Z'
      000200 00                     561 	.db #0x00	; 0
      000201 00                     562 	.db #0x00	; 0
      000202 5A                     563 	.db #0x5a	; 90	'Z'
      000203 00                     564 	.db #0x00	; 0
      000204 00                     565 	.db #0x00	; 0
      000205 5A                     566 	.db #0x5a	; 90	'Z'
      000206 00                     567 	.db #0x00	; 0
      000207 00                     568 	.db #0x00	; 0
      000208 5A                     569 	.db #0x5a	; 90	'Z'
      000209 00                     570 	.db #0x00	; 0
      00020A 00                     571 	.db #0x00	; 0
      00020B 1C                     572 	.db #0x1c	; 28
      00020C 23                     573 	.db #0x23	; 35
      00020D 40                     574 	.db #0x40	; 64
      00020E 5A                     575 	.db #0x5a	; 90	'Z'
      00020F 03                     576 	.db #0x03	; 3
      000210 40                     577 	.db #0x40	; 64
      000211 12                     578 	.db #0x12	; 18
      000212 20                     579 	.db #0x20	; 32
      000213 00                     580 	.db #0x00	; 0
      000214 5A                     581 	.db #0x5a	; 90	'Z'
      000215 00                     582 	.db #0x00	; 0
      000216 00                     583 	.db #0x00	; 0
      000217 5A                     584 	.db #0x5a	; 90	'Z'
      000218 00                     585 	.db #0x00	; 0
      000219 00                     586 	.db #0x00	; 0
      00021A 5A                     587 	.db #0x5a	; 90	'Z'
      00021B 00                     588 	.db #0x00	; 0
      00021C 00                     589 	.db #0x00	; 0
      00021D 5A                     590 	.db #0x5a	; 90	'Z'
      00021E 00                     591 	.db #0x00	; 0
      00021F 00                     592 	.db #0x00	; 0
      000220 5A                     593 	.db #0x5a	; 90	'Z'
      000221 00                     594 	.db #0x00	; 0
      000222 00                     595 	.db #0x00	; 0
      000223 5A                     596 	.db #0x5a	; 90	'Z'
      000224 00                     597 	.db #0x00	; 0
      000225 00                     598 	.db #0x00	; 0
      000226 5A                     599 	.db #0x5a	; 90	'Z'
      000227 00                     600 	.db #0x00	; 0
      000228 00                     601 	.db #0x00	; 0
      000229 5A                     602 	.db #0x5a	; 90	'Z'
      00022A 00                     603 	.db #0x00	; 0
      00022B 00                     604 	.db #0x00	; 0
      00022C 5A                     605 	.db #0x5a	; 90	'Z'
      00022D 00                     606 	.db #0x00	; 0
      00022E 00                     607 	.db #0x00	; 0
      00022F 5A                     608 	.db #0x5a	; 90	'Z'
      000230 00                     609 	.db #0x00	; 0
      000231 00                     610 	.db #0x00	; 0
      000232 5A                     611 	.db #0x5a	; 90	'Z'
      000233 00                     612 	.db #0x00	; 0
      000234 00                     613 	.db #0x00	; 0
      000235 5A                     614 	.db #0x5a	; 90	'Z'
      000236 02                     615 	.db #0x02	; 2
      000237 12                     616 	.db #0x12	; 18
      000238 5A                     617 	.db #0x5a	; 90	'Z'
      000239 02                     618 	.db #0x02	; 2
      00023A 12                     619 	.db #0x12	; 18
      00023B 5A                     620 	.db #0x5a	; 90	'Z'
      00023C 02                     621 	.db #0x02	; 2
      00023D 12                     622 	.db #0x12	; 18
      00023E 5A                     623 	.db #0x5a	; 90	'Z'
      00023F 02                     624 	.db #0x02	; 2
      000240 12                     625 	.db #0x12	; 18
      000241                        626 _P3:
      000241 31                     627 	.db #0x31	; 49	'1'
      000242 22                     628 	.db #0x22	; 34
      000243 A0                     629 	.db #0xa0	; 160
      000244 0D                     630 	.db #0x0d	; 13
      000245 00                     631 	.db #0x00	; 0
      000246 00                     632 	.db #0x00	; 0
      000247 5A                     633 	.db #0x5a	; 90	'Z'
      000248 00                     634 	.db #0x00	; 0
      000249 00                     635 	.db #0x00	; 0
      00024A 5A                     636 	.db #0x5a	; 90	'Z'
      00024B 00                     637 	.db #0x00	; 0
      00024C 00                     638 	.db #0x00	; 0
      00024D 31                     639 	.db #0x31	; 49	'1'
      00024E 22                     640 	.db #0x22	; 34
      00024F A0                     641 	.db #0xa0	; 160
      000250 0D                     642 	.db #0x0d	; 13
      000251 00                     643 	.db #0x00	; 0
      000252 00                     644 	.db #0x00	; 0
      000253 5A                     645 	.db #0x5a	; 90	'Z'
      000254 00                     646 	.db #0x00	; 0
      000255 00                     647 	.db #0x00	; 0
      000256 5A                     648 	.db #0x5a	; 90	'Z'
      000257 00                     649 	.db #0x00	; 0
      000258 00                     650 	.db #0x00	; 0
      000259 31                     651 	.db #0x31	; 49	'1'
      00025A 22                     652 	.db #0x22	; 34
      00025B A0                     653 	.db #0xa0	; 160
      00025C 0D                     654 	.db #0x0d	; 13
      00025D 00                     655 	.db #0x00	; 0
      00025E 00                     656 	.db #0x00	; 0
      00025F 5A                     657 	.db #0x5a	; 90	'Z'
      000260 00                     658 	.db #0x00	; 0
      000261 00                     659 	.db #0x00	; 0
      000262 5A                     660 	.db #0x5a	; 90	'Z'
      000263 00                     661 	.db #0x00	; 0
      000264 00                     662 	.db #0x00	; 0
      000265 31                     663 	.db #0x31	; 49	'1'
      000266 22                     664 	.db #0x22	; 34
      000267 A0                     665 	.db #0xa0	; 160
      000268 0D                     666 	.db #0x0d	; 13
      000269 00                     667 	.db #0x00	; 0
      00026A 00                     668 	.db #0x00	; 0
      00026B 5A                     669 	.db #0x5a	; 90	'Z'
      00026C 00                     670 	.db #0x00	; 0
      00026D 00                     671 	.db #0x00	; 0
      00026E 5A                     672 	.db #0x5a	; 90	'Z'
      00026F 00                     673 	.db #0x00	; 0
      000270 00                     674 	.db #0x00	; 0
      000271 31                     675 	.db #0x31	; 49	'1'
      000272 22                     676 	.db #0x22	; 34
      000273 A0                     677 	.db #0xa0	; 160
      000274 0D                     678 	.db #0x0d	; 13
      000275 00                     679 	.db #0x00	; 0
      000276 00                     680 	.db #0x00	; 0
      000277 5A                     681 	.db #0x5a	; 90	'Z'
      000278 00                     682 	.db #0x00	; 0
      000279 00                     683 	.db #0x00	; 0
      00027A 5A                     684 	.db #0x5a	; 90	'Z'
      00027B 00                     685 	.db #0x00	; 0
      00027C 00                     686 	.db #0x00	; 0
      00027D 31                     687 	.db #0x31	; 49	'1'
      00027E 22                     688 	.db #0x22	; 34
      00027F A0                     689 	.db #0xa0	; 160
      000280 0D                     690 	.db #0x0d	; 13
      000281 00                     691 	.db #0x00	; 0
      000282 00                     692 	.db #0x00	; 0
      000283 5A                     693 	.db #0x5a	; 90	'Z'
      000284 00                     694 	.db #0x00	; 0
      000285 00                     695 	.db #0x00	; 0
      000286 5A                     696 	.db #0x5a	; 90	'Z'
      000287 00                     697 	.db #0x00	; 0
      000288 00                     698 	.db #0x00	; 0
      000289 31                     699 	.db #0x31	; 49	'1'
      00028A 22                     700 	.db #0x22	; 34
      00028B A0                     701 	.db #0xa0	; 160
      00028C 0D                     702 	.db #0x0d	; 13
      00028D 00                     703 	.db #0x00	; 0
      00028E 00                     704 	.db #0x00	; 0
      00028F 5A                     705 	.db #0x5a	; 90	'Z'
      000290 00                     706 	.db #0x00	; 0
      000291 00                     707 	.db #0x00	; 0
      000292 5A                     708 	.db #0x5a	; 90	'Z'
      000293 00                     709 	.db #0x00	; 0
      000294 00                     710 	.db #0x00	; 0
      000295 31                     711 	.db #0x31	; 49	'1'
      000296 22                     712 	.db #0x22	; 34
      000297 A0                     713 	.db #0xa0	; 160
      000298 0D                     714 	.db #0x0d	; 13
      000299 00                     715 	.db #0x00	; 0
      00029A 00                     716 	.db #0x00	; 0
      00029B 19                     717 	.db #0x19	; 25
      00029C 00                     718 	.db #0x00	; 0
      00029D 00                     719 	.db #0x00	; 0
      00029E 0D                     720 	.db #0x0d	; 13
      00029F 00                     721 	.db #0x00	; 0
      0002A0 00                     722 	.db #0x00	; 0
      0002A1 31                     723 	.db #0x31	; 49	'1'
      0002A2 22                     724 	.db #0x22	; 34
      0002A3 A0                     725 	.db #0xa0	; 160
      0002A4 0D                     726 	.db #0x0d	; 13
      0002A5 00                     727 	.db #0x00	; 0
      0002A6 00                     728 	.db #0x00	; 0
      0002A7 5A                     729 	.db #0x5a	; 90	'Z'
      0002A8 00                     730 	.db #0x00	; 0
      0002A9 00                     731 	.db #0x00	; 0
      0002AA 5A                     732 	.db #0x5a	; 90	'Z'
      0002AB 00                     733 	.db #0x00	; 0
      0002AC 00                     734 	.db #0x00	; 0
      0002AD 31                     735 	.db #0x31	; 49	'1'
      0002AE 22                     736 	.db #0x22	; 34
      0002AF A0                     737 	.db #0xa0	; 160
      0002B0 0D                     738 	.db #0x0d	; 13
      0002B1 00                     739 	.db #0x00	; 0
      0002B2 00                     740 	.db #0x00	; 0
      0002B3 5A                     741 	.db #0x5a	; 90	'Z'
      0002B4 00                     742 	.db #0x00	; 0
      0002B5 00                     743 	.db #0x00	; 0
      0002B6 5A                     744 	.db #0x5a	; 90	'Z'
      0002B7 00                     745 	.db #0x00	; 0
      0002B8 00                     746 	.db #0x00	; 0
      0002B9 31                     747 	.db #0x31	; 49	'1'
      0002BA 22                     748 	.db #0x22	; 34
      0002BB A0                     749 	.db #0xa0	; 160
      0002BC 0D                     750 	.db #0x0d	; 13
      0002BD 00                     751 	.db #0x00	; 0
      0002BE 00                     752 	.db #0x00	; 0
      0002BF 5A                     753 	.db #0x5a	; 90	'Z'
      0002C0 00                     754 	.db #0x00	; 0
      0002C1 00                     755 	.db #0x00	; 0
      0002C2 5A                     756 	.db #0x5a	; 90	'Z'
      0002C3 00                     757 	.db #0x00	; 0
      0002C4 00                     758 	.db #0x00	; 0
      0002C5 31                     759 	.db #0x31	; 49	'1'
      0002C6 22                     760 	.db #0x22	; 34
      0002C7 A0                     761 	.db #0xa0	; 160
      0002C8 0D                     762 	.db #0x0d	; 13
      0002C9 00                     763 	.db #0x00	; 0
      0002CA 00                     764 	.db #0x00	; 0
      0002CB 5A                     765 	.db #0x5a	; 90	'Z'
      0002CC 00                     766 	.db #0x00	; 0
      0002CD 00                     767 	.db #0x00	; 0
      0002CE 5A                     768 	.db #0x5a	; 90	'Z'
      0002CF 00                     769 	.db #0x00	; 0
      0002D0 00                     770 	.db #0x00	; 0
      0002D1 31                     771 	.db #0x31	; 49	'1'
      0002D2 22                     772 	.db #0x22	; 34
      0002D3 A0                     773 	.db #0xa0	; 160
      0002D4 0D                     774 	.db #0x0d	; 13
      0002D5 00                     775 	.db #0x00	; 0
      0002D6 00                     776 	.db #0x00	; 0
      0002D7 5A                     777 	.db #0x5a	; 90	'Z'
      0002D8 00                     778 	.db #0x00	; 0
      0002D9 00                     779 	.db #0x00	; 0
      0002DA 5A                     780 	.db #0x5a	; 90	'Z'
      0002DB 00                     781 	.db #0x00	; 0
      0002DC 00                     782 	.db #0x00	; 0
      0002DD 31                     783 	.db #0x31	; 49	'1'
      0002DE 22                     784 	.db #0x22	; 34
      0002DF A0                     785 	.db #0xa0	; 160
      0002E0 0D                     786 	.db #0x0d	; 13
      0002E1 00                     787 	.db #0x00	; 0
      0002E2 00                     788 	.db #0x00	; 0
      0002E3 5A                     789 	.db #0x5a	; 90	'Z'
      0002E4 00                     790 	.db #0x00	; 0
      0002E5 00                     791 	.db #0x00	; 0
      0002E6 5A                     792 	.db #0x5a	; 90	'Z'
      0002E7 00                     793 	.db #0x00	; 0
      0002E8 00                     794 	.db #0x00	; 0
      0002E9 31                     795 	.db #0x31	; 49	'1'
      0002EA 22                     796 	.db #0x22	; 34
      0002EB A0                     797 	.db #0xa0	; 160
      0002EC 0D                     798 	.db #0x0d	; 13
      0002ED 00                     799 	.db #0x00	; 0
      0002EE 00                     800 	.db #0x00	; 0
      0002EF 5A                     801 	.db #0x5a	; 90	'Z'
      0002F0 00                     802 	.db #0x00	; 0
      0002F1 00                     803 	.db #0x00	; 0
      0002F2 5A                     804 	.db #0x5a	; 90	'Z'
      0002F3 00                     805 	.db #0x00	; 0
      0002F4 00                     806 	.db #0x00	; 0
      0002F5 31                     807 	.db #0x31	; 49	'1'
      0002F6 22                     808 	.db #0x22	; 34
      0002F7 A0                     809 	.db #0xa0	; 160
      0002F8 0D                     810 	.db #0x0d	; 13
      0002F9 00                     811 	.db #0x00	; 0
      0002FA 00                     812 	.db #0x00	; 0
      0002FB 19                     813 	.db #0x19	; 25
      0002FC 00                     814 	.db #0x00	; 0
      0002FD 00                     815 	.db #0x00	; 0
      0002FE 0D                     816 	.db #0x0d	; 13
      0002FF 00                     817 	.db #0x00	; 0
      000300 00                     818 	.db #0x00	; 0
      000301                        819 _P4:
      000301 5A                     820 	.db #0x5a	; 90	'Z'
      000302 00                     821 	.db #0x00	; 0
      000303 00                     822 	.db #0x00	; 0
      000304 5A                     823 	.db #0x5a	; 90	'Z'
      000305 00                     824 	.db #0x00	; 0
      000306 00                     825 	.db #0x00	; 0
      000307 5A                     826 	.db #0x5a	; 90	'Z'
      000308 00                     827 	.db #0x00	; 0
      000309 00                     828 	.db #0x00	; 0
      00030A 5A                     829 	.db #0x5a	; 90	'Z'
      00030B 00                     830 	.db #0x00	; 0
      00030C 00                     831 	.db #0x00	; 0
      00030D 19                     832 	.db #0x19	; 25
      00030E 30                     833 	.db #0x30	; 48	'0'
      00030F 37                     834 	.db #0x37	; 55	'7'
      000310 5A                     835 	.db #0x5a	; 90	'Z'
      000311 00                     836 	.db #0x00	; 0
      000312 37                     837 	.db #0x37	; 55	'7'
      000313 5A                     838 	.db #0x5a	; 90	'Z'
      000314 00                     839 	.db #0x00	; 0
      000315 37                     840 	.db #0x37	; 55	'7'
      000316 5A                     841 	.db #0x5a	; 90	'Z'
      000317 00                     842 	.db #0x00	; 0
      000318 37                     843 	.db #0x37	; 55	'7'
      000319 5A                     844 	.db #0x5a	; 90	'Z'
      00031A 00                     845 	.db #0x00	; 0
      00031B 00                     846 	.db #0x00	; 0
      00031C 5A                     847 	.db #0x5a	; 90	'Z'
      00031D 00                     848 	.db #0x00	; 0
      00031E 00                     849 	.db #0x00	; 0
      00031F 19                     850 	.db #0x19	; 25
      000320 30                     851 	.db #0x30	; 48	'0'
      000321 37                     852 	.db #0x37	; 55	'7'
      000322 5A                     853 	.db #0x5a	; 90	'Z'
      000323 00                     854 	.db #0x00	; 0
      000324 37                     855 	.db #0x37	; 55	'7'
      000325 5A                     856 	.db #0x5a	; 90	'Z'
      000326 00                     857 	.db #0x00	; 0
      000327 37                     858 	.db #0x37	; 55	'7'
      000328 5A                     859 	.db #0x5a	; 90	'Z'
      000329 00                     860 	.db #0x00	; 0
      00032A 37                     861 	.db #0x37	; 55	'7'
      00032B 19                     862 	.db #0x19	; 25
      00032C 30                     863 	.db #0x30	; 48	'0'
      00032D 37                     864 	.db #0x37	; 55	'7'
      00032E 5A                     865 	.db #0x5a	; 90	'Z'
      00032F 00                     866 	.db #0x00	; 0
      000330 37                     867 	.db #0x37	; 55	'7'
      000331 5A                     868 	.db #0x5a	; 90	'Z'
      000332 00                     869 	.db #0x00	; 0
      000333 37                     870 	.db #0x37	; 55	'7'
      000334 5A                     871 	.db #0x5a	; 90	'Z'
      000335 00                     872 	.db #0x00	; 0
      000336 37                     873 	.db #0x37	; 55	'7'
      000337 5A                     874 	.db #0x5a	; 90	'Z'
      000338 00                     875 	.db #0x00	; 0
      000339 00                     876 	.db #0x00	; 0
      00033A 5A                     877 	.db #0x5a	; 90	'Z'
      00033B 00                     878 	.db #0x00	; 0
      00033C 00                     879 	.db #0x00	; 0
      00033D 19                     880 	.db #0x19	; 25
      00033E 30                     881 	.db #0x30	; 48	'0'
      00033F 37                     882 	.db #0x37	; 55	'7'
      000340 5A                     883 	.db #0x5a	; 90	'Z'
      000341 00                     884 	.db #0x00	; 0
      000342 37                     885 	.db #0x37	; 55	'7'
      000343 5A                     886 	.db #0x5a	; 90	'Z'
      000344 00                     887 	.db #0x00	; 0
      000345 37                     888 	.db #0x37	; 55	'7'
      000346 5A                     889 	.db #0x5a	; 90	'Z'
      000347 00                     890 	.db #0x00	; 0
      000348 37                     891 	.db #0x37	; 55	'7'
      000349 5A                     892 	.db #0x5a	; 90	'Z'
      00034A 00                     893 	.db #0x00	; 0
      00034B 00                     894 	.db #0x00	; 0
      00034C 5A                     895 	.db #0x5a	; 90	'Z'
      00034D 00                     896 	.db #0x00	; 0
      00034E 00                     897 	.db #0x00	; 0
      00034F 19                     898 	.db #0x19	; 25
      000350 30                     899 	.db #0x30	; 48	'0'
      000351 37                     900 	.db #0x37	; 55	'7'
      000352 5A                     901 	.db #0x5a	; 90	'Z'
      000353 00                     902 	.db #0x00	; 0
      000354 37                     903 	.db #0x37	; 55	'7'
      000355 5A                     904 	.db #0x5a	; 90	'Z'
      000356 00                     905 	.db #0x00	; 0
      000357 37                     906 	.db #0x37	; 55	'7'
      000358 5A                     907 	.db #0x5a	; 90	'Z'
      000359 00                     908 	.db #0x00	; 0
      00035A 37                     909 	.db #0x37	; 55	'7'
      00035B 19                     910 	.db #0x19	; 25
      00035C 30                     911 	.db #0x30	; 48	'0'
      00035D 37                     912 	.db #0x37	; 55	'7'
      00035E 5A                     913 	.db #0x5a	; 90	'Z'
      00035F 00                     914 	.db #0x00	; 0
      000360 37                     915 	.db #0x37	; 55	'7'
      000361 5A                     916 	.db #0x5a	; 90	'Z'
      000362 00                     917 	.db #0x00	; 0
      000363 37                     918 	.db #0x37	; 55	'7'
      000364 5A                     919 	.db #0x5a	; 90	'Z'
      000365 00                     920 	.db #0x00	; 0
      000366 37                     921 	.db #0x37	; 55	'7'
      000367 5A                     922 	.db #0x5a	; 90	'Z'
      000368 00                     923 	.db #0x00	; 0
      000369 00                     924 	.db #0x00	; 0
      00036A 5A                     925 	.db #0x5a	; 90	'Z'
      00036B 00                     926 	.db #0x00	; 0
      00036C 00                     927 	.db #0x00	; 0
      00036D 19                     928 	.db #0x19	; 25
      00036E 30                     929 	.db #0x30	; 48	'0'
      00036F 37                     930 	.db #0x37	; 55	'7'
      000370 5A                     931 	.db #0x5a	; 90	'Z'
      000371 00                     932 	.db #0x00	; 0
      000372 37                     933 	.db #0x37	; 55	'7'
      000373 5A                     934 	.db #0x5a	; 90	'Z'
      000374 00                     935 	.db #0x00	; 0
      000375 37                     936 	.db #0x37	; 55	'7'
      000376 5A                     937 	.db #0x5a	; 90	'Z'
      000377 00                     938 	.db #0x00	; 0
      000378 37                     939 	.db #0x37	; 55	'7'
      000379 5A                     940 	.db #0x5a	; 90	'Z'
      00037A 00                     941 	.db #0x00	; 0
      00037B 00                     942 	.db #0x00	; 0
      00037C 5A                     943 	.db #0x5a	; 90	'Z'
      00037D 00                     944 	.db #0x00	; 0
      00037E 00                     945 	.db #0x00	; 0
      00037F 19                     946 	.db #0x19	; 25
      000380 30                     947 	.db #0x30	; 48	'0'
      000381 37                     948 	.db #0x37	; 55	'7'
      000382 5A                     949 	.db #0x5a	; 90	'Z'
      000383 00                     950 	.db #0x00	; 0
      000384 37                     951 	.db #0x37	; 55	'7'
      000385 5A                     952 	.db #0x5a	; 90	'Z'
      000386 00                     953 	.db #0x00	; 0
      000387 37                     954 	.db #0x37	; 55	'7'
      000388 5A                     955 	.db #0x5a	; 90	'Z'
      000389 00                     956 	.db #0x00	; 0
      00038A 37                     957 	.db #0x37	; 55	'7'
      00038B 19                     958 	.db #0x19	; 25
      00038C 30                     959 	.db #0x30	; 48	'0'
      00038D 37                     960 	.db #0x37	; 55	'7'
      00038E 5A                     961 	.db #0x5a	; 90	'Z'
      00038F 00                     962 	.db #0x00	; 0
      000390 37                     963 	.db #0x37	; 55	'7'
      000391 5A                     964 	.db #0x5a	; 90	'Z'
      000392 00                     965 	.db #0x00	; 0
      000393 37                     966 	.db #0x37	; 55	'7'
      000394 5A                     967 	.db #0x5a	; 90	'Z'
      000395 00                     968 	.db #0x00	; 0
      000396 37                     969 	.db #0x37	; 55	'7'
      000397 5A                     970 	.db #0x5a	; 90	'Z'
      000398 00                     971 	.db #0x00	; 0
      000399 00                     972 	.db #0x00	; 0
      00039A 5A                     973 	.db #0x5a	; 90	'Z'
      00039B 00                     974 	.db #0x00	; 0
      00039C 00                     975 	.db #0x00	; 0
      00039D 19                     976 	.db #0x19	; 25
      00039E 30                     977 	.db #0x30	; 48	'0'
      00039F 37                     978 	.db #0x37	; 55	'7'
      0003A0 5A                     979 	.db #0x5a	; 90	'Z'
      0003A1 00                     980 	.db #0x00	; 0
      0003A2 37                     981 	.db #0x37	; 55	'7'
      0003A3 5A                     982 	.db #0x5a	; 90	'Z'
      0003A4 00                     983 	.db #0x00	; 0
      0003A5 37                     984 	.db #0x37	; 55	'7'
      0003A6 5A                     985 	.db #0x5a	; 90	'Z'
      0003A7 00                     986 	.db #0x00	; 0
      0003A8 37                     987 	.db #0x37	; 55	'7'
      0003A9 5A                     988 	.db #0x5a	; 90	'Z'
      0003AA 00                     989 	.db #0x00	; 0
      0003AB 00                     990 	.db #0x00	; 0
      0003AC 5A                     991 	.db #0x5a	; 90	'Z'
      0003AD 00                     992 	.db #0x00	; 0
      0003AE 00                     993 	.db #0x00	; 0
      0003AF 19                     994 	.db #0x19	; 25
      0003B0 30                     995 	.db #0x30	; 48	'0'
      0003B1 37                     996 	.db #0x37	; 55	'7'
      0003B2 5A                     997 	.db #0x5a	; 90	'Z'
      0003B3 00                     998 	.db #0x00	; 0
      0003B4 37                     999 	.db #0x37	; 55	'7'
      0003B5 5A                    1000 	.db #0x5a	; 90	'Z'
      0003B6 00                    1001 	.db #0x00	; 0
      0003B7 37                    1002 	.db #0x37	; 55	'7'
      0003B8 5A                    1003 	.db #0x5a	; 90	'Z'
      0003B9 00                    1004 	.db #0x00	; 0
      0003BA 37                    1005 	.db #0x37	; 55	'7'
      0003BB 19                    1006 	.db #0x19	; 25
      0003BC 30                    1007 	.db #0x30	; 48	'0'
      0003BD 37                    1008 	.db #0x37	; 55	'7'
      0003BE 5A                    1009 	.db #0x5a	; 90	'Z'
      0003BF 00                    1010 	.db #0x00	; 0
      0003C0 37                    1011 	.db #0x37	; 55	'7'
      0003C1                       1012 _P5:
      0003C1 3E                    1013 	.db #0x3e	; 62
      0003C2 40                    1014 	.db #0x40	; 64
      0003C3 00                    1015 	.db #0x00	; 0
      0003C4 3E                    1016 	.db #0x3e	; 62
      0003C5 40                    1017 	.db #0x40	; 64
      0003C6 00                    1018 	.db #0x00	; 0
      0003C7 3E                    1019 	.db #0x3e	; 62
      0003C8 4C                    1020 	.db #0x4c	; 76	'L'
      0003C9 1F                    1021 	.db #0x1f	; 31
      0003CA 5A                    1022 	.db #0x5a	; 90	'Z'
      0003CB 00                    1023 	.db #0x00	; 0
      0003CC 00                    1024 	.db #0x00	; 0
      0003CD 2B                    1025 	.db #0x2b	; 43
      0003CE 4C                    1026 	.db #0x4c	; 76	'L'
      0003CF 1F                    1027 	.db #0x1f	; 31
      0003D0 5A                    1028 	.db #0x5a	; 90	'Z'
      0003D1 00                    1029 	.db #0x00	; 0
      0003D2 00                    1030 	.db #0x00	; 0
      0003D3 3E                    1031 	.db #0x3e	; 62
      0003D4 4C                    1032 	.db #0x4c	; 76	'L'
      0003D5 1F                    1033 	.db #0x1f	; 31
      0003D6 5A                    1034 	.db #0x5a	; 90	'Z'
      0003D7 00                    1035 	.db #0x00	; 0
      0003D8 00                    1036 	.db #0x00	; 0
      0003D9 3E                    1037 	.db #0x3e	; 62
      0003DA 40                    1038 	.db #0x40	; 64
      0003DB 00                    1039 	.db #0x00	; 0
      0003DC 3E                    1040 	.db #0x3e	; 62
      0003DD 40                    1041 	.db #0x40	; 64
      0003DE 00                    1042 	.db #0x00	; 0
      0003DF 3E                    1043 	.db #0x3e	; 62
      0003E0 4C                    1044 	.db #0x4c	; 76	'L'
      0003E1 1F                    1045 	.db #0x1f	; 31
      0003E2 5A                    1046 	.db #0x5a	; 90	'Z'
      0003E3 00                    1047 	.db #0x00	; 0
      0003E4 00                    1048 	.db #0x00	; 0
      0003E5 2B                    1049 	.db #0x2b	; 43
      0003E6 4C                    1050 	.db #0x4c	; 76	'L'
      0003E7 1F                    1051 	.db #0x1f	; 31
      0003E8 5A                    1052 	.db #0x5a	; 90	'Z'
      0003E9 00                    1053 	.db #0x00	; 0
      0003EA 00                    1054 	.db #0x00	; 0
      0003EB 3E                    1055 	.db #0x3e	; 62
      0003EC 4C                    1056 	.db #0x4c	; 76	'L'
      0003ED 1F                    1057 	.db #0x1f	; 31
      0003EE 5A                    1058 	.db #0x5a	; 90	'Z'
      0003EF 00                    1059 	.db #0x00	; 0
      0003F0 00                    1060 	.db #0x00	; 0
      0003F1 3E                    1061 	.db #0x3e	; 62
      0003F2 40                    1062 	.db #0x40	; 64
      0003F3 00                    1063 	.db #0x00	; 0
      0003F4 3E                    1064 	.db #0x3e	; 62
      0003F5 40                    1065 	.db #0x40	; 64
      0003F6 00                    1066 	.db #0x00	; 0
      0003F7 3E                    1067 	.db #0x3e	; 62
      0003F8 4C                    1068 	.db #0x4c	; 76	'L'
      0003F9 1F                    1069 	.db #0x1f	; 31
      0003FA 5A                    1070 	.db #0x5a	; 90	'Z'
      0003FB 00                    1071 	.db #0x00	; 0
      0003FC 00                    1072 	.db #0x00	; 0
      0003FD 2B                    1073 	.db #0x2b	; 43
      0003FE 4C                    1074 	.db #0x4c	; 76	'L'
      0003FF 1F                    1075 	.db #0x1f	; 31
      000400 5A                    1076 	.db #0x5a	; 90	'Z'
      000401 00                    1077 	.db #0x00	; 0
      000402 00                    1078 	.db #0x00	; 0
      000403 3E                    1079 	.db #0x3e	; 62
      000404 4C                    1080 	.db #0x4c	; 76	'L'
      000405 1F                    1081 	.db #0x1f	; 31
      000406 5A                    1082 	.db #0x5a	; 90	'Z'
      000407 00                    1083 	.db #0x00	; 0
      000408 00                    1084 	.db #0x00	; 0
      000409 3E                    1085 	.db #0x3e	; 62
      00040A 40                    1086 	.db #0x40	; 64
      00040B 00                    1087 	.db #0x00	; 0
      00040C 3E                    1088 	.db #0x3e	; 62
      00040D 40                    1089 	.db #0x40	; 64
      00040E 00                    1090 	.db #0x00	; 0
      00040F 3E                    1091 	.db #0x3e	; 62
      000410 4C                    1092 	.db #0x4c	; 76	'L'
      000411 1F                    1093 	.db #0x1f	; 31
      000412 5A                    1094 	.db #0x5a	; 90	'Z'
      000413 00                    1095 	.db #0x00	; 0
      000414 00                    1096 	.db #0x00	; 0
      000415 2B                    1097 	.db #0x2b	; 43
      000416 4C                    1098 	.db #0x4c	; 76	'L'
      000417 1F                    1099 	.db #0x1f	; 31
      000418 5A                    1100 	.db #0x5a	; 90	'Z'
      000419 00                    1101 	.db #0x00	; 0
      00041A 00                    1102 	.db #0x00	; 0
      00041B 3E                    1103 	.db #0x3e	; 62
      00041C 4C                    1104 	.db #0x4c	; 76	'L'
      00041D 1F                    1105 	.db #0x1f	; 31
      00041E 5A                    1106 	.db #0x5a	; 90	'Z'
      00041F 00                    1107 	.db #0x00	; 0
      000420 00                    1108 	.db #0x00	; 0
      000421 3E                    1109 	.db #0x3e	; 62
      000422 40                    1110 	.db #0x40	; 64
      000423 00                    1111 	.db #0x00	; 0
      000424 3E                    1112 	.db #0x3e	; 62
      000425 40                    1113 	.db #0x40	; 64
      000426 00                    1114 	.db #0x00	; 0
      000427 3E                    1115 	.db #0x3e	; 62
      000428 4C                    1116 	.db #0x4c	; 76	'L'
      000429 1F                    1117 	.db #0x1f	; 31
      00042A 5A                    1118 	.db #0x5a	; 90	'Z'
      00042B 00                    1119 	.db #0x00	; 0
      00042C 00                    1120 	.db #0x00	; 0
      00042D 2B                    1121 	.db #0x2b	; 43
      00042E 4C                    1122 	.db #0x4c	; 76	'L'
      00042F 1F                    1123 	.db #0x1f	; 31
      000430 5A                    1124 	.db #0x5a	; 90	'Z'
      000431 00                    1125 	.db #0x00	; 0
      000432 00                    1126 	.db #0x00	; 0
      000433 3E                    1127 	.db #0x3e	; 62
      000434 4C                    1128 	.db #0x4c	; 76	'L'
      000435 1F                    1129 	.db #0x1f	; 31
      000436 5A                    1130 	.db #0x5a	; 90	'Z'
      000437 00                    1131 	.db #0x00	; 0
      000438 00                    1132 	.db #0x00	; 0
      000439 3E                    1133 	.db #0x3e	; 62
      00043A 40                    1134 	.db #0x40	; 64
      00043B 00                    1135 	.db #0x00	; 0
      00043C 3E                    1136 	.db #0x3e	; 62
      00043D 40                    1137 	.db #0x40	; 64
      00043E 00                    1138 	.db #0x00	; 0
      00043F 3E                    1139 	.db #0x3e	; 62
      000440 4C                    1140 	.db #0x4c	; 76	'L'
      000441 1F                    1141 	.db #0x1f	; 31
      000442 5A                    1142 	.db #0x5a	; 90	'Z'
      000443 00                    1143 	.db #0x00	; 0
      000444 00                    1144 	.db #0x00	; 0
      000445 2B                    1145 	.db #0x2b	; 43
      000446 4C                    1146 	.db #0x4c	; 76	'L'
      000447 1F                    1147 	.db #0x1f	; 31
      000448 5A                    1148 	.db #0x5a	; 90	'Z'
      000449 00                    1149 	.db #0x00	; 0
      00044A 00                    1150 	.db #0x00	; 0
      00044B 3E                    1151 	.db #0x3e	; 62
      00044C 4C                    1152 	.db #0x4c	; 76	'L'
      00044D 1F                    1153 	.db #0x1f	; 31
      00044E 5A                    1154 	.db #0x5a	; 90	'Z'
      00044F 00                    1155 	.db #0x00	; 0
      000450 00                    1156 	.db #0x00	; 0
      000451 3E                    1157 	.db #0x3e	; 62
      000452 40                    1158 	.db #0x40	; 64
      000453 00                    1159 	.db #0x00	; 0
      000454 3E                    1160 	.db #0x3e	; 62
      000455 40                    1161 	.db #0x40	; 64
      000456 00                    1162 	.db #0x00	; 0
      000457 3E                    1163 	.db #0x3e	; 62
      000458 4C                    1164 	.db #0x4c	; 76	'L'
      000459 1F                    1165 	.db #0x1f	; 31
      00045A 5A                    1166 	.db #0x5a	; 90	'Z'
      00045B 00                    1167 	.db #0x00	; 0
      00045C 00                    1168 	.db #0x00	; 0
      00045D 2B                    1169 	.db #0x2b	; 43
      00045E 4C                    1170 	.db #0x4c	; 76	'L'
      00045F 1F                    1171 	.db #0x1f	; 31
      000460 5A                    1172 	.db #0x5a	; 90	'Z'
      000461 00                    1173 	.db #0x00	; 0
      000462 00                    1174 	.db #0x00	; 0
      000463 3E                    1175 	.db #0x3e	; 62
      000464 4C                    1176 	.db #0x4c	; 76	'L'
      000465 1F                    1177 	.db #0x1f	; 31
      000466 5A                    1178 	.db #0x5a	; 90	'Z'
      000467 00                    1179 	.db #0x00	; 0
      000468 00                    1180 	.db #0x00	; 0
      000469 3E                    1181 	.db #0x3e	; 62
      00046A 40                    1182 	.db #0x40	; 64
      00046B 00                    1183 	.db #0x00	; 0
      00046C 3E                    1184 	.db #0x3e	; 62
      00046D 40                    1185 	.db #0x40	; 64
      00046E 00                    1186 	.db #0x00	; 0
      00046F 3E                    1187 	.db #0x3e	; 62
      000470 4C                    1188 	.db #0x4c	; 76	'L'
      000471 1F                    1189 	.db #0x1f	; 31
      000472 5A                    1190 	.db #0x5a	; 90	'Z'
      000473 00                    1191 	.db #0x00	; 0
      000474 00                    1192 	.db #0x00	; 0
      000475 2B                    1193 	.db #0x2b	; 43
      000476 4C                    1194 	.db #0x4c	; 76	'L'
      000477 1F                    1195 	.db #0x1f	; 31
      000478 5A                    1196 	.db #0x5a	; 90	'Z'
      000479 00                    1197 	.db #0x00	; 0
      00047A 00                    1198 	.db #0x00	; 0
      00047B 3E                    1199 	.db #0x3e	; 62
      00047C 4C                    1200 	.db #0x4c	; 76	'L'
      00047D 1F                    1201 	.db #0x1f	; 31
      00047E 5A                    1202 	.db #0x5a	; 90	'Z'
      00047F 00                    1203 	.db #0x00	; 0
      000480 00                    1204 	.db #0x00	; 0
      000481                       1205 _order1:
      000481rC1r00                 1206 	.dw _P1
      000483rC1r00                 1207 	.dw _P1
      000485rC1r00                 1208 	.dw _P1
      000487                       1209 _order2:
      000487r01r00                 1210 	.dw _P0
      000489r01r00                 1211 	.dw _P0
      00048Br01r03                 1212 	.dw _P4
      00048D                       1213 _order3:
      00048Dr01r00                 1214 	.dw _P0
      00048Fr81r01                 1215 	.dw _P2
      000491r41r02                 1216 	.dw _P3
      000493                       1217 _order4:
      000493r01r00                 1218 	.dw _P0
      000495r01r00                 1219 	.dw _P0
      000497rC1r03                 1220 	.dw _P5
      000499                       1221 _duty_instruments:
      000499 0C                    1222 	.db #0x0c	; 12
      00049A 2E                    1223 	.db #0x2e	; 46
      00049B F0                    1224 	.db #0xf0	; 240
      00049C 80                    1225 	.db #0x80	; 128
      00049D 08                    1226 	.db #0x08	; 8
      00049E 80                    1227 	.db #0x80	; 128
      00049F F0                    1228 	.db #0xf0	; 240
      0004A0 80                    1229 	.db #0x80	; 128
      0004A1 08                    1230 	.db #0x08	; 8
      0004A2 80                    1231 	.db #0x80	; 128
      0004A3 B3                    1232 	.db #0xb3	; 179
      0004A4 80                    1233 	.db #0x80	; 128
      0004A5 08                    1234 	.db #0x08	; 8
      0004A6 80                    1235 	.db #0x80	; 128
      0004A7 F0                    1236 	.db #0xf0	; 240
      0004A8 80                    1237 	.db #0x80	; 128
      0004A9 08                    1238 	.db #0x08	; 8
      0004AA 80                    1239 	.db #0x80	; 128
      0004AB F0                    1240 	.db #0xf0	; 240
      0004AC 80                    1241 	.db #0x80	; 128
      0004AD 08                    1242 	.db #0x08	; 8
      0004AE 80                    1243 	.db #0x80	; 128
      0004AF F0                    1244 	.db #0xf0	; 240
      0004B0 80                    1245 	.db #0x80	; 128
      0004B1 08                    1246 	.db #0x08	; 8
      0004B2 80                    1247 	.db #0x80	; 128
      0004B3 F0                    1248 	.db #0xf0	; 240
      0004B4 80                    1249 	.db #0x80	; 128
      0004B5 08                    1250 	.db #0x08	; 8
      0004B6 80                    1251 	.db #0x80	; 128
      0004B7 F0                    1252 	.db #0xf0	; 240
      0004B8 80                    1253 	.db #0x80	; 128
      0004B9 08                    1254 	.db #0x08	; 8
      0004BA 80                    1255 	.db #0x80	; 128
      0004BB F0                    1256 	.db #0xf0	; 240
      0004BC 80                    1257 	.db #0x80	; 128
      0004BD 08                    1258 	.db #0x08	; 8
      0004BE 80                    1259 	.db #0x80	; 128
      0004BF F0                    1260 	.db #0xf0	; 240
      0004C0 80                    1261 	.db #0x80	; 128
      0004C1 08                    1262 	.db #0x08	; 8
      0004C2 80                    1263 	.db #0x80	; 128
      0004C3 F0                    1264 	.db #0xf0	; 240
      0004C4 80                    1265 	.db #0x80	; 128
      0004C5 08                    1266 	.db #0x08	; 8
      0004C6 80                    1267 	.db #0x80	; 128
      0004C7 F0                    1268 	.db #0xf0	; 240
      0004C8 80                    1269 	.db #0x80	; 128
      0004C9 08                    1270 	.db #0x08	; 8
      0004CA 80                    1271 	.db #0x80	; 128
      0004CB F0                    1272 	.db #0xf0	; 240
      0004CC 80                    1273 	.db #0x80	; 128
      0004CD 08                    1274 	.db #0x08	; 8
      0004CE 80                    1275 	.db #0x80	; 128
      0004CF F0                    1276 	.db #0xf0	; 240
      0004D0 80                    1277 	.db #0x80	; 128
      0004D1 08                    1278 	.db #0x08	; 8
      0004D2 80                    1279 	.db #0x80	; 128
      0004D3 F0                    1280 	.db #0xf0	; 240
      0004D4 80                    1281 	.db #0x80	; 128
      0004D5                       1282 _wave_instruments:
      0004D5 00                    1283 	.db #0x00	; 0
      0004D6 20                    1284 	.db #0x20	; 32
      0004D7 00                    1285 	.db #0x00	; 0
      0004D8 80                    1286 	.db #0x80	; 128
      0004D9 00                    1287 	.db #0x00	; 0
      0004DA 20                    1288 	.db #0x20	; 32
      0004DB 00                    1289 	.db #0x00	; 0
      0004DC 80                    1290 	.db #0x80	; 128
      0004DD 00                    1291 	.db #0x00	; 0
      0004DE 20                    1292 	.db #0x20	; 32
      0004DF 02                    1293 	.db #0x02	; 2
      0004E0 80                    1294 	.db #0x80	; 128
      0004E1 00                    1295 	.db #0x00	; 0
      0004E2 20                    1296 	.db #0x20	; 32
      0004E3 03                    1297 	.db #0x03	; 3
      0004E4 80                    1298 	.db #0x80	; 128
      0004E5 00                    1299 	.db #0x00	; 0
      0004E6 20                    1300 	.db #0x20	; 32
      0004E7 04                    1301 	.db #0x04	; 4
      0004E8 80                    1302 	.db #0x80	; 128
      0004E9 00                    1303 	.db #0x00	; 0
      0004EA 20                    1304 	.db #0x20	; 32
      0004EB 05                    1305 	.db #0x05	; 5
      0004EC 80                    1306 	.db #0x80	; 128
      0004ED 00                    1307 	.db #0x00	; 0
      0004EE 20                    1308 	.db #0x20	; 32
      0004EF 06                    1309 	.db #0x06	; 6
      0004F0 80                    1310 	.db #0x80	; 128
      0004F1 00                    1311 	.db #0x00	; 0
      0004F2 20                    1312 	.db #0x20	; 32
      0004F3 07                    1313 	.db #0x07	; 7
      0004F4 80                    1314 	.db #0x80	; 128
      0004F5 00                    1315 	.db #0x00	; 0
      0004F6 20                    1316 	.db #0x20	; 32
      0004F7 08                    1317 	.db #0x08	; 8
      0004F8 80                    1318 	.db #0x80	; 128
      0004F9 00                    1319 	.db #0x00	; 0
      0004FA 20                    1320 	.db #0x20	; 32
      0004FB 09                    1321 	.db #0x09	; 9
      0004FC 80                    1322 	.db #0x80	; 128
      0004FD 00                    1323 	.db #0x00	; 0
      0004FE 20                    1324 	.db #0x20	; 32
      0004FF 0A                    1325 	.db #0x0a	; 10
      000500 80                    1326 	.db #0x80	; 128
      000501 00                    1327 	.db #0x00	; 0
      000502 20                    1328 	.db #0x20	; 32
      000503 0B                    1329 	.db #0x0b	; 11
      000504 80                    1330 	.db #0x80	; 128
      000505 00                    1331 	.db #0x00	; 0
      000506 20                    1332 	.db #0x20	; 32
      000507 0C                    1333 	.db #0x0c	; 12
      000508 80                    1334 	.db #0x80	; 128
      000509 00                    1335 	.db #0x00	; 0
      00050A 20                    1336 	.db #0x20	; 32
      00050B 0D                    1337 	.db #0x0d	; 13
      00050C 80                    1338 	.db #0x80	; 128
      00050D 00                    1339 	.db #0x00	; 0
      00050E 20                    1340 	.db #0x20	; 32
      00050F 0E                    1341 	.db #0x0e	; 14
      000510 80                    1342 	.db #0x80	; 128
      000511                       1343 _noise_instruments:
      000511 F0                    1344 	.db #0xf0	; 240
      000512 00                    1345 	.db #0x00	; 0
      000513 00                    1346 	.db #0x00	; 0
      000514 00                    1347 	.db #0x00	; 0
      000515 00                    1348 	.db #0x00	; 0
      000516 00                    1349 	.db #0x00	; 0
      000517 00                    1350 	.db #0x00	; 0
      000518 00                    1351 	.db #0x00	; 0
      000519 F0                    1352 	.db #0xf0	; 240
      00051A 00                    1353 	.db #0x00	; 0
      00051B 00                    1354 	.db #0x00	; 0
      00051C 00                    1355 	.db #0x00	; 0
      00051D 00                    1356 	.db #0x00	; 0
      00051E 00                    1357 	.db #0x00	; 0
      00051F 00                    1358 	.db #0x00	; 0
      000520 00                    1359 	.db #0x00	; 0
      000521 F0                    1360 	.db #0xf0	; 240
      000522 00                    1361 	.db #0x00	; 0
      000523 00                    1362 	.db #0x00	; 0
      000524 00                    1363 	.db #0x00	; 0
      000525 00                    1364 	.db #0x00	; 0
      000526 00                    1365 	.db #0x00	; 0
      000527 00                    1366 	.db #0x00	; 0
      000528 00                    1367 	.db #0x00	; 0
      000529 61                    1368 	.db #0x61	; 97	'a'
      00052A 00                    1369 	.db #0x00	; 0
      00052B 00                    1370 	.db #0x00	; 0
      00052C 00                    1371 	.db #0x00	; 0
      00052D 00                    1372 	.db #0x00	; 0
      00052E 00                    1373 	.db #0x00	; 0
      00052F 00                    1374 	.db #0x00	; 0
      000530 00                    1375 	.db #0x00	; 0
      000531 F0                    1376 	.db #0xf0	; 240
      000532 00                    1377 	.db #0x00	; 0
      000533 00                    1378 	.db #0x00	; 0
      000534 00                    1379 	.db #0x00	; 0
      000535 00                    1380 	.db #0x00	; 0
      000536 00                    1381 	.db #0x00	; 0
      000537 00                    1382 	.db #0x00	; 0
      000538 00                    1383 	.db #0x00	; 0
      000539 F0                    1384 	.db #0xf0	; 240
      00053A 00                    1385 	.db #0x00	; 0
      00053B 00                    1386 	.db #0x00	; 0
      00053C 00                    1387 	.db #0x00	; 0
      00053D 00                    1388 	.db #0x00	; 0
      00053E 00                    1389 	.db #0x00	; 0
      00053F 00                    1390 	.db #0x00	; 0
      000540 00                    1391 	.db #0x00	; 0
      000541 F0                    1392 	.db #0xf0	; 240
      000542 00                    1393 	.db #0x00	; 0
      000543 00                    1394 	.db #0x00	; 0
      000544 00                    1395 	.db #0x00	; 0
      000545 00                    1396 	.db #0x00	; 0
      000546 00                    1397 	.db #0x00	; 0
      000547 00                    1398 	.db #0x00	; 0
      000548 00                    1399 	.db #0x00	; 0
      000549 F0                    1400 	.db #0xf0	; 240
      00054A 00                    1401 	.db #0x00	; 0
      00054B 00                    1402 	.db #0x00	; 0
      00054C 00                    1403 	.db #0x00	; 0
      00054D 00                    1404 	.db #0x00	; 0
      00054E 00                    1405 	.db #0x00	; 0
      00054F 00                    1406 	.db #0x00	; 0
      000550 00                    1407 	.db #0x00	; 0
      000551 F0                    1408 	.db #0xf0	; 240
      000552 00                    1409 	.db #0x00	; 0
      000553 00                    1410 	.db #0x00	; 0
      000554 00                    1411 	.db #0x00	; 0
      000555 00                    1412 	.db #0x00	; 0
      000556 00                    1413 	.db #0x00	; 0
      000557 00                    1414 	.db #0x00	; 0
      000558 00                    1415 	.db #0x00	; 0
      000559 F0                    1416 	.db #0xf0	; 240
      00055A 00                    1417 	.db #0x00	; 0
      00055B 00                    1418 	.db #0x00	; 0
      00055C 00                    1419 	.db #0x00	; 0
      00055D 00                    1420 	.db #0x00	; 0
      00055E 00                    1421 	.db #0x00	; 0
      00055F 00                    1422 	.db #0x00	; 0
      000560 00                    1423 	.db #0x00	; 0
      000561 F0                    1424 	.db #0xf0	; 240
      000562 00                    1425 	.db #0x00	; 0
      000563 00                    1426 	.db #0x00	; 0
      000564 00                    1427 	.db #0x00	; 0
      000565 00                    1428 	.db #0x00	; 0
      000566 00                    1429 	.db #0x00	; 0
      000567 00                    1430 	.db #0x00	; 0
      000568 00                    1431 	.db #0x00	; 0
      000569 F0                    1432 	.db #0xf0	; 240
      00056A 00                    1433 	.db #0x00	; 0
      00056B 00                    1434 	.db #0x00	; 0
      00056C 00                    1435 	.db #0x00	; 0
      00056D 00                    1436 	.db #0x00	; 0
      00056E 00                    1437 	.db #0x00	; 0
      00056F 00                    1438 	.db #0x00	; 0
      000570 00                    1439 	.db #0x00	; 0
      000571 F0                    1440 	.db #0xf0	; 240
      000572 00                    1441 	.db #0x00	; 0
      000573 00                    1442 	.db #0x00	; 0
      000574 00                    1443 	.db #0x00	; 0
      000575 00                    1444 	.db #0x00	; 0
      000576 00                    1445 	.db #0x00	; 0
      000577 00                    1446 	.db #0x00	; 0
      000578 00                    1447 	.db #0x00	; 0
      000579 F0                    1448 	.db #0xf0	; 240
      00057A 00                    1449 	.db #0x00	; 0
      00057B 00                    1450 	.db #0x00	; 0
      00057C 00                    1451 	.db #0x00	; 0
      00057D 00                    1452 	.db #0x00	; 0
      00057E 00                    1453 	.db #0x00	; 0
      00057F 00                    1454 	.db #0x00	; 0
      000580 00                    1455 	.db #0x00	; 0
      000581 F0                    1456 	.db #0xf0	; 240
      000582 00                    1457 	.db #0x00	; 0
      000583 00                    1458 	.db #0x00	; 0
      000584 00                    1459 	.db #0x00	; 0
      000585 00                    1460 	.db #0x00	; 0
      000586 00                    1461 	.db #0x00	; 0
      000587 00                    1462 	.db #0x00	; 0
      000588 00                    1463 	.db #0x00	; 0
      000589                       1464 _waves:
      000589 02                    1465 	.db #0x02	; 2
      00058A 20                    1466 	.db #0x20	; 32
      00058B 00                    1467 	.db #0x00	; 0
      00058C 33                    1468 	.db #0x33	; 51	'3'
      00058D 00                    1469 	.db #0x00	; 0
      00058E 40                    1470 	.db #0x40	; 64
      00058F 00                    1471 	.db #0x00	; 0
      000590 0E                    1472 	.db #0x0e	; 14
      000591 FF                    1473 	.db #0xff	; 255
      000592 AF                    1474 	.db #0xaf	; 175
      000593 FF                    1475 	.db #0xff	; 255
      000594 BE                    1476 	.db #0xbe	; 190
      000595 DD                    1477 	.db #0xdd	; 221
      000596 CB                    1478 	.db #0xcb	; 203
      000597 BA                    1479 	.db #0xba	; 186
      000598 97                    1480 	.db #0x97	; 151
      000599 FF                    1481 	.db #0xff	; 255
      00059A 07                    1482 	.db #0x07	; 7
      00059B B8                    1483 	.db #0xb8	; 184
      00059C DB                    1484 	.db #0xdb	; 219
      00059D 09                    1485 	.db #0x09	; 9
      00059E 6C                    1486 	.db #0x6c	; 108	'l'
      00059F 0B                    1487 	.db #0x0b	; 11
      0005A0 C7                    1488 	.db #0xc7	; 199
      0005A1 28                    1489 	.db #0x28	; 40
      0005A2 99                    1490 	.db #0x99	; 153
      0005A3 17                    1491 	.db #0x17	; 23
      0005A4 A6                    1492 	.db #0xa6	; 166
      0005A5 6B                    1493 	.db #0x6b	; 107	'k'
      0005A6 6B                    1494 	.db #0x6b	; 107	'k'
      0005A7 19                    1495 	.db #0x19	; 25
      0005A8 B8                    1496 	.db #0xb8	; 184
      0005A9 9A                    1497 	.db #0x9a	; 154
      0005AA 2C                    1498 	.db #0x2c	; 44
      0005AB 89                    1499 	.db #0x89	; 137
      0005AC B6                    1500 	.db #0xb6	; 182
      0005AD D8                    1501 	.db #0xd8	; 216
      0005AE 55                    1502 	.db #0x55	; 85	'U'
      0005AF BB                    1503 	.db #0xbb	; 187
      0005B0 CD                    1504 	.db #0xcd	; 205
      0005B1 94                    1505 	.db #0x94	; 148
      0005B2 CD                    1506 	.db #0xcd	; 205
      0005B3 1C                    1507 	.db #0x1c	; 28
      0005B4 37                    1508 	.db #0x37	; 55	'7'
      0005B5 5B                    1509 	.db #0x5b	; 91
      0005B6 C3                    1510 	.db #0xc3	; 195
      0005B7 BC                    1511 	.db #0xbc	; 188
      0005B8 3E                    1512 	.db #0x3e	; 62
      0005B9 D2                    1513 	.db #0xd2	; 210
      0005BA C8                    1514 	.db #0xc8	; 200
      0005BB B0                    1515 	.db #0xb0	; 176
      0005BC EA                    1516 	.db #0xea	; 234
      0005BD 53                    1517 	.db #0x53	; 83	'S'
      0005BE 86                    1518 	.db #0x86	; 134
      0005BF 92                    1519 	.db #0x92	; 146
      0005C0 44                    1520 	.db #0x44	; 68	'D'
      0005C1 49                    1521 	.db #0x49	; 73	'I'
      0005C2 2A                    1522 	.db #0x2a	; 42
      0005C3 06                    1523 	.db #0x06	; 6
      0005C4 94                    1524 	.db #0x94	; 148
      0005C5 64                    1525 	.db #0x64	; 100	'd'
      0005C6 EB                    1526 	.db #0xeb	; 235
      0005C7 C2                    1527 	.db #0xc2	; 194
      0005C8 67                    1528 	.db #0x67	; 103	'g'
      0005C9 E8                    1529 	.db #0xe8	; 232
      0005CA AD                    1530 	.db #0xad	; 173
      0005CB C9                    1531 	.db #0xc9	; 201
      0005CC CD                    1532 	.db #0xcd	; 205
      0005CD E3                    1533 	.db #0xe3	; 227
      0005CE 4E                    1534 	.db #0x4e	; 78	'N'
      0005CF AA                    1535 	.db #0xaa	; 170
      0005D0 DD                    1536 	.db #0xdd	; 221
      0005D1 13                    1537 	.db #0x13	; 19
      0005D2 AD                    1538 	.db #0xad	; 173
      0005D3 53                    1539 	.db #0x53	; 83	'S'
      0005D4 8E                    1540 	.db #0x8e	; 142
      0005D5 64                    1541 	.db #0x64	; 100	'd'
      0005D6 ED                    1542 	.db #0xed	; 237
      0005D7 97                    1543 	.db #0x97	; 151
      0005D8 A9                    1544 	.db #0xa9	; 169
      0005D9 EA                    1545 	.db #0xea	; 234
      0005DA 3E                    1546 	.db #0x3e	; 62
      0005DB B9                    1547 	.db #0xb9	; 185
      0005DC 05                    1548 	.db #0x05	; 5
      0005DD 4A                    1549 	.db #0x4a	; 74	'J'
      0005DE 1A                    1550 	.db #0x1a	; 26
      0005DF 45                    1551 	.db #0x45	; 69	'E'
      0005E0 11                    1552 	.db #0x11	; 17
      0005E1 B2                    1553 	.db #0xb2	; 178
      0005E2 54                    1554 	.db #0x54	; 84	'T'
      0005E3 96                    1555 	.db #0x96	; 150
      0005E4 82                    1556 	.db #0x82	; 130
      0005E5 AE                    1557 	.db #0xae	; 174
      0005E6 66                    1558 	.db #0x66	; 102	'f'
      0005E7 DB                    1559 	.db #0xdb	; 219
      0005E8 2D                    1560 	.db #0x2d	; 45
      0005E9 DC                    1561 	.db #0xdc	; 220
      0005EA 38                    1562 	.db #0x38	; 56	'8'
      0005EB E3                    1563 	.db #0xe3	; 227
      0005EC 85                    1564 	.db #0x85	; 133
      0005ED 6D                    1565 	.db #0x6d	; 109	'm'
      0005EE 48                    1566 	.db #0x48	; 72	'H'
      0005EF 89                    1567 	.db #0x89	; 137
      0005F0 A0                    1568 	.db #0xa0	; 160
      0005F1 A0                    1569 	.db #0xa0	; 160
      0005F2 C7                    1570 	.db #0xc7	; 199
      0005F3 83                    1571 	.db #0x83	; 131
      0005F4 20                    1572 	.db #0x20	; 32
      0005F5 27                    1573 	.db #0x27	; 39
      0005F6 46                    1574 	.db #0x46	; 70	'F'
      0005F7 B1                    1575 	.db #0xb1	; 177
      0005F8 4C                    1576 	.db #0x4c	; 76	'L'
      0005F9 BD                    1577 	.db #0xbd	; 189
      0005FA 0C                    1578 	.db #0x0c	; 12
      0005FB D6                    1579 	.db #0xd6	; 214
      0005FC D7                    1580 	.db #0xd7	; 215
      0005FD E5                    1581 	.db #0xe5	; 229
      0005FE C5                    1582 	.db #0xc5	; 197
      0005FF 27                    1583 	.db #0x27	; 39
      000600 A4                    1584 	.db #0xa4	; 164
      000601 81                    1585 	.db #0x81	; 129
      000602 3D                    1586 	.db #0x3d	; 61
      000603 B0                    1587 	.db #0xb0	; 176
      000604 D5                    1588 	.db #0xd5	; 213
      000605 8C                    1589 	.db #0x8c	; 140
      000606 60                    1590 	.db #0x60	; 96
      000607 01                    1591 	.db #0x01	; 1
      000608 79                    1592 	.db #0x79	; 121	'y'
      000609 AE                    1593 	.db #0xae	; 174
      00060A 93                    1594 	.db #0x93	; 147
      00060B C3                    1595 	.db #0xc3	; 195
      00060C DC                    1596 	.db #0xdc	; 220
      00060D 34                    1597 	.db #0x34	; 52	'4'
      00060E D4                    1598 	.db #0xd4	; 212
      00060F 1D                    1599 	.db #0x1d	; 29
      000610 A9                    1600 	.db #0xa9	; 169
      000611 02                    1601 	.db #0x02	; 2
      000612 17                    1602 	.db #0x17	; 23
      000613 73                    1603 	.db #0x73	; 115	's'
      000614 C0                    1604 	.db #0xc0	; 192
      000615 76                    1605 	.db #0x76	; 118	'v'
      000616 33                    1606 	.db #0x33	; 51	'3'
      000617 44                    1607 	.db #0x44	; 68	'D'
      000618 01                    1608 	.db #0x01	; 1
      000619 74                    1609 	.db #0x74	; 116	't'
      00061A AC                    1610 	.db #0xac	; 172
      00061B 90                    1611 	.db #0x90	; 144
      00061C 7A                    1612 	.db #0x7a	; 122	'z'
      00061D 1E                    1613 	.db #0x1e	; 30
      00061E 96                    1614 	.db #0x96	; 150
      00061F A5                    1615 	.db #0xa5	; 165
      000620 9B                    1616 	.db #0x9b	; 155
      000621 BE                    1617 	.db #0xbe	; 190
      000622 33                    1618 	.db #0x33	; 51	'3'
      000623 66                    1619 	.db #0x66	; 102	'f'
      000624 ED                    1620 	.db #0xed	; 237
      000625 65                    1621 	.db #0x65	; 101	'e'
      000626 E0                    1622 	.db #0xe0	; 224
      000627 90                    1623 	.db #0x90	; 144
      000628 8E                    1624 	.db #0x8e	; 142
      000629 57                    1625 	.db #0x57	; 87	'W'
      00062A B7                    1626 	.db #0xb7	; 183
      00062B B6                    1627 	.db #0xb6	; 182
      00062C 79                    1628 	.db #0x79	; 121	'y'
      00062D 13                    1629 	.db #0x13	; 19
      00062E BD                    1630 	.db #0xbd	; 189
      00062F 66                    1631 	.db #0x66	; 102	'f'
      000630 E7                    1632 	.db #0xe7	; 231
      000631 42                    1633 	.db #0x42	; 66	'B'
      000632 78                    1634 	.db #0x78	; 120	'x'
      000633 A6                    1635 	.db #0xa6	; 166
      000634 78                    1636 	.db #0x78	; 120	'x'
      000635 EC                    1637 	.db #0xec	; 236
      000636 70                    1638 	.db #0x70	; 112	'p'
      000637 9B                    1639 	.db #0x9b	; 155
      000638 4E                    1640 	.db #0x4e	; 78	'N'
      000639 76                    1641 	.db #0x76	; 118	'v'
      00063A 99                    1642 	.db #0x99	; 153
      00063B B2                    1643 	.db #0xb2	; 178
      00063C 2C                    1644 	.db #0x2c	; 44
      00063D 9B                    1645 	.db #0x9b	; 155
      00063E A5                    1646 	.db #0xa5	; 165
      00063F 86                    1647 	.db #0x86	; 134
      000640 B3                    1648 	.db #0xb3	; 179
      000641 03                    1649 	.db #0x03	; 3
      000642 68                    1650 	.db #0x68	; 104	'h'
      000643 12                    1651 	.db #0x12	; 18
      000644 0C                    1652 	.db #0x0c	; 12
      000645 EE                    1653 	.db #0xee	; 238
      000646 34                    1654 	.db #0x34	; 52	'4'
      000647 1E                    1655 	.db #0x1e	; 30
      000648 BC                    1656 	.db #0xbc	; 188
      000649 29                    1657 	.db #0x29	; 41
      00064A 81                    1658 	.db #0x81	; 129
      00064B CA                    1659 	.db #0xca	; 202
      00064C D2                    1660 	.db #0xd2	; 210
      00064D 4D                    1661 	.db #0x4d	; 77	'M'
      00064E C0                    1662 	.db #0xc0	; 192
      00064F 7E                    1663 	.db #0x7e	; 126
      000650 06                    1664 	.db #0x06	; 6
      000651 51                    1665 	.db #0x51	; 81	'Q'
      000652 3C                    1666 	.db #0x3c	; 60
      000653 D1                    1667 	.db #0xd1	; 209
      000654 36                    1668 	.db #0x36	; 54	'6'
      000655 99                    1669 	.db #0x99	; 153
      000656 35                    1670 	.db #0x35	; 53	'5'
      000657 00                    1671 	.db #0x00	; 0
      000658 43                    1672 	.db #0x43	; 67	'C'
      000659 D2                    1673 	.db #0xd2	; 210
      00065A C6                    1674 	.db #0xc6	; 198
      00065B 70                    1675 	.db #0x70	; 112	'p'
      00065C CA                    1676 	.db #0xca	; 202
      00065D E5                    1677 	.db #0xe5	; 229
      00065E D0                    1678 	.db #0xd0	; 208
      00065F 85                    1679 	.db #0x85	; 133
      000660 C3                    1680 	.db #0xc3	; 195
      000661 6C                    1681 	.db #0x6c	; 108	'l'
      000662 74                    1682 	.db #0x74	; 116	't'
      000663 BA                    1683 	.db #0xba	; 186
      000664 36                    1684 	.db #0x36	; 54	'6'
      000665 4B                    1685 	.db #0x4b	; 75	'K'
      000666 72                    1686 	.db #0x72	; 114	'r'
      000667 CB                    1687 	.db #0xcb	; 203
      000668 EC                    1688 	.db #0xec	; 236
      000669 11                    1689 	.db #0x11	; 17
      00066A 0D                    1690 	.db #0x0d	; 13
      00066B 58                    1691 	.db #0x58	; 88	'X'
      00066C 5C                    1692 	.db #0x5c	; 92
      00066D 09                    1693 	.db #0x09	; 9
      00066E EC                    1694 	.db #0xec	; 236
      00066F 63                    1695 	.db #0x63	; 99	'c'
      000670 86                    1696 	.db #0x86	; 134
      000671 14                    1697 	.db #0x14	; 20
      000672 DB                    1698 	.db #0xdb	; 219
      000673 08                    1699 	.db #0x08	; 8
      000674 9B                    1700 	.db #0x9b	; 155
      000675 87                    1701 	.db #0x87	; 135
      000676 EB                    1702 	.db #0xeb	; 235
      000677 DE                    1703 	.db #0xde	; 222
      000678 5E                    1704 	.db #0x5e	; 94
      000679 65                    1705 	.db #0x65	; 101	'e'
      00067A EB                    1706 	.db #0xeb	; 235
      00067B 78                    1707 	.db #0x78	; 120	'x'
      00067C 5E                    1708 	.db #0x5e	; 94
      00067D D9                    1709 	.db #0xd9	; 217
      00067E 01                    1710 	.db #0x01	; 1
      00067F CC                    1711 	.db #0xcc	; 204
      000680 01                    1712 	.db #0x01	; 1
      000681 71                    1713 	.db #0x71	; 113	'q'
      000682 6B                    1714 	.db #0x6b	; 107	'k'
      000683 83                    1715 	.db #0x83	; 131
      000684 2A                    1716 	.db #0x2a	; 42
      000685 90                    1717 	.db #0x90	; 144
      000686 6E                    1718 	.db #0x6e	; 110	'n'
      000687 D6                    1719 	.db #0xd6	; 214
      000688 A1                    1720 	.db #0xa1	; 161
                           0000FF  1721 ___bank_music_track_103__Data	=	0x00ff
      000689                       1722 _music_track_103__Data:
      000689 06                    1723 	.db #0x06	; 6
      00068Ar00r00                 1724 	.dw _order_cnt
      00068Cr81r04                 1725 	.dw _order1
      00068Er87r04                 1726 	.dw _order2
      000690r8Dr04                 1727 	.dw _order3
      000692r93r04                 1728 	.dw _order4
      000694r99r04                 1729 	.dw _duty_instruments
      000696rD5r04                 1730 	.dw _wave_instruments
      000698r11r05                 1731 	.dw _noise_instruments
      00069A 00 00                 1732 	.dw #0x0000
      00069Cr89r05                 1733 	.dw _waves
                                   1734 	.area _INITIALIZER
                                   1735 	.area _CABS (ABS)
