                                      1 ;--------------------------------------------------------
                                      2 ; File Created by SDCC : free open source ANSI-C Compiler
                                      3 ; Version 4.1.4 #12246 (Mac OS X x86_64)
                                      4 ;--------------------------------------------------------
                                      5 	.module palette_1
                                      6 	.optsdcc -mgbz80
                                      7 	
                                      8 ;--------------------------------------------------------
                                      9 ; Public variables in this module
                                     10 ;--------------------------------------------------------
                                     11 	.globl _palette_1
                                     12 	.globl ___bank_palette_1
                                     13 ;--------------------------------------------------------
                                     14 ; special function registers
                                     15 ;--------------------------------------------------------
                                     16 ;--------------------------------------------------------
                                     17 ; ram data
                                     18 ;--------------------------------------------------------
                                     19 	.area _DATA
                                     20 ;--------------------------------------------------------
                                     21 ; ram data
                                     22 ;--------------------------------------------------------
                                     23 	.area _INITIALIZED
                                     24 ;--------------------------------------------------------
                                     25 ; absolute external ram data
                                     26 ;--------------------------------------------------------
                                     27 	.area _DABS (ABS)
                                     28 ;--------------------------------------------------------
                                     29 ; global & static initialisations
                                     30 ;--------------------------------------------------------
                                     31 	.area _HOME
                                     32 	.area _GSINIT
                                     33 	.area _GSFINAL
                                     34 	.area _GSINIT
                                     35 ;--------------------------------------------------------
                                     36 ; Home
                                     37 ;--------------------------------------------------------
                                     38 	.area _HOME
                                     39 	.area _HOME
                                     40 ;--------------------------------------------------------
                                     41 ; code
                                     42 ;--------------------------------------------------------
                                     43 	.area _CODE_255
                                     44 	.area _CODE_255
                           0000FF    45 ___bank_palette_1	=	0x00ff
      000000                         46 _palette_1:
      000000 FF                      47 	.db #0xff	; 255
      000001 D0                      48 	.db #0xd0	; 208
      000002 E4                      49 	.db #0xe4	; 228
      000003 FF 7F                   50 	.dw #0x7fff
      000005 B5 56                   51 	.dw #0x56b5
      000007 4A 29                   52 	.dw #0x294a
      000009 00 00                   53 	.dw #0x0000
      00000B FF 7F                   54 	.dw #0x7fff
      00000D B5 56                   55 	.dw #0x56b5
      00000F 4A 29                   56 	.dw #0x294a
      000011 00 00                   57 	.dw #0x0000
      000013 FF 7F                   58 	.dw #0x7fff
      000015 B5 56                   59 	.dw #0x56b5
      000017 4A 29                   60 	.dw #0x294a
      000019 00 00                   61 	.dw #0x0000
      00001B FF 7F                   62 	.dw #0x7fff
      00001D B5 56                   63 	.dw #0x56b5
      00001F 4A 29                   64 	.dw #0x294a
      000021 00 00                   65 	.dw #0x0000
      000023 FF 7F                   66 	.dw #0x7fff
      000025 B5 56                   67 	.dw #0x56b5
      000027 4A 29                   68 	.dw #0x294a
      000029 00 00                   69 	.dw #0x0000
      00002B FF 7F                   70 	.dw #0x7fff
      00002D B5 56                   71 	.dw #0x56b5
      00002F 4A 29                   72 	.dw #0x294a
      000031 00 00                   73 	.dw #0x0000
      000033 FF 7F                   74 	.dw #0x7fff
      000035 B5 56                   75 	.dw #0x56b5
      000037 4A 29                   76 	.dw #0x294a
      000039 00 00                   77 	.dw #0x0000
      00003B FF 7F                   78 	.dw #0x7fff
      00003D B5 56                   79 	.dw #0x56b5
      00003F 4A 29                   80 	.dw #0x294a
      000041 00 00                   81 	.dw #0x0000
                                     82 	.area _INITIALIZER
                                     83 	.area _CABS (ABS)
