                                      1 ;--------------------------------------------------------
                                      2 ; File Created by SDCC : free open source ANSI-C Compiler
                                      3 ; Version 4.1.4 #12246 (Mac OS X x86_64)
                                      4 ;--------------------------------------------------------
                                      5 	.module scene_2_collisions
                                      6 	.optsdcc -mgbz80
                                      7 	
                                      8 ;--------------------------------------------------------
                                      9 ; Public variables in this module
                                     10 ;--------------------------------------------------------
                                     11 	.globl _scene_2_collisions
                                     12 	.globl ___bank_scene_2_collisions
                                     13 ;--------------------------------------------------------
                                     14 ; special function registers
                                     15 ;--------------------------------------------------------
                                     16 ;--------------------------------------------------------
                                     17 ; ram data
                                     18 ;--------------------------------------------------------
                                     19 	.area _DATA
                                     20 ;--------------------------------------------------------
                                     21 ; ram data
                                     22 ;--------------------------------------------------------
                                     23 	.area _INITIALIZED
                                     24 ;--------------------------------------------------------
                                     25 ; absolute external ram data
                                     26 ;--------------------------------------------------------
                                     27 	.area _DABS (ABS)
                                     28 ;--------------------------------------------------------
                                     29 ; global & static initialisations
                                     30 ;--------------------------------------------------------
                                     31 	.area _HOME
                                     32 	.area _GSINIT
                                     33 	.area _GSFINAL
                                     34 	.area _GSINIT
                                     35 ;--------------------------------------------------------
                                     36 ; Home
                                     37 ;--------------------------------------------------------
                                     38 	.area _HOME
                                     39 	.area _HOME
                                     40 ;--------------------------------------------------------
                                     41 ; code
                                     42 ;--------------------------------------------------------
                                     43 	.area _CODE_255
                                     44 	.area _CODE_255
                           0000FF    45 ___bank_scene_2_collisions	=	0x00ff
      000000                         46 _scene_2_collisions:
      000000 0F                      47 	.db #0x0f	; 15
      000001 0F                      48 	.db #0x0f	; 15
      000002 0F                      49 	.db #0x0f	; 15
      000003 0F                      50 	.db #0x0f	; 15
      000004 0F                      51 	.db #0x0f	; 15
      000005 0F                      52 	.db #0x0f	; 15
      000006 0F                      53 	.db #0x0f	; 15
      000007 0F                      54 	.db #0x0f	; 15
      000008 0F                      55 	.db #0x0f	; 15
      000009 0F                      56 	.db #0x0f	; 15
      00000A 0F                      57 	.db #0x0f	; 15
      00000B 0F                      58 	.db #0x0f	; 15
      00000C 0F                      59 	.db #0x0f	; 15
      00000D 0F                      60 	.db #0x0f	; 15
      00000E 0F                      61 	.db #0x0f	; 15
      00000F 0F                      62 	.db #0x0f	; 15
      000010 0F                      63 	.db #0x0f	; 15
      000011 0F                      64 	.db #0x0f	; 15
      000012 0F                      65 	.db #0x0f	; 15
      000013 0F                      66 	.db #0x0f	; 15
      000014 0F                      67 	.db #0x0f	; 15
      000015 0F                      68 	.db #0x0f	; 15
      000016 0F                      69 	.db #0x0f	; 15
      000017 0F                      70 	.db #0x0f	; 15
      000018 0F                      71 	.db #0x0f	; 15
      000019 0F                      72 	.db #0x0f	; 15
      00001A 0F                      73 	.db #0x0f	; 15
      00001B 0F                      74 	.db #0x0f	; 15
      00001C 0F                      75 	.db #0x0f	; 15
      00001D 0F                      76 	.db #0x0f	; 15
      00001E 0F                      77 	.db #0x0f	; 15
      00001F 0F                      78 	.db #0x0f	; 15
      000020 0F                      79 	.db #0x0f	; 15
      000021 0F                      80 	.db #0x0f	; 15
      000022 0F                      81 	.db #0x0f	; 15
      000023 0F                      82 	.db #0x0f	; 15
      000024 0F                      83 	.db #0x0f	; 15
      000025 0F                      84 	.db #0x0f	; 15
      000026 0F                      85 	.db #0x0f	; 15
      000027 0F                      86 	.db #0x0f	; 15
      000028 0F                      87 	.db #0x0f	; 15
      000029 0F                      88 	.db #0x0f	; 15
      00002A 0F                      89 	.db #0x0f	; 15
      00002B 0F                      90 	.db #0x0f	; 15
      00002C 0F                      91 	.db #0x0f	; 15
      00002D 0F                      92 	.db #0x0f	; 15
      00002E 0F                      93 	.db #0x0f	; 15
      00002F 0F                      94 	.db #0x0f	; 15
      000030 0F                      95 	.db #0x0f	; 15
      000031 0F                      96 	.db #0x0f	; 15
      000032 0F                      97 	.db #0x0f	; 15
      000033 0F                      98 	.db #0x0f	; 15
      000034 0F                      99 	.db #0x0f	; 15
      000035 0F                     100 	.db #0x0f	; 15
      000036 0F                     101 	.db #0x0f	; 15
      000037 0F                     102 	.db #0x0f	; 15
      000038 0F                     103 	.db #0x0f	; 15
      000039 0F                     104 	.db #0x0f	; 15
      00003A 0F                     105 	.db #0x0f	; 15
      00003B 0F                     106 	.db #0x0f	; 15
      00003C 0F                     107 	.db #0x0f	; 15
      00003D 0F                     108 	.db #0x0f	; 15
      00003E 0F                     109 	.db #0x0f	; 15
      00003F 0F                     110 	.db #0x0f	; 15
      000040 0F                     111 	.db #0x0f	; 15
      000041 0F                     112 	.db #0x0f	; 15
      000042 0F                     113 	.db #0x0f	; 15
      000043 0F                     114 	.db #0x0f	; 15
      000044 0F                     115 	.db #0x0f	; 15
      000045 0F                     116 	.db #0x0f	; 15
      000046 0F                     117 	.db #0x0f	; 15
      000047 0F                     118 	.db #0x0f	; 15
      000048 0F                     119 	.db #0x0f	; 15
      000049 0F                     120 	.db #0x0f	; 15
      00004A 0F                     121 	.db #0x0f	; 15
      00004B 0F                     122 	.db #0x0f	; 15
      00004C 0F                     123 	.db #0x0f	; 15
      00004D 0F                     124 	.db #0x0f	; 15
      00004E 0F                     125 	.db #0x0f	; 15
      00004F 0F                     126 	.db #0x0f	; 15
      000050 0F                     127 	.db #0x0f	; 15
      000051 0F                     128 	.db #0x0f	; 15
      000052 0F                     129 	.db #0x0f	; 15
      000053 0F                     130 	.db #0x0f	; 15
      000054 0F                     131 	.db #0x0f	; 15
      000055 0F                     132 	.db #0x0f	; 15
      000056 0F                     133 	.db #0x0f	; 15
      000057 0F                     134 	.db #0x0f	; 15
      000058 0F                     135 	.db #0x0f	; 15
      000059 0F                     136 	.db #0x0f	; 15
      00005A 0F                     137 	.db #0x0f	; 15
      00005B 0F                     138 	.db #0x0f	; 15
      00005C 0F                     139 	.db #0x0f	; 15
      00005D 0F                     140 	.db #0x0f	; 15
      00005E 0F                     141 	.db #0x0f	; 15
      00005F 0F                     142 	.db #0x0f	; 15
      000060 0F                     143 	.db #0x0f	; 15
      000061 0F                     144 	.db #0x0f	; 15
      000062 0F                     145 	.db #0x0f	; 15
      000063 0F                     146 	.db #0x0f	; 15
      000064 0F                     147 	.db #0x0f	; 15
      000065 0F                     148 	.db #0x0f	; 15
      000066 0F                     149 	.db #0x0f	; 15
      000067 0F                     150 	.db #0x0f	; 15
      000068 0F                     151 	.db #0x0f	; 15
      000069 0F                     152 	.db #0x0f	; 15
      00006A 0F                     153 	.db #0x0f	; 15
      00006B 0F                     154 	.db #0x0f	; 15
      00006C 0F                     155 	.db #0x0f	; 15
      00006D 0F                     156 	.db #0x0f	; 15
      00006E 0F                     157 	.db #0x0f	; 15
      00006F 0F                     158 	.db #0x0f	; 15
      000070 0F                     159 	.db #0x0f	; 15
      000071 0F                     160 	.db #0x0f	; 15
      000072 0F                     161 	.db #0x0f	; 15
      000073 0F                     162 	.db #0x0f	; 15
      000074 0F                     163 	.db #0x0f	; 15
      000075 0F                     164 	.db #0x0f	; 15
      000076 0F                     165 	.db #0x0f	; 15
      000077 0F                     166 	.db #0x0f	; 15
      000078 0F                     167 	.db #0x0f	; 15
      000079 0F                     168 	.db #0x0f	; 15
      00007A 0F                     169 	.db #0x0f	; 15
      00007B 0F                     170 	.db #0x0f	; 15
      00007C 0F                     171 	.db #0x0f	; 15
      00007D 0F                     172 	.db #0x0f	; 15
      00007E 0F                     173 	.db #0x0f	; 15
      00007F 0F                     174 	.db #0x0f	; 15
      000080 0F                     175 	.db #0x0f	; 15
      000081 0F                     176 	.db #0x0f	; 15
      000082 00                     177 	.db #0x00	; 0
      000083 00                     178 	.db #0x00	; 0
      000084 00                     179 	.db #0x00	; 0
      000085 00                     180 	.db #0x00	; 0
      000086 00                     181 	.db #0x00	; 0
      000087 00                     182 	.db #0x00	; 0
      000088 0F                     183 	.db #0x0f	; 15
      000089 0F                     184 	.db #0x0f	; 15
      00008A 0F                     185 	.db #0x0f	; 15
      00008B 0F                     186 	.db #0x0f	; 15
      00008C 0F                     187 	.db #0x0f	; 15
      00008D 0F                     188 	.db #0x0f	; 15
      00008E 00                     189 	.db #0x00	; 0
      00008F 00                     190 	.db #0x00	; 0
      000090 00                     191 	.db #0x00	; 0
      000091 00                     192 	.db #0x00	; 0
      000092 0F                     193 	.db #0x0f	; 15
      000093 0F                     194 	.db #0x0f	; 15
      000094 0F                     195 	.db #0x0f	; 15
      000095 0F                     196 	.db #0x0f	; 15
      000096 0F                     197 	.db #0x0f	; 15
      000097 0F                     198 	.db #0x0f	; 15
      000098 0F                     199 	.db #0x0f	; 15
      000099 0F                     200 	.db #0x0f	; 15
      00009A 0F                     201 	.db #0x0f	; 15
      00009B 0F                     202 	.db #0x0f	; 15
      00009C 0F                     203 	.db #0x0f	; 15
      00009D 0F                     204 	.db #0x0f	; 15
      00009E 0F                     205 	.db #0x0f	; 15
      00009F 0F                     206 	.db #0x0f	; 15
      0000A0 0F                     207 	.db #0x0f	; 15
      0000A1 0F                     208 	.db #0x0f	; 15
      0000A2 00                     209 	.db #0x00	; 0
      0000A3 00                     210 	.db #0x00	; 0
      0000A4 00                     211 	.db #0x00	; 0
      0000A5 00                     212 	.db #0x00	; 0
      0000A6 00                     213 	.db #0x00	; 0
      0000A7 00                     214 	.db #0x00	; 0
      0000A8 0F                     215 	.db #0x0f	; 15
      0000A9 0F                     216 	.db #0x0f	; 15
      0000AA 0F                     217 	.db #0x0f	; 15
      0000AB 0F                     218 	.db #0x0f	; 15
      0000AC 0F                     219 	.db #0x0f	; 15
      0000AD 0F                     220 	.db #0x0f	; 15
      0000AE 00                     221 	.db #0x00	; 0
      0000AF 00                     222 	.db #0x00	; 0
      0000B0 00                     223 	.db #0x00	; 0
      0000B1 00                     224 	.db #0x00	; 0
      0000B2 0F                     225 	.db #0x0f	; 15
      0000B3 0F                     226 	.db #0x0f	; 15
      0000B4 0F                     227 	.db #0x0f	; 15
      0000B5 0F                     228 	.db #0x0f	; 15
      0000B6 0F                     229 	.db #0x0f	; 15
      0000B7 0F                     230 	.db #0x0f	; 15
      0000B8 0F                     231 	.db #0x0f	; 15
      0000B9 0F                     232 	.db #0x0f	; 15
      0000BA 0F                     233 	.db #0x0f	; 15
      0000BB 0F                     234 	.db #0x0f	; 15
      0000BC 0F                     235 	.db #0x0f	; 15
      0000BD 0F                     236 	.db #0x0f	; 15
      0000BE 0F                     237 	.db #0x0f	; 15
      0000BF 0F                     238 	.db #0x0f	; 15
      0000C0 0F                     239 	.db #0x0f	; 15
      0000C1 0F                     240 	.db #0x0f	; 15
      0000C2 00                     241 	.db #0x00	; 0
      0000C3 00                     242 	.db #0x00	; 0
      0000C4 00                     243 	.db #0x00	; 0
      0000C5 00                     244 	.db #0x00	; 0
      0000C6 00                     245 	.db #0x00	; 0
      0000C7 00                     246 	.db #0x00	; 0
      0000C8 0F                     247 	.db #0x0f	; 15
      0000C9 0F                     248 	.db #0x0f	; 15
      0000CA 0F                     249 	.db #0x0f	; 15
      0000CB 0F                     250 	.db #0x0f	; 15
      0000CC 0F                     251 	.db #0x0f	; 15
      0000CD 0F                     252 	.db #0x0f	; 15
      0000CE 00                     253 	.db #0x00	; 0
      0000CF 00                     254 	.db #0x00	; 0
      0000D0 00                     255 	.db #0x00	; 0
      0000D1 00                     256 	.db #0x00	; 0
      0000D2 0F                     257 	.db #0x0f	; 15
      0000D3 0F                     258 	.db #0x0f	; 15
      0000D4 0F                     259 	.db #0x0f	; 15
      0000D5 0F                     260 	.db #0x0f	; 15
      0000D6 0F                     261 	.db #0x0f	; 15
      0000D7 0F                     262 	.db #0x0f	; 15
      0000D8 0F                     263 	.db #0x0f	; 15
      0000D9 0F                     264 	.db #0x0f	; 15
      0000DA 0F                     265 	.db #0x0f	; 15
      0000DB 0F                     266 	.db #0x0f	; 15
      0000DC 0F                     267 	.db #0x0f	; 15
      0000DD 0F                     268 	.db #0x0f	; 15
      0000DE 0F                     269 	.db #0x0f	; 15
      0000DF 0F                     270 	.db #0x0f	; 15
      0000E0 0F                     271 	.db #0x0f	; 15
      0000E1 0F                     272 	.db #0x0f	; 15
      0000E2 00                     273 	.db #0x00	; 0
      0000E3 00                     274 	.db #0x00	; 0
      0000E4 00                     275 	.db #0x00	; 0
      0000E5 00                     276 	.db #0x00	; 0
      0000E6 00                     277 	.db #0x00	; 0
      0000E7 00                     278 	.db #0x00	; 0
      0000E8 0F                     279 	.db #0x0f	; 15
      0000E9 0F                     280 	.db #0x0f	; 15
      0000EA 0F                     281 	.db #0x0f	; 15
      0000EB 0F                     282 	.db #0x0f	; 15
      0000EC 0F                     283 	.db #0x0f	; 15
      0000ED 0F                     284 	.db #0x0f	; 15
      0000EE 00                     285 	.db #0x00	; 0
      0000EF 00                     286 	.db #0x00	; 0
      0000F0 00                     287 	.db #0x00	; 0
      0000F1 00                     288 	.db #0x00	; 0
      0000F2 00                     289 	.db #0x00	; 0
      0000F3 00                     290 	.db #0x00	; 0
      0000F4 0F                     291 	.db #0x0f	; 15
      0000F5 0F                     292 	.db #0x0f	; 15
      0000F6 0F                     293 	.db #0x0f	; 15
      0000F7 0F                     294 	.db #0x0f	; 15
      0000F8 0F                     295 	.db #0x0f	; 15
      0000F9 0F                     296 	.db #0x0f	; 15
      0000FA 0F                     297 	.db #0x0f	; 15
      0000FB 0F                     298 	.db #0x0f	; 15
      0000FC 0F                     299 	.db #0x0f	; 15
      0000FD 0F                     300 	.db #0x0f	; 15
      0000FE 0F                     301 	.db #0x0f	; 15
      0000FF 0F                     302 	.db #0x0f	; 15
      000100 0F                     303 	.db #0x0f	; 15
      000101 0F                     304 	.db #0x0f	; 15
      000102 00                     305 	.db #0x00	; 0
      000103 00                     306 	.db #0x00	; 0
      000104 00                     307 	.db #0x00	; 0
      000105 00                     308 	.db #0x00	; 0
      000106 00                     309 	.db #0x00	; 0
      000107 00                     310 	.db #0x00	; 0
      000108 0F                     311 	.db #0x0f	; 15
      000109 0F                     312 	.db #0x0f	; 15
      00010A 00                     313 	.db #0x00	; 0
      00010B 00                     314 	.db #0x00	; 0
      00010C 0F                     315 	.db #0x0f	; 15
      00010D 0F                     316 	.db #0x0f	; 15
      00010E 00                     317 	.db #0x00	; 0
      00010F 00                     318 	.db #0x00	; 0
      000110 00                     319 	.db #0x00	; 0
      000111 00                     320 	.db #0x00	; 0
      000112 00                     321 	.db #0x00	; 0
      000113 00                     322 	.db #0x00	; 0
      000114 00                     323 	.db #0x00	; 0
      000115 0F                     324 	.db #0x0f	; 15
      000116 0F                     325 	.db #0x0f	; 15
      000117 0F                     326 	.db #0x0f	; 15
      000118 00                     327 	.db #0x00	; 0
      000119 00                     328 	.db #0x00	; 0
      00011A 0F                     329 	.db #0x0f	; 15
      00011B 0F                     330 	.db #0x0f	; 15
      00011C 0F                     331 	.db #0x0f	; 15
      00011D 0F                     332 	.db #0x0f	; 15
      00011E 0F                     333 	.db #0x0f	; 15
      00011F 0F                     334 	.db #0x0f	; 15
      000120 0F                     335 	.db #0x0f	; 15
      000121 0F                     336 	.db #0x0f	; 15
      000122 00                     337 	.db #0x00	; 0
      000123 00                     338 	.db #0x00	; 0
      000124 00                     339 	.db #0x00	; 0
      000125 00                     340 	.db #0x00	; 0
      000126 00                     341 	.db #0x00	; 0
      000127 00                     342 	.db #0x00	; 0
      000128 00                     343 	.db #0x00	; 0
      000129 00                     344 	.db #0x00	; 0
      00012A 00                     345 	.db #0x00	; 0
      00012B 00                     346 	.db #0x00	; 0
      00012C 00                     347 	.db #0x00	; 0
      00012D 00                     348 	.db #0x00	; 0
      00012E 00                     349 	.db #0x00	; 0
      00012F 00                     350 	.db #0x00	; 0
      000130 00                     351 	.db #0x00	; 0
      000131 00                     352 	.db #0x00	; 0
      000132 00                     353 	.db #0x00	; 0
      000133 00                     354 	.db #0x00	; 0
      000134 00                     355 	.db #0x00	; 0
      000135 00                     356 	.db #0x00	; 0
      000136 00                     357 	.db #0x00	; 0
      000137 00                     358 	.db #0x00	; 0
      000138 00                     359 	.db #0x00	; 0
      000139 00                     360 	.db #0x00	; 0
      00013A 00                     361 	.db #0x00	; 0
      00013B 00                     362 	.db #0x00	; 0
      00013C 00                     363 	.db #0x00	; 0
      00013D 00                     364 	.db #0x00	; 0
      00013E 0F                     365 	.db #0x0f	; 15
      00013F 0F                     366 	.db #0x0f	; 15
      000140 0F                     367 	.db #0x0f	; 15
      000141 0F                     368 	.db #0x0f	; 15
      000142 00                     369 	.db #0x00	; 0
      000143 00                     370 	.db #0x00	; 0
      000144 00                     371 	.db #0x00	; 0
      000145 00                     372 	.db #0x00	; 0
      000146 00                     373 	.db #0x00	; 0
      000147 00                     374 	.db #0x00	; 0
      000148 00                     375 	.db #0x00	; 0
      000149 00                     376 	.db #0x00	; 0
      00014A 00                     377 	.db #0x00	; 0
      00014B 00                     378 	.db #0x00	; 0
      00014C 00                     379 	.db #0x00	; 0
      00014D 00                     380 	.db #0x00	; 0
      00014E 00                     381 	.db #0x00	; 0
      00014F 00                     382 	.db #0x00	; 0
      000150 00                     383 	.db #0x00	; 0
      000151 00                     384 	.db #0x00	; 0
      000152 00                     385 	.db #0x00	; 0
      000153 00                     386 	.db #0x00	; 0
      000154 00                     387 	.db #0x00	; 0
      000155 00                     388 	.db #0x00	; 0
      000156 00                     389 	.db #0x00	; 0
      000157 00                     390 	.db #0x00	; 0
      000158 00                     391 	.db #0x00	; 0
      000159 00                     392 	.db #0x00	; 0
      00015A 00                     393 	.db #0x00	; 0
      00015B 00                     394 	.db #0x00	; 0
      00015C 00                     395 	.db #0x00	; 0
      00015D 00                     396 	.db #0x00	; 0
      00015E 0F                     397 	.db #0x0f	; 15
      00015F 0F                     398 	.db #0x0f	; 15
      000160 0F                     399 	.db #0x0f	; 15
      000161 0F                     400 	.db #0x0f	; 15
      000162 00                     401 	.db #0x00	; 0
      000163 00                     402 	.db #0x00	; 0
      000164 00                     403 	.db #0x00	; 0
      000165 00                     404 	.db #0x00	; 0
      000166 00                     405 	.db #0x00	; 0
      000167 00                     406 	.db #0x00	; 0
      000168 00                     407 	.db #0x00	; 0
      000169 00                     408 	.db #0x00	; 0
      00016A 00                     409 	.db #0x00	; 0
      00016B 00                     410 	.db #0x00	; 0
      00016C 00                     411 	.db #0x00	; 0
      00016D 00                     412 	.db #0x00	; 0
      00016E 00                     413 	.db #0x00	; 0
      00016F 00                     414 	.db #0x00	; 0
      000170 00                     415 	.db #0x00	; 0
      000171 00                     416 	.db #0x00	; 0
      000172 00                     417 	.db #0x00	; 0
      000173 00                     418 	.db #0x00	; 0
      000174 00                     419 	.db #0x00	; 0
      000175 00                     420 	.db #0x00	; 0
      000176 00                     421 	.db #0x00	; 0
      000177 00                     422 	.db #0x00	; 0
      000178 00                     423 	.db #0x00	; 0
      000179 00                     424 	.db #0x00	; 0
      00017A 00                     425 	.db #0x00	; 0
      00017B 00                     426 	.db #0x00	; 0
      00017C 00                     427 	.db #0x00	; 0
      00017D 00                     428 	.db #0x00	; 0
      00017E 0F                     429 	.db #0x0f	; 15
      00017F 0F                     430 	.db #0x0f	; 15
      000180 0F                     431 	.db #0x0f	; 15
      000181 0F                     432 	.db #0x0f	; 15
      000182 00                     433 	.db #0x00	; 0
      000183 00                     434 	.db #0x00	; 0
      000184 0F                     435 	.db #0x0f	; 15
      000185 0F                     436 	.db #0x0f	; 15
      000186 0F                     437 	.db #0x0f	; 15
      000187 0F                     438 	.db #0x0f	; 15
      000188 00                     439 	.db #0x00	; 0
      000189 00                     440 	.db #0x00	; 0
      00018A 00                     441 	.db #0x00	; 0
      00018B 00                     442 	.db #0x00	; 0
      00018C 00                     443 	.db #0x00	; 0
      00018D 00                     444 	.db #0x00	; 0
      00018E 00                     445 	.db #0x00	; 0
      00018F 00                     446 	.db #0x00	; 0
      000190 00                     447 	.db #0x00	; 0
      000191 00                     448 	.db #0x00	; 0
      000192 00                     449 	.db #0x00	; 0
      000193 00                     450 	.db #0x00	; 0
      000194 00                     451 	.db #0x00	; 0
      000195 00                     452 	.db #0x00	; 0
      000196 00                     453 	.db #0x00	; 0
      000197 00                     454 	.db #0x00	; 0
      000198 00                     455 	.db #0x00	; 0
      000199 00                     456 	.db #0x00	; 0
      00019A 00                     457 	.db #0x00	; 0
      00019B 00                     458 	.db #0x00	; 0
      00019C 00                     459 	.db #0x00	; 0
      00019D 00                     460 	.db #0x00	; 0
      00019E 0F                     461 	.db #0x0f	; 15
      00019F 0F                     462 	.db #0x0f	; 15
      0001A0 0F                     463 	.db #0x0f	; 15
      0001A1 0F                     464 	.db #0x0f	; 15
      0001A2 00                     465 	.db #0x00	; 0
      0001A3 00                     466 	.db #0x00	; 0
      0001A4 0F                     467 	.db #0x0f	; 15
      0001A5 0F                     468 	.db #0x0f	; 15
      0001A6 0F                     469 	.db #0x0f	; 15
      0001A7 0F                     470 	.db #0x0f	; 15
      0001A8 00                     471 	.db #0x00	; 0
      0001A9 00                     472 	.db #0x00	; 0
      0001AA 00                     473 	.db #0x00	; 0
      0001AB 00                     474 	.db #0x00	; 0
      0001AC 00                     475 	.db #0x00	; 0
      0001AD 00                     476 	.db #0x00	; 0
      0001AE 00                     477 	.db #0x00	; 0
      0001AF 00                     478 	.db #0x00	; 0
      0001B0 00                     479 	.db #0x00	; 0
      0001B1 00                     480 	.db #0x00	; 0
      0001B2 00                     481 	.db #0x00	; 0
      0001B3 00                     482 	.db #0x00	; 0
      0001B4 00                     483 	.db #0x00	; 0
      0001B5 00                     484 	.db #0x00	; 0
      0001B6 00                     485 	.db #0x00	; 0
      0001B7 00                     486 	.db #0x00	; 0
      0001B8 00                     487 	.db #0x00	; 0
      0001B9 00                     488 	.db #0x00	; 0
      0001BA 00                     489 	.db #0x00	; 0
      0001BB 00                     490 	.db #0x00	; 0
      0001BC 00                     491 	.db #0x00	; 0
      0001BD 00                     492 	.db #0x00	; 0
      0001BE 0F                     493 	.db #0x0f	; 15
      0001BF 0F                     494 	.db #0x0f	; 15
      0001C0 0F                     495 	.db #0x0f	; 15
      0001C1 0F                     496 	.db #0x0f	; 15
      0001C2 00                     497 	.db #0x00	; 0
      0001C3 00                     498 	.db #0x00	; 0
      0001C4 0F                     499 	.db #0x0f	; 15
      0001C5 0F                     500 	.db #0x0f	; 15
      0001C6 0F                     501 	.db #0x0f	; 15
      0001C7 0F                     502 	.db #0x0f	; 15
      0001C8 00                     503 	.db #0x00	; 0
      0001C9 00                     504 	.db #0x00	; 0
      0001CA 00                     505 	.db #0x00	; 0
      0001CB 00                     506 	.db #0x00	; 0
      0001CC 00                     507 	.db #0x00	; 0
      0001CD 00                     508 	.db #0x00	; 0
      0001CE 00                     509 	.db #0x00	; 0
      0001CF 00                     510 	.db #0x00	; 0
      0001D0 00                     511 	.db #0x00	; 0
      0001D1 00                     512 	.db #0x00	; 0
      0001D2 00                     513 	.db #0x00	; 0
      0001D3 00                     514 	.db #0x00	; 0
      0001D4 00                     515 	.db #0x00	; 0
      0001D5 00                     516 	.db #0x00	; 0
      0001D6 00                     517 	.db #0x00	; 0
      0001D7 00                     518 	.db #0x00	; 0
      0001D8 00                     519 	.db #0x00	; 0
      0001D9 00                     520 	.db #0x00	; 0
      0001DA 00                     521 	.db #0x00	; 0
      0001DB 00                     522 	.db #0x00	; 0
      0001DC 00                     523 	.db #0x00	; 0
      0001DD 00                     524 	.db #0x00	; 0
      0001DE 0F                     525 	.db #0x0f	; 15
      0001DF 0F                     526 	.db #0x0f	; 15
      0001E0 0F                     527 	.db #0x0f	; 15
      0001E1 0F                     528 	.db #0x0f	; 15
      0001E2 00                     529 	.db #0x00	; 0
      0001E3 00                     530 	.db #0x00	; 0
      0001E4 00                     531 	.db #0x00	; 0
      0001E5 0F                     532 	.db #0x0f	; 15
      0001E6 0F                     533 	.db #0x0f	; 15
      0001E7 00                     534 	.db #0x00	; 0
      0001E8 00                     535 	.db #0x00	; 0
      0001E9 00                     536 	.db #0x00	; 0
      0001EA 00                     537 	.db #0x00	; 0
      0001EB 00                     538 	.db #0x00	; 0
      0001EC 00                     539 	.db #0x00	; 0
      0001ED 00                     540 	.db #0x00	; 0
      0001EE 00                     541 	.db #0x00	; 0
      0001EF 00                     542 	.db #0x00	; 0
      0001F0 00                     543 	.db #0x00	; 0
      0001F1 00                     544 	.db #0x00	; 0
      0001F2 00                     545 	.db #0x00	; 0
      0001F3 00                     546 	.db #0x00	; 0
      0001F4 00                     547 	.db #0x00	; 0
      0001F5 00                     548 	.db #0x00	; 0
      0001F6 00                     549 	.db #0x00	; 0
      0001F7 00                     550 	.db #0x00	; 0
      0001F8 00                     551 	.db #0x00	; 0
      0001F9 00                     552 	.db #0x00	; 0
      0001FA 00                     553 	.db #0x00	; 0
      0001FB 00                     554 	.db #0x00	; 0
      0001FC 00                     555 	.db #0x00	; 0
      0001FD 00                     556 	.db #0x00	; 0
      0001FE 0F                     557 	.db #0x0f	; 15
      0001FF 0F                     558 	.db #0x0f	; 15
      000200 0F                     559 	.db #0x0f	; 15
      000201 0F                     560 	.db #0x0f	; 15
      000202 00                     561 	.db #0x00	; 0
      000203 00                     562 	.db #0x00	; 0
      000204 00                     563 	.db #0x00	; 0
      000205 00                     564 	.db #0x00	; 0
      000206 00                     565 	.db #0x00	; 0
      000207 00                     566 	.db #0x00	; 0
      000208 00                     567 	.db #0x00	; 0
      000209 00                     568 	.db #0x00	; 0
      00020A 00                     569 	.db #0x00	; 0
      00020B 00                     570 	.db #0x00	; 0
      00020C 00                     571 	.db #0x00	; 0
      00020D 00                     572 	.db #0x00	; 0
      00020E 00                     573 	.db #0x00	; 0
      00020F 00                     574 	.db #0x00	; 0
      000210 00                     575 	.db #0x00	; 0
      000211 00                     576 	.db #0x00	; 0
      000212 00                     577 	.db #0x00	; 0
      000213 00                     578 	.db #0x00	; 0
      000214 00                     579 	.db #0x00	; 0
      000215 00                     580 	.db #0x00	; 0
      000216 00                     581 	.db #0x00	; 0
      000217 00                     582 	.db #0x00	; 0
      000218 00                     583 	.db #0x00	; 0
      000219 00                     584 	.db #0x00	; 0
      00021A 00                     585 	.db #0x00	; 0
      00021B 00                     586 	.db #0x00	; 0
      00021C 00                     587 	.db #0x00	; 0
      00021D 00                     588 	.db #0x00	; 0
      00021E 0F                     589 	.db #0x0f	; 15
      00021F 0F                     590 	.db #0x0f	; 15
      000220 0F                     591 	.db #0x0f	; 15
      000221 0F                     592 	.db #0x0f	; 15
      000222 00                     593 	.db #0x00	; 0
      000223 00                     594 	.db #0x00	; 0
      000224 00                     595 	.db #0x00	; 0
      000225 00                     596 	.db #0x00	; 0
      000226 00                     597 	.db #0x00	; 0
      000227 00                     598 	.db #0x00	; 0
      000228 00                     599 	.db #0x00	; 0
      000229 00                     600 	.db #0x00	; 0
      00022A 00                     601 	.db #0x00	; 0
      00022B 00                     602 	.db #0x00	; 0
      00022C 00                     603 	.db #0x00	; 0
      00022D 00                     604 	.db #0x00	; 0
      00022E 00                     605 	.db #0x00	; 0
      00022F 0F                     606 	.db #0x0f	; 15
      000230 0F                     607 	.db #0x0f	; 15
      000231 0F                     608 	.db #0x0f	; 15
      000232 0F                     609 	.db #0x0f	; 15
      000233 0F                     610 	.db #0x0f	; 15
      000234 0F                     611 	.db #0x0f	; 15
      000235 0F                     612 	.db #0x0f	; 15
      000236 0F                     613 	.db #0x0f	; 15
      000237 0F                     614 	.db #0x0f	; 15
      000238 0F                     615 	.db #0x0f	; 15
      000239 0F                     616 	.db #0x0f	; 15
      00023A 0F                     617 	.db #0x0f	; 15
      00023B 0F                     618 	.db #0x0f	; 15
      00023C 00                     619 	.db #0x00	; 0
      00023D 00                     620 	.db #0x00	; 0
      00023E 0F                     621 	.db #0x0f	; 15
      00023F 0F                     622 	.db #0x0f	; 15
      000240 0F                     623 	.db #0x0f	; 15
      000241 0F                     624 	.db #0x0f	; 15
      000242 00                     625 	.db #0x00	; 0
      000243 00                     626 	.db #0x00	; 0
      000244 00                     627 	.db #0x00	; 0
      000245 00                     628 	.db #0x00	; 0
      000246 00                     629 	.db #0x00	; 0
      000247 00                     630 	.db #0x00	; 0
      000248 00                     631 	.db #0x00	; 0
      000249 00                     632 	.db #0x00	; 0
      00024A 00                     633 	.db #0x00	; 0
      00024B 0F                     634 	.db #0x0f	; 15
      00024C 0F                     635 	.db #0x0f	; 15
      00024D 0F                     636 	.db #0x0f	; 15
      00024E 0F                     637 	.db #0x0f	; 15
      00024F 0F                     638 	.db #0x0f	; 15
      000250 0F                     639 	.db #0x0f	; 15
      000251 0F                     640 	.db #0x0f	; 15
      000252 0F                     641 	.db #0x0f	; 15
      000253 0F                     642 	.db #0x0f	; 15
      000254 0F                     643 	.db #0x0f	; 15
      000255 0F                     644 	.db #0x0f	; 15
      000256 0F                     645 	.db #0x0f	; 15
      000257 0F                     646 	.db #0x0f	; 15
      000258 0F                     647 	.db #0x0f	; 15
      000259 0F                     648 	.db #0x0f	; 15
      00025A 0F                     649 	.db #0x0f	; 15
      00025B 0F                     650 	.db #0x0f	; 15
      00025C 0F                     651 	.db #0x0f	; 15
      00025D 00                     652 	.db #0x00	; 0
      00025E 0F                     653 	.db #0x0f	; 15
      00025F 0F                     654 	.db #0x0f	; 15
      000260 0F                     655 	.db #0x0f	; 15
      000261 0F                     656 	.db #0x0f	; 15
      000262 00                     657 	.db #0x00	; 0
      000263 00                     658 	.db #0x00	; 0
      000264 00                     659 	.db #0x00	; 0
      000265 00                     660 	.db #0x00	; 0
      000266 00                     661 	.db #0x00	; 0
      000267 00                     662 	.db #0x00	; 0
      000268 00                     663 	.db #0x00	; 0
      000269 0F                     664 	.db #0x0f	; 15
      00026A 0F                     665 	.db #0x0f	; 15
      00026B 0F                     666 	.db #0x0f	; 15
      00026C 0F                     667 	.db #0x0f	; 15
      00026D 0F                     668 	.db #0x0f	; 15
      00026E 0F                     669 	.db #0x0f	; 15
      00026F 0F                     670 	.db #0x0f	; 15
      000270 0F                     671 	.db #0x0f	; 15
      000271 0F                     672 	.db #0x0f	; 15
      000272 0F                     673 	.db #0x0f	; 15
      000273 0F                     674 	.db #0x0f	; 15
      000274 0F                     675 	.db #0x0f	; 15
      000275 0F                     676 	.db #0x0f	; 15
      000276 0F                     677 	.db #0x0f	; 15
      000277 0F                     678 	.db #0x0f	; 15
      000278 0F                     679 	.db #0x0f	; 15
      000279 0F                     680 	.db #0x0f	; 15
      00027A 0F                     681 	.db #0x0f	; 15
      00027B 0F                     682 	.db #0x0f	; 15
      00027C 0F                     683 	.db #0x0f	; 15
      00027D 00                     684 	.db #0x00	; 0
      00027E 0F                     685 	.db #0x0f	; 15
      00027F 0F                     686 	.db #0x0f	; 15
      000280 0F                     687 	.db #0x0f	; 15
      000281 0F                     688 	.db #0x0f	; 15
      000282 00                     689 	.db #0x00	; 0
      000283 00                     690 	.db #0x00	; 0
      000284 00                     691 	.db #0x00	; 0
      000285 00                     692 	.db #0x00	; 0
      000286 00                     693 	.db #0x00	; 0
      000287 00                     694 	.db #0x00	; 0
      000288 00                     695 	.db #0x00	; 0
      000289 0F                     696 	.db #0x0f	; 15
      00028A 0F                     697 	.db #0x0f	; 15
      00028B 0F                     698 	.db #0x0f	; 15
      00028C 0F                     699 	.db #0x0f	; 15
      00028D 0F                     700 	.db #0x0f	; 15
      00028E 0F                     701 	.db #0x0f	; 15
      00028F 0F                     702 	.db #0x0f	; 15
      000290 0F                     703 	.db #0x0f	; 15
      000291 0F                     704 	.db #0x0f	; 15
      000292 0F                     705 	.db #0x0f	; 15
      000293 0F                     706 	.db #0x0f	; 15
      000294 0F                     707 	.db #0x0f	; 15
      000295 0F                     708 	.db #0x0f	; 15
      000296 0F                     709 	.db #0x0f	; 15
      000297 0F                     710 	.db #0x0f	; 15
      000298 0F                     711 	.db #0x0f	; 15
      000299 0F                     712 	.db #0x0f	; 15
      00029A 0F                     713 	.db #0x0f	; 15
      00029B 0F                     714 	.db #0x0f	; 15
      00029C 0F                     715 	.db #0x0f	; 15
      00029D 00                     716 	.db #0x00	; 0
      00029E 0F                     717 	.db #0x0f	; 15
      00029F 0F                     718 	.db #0x0f	; 15
      0002A0 0F                     719 	.db #0x0f	; 15
      0002A1 0F                     720 	.db #0x0f	; 15
      0002A2 00                     721 	.db #0x00	; 0
      0002A3 00                     722 	.db #0x00	; 0
      0002A4 00                     723 	.db #0x00	; 0
      0002A5 00                     724 	.db #0x00	; 0
      0002A6 00                     725 	.db #0x00	; 0
      0002A7 00                     726 	.db #0x00	; 0
      0002A8 00                     727 	.db #0x00	; 0
      0002A9 0F                     728 	.db #0x0f	; 15
      0002AA 0F                     729 	.db #0x0f	; 15
      0002AB 0F                     730 	.db #0x0f	; 15
      0002AC 0F                     731 	.db #0x0f	; 15
      0002AD 0F                     732 	.db #0x0f	; 15
      0002AE 0F                     733 	.db #0x0f	; 15
      0002AF 0F                     734 	.db #0x0f	; 15
      0002B0 0F                     735 	.db #0x0f	; 15
      0002B1 0F                     736 	.db #0x0f	; 15
      0002B2 0F                     737 	.db #0x0f	; 15
      0002B3 0F                     738 	.db #0x0f	; 15
      0002B4 0F                     739 	.db #0x0f	; 15
      0002B5 0F                     740 	.db #0x0f	; 15
      0002B6 0F                     741 	.db #0x0f	; 15
      0002B7 0F                     742 	.db #0x0f	; 15
      0002B8 0F                     743 	.db #0x0f	; 15
      0002B9 0F                     744 	.db #0x0f	; 15
      0002BA 0F                     745 	.db #0x0f	; 15
      0002BB 0F                     746 	.db #0x0f	; 15
      0002BC 0F                     747 	.db #0x0f	; 15
      0002BD 00                     748 	.db #0x00	; 0
      0002BE 0F                     749 	.db #0x0f	; 15
      0002BF 0F                     750 	.db #0x0f	; 15
      0002C0 0F                     751 	.db #0x0f	; 15
      0002C1 0F                     752 	.db #0x0f	; 15
      0002C2 00                     753 	.db #0x00	; 0
      0002C3 00                     754 	.db #0x00	; 0
      0002C4 00                     755 	.db #0x00	; 0
      0002C5 00                     756 	.db #0x00	; 0
      0002C6 00                     757 	.db #0x00	; 0
      0002C7 00                     758 	.db #0x00	; 0
      0002C8 00                     759 	.db #0x00	; 0
      0002C9 00                     760 	.db #0x00	; 0
      0002CA 00                     761 	.db #0x00	; 0
      0002CB 00                     762 	.db #0x00	; 0
      0002CC 0F                     763 	.db #0x0f	; 15
      0002CD 0F                     764 	.db #0x0f	; 15
      0002CE 0F                     765 	.db #0x0f	; 15
      0002CF 0F                     766 	.db #0x0f	; 15
      0002D0 0F                     767 	.db #0x0f	; 15
      0002D1 0F                     768 	.db #0x0f	; 15
      0002D2 0F                     769 	.db #0x0f	; 15
      0002D3 0F                     770 	.db #0x0f	; 15
      0002D4 0F                     771 	.db #0x0f	; 15
      0002D5 0F                     772 	.db #0x0f	; 15
      0002D6 0F                     773 	.db #0x0f	; 15
      0002D7 0F                     774 	.db #0x0f	; 15
      0002D8 0F                     775 	.db #0x0f	; 15
      0002D9 0F                     776 	.db #0x0f	; 15
      0002DA 0F                     777 	.db #0x0f	; 15
      0002DB 0F                     778 	.db #0x0f	; 15
      0002DC 0F                     779 	.db #0x0f	; 15
      0002DD 00                     780 	.db #0x00	; 0
      0002DE 0F                     781 	.db #0x0f	; 15
      0002DF 0F                     782 	.db #0x0f	; 15
      0002E0 0F                     783 	.db #0x0f	; 15
      0002E1 0F                     784 	.db #0x0f	; 15
      0002E2 00                     785 	.db #0x00	; 0
      0002E3 00                     786 	.db #0x00	; 0
      0002E4 00                     787 	.db #0x00	; 0
      0002E5 00                     788 	.db #0x00	; 0
      0002E6 00                     789 	.db #0x00	; 0
      0002E7 00                     790 	.db #0x00	; 0
      0002E8 00                     791 	.db #0x00	; 0
      0002E9 00                     792 	.db #0x00	; 0
      0002EA 00                     793 	.db #0x00	; 0
      0002EB 00                     794 	.db #0x00	; 0
      0002EC 00                     795 	.db #0x00	; 0
      0002ED 00                     796 	.db #0x00	; 0
      0002EE 0F                     797 	.db #0x0f	; 15
      0002EF 0F                     798 	.db #0x0f	; 15
      0002F0 0F                     799 	.db #0x0f	; 15
      0002F1 0F                     800 	.db #0x0f	; 15
      0002F2 0F                     801 	.db #0x0f	; 15
      0002F3 0F                     802 	.db #0x0f	; 15
      0002F4 0F                     803 	.db #0x0f	; 15
      0002F5 0F                     804 	.db #0x0f	; 15
      0002F6 0F                     805 	.db #0x0f	; 15
      0002F7 0F                     806 	.db #0x0f	; 15
      0002F8 0F                     807 	.db #0x0f	; 15
      0002F9 0F                     808 	.db #0x0f	; 15
      0002FA 0F                     809 	.db #0x0f	; 15
      0002FB 00                     810 	.db #0x00	; 0
      0002FC 00                     811 	.db #0x00	; 0
      0002FD 00                     812 	.db #0x00	; 0
      0002FE 0F                     813 	.db #0x0f	; 15
      0002FF 0F                     814 	.db #0x0f	; 15
      000300 0F                     815 	.db #0x0f	; 15
      000301 0F                     816 	.db #0x0f	; 15
      000302 00                     817 	.db #0x00	; 0
      000303 00                     818 	.db #0x00	; 0
      000304 00                     819 	.db #0x00	; 0
      000305 00                     820 	.db #0x00	; 0
      000306 00                     821 	.db #0x00	; 0
      000307 00                     822 	.db #0x00	; 0
      000308 00                     823 	.db #0x00	; 0
      000309 00                     824 	.db #0x00	; 0
      00030A 00                     825 	.db #0x00	; 0
      00030B 00                     826 	.db #0x00	; 0
      00030C 00                     827 	.db #0x00	; 0
      00030D 00                     828 	.db #0x00	; 0
      00030E 00                     829 	.db #0x00	; 0
      00030F 00                     830 	.db #0x00	; 0
      000310 00                     831 	.db #0x00	; 0
      000311 00                     832 	.db #0x00	; 0
      000312 00                     833 	.db #0x00	; 0
      000313 00                     834 	.db #0x00	; 0
      000314 00                     835 	.db #0x00	; 0
      000315 00                     836 	.db #0x00	; 0
      000316 00                     837 	.db #0x00	; 0
      000317 00                     838 	.db #0x00	; 0
      000318 00                     839 	.db #0x00	; 0
      000319 00                     840 	.db #0x00	; 0
      00031A 00                     841 	.db #0x00	; 0
      00031B 00                     842 	.db #0x00	; 0
      00031C 00                     843 	.db #0x00	; 0
      00031D 00                     844 	.db #0x00	; 0
      00031E 0F                     845 	.db #0x0f	; 15
      00031F 0F                     846 	.db #0x0f	; 15
      000320 0F                     847 	.db #0x0f	; 15
      000321 0F                     848 	.db #0x0f	; 15
      000322 00                     849 	.db #0x00	; 0
      000323 00                     850 	.db #0x00	; 0
      000324 00                     851 	.db #0x00	; 0
      000325 00                     852 	.db #0x00	; 0
      000326 00                     853 	.db #0x00	; 0
      000327 00                     854 	.db #0x00	; 0
      000328 00                     855 	.db #0x00	; 0
      000329 00                     856 	.db #0x00	; 0
      00032A 00                     857 	.db #0x00	; 0
      00032B 00                     858 	.db #0x00	; 0
      00032C 00                     859 	.db #0x00	; 0
      00032D 00                     860 	.db #0x00	; 0
      00032E 00                     861 	.db #0x00	; 0
      00032F 00                     862 	.db #0x00	; 0
      000330 00                     863 	.db #0x00	; 0
      000331 00                     864 	.db #0x00	; 0
      000332 00                     865 	.db #0x00	; 0
      000333 00                     866 	.db #0x00	; 0
      000334 00                     867 	.db #0x00	; 0
      000335 00                     868 	.db #0x00	; 0
      000336 00                     869 	.db #0x00	; 0
      000337 00                     870 	.db #0x00	; 0
      000338 00                     871 	.db #0x00	; 0
      000339 00                     872 	.db #0x00	; 0
      00033A 00                     873 	.db #0x00	; 0
      00033B 00                     874 	.db #0x00	; 0
      00033C 00                     875 	.db #0x00	; 0
      00033D 00                     876 	.db #0x00	; 0
      00033E 0F                     877 	.db #0x0f	; 15
      00033F 0F                     878 	.db #0x0f	; 15
      000340 0F                     879 	.db #0x0f	; 15
      000341 0F                     880 	.db #0x0f	; 15
      000342 00                     881 	.db #0x00	; 0
      000343 00                     882 	.db #0x00	; 0
      000344 00                     883 	.db #0x00	; 0
      000345 00                     884 	.db #0x00	; 0
      000346 00                     885 	.db #0x00	; 0
      000347 00                     886 	.db #0x00	; 0
      000348 00                     887 	.db #0x00	; 0
      000349 00                     888 	.db #0x00	; 0
      00034A 00                     889 	.db #0x00	; 0
      00034B 00                     890 	.db #0x00	; 0
      00034C 00                     891 	.db #0x00	; 0
      00034D 00                     892 	.db #0x00	; 0
      00034E 00                     893 	.db #0x00	; 0
      00034F 00                     894 	.db #0x00	; 0
      000350 00                     895 	.db #0x00	; 0
      000351 00                     896 	.db #0x00	; 0
      000352 00                     897 	.db #0x00	; 0
      000353 00                     898 	.db #0x00	; 0
      000354 00                     899 	.db #0x00	; 0
      000355 00                     900 	.db #0x00	; 0
      000356 00                     901 	.db #0x00	; 0
      000357 00                     902 	.db #0x00	; 0
      000358 00                     903 	.db #0x00	; 0
      000359 00                     904 	.db #0x00	; 0
      00035A 00                     905 	.db #0x00	; 0
      00035B 00                     906 	.db #0x00	; 0
      00035C 00                     907 	.db #0x00	; 0
      00035D 00                     908 	.db #0x00	; 0
      00035E 0F                     909 	.db #0x0f	; 15
      00035F 0F                     910 	.db #0x0f	; 15
      000360 0F                     911 	.db #0x0f	; 15
      000361 0F                     912 	.db #0x0f	; 15
      000362 00                     913 	.db #0x00	; 0
      000363 00                     914 	.db #0x00	; 0
      000364 00                     915 	.db #0x00	; 0
      000365 00                     916 	.db #0x00	; 0
      000366 00                     917 	.db #0x00	; 0
      000367 00                     918 	.db #0x00	; 0
      000368 00                     919 	.db #0x00	; 0
      000369 00                     920 	.db #0x00	; 0
      00036A 00                     921 	.db #0x00	; 0
      00036B 00                     922 	.db #0x00	; 0
      00036C 00                     923 	.db #0x00	; 0
      00036D 00                     924 	.db #0x00	; 0
      00036E 00                     925 	.db #0x00	; 0
      00036F 00                     926 	.db #0x00	; 0
      000370 00                     927 	.db #0x00	; 0
      000371 00                     928 	.db #0x00	; 0
      000372 00                     929 	.db #0x00	; 0
      000373 00                     930 	.db #0x00	; 0
      000374 00                     931 	.db #0x00	; 0
      000375 00                     932 	.db #0x00	; 0
      000376 00                     933 	.db #0x00	; 0
      000377 00                     934 	.db #0x00	; 0
      000378 00                     935 	.db #0x00	; 0
      000379 00                     936 	.db #0x00	; 0
      00037A 00                     937 	.db #0x00	; 0
      00037B 00                     938 	.db #0x00	; 0
      00037C 00                     939 	.db #0x00	; 0
      00037D 00                     940 	.db #0x00	; 0
      00037E 0F                     941 	.db #0x0f	; 15
      00037F 0F                     942 	.db #0x0f	; 15
      000380 0F                     943 	.db #0x0f	; 15
      000381 0F                     944 	.db #0x0f	; 15
      000382 0F                     945 	.db #0x0f	; 15
      000383 0F                     946 	.db #0x0f	; 15
      000384 0F                     947 	.db #0x0f	; 15
      000385 0F                     948 	.db #0x0f	; 15
      000386 0F                     949 	.db #0x0f	; 15
      000387 0F                     950 	.db #0x0f	; 15
      000388 0F                     951 	.db #0x0f	; 15
      000389 0F                     952 	.db #0x0f	; 15
      00038A 0F                     953 	.db #0x0f	; 15
      00038B 0F                     954 	.db #0x0f	; 15
      00038C 0F                     955 	.db #0x0f	; 15
      00038D 0F                     956 	.db #0x0f	; 15
      00038E 0F                     957 	.db #0x0f	; 15
      00038F 0F                     958 	.db #0x0f	; 15
      000390 0F                     959 	.db #0x0f	; 15
      000391 0F                     960 	.db #0x0f	; 15
      000392 0F                     961 	.db #0x0f	; 15
      000393 0F                     962 	.db #0x0f	; 15
      000394 0F                     963 	.db #0x0f	; 15
      000395 0F                     964 	.db #0x0f	; 15
      000396 0F                     965 	.db #0x0f	; 15
      000397 0F                     966 	.db #0x0f	; 15
      000398 0F                     967 	.db #0x0f	; 15
      000399 0F                     968 	.db #0x0f	; 15
      00039A 0F                     969 	.db #0x0f	; 15
      00039B 0F                     970 	.db #0x0f	; 15
      00039C 0F                     971 	.db #0x0f	; 15
      00039D 0F                     972 	.db #0x0f	; 15
      00039E 0F                     973 	.db #0x0f	; 15
      00039F 0F                     974 	.db #0x0f	; 15
      0003A0 0F                     975 	.db #0x0f	; 15
      0003A1 0F                     976 	.db #0x0f	; 15
      0003A2 0F                     977 	.db #0x0f	; 15
      0003A3 0F                     978 	.db #0x0f	; 15
      0003A4 0F                     979 	.db #0x0f	; 15
      0003A5 0F                     980 	.db #0x0f	; 15
      0003A6 0F                     981 	.db #0x0f	; 15
      0003A7 0F                     982 	.db #0x0f	; 15
      0003A8 0F                     983 	.db #0x0f	; 15
      0003A9 0F                     984 	.db #0x0f	; 15
      0003AA 0F                     985 	.db #0x0f	; 15
      0003AB 0F                     986 	.db #0x0f	; 15
      0003AC 0F                     987 	.db #0x0f	; 15
      0003AD 0F                     988 	.db #0x0f	; 15
      0003AE 0F                     989 	.db #0x0f	; 15
      0003AF 0F                     990 	.db #0x0f	; 15
      0003B0 0F                     991 	.db #0x0f	; 15
      0003B1 0F                     992 	.db #0x0f	; 15
      0003B2 0F                     993 	.db #0x0f	; 15
      0003B3 0F                     994 	.db #0x0f	; 15
      0003B4 0F                     995 	.db #0x0f	; 15
      0003B5 0F                     996 	.db #0x0f	; 15
      0003B6 0F                     997 	.db #0x0f	; 15
      0003B7 0F                     998 	.db #0x0f	; 15
      0003B8 0F                     999 	.db #0x0f	; 15
      0003B9 0F                    1000 	.db #0x0f	; 15
      0003BA 0F                    1001 	.db #0x0f	; 15
      0003BB 0F                    1002 	.db #0x0f	; 15
      0003BC 0F                    1003 	.db #0x0f	; 15
      0003BD 0F                    1004 	.db #0x0f	; 15
      0003BE 0F                    1005 	.db #0x0f	; 15
      0003BF 0F                    1006 	.db #0x0f	; 15
      0003C0 0F                    1007 	.db #0x0f	; 15
      0003C1 0F                    1008 	.db #0x0f	; 15
      0003C2 0F                    1009 	.db #0x0f	; 15
      0003C3 0F                    1010 	.db #0x0f	; 15
      0003C4 0F                    1011 	.db #0x0f	; 15
      0003C5 0F                    1012 	.db #0x0f	; 15
      0003C6 0F                    1013 	.db #0x0f	; 15
      0003C7 0F                    1014 	.db #0x0f	; 15
      0003C8 0F                    1015 	.db #0x0f	; 15
      0003C9 0F                    1016 	.db #0x0f	; 15
      0003CA 0F                    1017 	.db #0x0f	; 15
      0003CB 0F                    1018 	.db #0x0f	; 15
      0003CC 0F                    1019 	.db #0x0f	; 15
      0003CD 0F                    1020 	.db #0x0f	; 15
      0003CE 0F                    1021 	.db #0x0f	; 15
      0003CF 0F                    1022 	.db #0x0f	; 15
      0003D0 0F                    1023 	.db #0x0f	; 15
      0003D1 0F                    1024 	.db #0x0f	; 15
      0003D2 0F                    1025 	.db #0x0f	; 15
      0003D3 0F                    1026 	.db #0x0f	; 15
      0003D4 0F                    1027 	.db #0x0f	; 15
      0003D5 0F                    1028 	.db #0x0f	; 15
      0003D6 0F                    1029 	.db #0x0f	; 15
      0003D7 0F                    1030 	.db #0x0f	; 15
      0003D8 0F                    1031 	.db #0x0f	; 15
      0003D9 0F                    1032 	.db #0x0f	; 15
      0003DA 0F                    1033 	.db #0x0f	; 15
      0003DB 0F                    1034 	.db #0x0f	; 15
      0003DC 0F                    1035 	.db #0x0f	; 15
      0003DD 0F                    1036 	.db #0x0f	; 15
      0003DE 0F                    1037 	.db #0x0f	; 15
      0003DF 0F                    1038 	.db #0x0f	; 15
      0003E0 0F                    1039 	.db #0x0f	; 15
      0003E1 0F                    1040 	.db #0x0f	; 15
      0003E2 0F                    1041 	.db #0x0f	; 15
      0003E3 0F                    1042 	.db #0x0f	; 15
      0003E4 0F                    1043 	.db #0x0f	; 15
      0003E5 0F                    1044 	.db #0x0f	; 15
      0003E6 0F                    1045 	.db #0x0f	; 15
      0003E7 0F                    1046 	.db #0x0f	; 15
      0003E8 0F                    1047 	.db #0x0f	; 15
      0003E9 0F                    1048 	.db #0x0f	; 15
      0003EA 0F                    1049 	.db #0x0f	; 15
      0003EB 0F                    1050 	.db #0x0f	; 15
      0003EC 0F                    1051 	.db #0x0f	; 15
      0003ED 0F                    1052 	.db #0x0f	; 15
      0003EE 0F                    1053 	.db #0x0f	; 15
      0003EF 0F                    1054 	.db #0x0f	; 15
      0003F0 0F                    1055 	.db #0x0f	; 15
      0003F1 0F                    1056 	.db #0x0f	; 15
      0003F2 0F                    1057 	.db #0x0f	; 15
      0003F3 0F                    1058 	.db #0x0f	; 15
      0003F4 0F                    1059 	.db #0x0f	; 15
      0003F5 0F                    1060 	.db #0x0f	; 15
      0003F6 0F                    1061 	.db #0x0f	; 15
      0003F7 0F                    1062 	.db #0x0f	; 15
      0003F8 0F                    1063 	.db #0x0f	; 15
      0003F9 0F                    1064 	.db #0x0f	; 15
      0003FA 0F                    1065 	.db #0x0f	; 15
      0003FB 0F                    1066 	.db #0x0f	; 15
      0003FC 0F                    1067 	.db #0x0f	; 15
      0003FD 0F                    1068 	.db #0x0f	; 15
      0003FE 0F                    1069 	.db #0x0f	; 15
      0003FF 0F                    1070 	.db #0x0f	; 15
                                   1071 	.area _INITIALIZER
                                   1072 	.area _CABS (ABS)
