                                      1 ;--------------------------------------------------------
                                      2 ; File Created by SDCC : free open source ANSI-C Compiler
                                      3 ; Version 4.1.4 #12246 (Mac OS X x86_64)
                                      4 ;--------------------------------------------------------
                                      5 	.module scene_0_actors
                                      6 	.optsdcc -mgbz80
                                      7 	
                                      8 ;--------------------------------------------------------
                                      9 ; Public variables in this module
                                     10 ;--------------------------------------------------------
                                     11 	.globl _scene_0_actors
                                     12 	.globl ___bank_scene_0_actors
                                     13 ;--------------------------------------------------------
                                     14 ; special function registers
                                     15 ;--------------------------------------------------------
                                     16 ;--------------------------------------------------------
                                     17 ; ram data
                                     18 ;--------------------------------------------------------
                                     19 	.area _DATA
                                     20 ;--------------------------------------------------------
                                     21 ; ram data
                                     22 ;--------------------------------------------------------
                                     23 	.area _INITIALIZED
                                     24 ;--------------------------------------------------------
                                     25 ; absolute external ram data
                                     26 ;--------------------------------------------------------
                                     27 	.area _DABS (ABS)
                                     28 ;--------------------------------------------------------
                                     29 ; global & static initialisations
                                     30 ;--------------------------------------------------------
                                     31 	.area _HOME
                                     32 	.area _GSINIT
                                     33 	.area _GSFINAL
                                     34 	.area _GSINIT
                                     35 ;--------------------------------------------------------
                                     36 ; Home
                                     37 ;--------------------------------------------------------
                                     38 	.area _HOME
                                     39 	.area _HOME
                                     40 ;--------------------------------------------------------
                                     41 ; code
                                     42 ;--------------------------------------------------------
                                     43 	.area _CODE_255
                                     44 	.area _CODE_255
                           0000FF    45 ___bank_scene_0_actors	=	0x00ff
      000000                         46 _scene_0_actors:
      000000 00                      47 	.db #0x00	; 0
      000001 00 02                   48 	.dw #0x0200
      000003 00 03                   49 	.dw #0x0300
      000005 00                      50 	.db #0x00	; 0
      000006 00                      51 	.db #0x00	;  0
      000007 0F                      52 	.db #0x0f	;  15
      000008 F8                      53 	.db #0xf8	; -8
      000009 07                      54 	.db #0x07	;  7
      00000A 00                      55 	.db #0x00	; 0
      00000B 00                      56 	.db #0x00	; 0
      00000C 00                      57 	.db #0x00	; 0
      00000D 00                      58 	.db #0x00	; 0
      00000E 00                      59 	.db #0x00	; 0
      00000F 00                      60 	.db #0x00	; 0
      000010 07                      61 	.db #0x07	; 7
      000011 01                      62 	.db #0x01	; 1
      000012 00                      63 	.db #0x00	; 0
      000013 00                      64 	.db #0x00	; 0
      000014 00                      65 	.db 0x00
      000015 00                      66 	.db 0x00
      000016 00                      67 	.db 0x00
      000017 00                      68 	.db 0x00
      000018 00                      69 	.db 0x00
      000019 00                      70 	.db 0x00
      00001A 00                      71 	.db 0x00
      00001B 00                      72 	.db 0x00
      00001C 00                      73 	.db 0x00
      00001D 00                      74 	.db 0x00
      00001E 00                      75 	.db 0x00
      00001F 00                      76 	.db 0x00
      000020 00                      77 	.db 0x00
      000021 00                      78 	.db 0x00
      000022 00                      79 	.db 0x00
      000023 00                      80 	.db 0x00
      000024r00                      81 	.byte ___bank_spritesheet_2
      000025r00r00                   82 	.dw _spritesheet_2
      000027 00                      83 	.byte #0x00
      000028 00 00                   84 	.dw #0x0000
      00002A 00                      85 	.byte #0x00
      00002B 00 00                   86 	.dw #0x0000
      00002D 00                      87 	.byte #0x00
      00002E 00 00                   88 	.dw #0x0000
      000030 00                      89 	.byte #0x00
      000031 00 00                   90 	.dw #0x0000
      000033 00                      91 	.byte #0x00
      000034 00 00                   92 	.dw #0x0000
      000036 00 00                   93 	.dw #0x0000
      000038 00                      94 	.db #0x00	; 0
      000039 01                      95 	.db #0x01	; 1
      00003A 00 00                   96 	.dw #0x0000
      00003C 00 00                   97 	.dw #0x0000
      00003E 00                      98 	.db #0x00	; 0
      00003F 00 02                   99 	.dw #0x0200
      000041 00 02                  100 	.dw #0x0200
      000043 00                     101 	.db #0x00	; 0
      000044 00                     102 	.db #0x00	;  0
      000045 0F                     103 	.db #0x0f	;  15
      000046 F8                     104 	.db #0xf8	; -8
      000047 07                     105 	.db #0x07	;  7
      000048 00                     106 	.db #0x00	; 0
      000049 00                     107 	.db #0x00	; 0
      00004A 00                     108 	.db #0x00	; 0
      00004B 00                     109 	.db #0x00	; 0
      00004C 00                     110 	.db #0x00	; 0
      00004D 00                     111 	.db #0x00	; 0
      00004E 07                     112 	.db #0x07	; 7
      00004F 01                     113 	.db #0x01	; 1
      000050 00                     114 	.db #0x00	; 0
      000051 00                     115 	.db #0x00	; 0
      000052 00                     116 	.db 0x00
      000053 00                     117 	.db 0x00
      000054 00                     118 	.db 0x00
      000055 00                     119 	.db 0x00
      000056 00                     120 	.db 0x00
      000057 00                     121 	.db 0x00
      000058 00                     122 	.db 0x00
      000059 00                     123 	.db 0x00
      00005A 00                     124 	.db 0x00
      00005B 00                     125 	.db 0x00
      00005C 00                     126 	.db 0x00
      00005D 00                     127 	.db 0x00
      00005E 00                     128 	.db 0x00
      00005F 00                     129 	.db 0x00
      000060 00                     130 	.db 0x00
      000061 00                     131 	.db 0x00
      000062r00                     132 	.byte ___bank_spritesheet_3
      000063r00r00                  133 	.dw _spritesheet_3
      000065 00                     134 	.byte #0x00
      000066 00 00                  135 	.dw #0x0000
      000068 00                     136 	.byte #0x00
      000069 00 00                  137 	.dw #0x0000
      00006B 00                     138 	.byte #0x00
      00006C 00 00                  139 	.dw #0x0000
      00006E 00                     140 	.byte #0x00
      00006F 00 00                  141 	.dw #0x0000
      000071 00                     142 	.byte #0x00
      000072 00 00                  143 	.dw #0x0000
      000074 00 00                  144 	.dw #0x0000
      000076 00                     145 	.db #0x00	; 0
      000077 01                     146 	.db #0x01	; 1
      000078 00 00                  147 	.dw #0x0000
      00007A 00 00                  148 	.dw #0x0000
      00007C 00                     149 	.db #0x00	; 0
      00007D 80 04                  150 	.dw #0x0480
      00007F 80 03                  151 	.dw #0x0380
      000081 00                     152 	.db #0x00	; 0
      000082 00                     153 	.db #0x00	;  0
      000083 0F                     154 	.db #0x0f	;  15
      000084 F8                     155 	.db #0xf8	; -8
      000085 07                     156 	.db #0x07	;  7
      000086 00                     157 	.db #0x00	; 0
      000087 00                     158 	.db #0x00	; 0
      000088 00                     159 	.db #0x00	; 0
      000089 00                     160 	.db #0x00	; 0
      00008A 00                     161 	.db #0x00	; 0
      00008B 00                     162 	.db #0x00	; 0
      00008C 07                     163 	.db #0x07	; 7
      00008D 01                     164 	.db #0x01	; 1
      00008E 00                     165 	.db #0x00	; 0
      00008F 00                     166 	.db #0x00	; 0
      000090 00                     167 	.db 0x00
      000091 00                     168 	.db 0x00
      000092 00                     169 	.db 0x00
      000093 00                     170 	.db 0x00
      000094 00                     171 	.db 0x00
      000095 00                     172 	.db 0x00
      000096 00                     173 	.db 0x00
      000097 00                     174 	.db 0x00
      000098 00                     175 	.db 0x00
      000099 00                     176 	.db 0x00
      00009A 00                     177 	.db 0x00
      00009B 00                     178 	.db 0x00
      00009C 00                     179 	.db 0x00
      00009D 00                     180 	.db 0x00
      00009E 00                     181 	.db 0x00
      00009F 00                     182 	.db 0x00
      0000A0r00                     183 	.byte ___bank_spritesheet_4
      0000A1r00r00                  184 	.dw _spritesheet_4
      0000A3r00                     185 	.byte ___bank_script_s0a2_interact
      0000A4r00r00                  186 	.dw _script_s0a2_interact
      0000A6 00                     187 	.byte #0x00
      0000A7 00 00                  188 	.dw #0x0000
      0000A9 00                     189 	.byte #0x00
      0000AA 00 00                  190 	.dw #0x0000
      0000AC 00                     191 	.byte #0x00
      0000AD 00 00                  192 	.dw #0x0000
      0000AF 00                     193 	.byte #0x00
      0000B0 00 00                  194 	.dw #0x0000
      0000B2 00 00                  195 	.dw #0x0000
      0000B4 00                     196 	.db #0x00	; 0
      0000B5 01                     197 	.db #0x01	; 1
      0000B6 00 00                  198 	.dw #0x0000
      0000B8 00 00                  199 	.dw #0x0000
      0000BA 00                     200 	.db #0x00	; 0
      0000BB 00 07                  201 	.dw #0x0700
      0000BD 00 03                  202 	.dw #0x0300
      0000BF 00                     203 	.db #0x00	; 0
      0000C0 00                     204 	.db #0x00	;  0
      0000C1 0F                     205 	.db #0x0f	;  15
      0000C2 F8                     206 	.db #0xf8	; -8
      0000C3 07                     207 	.db #0x07	;  7
      0000C4 00                     208 	.db #0x00	; 0
      0000C5 00                     209 	.db #0x00	; 0
      0000C6 00                     210 	.db #0x00	; 0
      0000C7 00                     211 	.db #0x00	; 0
      0000C8 00                     212 	.db #0x00	; 0
      0000C9 00                     213 	.db #0x00	; 0
      0000CA 07                     214 	.db #0x07	; 7
      0000CB 01                     215 	.db #0x01	; 1
      0000CC 00                     216 	.db #0x00	; 0
      0000CD 00                     217 	.db #0x00	; 0
      0000CE 00                     218 	.db 0x00
      0000CF 00                     219 	.db 0x00
      0000D0 00                     220 	.db 0x00
      0000D1 00                     221 	.db 0x00
      0000D2 00                     222 	.db 0x00
      0000D3 00                     223 	.db 0x00
      0000D4 00                     224 	.db 0x00
      0000D5 00                     225 	.db 0x00
      0000D6 00                     226 	.db 0x00
      0000D7 00                     227 	.db 0x00
      0000D8 00                     228 	.db 0x00
      0000D9 00                     229 	.db 0x00
      0000DA 00                     230 	.db 0x00
      0000DB 00                     231 	.db 0x00
      0000DC 00                     232 	.db 0x00
      0000DD 00                     233 	.db 0x00
      0000DEr00                     234 	.byte ___bank_spritesheet_2
      0000DFr00r00                  235 	.dw _spritesheet_2
      0000E1 00                     236 	.byte #0x00
      0000E2 00 00                  237 	.dw #0x0000
      0000E4 00                     238 	.byte #0x00
      0000E5 00 00                  239 	.dw #0x0000
      0000E7 00                     240 	.byte #0x00
      0000E8 00 00                  241 	.dw #0x0000
      0000EA 00                     242 	.byte #0x00
      0000EB 00 00                  243 	.dw #0x0000
      0000ED 00                     244 	.byte #0x00
      0000EE 00 00                  245 	.dw #0x0000
      0000F0 00 00                  246 	.dw #0x0000
      0000F2 00                     247 	.db #0x00	; 0
      0000F3 01                     248 	.db #0x01	; 1
      0000F4 00 00                  249 	.dw #0x0000
      0000F6 00 00                  250 	.dw #0x0000
      0000F8 00                     251 	.db #0x00	; 0
      0000F9 00 07                  252 	.dw #0x0700
      0000FB 00 02                  253 	.dw #0x0200
      0000FD 00                     254 	.db #0x00	; 0
      0000FE 00                     255 	.db #0x00	;  0
      0000FF 0F                     256 	.db #0x0f	;  15
      000100 F8                     257 	.db #0xf8	; -8
      000101 07                     258 	.db #0x07	;  7
      000102 00                     259 	.db #0x00	; 0
      000103 00                     260 	.db #0x00	; 0
      000104 00                     261 	.db #0x00	; 0
      000105 00                     262 	.db #0x00	; 0
      000106 00                     263 	.db #0x00	; 0
      000107 00                     264 	.db #0x00	; 0
      000108 07                     265 	.db #0x07	; 7
      000109 01                     266 	.db #0x01	; 1
      00010A 00                     267 	.db #0x00	; 0
      00010B 00                     268 	.db #0x00	; 0
      00010C 00                     269 	.db 0x00
      00010D 00                     270 	.db 0x00
      00010E 00                     271 	.db 0x00
      00010F 00                     272 	.db 0x00
      000110 00                     273 	.db 0x00
      000111 00                     274 	.db 0x00
      000112 00                     275 	.db 0x00
      000113 00                     276 	.db 0x00
      000114 00                     277 	.db 0x00
      000115 00                     278 	.db 0x00
      000116 00                     279 	.db 0x00
      000117 00                     280 	.db 0x00
      000118 00                     281 	.db 0x00
      000119 00                     282 	.db 0x00
      00011A 00                     283 	.db 0x00
      00011B 00                     284 	.db 0x00
      00011Cr00                     285 	.byte ___bank_spritesheet_3
      00011Dr00r00                  286 	.dw _spritesheet_3
      00011F 00                     287 	.byte #0x00
      000120 00 00                  288 	.dw #0x0000
      000122 00                     289 	.byte #0x00
      000123 00 00                  290 	.dw #0x0000
      000125 00                     291 	.byte #0x00
      000126 00 00                  292 	.dw #0x0000
      000128 00                     293 	.byte #0x00
      000129 00 00                  294 	.dw #0x0000
      00012B 00                     295 	.byte #0x00
      00012C 00 00                  296 	.dw #0x0000
      00012E 00 00                  297 	.dw #0x0000
      000130 00                     298 	.db #0x00	; 0
      000131 01                     299 	.db #0x01	; 1
      000132 00 00                  300 	.dw #0x0000
      000134 00 00                  301 	.dw #0x0000
      000136 00                     302 	.db #0x00	; 0
      000137 80 06                  303 	.dw #0x0680
      000139 80 05                  304 	.dw #0x0580
      00013B 00                     305 	.db #0x00	; 0
      00013C 00                     306 	.db #0x00	;  0
      00013D 0F                     307 	.db #0x0f	;  15
      00013E F8                     308 	.db #0xf8	; -8
      00013F 07                     309 	.db #0x07	;  7
      000140 00                     310 	.db #0x00	; 0
      000141 00                     311 	.db #0x00	; 0
      000142 00                     312 	.db #0x00	; 0
      000143 00                     313 	.db #0x00	; 0
      000144 00                     314 	.db #0x00	; 0
      000145 00                     315 	.db #0x00	; 0
      000146 1F                     316 	.db #0x1f	; 31
      000147 01                     317 	.db #0x01	; 1
      000148 00                     318 	.db #0x00	; 0
      000149 00                     319 	.db #0x00	; 0
      00014A 00                     320 	.db 0x00
      00014B 00                     321 	.db 0x00
      00014C 00                     322 	.db 0x00
      00014D 00                     323 	.db 0x00
      00014E 00                     324 	.db 0x00
      00014F 00                     325 	.db 0x00
      000150 00                     326 	.db 0x00
      000151 00                     327 	.db 0x00
      000152 00                     328 	.db 0x00
      000153 00                     329 	.db 0x00
      000154 00                     330 	.db 0x00
      000155 00                     331 	.db 0x00
      000156 00                     332 	.db 0x00
      000157 00                     333 	.db 0x00
      000158 00                     334 	.db 0x00
      000159 00                     335 	.db 0x00
      00015Ar00                     336 	.byte ___bank_spritesheet_5
      00015Br00r00                  337 	.dw _spritesheet_5
      00015Dr00                     338 	.byte ___bank_script_s0a5_interact
      00015Er00r00                  339 	.dw _script_s0a5_interact
      000160 00                     340 	.byte #0x00
      000161 00 00                  341 	.dw #0x0000
      000163 00                     342 	.byte #0x00
      000164 00 00                  343 	.dw #0x0000
      000166 00                     344 	.byte #0x00
      000167 00 00                  345 	.dw #0x0000
      000169 00                     346 	.byte #0x00
      00016A 00 00                  347 	.dw #0x0000
      00016C 00 00                  348 	.dw #0x0000
      00016E 00                     349 	.db #0x00	; 0
      00016F 01                     350 	.db #0x01	; 1
      000170 00 00                  351 	.dw #0x0000
      000172 00 00                  352 	.dw #0x0000
                                    353 	.area _INITIALIZER
                                    354 	.area _CABS (ABS)
