                                      1 ;--------------------------------------------------------
                                      2 ; File Created by SDCC : free open source ANSI-C Compiler
                                      3 ; Version 4.1.4 #12246 (Mac OS X x86_64)
                                      4 ;--------------------------------------------------------
                                      5 	.module scene_2_projectiles
                                      6 	.optsdcc -mgbz80
                                      7 	
                                      8 ;--------------------------------------------------------
                                      9 ; Public variables in this module
                                     10 ;--------------------------------------------------------
                                     11 	.globl _scene_2_projectiles
                                     12 	.globl ___bank_scene_2_projectiles
                                     13 ;--------------------------------------------------------
                                     14 ; special function registers
                                     15 ;--------------------------------------------------------
                                     16 ;--------------------------------------------------------
                                     17 ; ram data
                                     18 ;--------------------------------------------------------
                                     19 	.area _DATA
                                     20 ;--------------------------------------------------------
                                     21 ; ram data
                                     22 ;--------------------------------------------------------
                                     23 	.area _INITIALIZED
                                     24 ;--------------------------------------------------------
                                     25 ; absolute external ram data
                                     26 ;--------------------------------------------------------
                                     27 	.area _DABS (ABS)
                                     28 ;--------------------------------------------------------
                                     29 ; global & static initialisations
                                     30 ;--------------------------------------------------------
                                     31 	.area _HOME
                                     32 	.area _GSINIT
                                     33 	.area _GSFINAL
                                     34 	.area _GSINIT
                                     35 ;--------------------------------------------------------
                                     36 ; Home
                                     37 ;--------------------------------------------------------
                                     38 	.area _HOME
                                     39 	.area _HOME
                                     40 ;--------------------------------------------------------
                                     41 ; code
                                     42 ;--------------------------------------------------------
                                     43 	.area _CODE_255
                                     44 	.area _CODE_255
                           0000FF    45 ___bank_scene_2_projectiles	=	0x00ff
      000000                         46 _scene_2_projectiles:
      000000 00                      47 	.db #0x00	;  0
      000001 10                      48 	.db #0x10	;  16
      000002 F0                      49 	.db #0xf0	; -16
      000003 00                      50 	.db #0x00	;  0
      000004r00                      51 	.byte ___bank_spritesheet_5
      000005r00r00                   52 	.dw _spritesheet_5
      000007 3C                      53 	.db #0x3c	; 60
      000008 00                      54 	.db #0x00	; 0
      000009 00                      55 	.db #0x00	; 0
      00000A 00                      56 	.db #0x00	; 0
      00000B 02                      57 	.db #0x02	; 2
      00000C 07                      58 	.db #0x07	; 7
      00000D 3C                      59 	.db #0x3c	; 60
      00000E 00                      60 	.db #0x00	; 0
      00000F 00                      61 	.db #0x00	;  0
      000010 10                      62 	.db #0x10	;  16
      000011 F0                      63 	.db #0xf0	; -16
      000012 00                      64 	.db #0x00	;  0
      000013r00                      65 	.byte ___bank_spritesheet_9
      000014r00r00                   66 	.dw _spritesheet_9
      000016 78                      67 	.db #0x78	; 120	'x'
      000017 00                      68 	.db #0x00	; 0
      000018 00                      69 	.db #0x00	; 0
      000019 00                      70 	.db #0x00	; 0
      00001A 07                      71 	.db #0x07	; 7
      00001B 07                      72 	.db #0x07	; 7
      00001C 20                      73 	.db #0x20	; 32
      00001D 00                      74 	.db #0x00	; 0
                                     75 	.area _INITIALIZER
                                     76 	.area _CABS (ABS)
