                                      1 ;--------------------------------------------------------
                                      2 ; File Created by SDCC : free open source ANSI-C Compiler
                                      3 ; Version 4.1.4 #12246 (Mac OS X x86_64)
                                      4 ;--------------------------------------------------------
                                      5 	.module scene_8_actors
                                      6 	.optsdcc -mgbz80
                                      7 	
                                      8 ;--------------------------------------------------------
                                      9 ; Public variables in this module
                                     10 ;--------------------------------------------------------
                                     11 	.globl _scene_8_actors
                                     12 	.globl ___bank_scene_8_actors
                                     13 ;--------------------------------------------------------
                                     14 ; special function registers
                                     15 ;--------------------------------------------------------
                                     16 ;--------------------------------------------------------
                                     17 ; ram data
                                     18 ;--------------------------------------------------------
                                     19 	.area _DATA
                                     20 ;--------------------------------------------------------
                                     21 ; ram data
                                     22 ;--------------------------------------------------------
                                     23 	.area _INITIALIZED
                                     24 ;--------------------------------------------------------
                                     25 ; absolute external ram data
                                     26 ;--------------------------------------------------------
                                     27 	.area _DABS (ABS)
                                     28 ;--------------------------------------------------------
                                     29 ; global & static initialisations
                                     30 ;--------------------------------------------------------
                                     31 	.area _HOME
                                     32 	.area _GSINIT
                                     33 	.area _GSFINAL
                                     34 	.area _GSINIT
                                     35 ;--------------------------------------------------------
                                     36 ; Home
                                     37 ;--------------------------------------------------------
                                     38 	.area _HOME
                                     39 	.area _HOME
                                     40 ;--------------------------------------------------------
                                     41 ; code
                                     42 ;--------------------------------------------------------
                                     43 	.area _CODE_255
                                     44 	.area _CODE_255
                           0000FF    45 ___bank_scene_8_actors	=	0x00ff
      000000                         46 _scene_8_actors:
      000000 00                      47 	.db #0x00	; 0
      000001 80 0D                   48 	.dw #0x0d80
      000003 80 07                   49 	.dw #0x0780
      000005 00                      50 	.db #0x00	; 0
      000006 00                      51 	.db #0x00	;  0
      000007 0F                      52 	.db #0x0f	;  15
      000008 F8                      53 	.db #0xf8	; -8
      000009 07                      54 	.db #0x07	;  7
      00000A 00                      55 	.db #0x00	; 0
      00000B 00                      56 	.db #0x00	; 0
      00000C 00                      57 	.db #0x00	; 0
      00000D 00                      58 	.db #0x00	; 0
      00000E 00                      59 	.db #0x00	; 0
      00000F 00                      60 	.db #0x00	; 0
      000010 07                      61 	.db #0x07	; 7
      000011 01                      62 	.db #0x01	; 1
      000012 00                      63 	.db #0x00	; 0
      000013 00                      64 	.db #0x00	; 0
      000014 00                      65 	.db 0x00
      000015 00                      66 	.db 0x00
      000016 00                      67 	.db 0x00
      000017 00                      68 	.db 0x00
      000018 00                      69 	.db 0x00
      000019 00                      70 	.db 0x00
      00001A 00                      71 	.db 0x00
      00001B 00                      72 	.db 0x00
      00001C 00                      73 	.db 0x00
      00001D 00                      74 	.db 0x00
      00001E 00                      75 	.db 0x00
      00001F 00                      76 	.db 0x00
      000020 00                      77 	.db 0x00
      000021 00                      78 	.db 0x00
      000022 00                      79 	.db 0x00
      000023 00                      80 	.db 0x00
      000024r00                      81 	.byte ___bank_spritesheet_1
      000025r00r00                   82 	.dw _spritesheet_1
      000027r00                      83 	.byte ___bank_script_s8a0_interact
      000028r00r00                   84 	.dw _script_s8a0_interact
      00002A 00                      85 	.byte #0x00
      00002B 00 00                   86 	.dw #0x0000
      00002D 00                      87 	.byte #0x00
      00002E 00 00                   88 	.dw #0x0000
      000030 00                      89 	.byte #0x00
      000031 00 00                   90 	.dw #0x0000
      000033 00                      91 	.byte #0x00
      000034 00 00                   92 	.dw #0x0000
      000036 00 00                   93 	.dw #0x0000
      000038 00                      94 	.db #0x00	; 0
      000039 01                      95 	.db #0x01	; 1
      00003A 00 00                   96 	.dw #0x0000
      00003C 00 00                   97 	.dw #0x0000
                                     98 	.area _INITIALIZER
                                     99 	.area _CABS (ABS)
