                                      1 ;--------------------------------------------------------
                                      2 ; File Created by SDCC : free open source ANSI-C Compiler
                                      3 ; Version 4.1.4 #12246 (Mac OS X x86_64)
                                      4 ;--------------------------------------------------------
                                      5 	.module scene_5_triggers
                                      6 	.optsdcc -mgbz80
                                      7 	
                                      8 ;--------------------------------------------------------
                                      9 ; Public variables in this module
                                     10 ;--------------------------------------------------------
                                     11 	.globl _scene_5_triggers
                                     12 	.globl ___bank_scene_5_triggers
                                     13 ;--------------------------------------------------------
                                     14 ; special function registers
                                     15 ;--------------------------------------------------------
                                     16 ;--------------------------------------------------------
                                     17 ; ram data
                                     18 ;--------------------------------------------------------
                                     19 	.area _DATA
                                     20 ;--------------------------------------------------------
                                     21 ; ram data
                                     22 ;--------------------------------------------------------
                                     23 	.area _INITIALIZED
                                     24 ;--------------------------------------------------------
                                     25 ; absolute external ram data
                                     26 ;--------------------------------------------------------
                                     27 	.area _DABS (ABS)
                                     28 ;--------------------------------------------------------
                                     29 ; global & static initialisations
                                     30 ;--------------------------------------------------------
                                     31 	.area _HOME
                                     32 	.area _GSINIT
                                     33 	.area _GSFINAL
                                     34 	.area _GSINIT
                                     35 ;--------------------------------------------------------
                                     36 ; Home
                                     37 ;--------------------------------------------------------
                                     38 	.area _HOME
                                     39 	.area _HOME
                                     40 ;--------------------------------------------------------
                                     41 ; code
                                     42 ;--------------------------------------------------------
                                     43 	.area _CODE_255
                                     44 	.area _CODE_255
                           0000FF    45 ___bank_scene_5_triggers	=	0x00ff
      000000                         46 _scene_5_triggers:
      000000 4F                      47 	.db #0x4f	; 79	'O'
      000001 0D                      48 	.db #0x0d	; 13
      000002 01                      49 	.db #0x01	; 1
      000003 01                      50 	.db #0x01	; 1
      000004r00                      51 	.byte ___bank_script_s5t0_interact
      000005r00r00                   52 	.dw _script_s5t0_interact
      000007 00                      53 	.db #0x00	; 0
      000008 0D                      54 	.db #0x0d	; 13
      000009 01                      55 	.db #0x01	; 1
      00000A 01                      56 	.db #0x01	; 1
      00000Br00                      57 	.byte ___bank_script_s5t1_interact
      00000Cr00r00                   58 	.dw _script_s5t1_interact
                                     59 	.area _INITIALIZER
                                     60 	.area _CABS (ABS)
