                                      1 ;--------------------------------------------------------
                                      2 ; File Created by SDCC : free open source ANSI-C Compiler
                                      3 ; Version 4.1.4 #12246 (Mac OS X x86_64)
                                      4 ;--------------------------------------------------------
                                      5 	.module scene_1_colors
                                      6 	.optsdcc -mgbz80
                                      7 	
                                      8 ;--------------------------------------------------------
                                      9 ; Public variables in this module
                                     10 ;--------------------------------------------------------
                                     11 	.globl _scene_1_colors
                                     12 	.globl ___bank_scene_1_colors
                                     13 ;--------------------------------------------------------
                                     14 ; special function registers
                                     15 ;--------------------------------------------------------
                                     16 ;--------------------------------------------------------
                                     17 ; ram data
                                     18 ;--------------------------------------------------------
                                     19 	.area _DATA
                                     20 ;--------------------------------------------------------
                                     21 ; ram data
                                     22 ;--------------------------------------------------------
                                     23 	.area _INITIALIZED
                                     24 ;--------------------------------------------------------
                                     25 ; absolute external ram data
                                     26 ;--------------------------------------------------------
                                     27 	.area _DABS (ABS)
                                     28 ;--------------------------------------------------------
                                     29 ; global & static initialisations
                                     30 ;--------------------------------------------------------
                                     31 	.area _HOME
                                     32 	.area _GSINIT
                                     33 	.area _GSFINAL
                                     34 	.area _GSINIT
                                     35 ;--------------------------------------------------------
                                     36 ; Home
                                     37 ;--------------------------------------------------------
                                     38 	.area _HOME
                                     39 	.area _HOME
                                     40 ;--------------------------------------------------------
                                     41 ; code
                                     42 ;--------------------------------------------------------
                                     43 	.area _CODE_255
                                     44 	.area _CODE_255
                           0000FF    45 ___bank_scene_1_colors	=	0x00ff
      000000                         46 _scene_1_colors:
      000000 00                      47 	.db #0x00	; 0
      000001 00                      48 	.db #0x00	; 0
      000002 00                      49 	.db #0x00	; 0
      000003 00                      50 	.db #0x00	; 0
      000004 00                      51 	.db #0x00	; 0
      000005 00                      52 	.db #0x00	; 0
      000006 00                      53 	.db #0x00	; 0
      000007 00                      54 	.db #0x00	; 0
      000008 00                      55 	.db #0x00	; 0
      000009 00                      56 	.db #0x00	; 0
      00000A 00                      57 	.db #0x00	; 0
      00000B 00                      58 	.db #0x00	; 0
      00000C 00                      59 	.db #0x00	; 0
      00000D 00                      60 	.db #0x00	; 0
      00000E 00                      61 	.db #0x00	; 0
      00000F 00                      62 	.db #0x00	; 0
      000010 00                      63 	.db #0x00	; 0
      000011 00                      64 	.db #0x00	; 0
      000012 00                      65 	.db #0x00	; 0
      000013 00                      66 	.db #0x00	; 0
      000014 00                      67 	.db #0x00	; 0
      000015 00                      68 	.db #0x00	; 0
      000016 00                      69 	.db #0x00	; 0
      000017 00                      70 	.db #0x00	; 0
      000018 00                      71 	.db #0x00	; 0
      000019 00                      72 	.db #0x00	; 0
      00001A 00                      73 	.db #0x00	; 0
      00001B 00                      74 	.db #0x00	; 0
      00001C 00                      75 	.db #0x00	; 0
      00001D 00                      76 	.db #0x00	; 0
      00001E 00                      77 	.db #0x00	; 0
      00001F 00                      78 	.db #0x00	; 0
      000020 00                      79 	.db #0x00	; 0
      000021 00                      80 	.db #0x00	; 0
      000022 00                      81 	.db #0x00	; 0
      000023 00                      82 	.db #0x00	; 0
      000024 00                      83 	.db #0x00	; 0
      000025 00                      84 	.db #0x00	; 0
      000026 00                      85 	.db #0x00	; 0
      000027 00                      86 	.db #0x00	; 0
      000028 00                      87 	.db #0x00	; 0
      000029 00                      88 	.db #0x00	; 0
      00002A 00                      89 	.db #0x00	; 0
      00002B 00                      90 	.db #0x00	; 0
      00002C 00                      91 	.db #0x00	; 0
      00002D 00                      92 	.db #0x00	; 0
      00002E 00                      93 	.db #0x00	; 0
      00002F 00                      94 	.db #0x00	; 0
      000030 00                      95 	.db #0x00	; 0
      000031 00                      96 	.db #0x00	; 0
      000032 00                      97 	.db #0x00	; 0
      000033 00                      98 	.db #0x00	; 0
      000034 00                      99 	.db #0x00	; 0
      000035 00                     100 	.db #0x00	; 0
      000036 00                     101 	.db #0x00	; 0
      000037 00                     102 	.db #0x00	; 0
      000038 00                     103 	.db #0x00	; 0
      000039 00                     104 	.db #0x00	; 0
      00003A 00                     105 	.db #0x00	; 0
      00003B 00                     106 	.db #0x00	; 0
      00003C 00                     107 	.db #0x00	; 0
      00003D 00                     108 	.db #0x00	; 0
      00003E 00                     109 	.db #0x00	; 0
      00003F 00                     110 	.db #0x00	; 0
      000040 00                     111 	.db #0x00	; 0
      000041 00                     112 	.db #0x00	; 0
      000042 04                     113 	.db #0x04	; 4
      000043 04                     114 	.db #0x04	; 4
      000044 04                     115 	.db #0x04	; 4
      000045 04                     116 	.db #0x04	; 4
      000046 04                     117 	.db #0x04	; 4
      000047 04                     118 	.db #0x04	; 4
      000048 04                     119 	.db #0x04	; 4
      000049 04                     120 	.db #0x04	; 4
      00004A 04                     121 	.db #0x04	; 4
      00004B 04                     122 	.db #0x04	; 4
      00004C 04                     123 	.db #0x04	; 4
      00004D 04                     124 	.db #0x04	; 4
      00004E 04                     125 	.db #0x04	; 4
      00004F 04                     126 	.db #0x04	; 4
      000050 04                     127 	.db #0x04	; 4
      000051 04                     128 	.db #0x04	; 4
      000052 04                     129 	.db #0x04	; 4
      000053 04                     130 	.db #0x04	; 4
      000054 04                     131 	.db #0x04	; 4
      000055 04                     132 	.db #0x04	; 4
      000056 04                     133 	.db #0x04	; 4
      000057 04                     134 	.db #0x04	; 4
      000058 04                     135 	.db #0x04	; 4
      000059 04                     136 	.db #0x04	; 4
      00005A 04                     137 	.db #0x04	; 4
      00005B 04                     138 	.db #0x04	; 4
      00005C 04                     139 	.db #0x04	; 4
      00005D 04                     140 	.db #0x04	; 4
      00005E 00                     141 	.db #0x00	; 0
      00005F 00                     142 	.db #0x00	; 0
      000060 00                     143 	.db #0x00	; 0
      000061 00                     144 	.db #0x00	; 0
      000062 04                     145 	.db #0x04	; 4
      000063 04                     146 	.db #0x04	; 4
      000064 04                     147 	.db #0x04	; 4
      000065 04                     148 	.db #0x04	; 4
      000066 04                     149 	.db #0x04	; 4
      000067 04                     150 	.db #0x04	; 4
      000068 04                     151 	.db #0x04	; 4
      000069 04                     152 	.db #0x04	; 4
      00006A 04                     153 	.db #0x04	; 4
      00006B 04                     154 	.db #0x04	; 4
      00006C 04                     155 	.db #0x04	; 4
      00006D 04                     156 	.db #0x04	; 4
      00006E 04                     157 	.db #0x04	; 4
      00006F 04                     158 	.db #0x04	; 4
      000070 04                     159 	.db #0x04	; 4
      000071 04                     160 	.db #0x04	; 4
      000072 04                     161 	.db #0x04	; 4
      000073 04                     162 	.db #0x04	; 4
      000074 04                     163 	.db #0x04	; 4
      000075 04                     164 	.db #0x04	; 4
      000076 04                     165 	.db #0x04	; 4
      000077 04                     166 	.db #0x04	; 4
      000078 04                     167 	.db #0x04	; 4
      000079 04                     168 	.db #0x04	; 4
      00007A 04                     169 	.db #0x04	; 4
      00007B 04                     170 	.db #0x04	; 4
      00007C 04                     171 	.db #0x04	; 4
      00007D 04                     172 	.db #0x04	; 4
      00007E 00                     173 	.db #0x00	; 0
      00007F 00                     174 	.db #0x00	; 0
      000080 00                     175 	.db #0x00	; 0
      000081 00                     176 	.db #0x00	; 0
      000082 04                     177 	.db #0x04	; 4
      000083 04                     178 	.db #0x04	; 4
      000084 04                     179 	.db #0x04	; 4
      000085 04                     180 	.db #0x04	; 4
      000086 04                     181 	.db #0x04	; 4
      000087 04                     182 	.db #0x04	; 4
      000088 04                     183 	.db #0x04	; 4
      000089 04                     184 	.db #0x04	; 4
      00008A 04                     185 	.db #0x04	; 4
      00008B 04                     186 	.db #0x04	; 4
      00008C 04                     187 	.db #0x04	; 4
      00008D 04                     188 	.db #0x04	; 4
      00008E 04                     189 	.db #0x04	; 4
      00008F 04                     190 	.db #0x04	; 4
      000090 04                     191 	.db #0x04	; 4
      000091 04                     192 	.db #0x04	; 4
      000092 04                     193 	.db #0x04	; 4
      000093 04                     194 	.db #0x04	; 4
      000094 04                     195 	.db #0x04	; 4
      000095 04                     196 	.db #0x04	; 4
      000096 04                     197 	.db #0x04	; 4
      000097 04                     198 	.db #0x04	; 4
      000098 04                     199 	.db #0x04	; 4
      000099 04                     200 	.db #0x04	; 4
      00009A 04                     201 	.db #0x04	; 4
      00009B 04                     202 	.db #0x04	; 4
      00009C 04                     203 	.db #0x04	; 4
      00009D 04                     204 	.db #0x04	; 4
      00009E 00                     205 	.db #0x00	; 0
      00009F 00                     206 	.db #0x00	; 0
      0000A0 00                     207 	.db #0x00	; 0
      0000A1 00                     208 	.db #0x00	; 0
      0000A2 04                     209 	.db #0x04	; 4
      0000A3 00                     210 	.db #0x00	; 0
      0000A4 00                     211 	.db #0x00	; 0
      0000A5 00                     212 	.db #0x00	; 0
      0000A6 00                     213 	.db #0x00	; 0
      0000A7 00                     214 	.db #0x00	; 0
      0000A8 00                     215 	.db #0x00	; 0
      0000A9 00                     216 	.db #0x00	; 0
      0000AA 00                     217 	.db #0x00	; 0
      0000AB 00                     218 	.db #0x00	; 0
      0000AC 00                     219 	.db #0x00	; 0
      0000AD 00                     220 	.db #0x00	; 0
      0000AE 00                     221 	.db #0x00	; 0
      0000AF 00                     222 	.db #0x00	; 0
      0000B0 00                     223 	.db #0x00	; 0
      0000B1 00                     224 	.db #0x00	; 0
      0000B2 00                     225 	.db #0x00	; 0
      0000B3 00                     226 	.db #0x00	; 0
      0000B4 00                     227 	.db #0x00	; 0
      0000B5 00                     228 	.db #0x00	; 0
      0000B6 00                     229 	.db #0x00	; 0
      0000B7 00                     230 	.db #0x00	; 0
      0000B8 00                     231 	.db #0x00	; 0
      0000B9 00                     232 	.db #0x00	; 0
      0000BA 00                     233 	.db #0x00	; 0
      0000BB 00                     234 	.db #0x00	; 0
      0000BC 04                     235 	.db #0x04	; 4
      0000BD 04                     236 	.db #0x04	; 4
      0000BE 00                     237 	.db #0x00	; 0
      0000BF 00                     238 	.db #0x00	; 0
      0000C0 00                     239 	.db #0x00	; 0
      0000C1 00                     240 	.db #0x00	; 0
      0000C2 00                     241 	.db #0x00	; 0
      0000C3 00                     242 	.db #0x00	; 0
      0000C4 00                     243 	.db #0x00	; 0
      0000C5 00                     244 	.db #0x00	; 0
      0000C6 00                     245 	.db #0x00	; 0
      0000C7 00                     246 	.db #0x00	; 0
      0000C8 00                     247 	.db #0x00	; 0
      0000C9 00                     248 	.db #0x00	; 0
      0000CA 00                     249 	.db #0x00	; 0
      0000CB 00                     250 	.db #0x00	; 0
      0000CC 00                     251 	.db #0x00	; 0
      0000CD 00                     252 	.db #0x00	; 0
      0000CE 00                     253 	.db #0x00	; 0
      0000CF 00                     254 	.db #0x00	; 0
      0000D0 00                     255 	.db #0x00	; 0
      0000D1 00                     256 	.db #0x00	; 0
      0000D2 00                     257 	.db #0x00	; 0
      0000D3 00                     258 	.db #0x00	; 0
      0000D4 00                     259 	.db #0x00	; 0
      0000D5 00                     260 	.db #0x00	; 0
      0000D6 00                     261 	.db #0x00	; 0
      0000D7 00                     262 	.db #0x00	; 0
      0000D8 00                     263 	.db #0x00	; 0
      0000D9 00                     264 	.db #0x00	; 0
      0000DA 00                     265 	.db #0x00	; 0
      0000DB 00                     266 	.db #0x00	; 0
      0000DC 00                     267 	.db #0x00	; 0
      0000DD 00                     268 	.db #0x00	; 0
      0000DE 00                     269 	.db #0x00	; 0
      0000DF 00                     270 	.db #0x00	; 0
      0000E0 00                     271 	.db #0x00	; 0
      0000E1 00                     272 	.db #0x00	; 0
      0000E2 00                     273 	.db #0x00	; 0
      0000E3 00                     274 	.db #0x00	; 0
      0000E4 04                     275 	.db #0x04	; 4
      0000E5 04                     276 	.db #0x04	; 4
      0000E6 04                     277 	.db #0x04	; 4
      0000E7 04                     278 	.db #0x04	; 4
      0000E8 04                     279 	.db #0x04	; 4
      0000E9 04                     280 	.db #0x04	; 4
      0000EA 04                     281 	.db #0x04	; 4
      0000EB 04                     282 	.db #0x04	; 4
      0000EC 04                     283 	.db #0x04	; 4
      0000ED 04                     284 	.db #0x04	; 4
      0000EE 04                     285 	.db #0x04	; 4
      0000EF 04                     286 	.db #0x04	; 4
      0000F0 04                     287 	.db #0x04	; 4
      0000F1 04                     288 	.db #0x04	; 4
      0000F2 04                     289 	.db #0x04	; 4
      0000F3 04                     290 	.db #0x04	; 4
      0000F4 04                     291 	.db #0x04	; 4
      0000F5 04                     292 	.db #0x04	; 4
      0000F6 04                     293 	.db #0x04	; 4
      0000F7 04                     294 	.db #0x04	; 4
      0000F8 04                     295 	.db #0x04	; 4
      0000F9 04                     296 	.db #0x04	; 4
      0000FA 04                     297 	.db #0x04	; 4
      0000FB 04                     298 	.db #0x04	; 4
      0000FC 00                     299 	.db #0x00	; 0
      0000FD 00                     300 	.db #0x00	; 0
      0000FE 00                     301 	.db #0x00	; 0
      0000FF 00                     302 	.db #0x00	; 0
      000100 00                     303 	.db #0x00	; 0
      000101 00                     304 	.db #0x00	; 0
      000102 00                     305 	.db #0x00	; 0
      000103 00                     306 	.db #0x00	; 0
      000104 04                     307 	.db #0x04	; 4
      000105 04                     308 	.db #0x04	; 4
      000106 04                     309 	.db #0x04	; 4
      000107 04                     310 	.db #0x04	; 4
      000108 04                     311 	.db #0x04	; 4
      000109 04                     312 	.db #0x04	; 4
      00010A 04                     313 	.db #0x04	; 4
      00010B 04                     314 	.db #0x04	; 4
      00010C 04                     315 	.db #0x04	; 4
      00010D 04                     316 	.db #0x04	; 4
      00010E 04                     317 	.db #0x04	; 4
      00010F 04                     318 	.db #0x04	; 4
      000110 04                     319 	.db #0x04	; 4
      000111 04                     320 	.db #0x04	; 4
      000112 04                     321 	.db #0x04	; 4
      000113 04                     322 	.db #0x04	; 4
      000114 04                     323 	.db #0x04	; 4
      000115 04                     324 	.db #0x04	; 4
      000116 04                     325 	.db #0x04	; 4
      000117 04                     326 	.db #0x04	; 4
      000118 04                     327 	.db #0x04	; 4
      000119 04                     328 	.db #0x04	; 4
      00011A 04                     329 	.db #0x04	; 4
      00011B 04                     330 	.db #0x04	; 4
      00011C 00                     331 	.db #0x00	; 0
      00011D 00                     332 	.db #0x00	; 0
      00011E 00                     333 	.db #0x00	; 0
      00011F 00                     334 	.db #0x00	; 0
      000120 00                     335 	.db #0x00	; 0
      000121 00                     336 	.db #0x00	; 0
      000122 00                     337 	.db #0x00	; 0
      000123 00                     338 	.db #0x00	; 0
      000124 04                     339 	.db #0x04	; 4
      000125 04                     340 	.db #0x04	; 4
      000126 04                     341 	.db #0x04	; 4
      000127 04                     342 	.db #0x04	; 4
      000128 04                     343 	.db #0x04	; 4
      000129 04                     344 	.db #0x04	; 4
      00012A 04                     345 	.db #0x04	; 4
      00012B 04                     346 	.db #0x04	; 4
      00012C 04                     347 	.db #0x04	; 4
      00012D 04                     348 	.db #0x04	; 4
      00012E 04                     349 	.db #0x04	; 4
      00012F 00                     350 	.db #0x00	; 0
      000130 00                     351 	.db #0x00	; 0
      000131 04                     352 	.db #0x04	; 4
      000132 04                     353 	.db #0x04	; 4
      000133 04                     354 	.db #0x04	; 4
      000134 04                     355 	.db #0x04	; 4
      000135 04                     356 	.db #0x04	; 4
      000136 04                     357 	.db #0x04	; 4
      000137 04                     358 	.db #0x04	; 4
      000138 04                     359 	.db #0x04	; 4
      000139 04                     360 	.db #0x04	; 4
      00013A 04                     361 	.db #0x04	; 4
      00013B 04                     362 	.db #0x04	; 4
      00013C 00                     363 	.db #0x00	; 0
      00013D 00                     364 	.db #0x00	; 0
      00013E 00                     365 	.db #0x00	; 0
      00013F 00                     366 	.db #0x00	; 0
      000140 00                     367 	.db #0x00	; 0
      000141 00                     368 	.db #0x00	; 0
      000142 00                     369 	.db #0x00	; 0
      000143 00                     370 	.db #0x00	; 0
      000144 04                     371 	.db #0x04	; 4
      000145 04                     372 	.db #0x04	; 4
      000146 04                     373 	.db #0x04	; 4
      000147 04                     374 	.db #0x04	; 4
      000148 04                     375 	.db #0x04	; 4
      000149 04                     376 	.db #0x04	; 4
      00014A 04                     377 	.db #0x04	; 4
      00014B 04                     378 	.db #0x04	; 4
      00014C 04                     379 	.db #0x04	; 4
      00014D 04                     380 	.db #0x04	; 4
      00014E 04                     381 	.db #0x04	; 4
      00014F 00                     382 	.db #0x00	; 0
      000150 00                     383 	.db #0x00	; 0
      000151 04                     384 	.db #0x04	; 4
      000152 04                     385 	.db #0x04	; 4
      000153 04                     386 	.db #0x04	; 4
      000154 04                     387 	.db #0x04	; 4
      000155 04                     388 	.db #0x04	; 4
      000156 04                     389 	.db #0x04	; 4
      000157 04                     390 	.db #0x04	; 4
      000158 04                     391 	.db #0x04	; 4
      000159 04                     392 	.db #0x04	; 4
      00015A 04                     393 	.db #0x04	; 4
      00015B 04                     394 	.db #0x04	; 4
      00015C 00                     395 	.db #0x00	; 0
      00015D 00                     396 	.db #0x00	; 0
      00015E 00                     397 	.db #0x00	; 0
      00015F 00                     398 	.db #0x00	; 0
      000160 00                     399 	.db #0x00	; 0
      000161 00                     400 	.db #0x00	; 0
      000162 00                     401 	.db #0x00	; 0
      000163 00                     402 	.db #0x00	; 0
      000164 04                     403 	.db #0x04	; 4
      000165 04                     404 	.db #0x04	; 4
      000166 04                     405 	.db #0x04	; 4
      000167 04                     406 	.db #0x04	; 4
      000168 04                     407 	.db #0x04	; 4
      000169 04                     408 	.db #0x04	; 4
      00016A 04                     409 	.db #0x04	; 4
      00016B 04                     410 	.db #0x04	; 4
      00016C 04                     411 	.db #0x04	; 4
      00016D 04                     412 	.db #0x04	; 4
      00016E 04                     413 	.db #0x04	; 4
      00016F 04                     414 	.db #0x04	; 4
      000170 04                     415 	.db #0x04	; 4
      000171 04                     416 	.db #0x04	; 4
      000172 04                     417 	.db #0x04	; 4
      000173 04                     418 	.db #0x04	; 4
      000174 04                     419 	.db #0x04	; 4
      000175 04                     420 	.db #0x04	; 4
      000176 04                     421 	.db #0x04	; 4
      000177 04                     422 	.db #0x04	; 4
      000178 04                     423 	.db #0x04	; 4
      000179 04                     424 	.db #0x04	; 4
      00017A 04                     425 	.db #0x04	; 4
      00017B 04                     426 	.db #0x04	; 4
      00017C 00                     427 	.db #0x00	; 0
      00017D 00                     428 	.db #0x00	; 0
      00017E 00                     429 	.db #0x00	; 0
      00017F 00                     430 	.db #0x00	; 0
      000180 00                     431 	.db #0x00	; 0
      000181 00                     432 	.db #0x00	; 0
      000182 00                     433 	.db #0x00	; 0
      000183 00                     434 	.db #0x00	; 0
      000184 04                     435 	.db #0x04	; 4
      000185 04                     436 	.db #0x04	; 4
      000186 04                     437 	.db #0x04	; 4
      000187 04                     438 	.db #0x04	; 4
      000188 04                     439 	.db #0x04	; 4
      000189 04                     440 	.db #0x04	; 4
      00018A 04                     441 	.db #0x04	; 4
      00018B 04                     442 	.db #0x04	; 4
      00018C 04                     443 	.db #0x04	; 4
      00018D 04                     444 	.db #0x04	; 4
      00018E 04                     445 	.db #0x04	; 4
      00018F 04                     446 	.db #0x04	; 4
      000190 04                     447 	.db #0x04	; 4
      000191 04                     448 	.db #0x04	; 4
      000192 04                     449 	.db #0x04	; 4
      000193 04                     450 	.db #0x04	; 4
      000194 04                     451 	.db #0x04	; 4
      000195 04                     452 	.db #0x04	; 4
      000196 04                     453 	.db #0x04	; 4
      000197 04                     454 	.db #0x04	; 4
      000198 04                     455 	.db #0x04	; 4
      000199 04                     456 	.db #0x04	; 4
      00019A 04                     457 	.db #0x04	; 4
      00019B 04                     458 	.db #0x04	; 4
      00019C 00                     459 	.db #0x00	; 0
      00019D 00                     460 	.db #0x00	; 0
      00019E 00                     461 	.db #0x00	; 0
      00019F 00                     462 	.db #0x00	; 0
      0001A0 00                     463 	.db #0x00	; 0
      0001A1 00                     464 	.db #0x00	; 0
      0001A2 00                     465 	.db #0x00	; 0
      0001A3 00                     466 	.db #0x00	; 0
      0001A4 04                     467 	.db #0x04	; 4
      0001A5 04                     468 	.db #0x04	; 4
      0001A6 04                     469 	.db #0x04	; 4
      0001A7 04                     470 	.db #0x04	; 4
      0001A8 04                     471 	.db #0x04	; 4
      0001A9 04                     472 	.db #0x04	; 4
      0001AA 04                     473 	.db #0x04	; 4
      0001AB 04                     474 	.db #0x04	; 4
      0001AC 04                     475 	.db #0x04	; 4
      0001AD 04                     476 	.db #0x04	; 4
      0001AE 04                     477 	.db #0x04	; 4
      0001AF 04                     478 	.db #0x04	; 4
      0001B0 04                     479 	.db #0x04	; 4
      0001B1 04                     480 	.db #0x04	; 4
      0001B2 04                     481 	.db #0x04	; 4
      0001B3 04                     482 	.db #0x04	; 4
      0001B4 04                     483 	.db #0x04	; 4
      0001B5 04                     484 	.db #0x04	; 4
      0001B6 04                     485 	.db #0x04	; 4
      0001B7 04                     486 	.db #0x04	; 4
      0001B8 04                     487 	.db #0x04	; 4
      0001B9 04                     488 	.db #0x04	; 4
      0001BA 04                     489 	.db #0x04	; 4
      0001BB 04                     490 	.db #0x04	; 4
      0001BC 00                     491 	.db #0x00	; 0
      0001BD 00                     492 	.db #0x00	; 0
      0001BE 00                     493 	.db #0x00	; 0
      0001BF 00                     494 	.db #0x00	; 0
      0001C0 00                     495 	.db #0x00	; 0
      0001C1 00                     496 	.db #0x00	; 0
      0001C2 00                     497 	.db #0x00	; 0
      0001C3 00                     498 	.db #0x00	; 0
      0001C4 04                     499 	.db #0x04	; 4
      0001C5 04                     500 	.db #0x04	; 4
      0001C6 04                     501 	.db #0x04	; 4
      0001C7 04                     502 	.db #0x04	; 4
      0001C8 04                     503 	.db #0x04	; 4
      0001C9 04                     504 	.db #0x04	; 4
      0001CA 04                     505 	.db #0x04	; 4
      0001CB 04                     506 	.db #0x04	; 4
      0001CC 04                     507 	.db #0x04	; 4
      0001CD 04                     508 	.db #0x04	; 4
      0001CE 04                     509 	.db #0x04	; 4
      0001CF 04                     510 	.db #0x04	; 4
      0001D0 04                     511 	.db #0x04	; 4
      0001D1 04                     512 	.db #0x04	; 4
      0001D2 04                     513 	.db #0x04	; 4
      0001D3 04                     514 	.db #0x04	; 4
      0001D4 04                     515 	.db #0x04	; 4
      0001D5 04                     516 	.db #0x04	; 4
      0001D6 04                     517 	.db #0x04	; 4
      0001D7 04                     518 	.db #0x04	; 4
      0001D8 04                     519 	.db #0x04	; 4
      0001D9 04                     520 	.db #0x04	; 4
      0001DA 04                     521 	.db #0x04	; 4
      0001DB 04                     522 	.db #0x04	; 4
      0001DC 00                     523 	.db #0x00	; 0
      0001DD 00                     524 	.db #0x00	; 0
      0001DE 00                     525 	.db #0x00	; 0
      0001DF 00                     526 	.db #0x00	; 0
      0001E0 00                     527 	.db #0x00	; 0
      0001E1 00                     528 	.db #0x00	; 0
      0001E2 00                     529 	.db #0x00	; 0
      0001E3 00                     530 	.db #0x00	; 0
      0001E4 04                     531 	.db #0x04	; 4
      0001E5 04                     532 	.db #0x04	; 4
      0001E6 04                     533 	.db #0x04	; 4
      0001E7 04                     534 	.db #0x04	; 4
      0001E8 04                     535 	.db #0x04	; 4
      0001E9 04                     536 	.db #0x04	; 4
      0001EA 04                     537 	.db #0x04	; 4
      0001EB 04                     538 	.db #0x04	; 4
      0001EC 04                     539 	.db #0x04	; 4
      0001ED 04                     540 	.db #0x04	; 4
      0001EE 04                     541 	.db #0x04	; 4
      0001EF 04                     542 	.db #0x04	; 4
      0001F0 04                     543 	.db #0x04	; 4
      0001F1 04                     544 	.db #0x04	; 4
      0001F2 04                     545 	.db #0x04	; 4
      0001F3 04                     546 	.db #0x04	; 4
      0001F4 04                     547 	.db #0x04	; 4
      0001F5 04                     548 	.db #0x04	; 4
      0001F6 04                     549 	.db #0x04	; 4
      0001F7 04                     550 	.db #0x04	; 4
      0001F8 04                     551 	.db #0x04	; 4
      0001F9 04                     552 	.db #0x04	; 4
      0001FA 04                     553 	.db #0x04	; 4
      0001FB 04                     554 	.db #0x04	; 4
      0001FC 00                     555 	.db #0x00	; 0
      0001FD 00                     556 	.db #0x00	; 0
      0001FE 00                     557 	.db #0x00	; 0
      0001FF 00                     558 	.db #0x00	; 0
      000200 00                     559 	.db #0x00	; 0
      000201 00                     560 	.db #0x00	; 0
      000202 00                     561 	.db #0x00	; 0
      000203 00                     562 	.db #0x00	; 0
      000204 04                     563 	.db #0x04	; 4
      000205 04                     564 	.db #0x04	; 4
      000206 04                     565 	.db #0x04	; 4
      000207 04                     566 	.db #0x04	; 4
      000208 04                     567 	.db #0x04	; 4
      000209 04                     568 	.db #0x04	; 4
      00020A 04                     569 	.db #0x04	; 4
      00020B 04                     570 	.db #0x04	; 4
      00020C 04                     571 	.db #0x04	; 4
      00020D 04                     572 	.db #0x04	; 4
      00020E 04                     573 	.db #0x04	; 4
      00020F 04                     574 	.db #0x04	; 4
      000210 04                     575 	.db #0x04	; 4
      000211 04                     576 	.db #0x04	; 4
      000212 04                     577 	.db #0x04	; 4
      000213 04                     578 	.db #0x04	; 4
      000214 04                     579 	.db #0x04	; 4
      000215 04                     580 	.db #0x04	; 4
      000216 04                     581 	.db #0x04	; 4
      000217 04                     582 	.db #0x04	; 4
      000218 04                     583 	.db #0x04	; 4
      000219 04                     584 	.db #0x04	; 4
      00021A 04                     585 	.db #0x04	; 4
      00021B 04                     586 	.db #0x04	; 4
      00021C 00                     587 	.db #0x00	; 0
      00021D 00                     588 	.db #0x00	; 0
      00021E 00                     589 	.db #0x00	; 0
      00021F 00                     590 	.db #0x00	; 0
      000220 00                     591 	.db #0x00	; 0
      000221 00                     592 	.db #0x00	; 0
      000222 00                     593 	.db #0x00	; 0
      000223 00                     594 	.db #0x00	; 0
      000224 04                     595 	.db #0x04	; 4
      000225 04                     596 	.db #0x04	; 4
      000226 04                     597 	.db #0x04	; 4
      000227 04                     598 	.db #0x04	; 4
      000228 04                     599 	.db #0x04	; 4
      000229 04                     600 	.db #0x04	; 4
      00022A 04                     601 	.db #0x04	; 4
      00022B 04                     602 	.db #0x04	; 4
      00022C 04                     603 	.db #0x04	; 4
      00022D 04                     604 	.db #0x04	; 4
      00022E 04                     605 	.db #0x04	; 4
      00022F 04                     606 	.db #0x04	; 4
      000230 04                     607 	.db #0x04	; 4
      000231 04                     608 	.db #0x04	; 4
      000232 04                     609 	.db #0x04	; 4
      000233 04                     610 	.db #0x04	; 4
      000234 04                     611 	.db #0x04	; 4
      000235 04                     612 	.db #0x04	; 4
      000236 04                     613 	.db #0x04	; 4
      000237 04                     614 	.db #0x04	; 4
      000238 04                     615 	.db #0x04	; 4
      000239 04                     616 	.db #0x04	; 4
      00023A 04                     617 	.db #0x04	; 4
      00023B 04                     618 	.db #0x04	; 4
      00023C 00                     619 	.db #0x00	; 0
      00023D 00                     620 	.db #0x00	; 0
      00023E 00                     621 	.db #0x00	; 0
      00023F 00                     622 	.db #0x00	; 0
      000240 00                     623 	.db #0x00	; 0
      000241 00                     624 	.db #0x00	; 0
      000242 00                     625 	.db #0x00	; 0
      000243 00                     626 	.db #0x00	; 0
      000244 00                     627 	.db #0x00	; 0
      000245 00                     628 	.db #0x00	; 0
      000246 00                     629 	.db #0x00	; 0
      000247 00                     630 	.db #0x00	; 0
      000248 00                     631 	.db #0x00	; 0
      000249 00                     632 	.db #0x00	; 0
      00024A 00                     633 	.db #0x00	; 0
      00024B 00                     634 	.db #0x00	; 0
      00024C 00                     635 	.db #0x00	; 0
      00024D 00                     636 	.db #0x00	; 0
      00024E 00                     637 	.db #0x00	; 0
      00024F 00                     638 	.db #0x00	; 0
      000250 00                     639 	.db #0x00	; 0
      000251 00                     640 	.db #0x00	; 0
      000252 00                     641 	.db #0x00	; 0
      000253 00                     642 	.db #0x00	; 0
      000254 00                     643 	.db #0x00	; 0
      000255 00                     644 	.db #0x00	; 0
      000256 00                     645 	.db #0x00	; 0
      000257 00                     646 	.db #0x00	; 0
      000258 04                     647 	.db #0x04	; 4
      000259 04                     648 	.db #0x04	; 4
      00025A 00                     649 	.db #0x00	; 0
      00025B 00                     650 	.db #0x00	; 0
      00025C 00                     651 	.db #0x00	; 0
      00025D 00                     652 	.db #0x00	; 0
      00025E 00                     653 	.db #0x00	; 0
      00025F 00                     654 	.db #0x00	; 0
      000260 00                     655 	.db #0x00	; 0
      000261 00                     656 	.db #0x00	; 0
      000262 00                     657 	.db #0x00	; 0
      000263 00                     658 	.db #0x00	; 0
      000264 00                     659 	.db #0x00	; 0
      000265 00                     660 	.db #0x00	; 0
      000266 00                     661 	.db #0x00	; 0
      000267 00                     662 	.db #0x00	; 0
      000268 00                     663 	.db #0x00	; 0
      000269 00                     664 	.db #0x00	; 0
      00026A 00                     665 	.db #0x00	; 0
      00026B 00                     666 	.db #0x00	; 0
      00026C 00                     667 	.db #0x00	; 0
      00026D 00                     668 	.db #0x00	; 0
      00026E 00                     669 	.db #0x00	; 0
      00026F 00                     670 	.db #0x00	; 0
      000270 00                     671 	.db #0x00	; 0
      000271 00                     672 	.db #0x00	; 0
      000272 00                     673 	.db #0x00	; 0
      000273 00                     674 	.db #0x00	; 0
      000274 00                     675 	.db #0x00	; 0
      000275 00                     676 	.db #0x00	; 0
      000276 00                     677 	.db #0x00	; 0
      000277 00                     678 	.db #0x00	; 0
      000278 04                     679 	.db #0x04	; 4
      000279 04                     680 	.db #0x04	; 4
      00027A 00                     681 	.db #0x00	; 0
      00027B 00                     682 	.db #0x00	; 0
      00027C 00                     683 	.db #0x00	; 0
      00027D 00                     684 	.db #0x00	; 0
      00027E 00                     685 	.db #0x00	; 0
      00027F 00                     686 	.db #0x00	; 0
      000280 00                     687 	.db #0x00	; 0
      000281 00                     688 	.db #0x00	; 0
      000282 00                     689 	.db #0x00	; 0
      000283 04                     690 	.db #0x04	; 4
      000284 04                     691 	.db #0x04	; 4
      000285 04                     692 	.db #0x04	; 4
      000286 04                     693 	.db #0x04	; 4
      000287 04                     694 	.db #0x04	; 4
      000288 04                     695 	.db #0x04	; 4
      000289 04                     696 	.db #0x04	; 4
      00028A 04                     697 	.db #0x04	; 4
      00028B 04                     698 	.db #0x04	; 4
      00028C 04                     699 	.db #0x04	; 4
      00028D 04                     700 	.db #0x04	; 4
      00028E 04                     701 	.db #0x04	; 4
      00028F 04                     702 	.db #0x04	; 4
      000290 04                     703 	.db #0x04	; 4
      000291 04                     704 	.db #0x04	; 4
      000292 04                     705 	.db #0x04	; 4
      000293 04                     706 	.db #0x04	; 4
      000294 04                     707 	.db #0x04	; 4
      000295 04                     708 	.db #0x04	; 4
      000296 04                     709 	.db #0x04	; 4
      000297 04                     710 	.db #0x04	; 4
      000298 04                     711 	.db #0x04	; 4
      000299 04                     712 	.db #0x04	; 4
      00029A 04                     713 	.db #0x04	; 4
      00029B 04                     714 	.db #0x04	; 4
      00029C 04                     715 	.db #0x04	; 4
      00029D 04                     716 	.db #0x04	; 4
      00029E 00                     717 	.db #0x00	; 0
      00029F 00                     718 	.db #0x00	; 0
      0002A0 00                     719 	.db #0x00	; 0
      0002A1 00                     720 	.db #0x00	; 0
      0002A2 04                     721 	.db #0x04	; 4
      0002A3 04                     722 	.db #0x04	; 4
      0002A4 04                     723 	.db #0x04	; 4
      0002A5 04                     724 	.db #0x04	; 4
      0002A6 04                     725 	.db #0x04	; 4
      0002A7 04                     726 	.db #0x04	; 4
      0002A8 04                     727 	.db #0x04	; 4
      0002A9 04                     728 	.db #0x04	; 4
      0002AA 04                     729 	.db #0x04	; 4
      0002AB 04                     730 	.db #0x04	; 4
      0002AC 04                     731 	.db #0x04	; 4
      0002AD 04                     732 	.db #0x04	; 4
      0002AE 04                     733 	.db #0x04	; 4
      0002AF 04                     734 	.db #0x04	; 4
      0002B0 04                     735 	.db #0x04	; 4
      0002B1 04                     736 	.db #0x04	; 4
      0002B2 04                     737 	.db #0x04	; 4
      0002B3 04                     738 	.db #0x04	; 4
      0002B4 04                     739 	.db #0x04	; 4
      0002B5 04                     740 	.db #0x04	; 4
      0002B6 04                     741 	.db #0x04	; 4
      0002B7 04                     742 	.db #0x04	; 4
      0002B8 04                     743 	.db #0x04	; 4
      0002B9 04                     744 	.db #0x04	; 4
      0002BA 04                     745 	.db #0x04	; 4
      0002BB 04                     746 	.db #0x04	; 4
      0002BC 04                     747 	.db #0x04	; 4
      0002BD 04                     748 	.db #0x04	; 4
      0002BE 00                     749 	.db #0x00	; 0
      0002BF 00                     750 	.db #0x00	; 0
      0002C0 00                     751 	.db #0x00	; 0
      0002C1 00                     752 	.db #0x00	; 0
      0002C2 04                     753 	.db #0x04	; 4
      0002C3 04                     754 	.db #0x04	; 4
      0002C4 04                     755 	.db #0x04	; 4
      0002C5 04                     756 	.db #0x04	; 4
      0002C6 04                     757 	.db #0x04	; 4
      0002C7 04                     758 	.db #0x04	; 4
      0002C8 04                     759 	.db #0x04	; 4
      0002C9 04                     760 	.db #0x04	; 4
      0002CA 04                     761 	.db #0x04	; 4
      0002CB 04                     762 	.db #0x04	; 4
      0002CC 04                     763 	.db #0x04	; 4
      0002CD 04                     764 	.db #0x04	; 4
      0002CE 04                     765 	.db #0x04	; 4
      0002CF 04                     766 	.db #0x04	; 4
      0002D0 04                     767 	.db #0x04	; 4
      0002D1 00                     768 	.db #0x00	; 0
      0002D2 00                     769 	.db #0x00	; 0
      0002D3 00                     770 	.db #0x00	; 0
      0002D4 00                     771 	.db #0x00	; 0
      0002D5 04                     772 	.db #0x04	; 4
      0002D6 04                     773 	.db #0x04	; 4
      0002D7 00                     774 	.db #0x00	; 0
      0002D8 00                     775 	.db #0x00	; 0
      0002D9 00                     776 	.db #0x00	; 0
      0002DA 00                     777 	.db #0x00	; 0
      0002DB 04                     778 	.db #0x04	; 4
      0002DC 04                     779 	.db #0x04	; 4
      0002DD 04                     780 	.db #0x04	; 4
      0002DE 00                     781 	.db #0x00	; 0
      0002DF 00                     782 	.db #0x00	; 0
      0002E0 00                     783 	.db #0x00	; 0
      0002E1 00                     784 	.db #0x00	; 0
      0002E2 04                     785 	.db #0x04	; 4
      0002E3 04                     786 	.db #0x04	; 4
      0002E4 04                     787 	.db #0x04	; 4
      0002E5 04                     788 	.db #0x04	; 4
      0002E6 04                     789 	.db #0x04	; 4
      0002E7 04                     790 	.db #0x04	; 4
      0002E8 04                     791 	.db #0x04	; 4
      0002E9 04                     792 	.db #0x04	; 4
      0002EA 04                     793 	.db #0x04	; 4
      0002EB 04                     794 	.db #0x04	; 4
      0002EC 04                     795 	.db #0x04	; 4
      0002ED 04                     796 	.db #0x04	; 4
      0002EE 04                     797 	.db #0x04	; 4
      0002EF 00                     798 	.db #0x00	; 0
      0002F0 00                     799 	.db #0x00	; 0
      0002F1 00                     800 	.db #0x00	; 0
      0002F2 00                     801 	.db #0x00	; 0
      0002F3 00                     802 	.db #0x00	; 0
      0002F4 00                     803 	.db #0x00	; 0
      0002F5 04                     804 	.db #0x04	; 4
      0002F6 04                     805 	.db #0x04	; 4
      0002F7 00                     806 	.db #0x00	; 0
      0002F8 00                     807 	.db #0x00	; 0
      0002F9 00                     808 	.db #0x00	; 0
      0002FA 00                     809 	.db #0x00	; 0
      0002FB 04                     810 	.db #0x04	; 4
      0002FC 04                     811 	.db #0x04	; 4
      0002FD 04                     812 	.db #0x04	; 4
      0002FE 00                     813 	.db #0x00	; 0
      0002FF 00                     814 	.db #0x00	; 0
      000300 00                     815 	.db #0x00	; 0
      000301 00                     816 	.db #0x00	; 0
      000302 04                     817 	.db #0x04	; 4
      000303 04                     818 	.db #0x04	; 4
      000304 04                     819 	.db #0x04	; 4
      000305 04                     820 	.db #0x04	; 4
      000306 04                     821 	.db #0x04	; 4
      000307 04                     822 	.db #0x04	; 4
      000308 04                     823 	.db #0x04	; 4
      000309 04                     824 	.db #0x04	; 4
      00030A 04                     825 	.db #0x04	; 4
      00030B 04                     826 	.db #0x04	; 4
      00030C 04                     827 	.db #0x04	; 4
      00030D 04                     828 	.db #0x04	; 4
      00030E 04                     829 	.db #0x04	; 4
      00030F 00                     830 	.db #0x00	; 0
      000310 00                     831 	.db #0x00	; 0
      000311 00                     832 	.db #0x00	; 0
      000312 00                     833 	.db #0x00	; 0
      000313 00                     834 	.db #0x00	; 0
      000314 00                     835 	.db #0x00	; 0
      000315 04                     836 	.db #0x04	; 4
      000316 04                     837 	.db #0x04	; 4
      000317 04                     838 	.db #0x04	; 4
      000318 04                     839 	.db #0x04	; 4
      000319 00                     840 	.db #0x00	; 0
      00031A 00                     841 	.db #0x00	; 0
      00031B 04                     842 	.db #0x04	; 4
      00031C 04                     843 	.db #0x04	; 4
      00031D 04                     844 	.db #0x04	; 4
      00031E 00                     845 	.db #0x00	; 0
      00031F 00                     846 	.db #0x00	; 0
      000320 00                     847 	.db #0x00	; 0
      000321 00                     848 	.db #0x00	; 0
      000322 04                     849 	.db #0x04	; 4
      000323 04                     850 	.db #0x04	; 4
      000324 04                     851 	.db #0x04	; 4
      000325 04                     852 	.db #0x04	; 4
      000326 04                     853 	.db #0x04	; 4
      000327 04                     854 	.db #0x04	; 4
      000328 04                     855 	.db #0x04	; 4
      000329 04                     856 	.db #0x04	; 4
      00032A 04                     857 	.db #0x04	; 4
      00032B 04                     858 	.db #0x04	; 4
      00032C 04                     859 	.db #0x04	; 4
      00032D 04                     860 	.db #0x04	; 4
      00032E 04                     861 	.db #0x04	; 4
      00032F 00                     862 	.db #0x00	; 0
      000330 00                     863 	.db #0x00	; 0
      000331 00                     864 	.db #0x00	; 0
      000332 00                     865 	.db #0x00	; 0
      000333 00                     866 	.db #0x00	; 0
      000334 00                     867 	.db #0x00	; 0
      000335 04                     868 	.db #0x04	; 4
      000336 04                     869 	.db #0x04	; 4
      000337 04                     870 	.db #0x04	; 4
      000338 04                     871 	.db #0x04	; 4
      000339 00                     872 	.db #0x00	; 0
      00033A 00                     873 	.db #0x00	; 0
      00033B 04                     874 	.db #0x04	; 4
      00033C 00                     875 	.db #0x00	; 0
      00033D 00                     876 	.db #0x00	; 0
      00033E 00                     877 	.db #0x00	; 0
      00033F 00                     878 	.db #0x00	; 0
      000340 00                     879 	.db #0x00	; 0
      000341 00                     880 	.db #0x00	; 0
      000342 04                     881 	.db #0x04	; 4
      000343 04                     882 	.db #0x04	; 4
      000344 04                     883 	.db #0x04	; 4
      000345 04                     884 	.db #0x04	; 4
      000346 04                     885 	.db #0x04	; 4
      000347 04                     886 	.db #0x04	; 4
      000348 04                     887 	.db #0x04	; 4
      000349 04                     888 	.db #0x04	; 4
      00034A 04                     889 	.db #0x04	; 4
      00034B 04                     890 	.db #0x04	; 4
      00034C 04                     891 	.db #0x04	; 4
      00034D 04                     892 	.db #0x04	; 4
      00034E 04                     893 	.db #0x04	; 4
      00034F 00                     894 	.db #0x00	; 0
      000350 00                     895 	.db #0x00	; 0
      000351 00                     896 	.db #0x00	; 0
      000352 00                     897 	.db #0x00	; 0
      000353 00                     898 	.db #0x00	; 0
      000354 04                     899 	.db #0x04	; 4
      000355 04                     900 	.db #0x04	; 4
      000356 04                     901 	.db #0x04	; 4
      000357 04                     902 	.db #0x04	; 4
      000358 04                     903 	.db #0x04	; 4
      000359 00                     904 	.db #0x00	; 0
      00035A 00                     905 	.db #0x00	; 0
      00035B 04                     906 	.db #0x04	; 4
      00035C 00                     907 	.db #0x00	; 0
      00035D 00                     908 	.db #0x00	; 0
      00035E 00                     909 	.db #0x00	; 0
      00035F 00                     910 	.db #0x00	; 0
      000360 00                     911 	.db #0x00	; 0
      000361 00                     912 	.db #0x00	; 0
      000362 04                     913 	.db #0x04	; 4
      000363 04                     914 	.db #0x04	; 4
      000364 04                     915 	.db #0x04	; 4
      000365 04                     916 	.db #0x04	; 4
      000366 04                     917 	.db #0x04	; 4
      000367 04                     918 	.db #0x04	; 4
      000368 04                     919 	.db #0x04	; 4
      000369 04                     920 	.db #0x04	; 4
      00036A 04                     921 	.db #0x04	; 4
      00036B 04                     922 	.db #0x04	; 4
      00036C 04                     923 	.db #0x04	; 4
      00036D 04                     924 	.db #0x04	; 4
      00036E 04                     925 	.db #0x04	; 4
      00036F 04                     926 	.db #0x04	; 4
      000370 04                     927 	.db #0x04	; 4
      000371 00                     928 	.db #0x00	; 0
      000372 00                     929 	.db #0x00	; 0
      000373 00                     930 	.db #0x00	; 0
      000374 04                     931 	.db #0x04	; 4
      000375 04                     932 	.db #0x04	; 4
      000376 04                     933 	.db #0x04	; 4
      000377 04                     934 	.db #0x04	; 4
      000378 04                     935 	.db #0x04	; 4
      000379 00                     936 	.db #0x00	; 0
      00037A 00                     937 	.db #0x00	; 0
      00037B 04                     938 	.db #0x04	; 4
      00037C 04                     939 	.db #0x04	; 4
      00037D 04                     940 	.db #0x04	; 4
      00037E 00                     941 	.db #0x00	; 0
      00037F 00                     942 	.db #0x00	; 0
      000380 00                     943 	.db #0x00	; 0
      000381 00                     944 	.db #0x00	; 0
      000382 04                     945 	.db #0x04	; 4
      000383 04                     946 	.db #0x04	; 4
      000384 04                     947 	.db #0x04	; 4
      000385 04                     948 	.db #0x04	; 4
      000386 04                     949 	.db #0x04	; 4
      000387 04                     950 	.db #0x04	; 4
      000388 04                     951 	.db #0x04	; 4
      000389 04                     952 	.db #0x04	; 4
      00038A 04                     953 	.db #0x04	; 4
      00038B 04                     954 	.db #0x04	; 4
      00038C 04                     955 	.db #0x04	; 4
      00038D 04                     956 	.db #0x04	; 4
      00038E 04                     957 	.db #0x04	; 4
      00038F 04                     958 	.db #0x04	; 4
      000390 04                     959 	.db #0x04	; 4
      000391 00                     960 	.db #0x00	; 0
      000392 00                     961 	.db #0x00	; 0
      000393 04                     962 	.db #0x04	; 4
      000394 04                     963 	.db #0x04	; 4
      000395 04                     964 	.db #0x04	; 4
      000396 04                     965 	.db #0x04	; 4
      000397 04                     966 	.db #0x04	; 4
      000398 04                     967 	.db #0x04	; 4
      000399 00                     968 	.db #0x00	; 0
      00039A 00                     969 	.db #0x00	; 0
      00039B 04                     970 	.db #0x04	; 4
      00039C 00                     971 	.db #0x00	; 0
      00039D 00                     972 	.db #0x00	; 0
      00039E 00                     973 	.db #0x00	; 0
      00039F 00                     974 	.db #0x00	; 0
      0003A0 00                     975 	.db #0x00	; 0
      0003A1 00                     976 	.db #0x00	; 0
      0003A2 04                     977 	.db #0x04	; 4
      0003A3 04                     978 	.db #0x04	; 4
      0003A4 04                     979 	.db #0x04	; 4
      0003A5 04                     980 	.db #0x04	; 4
      0003A6 04                     981 	.db #0x04	; 4
      0003A7 04                     982 	.db #0x04	; 4
      0003A8 04                     983 	.db #0x04	; 4
      0003A9 04                     984 	.db #0x04	; 4
      0003AA 04                     985 	.db #0x04	; 4
      0003AB 04                     986 	.db #0x04	; 4
      0003AC 04                     987 	.db #0x04	; 4
      0003AD 04                     988 	.db #0x04	; 4
      0003AE 04                     989 	.db #0x04	; 4
      0003AF 04                     990 	.db #0x04	; 4
      0003B0 04                     991 	.db #0x04	; 4
      0003B1 00                     992 	.db #0x00	; 0
      0003B2 00                     993 	.db #0x00	; 0
      0003B3 04                     994 	.db #0x04	; 4
      0003B4 04                     995 	.db #0x04	; 4
      0003B5 04                     996 	.db #0x04	; 4
      0003B6 04                     997 	.db #0x04	; 4
      0003B7 04                     998 	.db #0x04	; 4
      0003B8 04                     999 	.db #0x04	; 4
      0003B9 00                    1000 	.db #0x00	; 0
      0003BA 00                    1001 	.db #0x00	; 0
      0003BB 04                    1002 	.db #0x04	; 4
      0003BC 00                    1003 	.db #0x00	; 0
      0003BD 00                    1004 	.db #0x00	; 0
      0003BE 00                    1005 	.db #0x00	; 0
      0003BF 00                    1006 	.db #0x00	; 0
      0003C0 00                    1007 	.db #0x00	; 0
      0003C1 00                    1008 	.db #0x00	; 0
      0003C2 00                    1009 	.db #0x00	; 0
      0003C3 00                    1010 	.db #0x00	; 0
      0003C4 00                    1011 	.db #0x00	; 0
      0003C5 00                    1012 	.db #0x00	; 0
      0003C6 00                    1013 	.db #0x00	; 0
      0003C7 00                    1014 	.db #0x00	; 0
      0003C8 00                    1015 	.db #0x00	; 0
      0003C9 00                    1016 	.db #0x00	; 0
      0003CA 00                    1017 	.db #0x00	; 0
      0003CB 00                    1018 	.db #0x00	; 0
      0003CC 00                    1019 	.db #0x00	; 0
      0003CD 00                    1020 	.db #0x00	; 0
      0003CE 00                    1021 	.db #0x00	; 0
      0003CF 00                    1022 	.db #0x00	; 0
      0003D0 00                    1023 	.db #0x00	; 0
      0003D1 00                    1024 	.db #0x00	; 0
      0003D2 00                    1025 	.db #0x00	; 0
      0003D3 00                    1026 	.db #0x00	; 0
      0003D4 00                    1027 	.db #0x00	; 0
      0003D5 04                    1028 	.db #0x04	; 4
      0003D6 04                    1029 	.db #0x04	; 4
      0003D7 00                    1030 	.db #0x00	; 0
      0003D8 00                    1031 	.db #0x00	; 0
      0003D9 00                    1032 	.db #0x00	; 0
      0003DA 00                    1033 	.db #0x00	; 0
      0003DB 00                    1034 	.db #0x00	; 0
      0003DC 00                    1035 	.db #0x00	; 0
      0003DD 00                    1036 	.db #0x00	; 0
      0003DE 00                    1037 	.db #0x00	; 0
      0003DF 00                    1038 	.db #0x00	; 0
      0003E0 00                    1039 	.db #0x00	; 0
      0003E1 00                    1040 	.db #0x00	; 0
      0003E2 00                    1041 	.db #0x00	; 0
      0003E3 00                    1042 	.db #0x00	; 0
      0003E4 00                    1043 	.db #0x00	; 0
      0003E5 00                    1044 	.db #0x00	; 0
      0003E6 00                    1045 	.db #0x00	; 0
      0003E7 00                    1046 	.db #0x00	; 0
      0003E8 00                    1047 	.db #0x00	; 0
      0003E9 00                    1048 	.db #0x00	; 0
      0003EA 00                    1049 	.db #0x00	; 0
      0003EB 00                    1050 	.db #0x00	; 0
      0003EC 00                    1051 	.db #0x00	; 0
      0003ED 00                    1052 	.db #0x00	; 0
      0003EE 00                    1053 	.db #0x00	; 0
      0003EF 00                    1054 	.db #0x00	; 0
      0003F0 00                    1055 	.db #0x00	; 0
      0003F1 00                    1056 	.db #0x00	; 0
      0003F2 00                    1057 	.db #0x00	; 0
      0003F3 00                    1058 	.db #0x00	; 0
      0003F4 00                    1059 	.db #0x00	; 0
      0003F5 04                    1060 	.db #0x04	; 4
      0003F6 04                    1061 	.db #0x04	; 4
      0003F7 00                    1062 	.db #0x00	; 0
      0003F8 00                    1063 	.db #0x00	; 0
      0003F9 00                    1064 	.db #0x00	; 0
      0003FA 00                    1065 	.db #0x00	; 0
      0003FB 00                    1066 	.db #0x00	; 0
      0003FC 00                    1067 	.db #0x00	; 0
      0003FD 00                    1068 	.db #0x00	; 0
      0003FE 00                    1069 	.db #0x00	; 0
      0003FF 00                    1070 	.db #0x00	; 0
                                   1071 	.area _INITIALIZER
                                   1072 	.area _CABS (ABS)
