                                      1 ;--------------------------------------------------------
                                      2 ; File Created by SDCC : free open source ANSI-C Compiler
                                      3 ; Version 4.1.4 #12246 (Mac OS X x86_64)
                                      4 ;--------------------------------------------------------
                                      5 	.module scene_4_triggers
                                      6 	.optsdcc -mgbz80
                                      7 	
                                      8 ;--------------------------------------------------------
                                      9 ; Public variables in this module
                                     10 ;--------------------------------------------------------
                                     11 	.globl _scene_4_triggers
                                     12 	.globl ___bank_scene_4_triggers
                                     13 ;--------------------------------------------------------
                                     14 ; special function registers
                                     15 ;--------------------------------------------------------
                                     16 ;--------------------------------------------------------
                                     17 ; ram data
                                     18 ;--------------------------------------------------------
                                     19 	.area _DATA
                                     20 ;--------------------------------------------------------
                                     21 ; ram data
                                     22 ;--------------------------------------------------------
                                     23 	.area _INITIALIZED
                                     24 ;--------------------------------------------------------
                                     25 ; absolute external ram data
                                     26 ;--------------------------------------------------------
                                     27 	.area _DABS (ABS)
                                     28 ;--------------------------------------------------------
                                     29 ; global & static initialisations
                                     30 ;--------------------------------------------------------
                                     31 	.area _HOME
                                     32 	.area _GSINIT
                                     33 	.area _GSFINAL
                                     34 	.area _GSINIT
                                     35 ;--------------------------------------------------------
                                     36 ; Home
                                     37 ;--------------------------------------------------------
                                     38 	.area _HOME
                                     39 	.area _HOME
                                     40 ;--------------------------------------------------------
                                     41 ; code
                                     42 ;--------------------------------------------------------
                                     43 	.area _CODE_255
                                     44 	.area _CODE_255
                           0000FF    45 ___bank_scene_4_triggers	=	0x00ff
      000000                         46 _scene_4_triggers:
      000000 A0                      47 	.db #0xa0	; 160
      000001 0D                      48 	.db #0x0d	; 13
      000002 01                      49 	.db #0x01	; 1
      000003 01                      50 	.db #0x01	; 1
      000004r00                      51 	.byte ___bank_script_s4t0_interact
      000005r00r00                   52 	.dw _script_s4t0_interact
      000007 06                      53 	.db #0x06	; 6
      000008 0D                      54 	.db #0x0d	; 13
      000009 02                      55 	.db #0x02	; 2
      00000A 01                      56 	.db #0x01	; 1
      00000Br00                      57 	.byte ___bank_script_s4t1_interact
      00000Cr00r00                   58 	.dw _script_s4t1_interact
      00000E 38                      59 	.db #0x38	; 56	'8'
      00000F 11                      60 	.db #0x11	; 17
      000010 03                      61 	.db #0x03	; 3
      000011 01                      62 	.db #0x01	; 1
      000012r00                      63 	.byte ___bank_script_s4t2_interact
      000013r00r00                   64 	.dw _script_s4t2_interact
      000015 0E                      65 	.db #0x0e	; 14
      000016 08                      66 	.db #0x08	; 8
      000017 01                      67 	.db #0x01	; 1
      000018 01                      68 	.db #0x01	; 1
      000019r00                      69 	.byte ___bank_script_s4t3_interact
      00001Ar00r00                   70 	.dw _script_s4t3_interact
      00001C 6A                      71 	.db #0x6a	; 106	'j'
      00001D 11                      72 	.db #0x11	; 17
      00001E 05                      73 	.db #0x05	; 5
      00001F 01                      74 	.db #0x01	; 1
      000020r00                      75 	.byte ___bank_script_s4t4_interact
      000021r00r00                   76 	.dw _script_s4t4_interact
                                     77 	.area _INITIALIZER
                                     78 	.area _CABS (ABS)
