                                      1 ;--------------------------------------------------------
                                      2 ; File Created by SDCC : free open source ANSI-C Compiler
                                      3 ; Version 4.1.4 #12246 (Mac OS X x86_64)
                                      4 ;--------------------------------------------------------
                                      5 	.module scene_0
                                      6 	.optsdcc -mgbz80
                                      7 	
                                      8 ;--------------------------------------------------------
                                      9 ; Public variables in this module
                                     10 ;--------------------------------------------------------
                                     11 	.globl _scene_0
                                     12 	.globl ___bank_scene_0
                                     13 ;--------------------------------------------------------
                                     14 ; special function registers
                                     15 ;--------------------------------------------------------
                                     16 ;--------------------------------------------------------
                                     17 ; ram data
                                     18 ;--------------------------------------------------------
                                     19 	.area _DATA
                                     20 ;--------------------------------------------------------
                                     21 ; ram data
                                     22 ;--------------------------------------------------------
                                     23 	.area _INITIALIZED
                                     24 ;--------------------------------------------------------
                                     25 ; absolute external ram data
                                     26 ;--------------------------------------------------------
                                     27 	.area _DABS (ABS)
                                     28 ;--------------------------------------------------------
                                     29 ; global & static initialisations
                                     30 ;--------------------------------------------------------
                                     31 	.area _HOME
                                     32 	.area _GSINIT
                                     33 	.area _GSFINAL
                                     34 	.area _GSINIT
                                     35 ;--------------------------------------------------------
                                     36 ; Home
                                     37 ;--------------------------------------------------------
                                     38 	.area _HOME
                                     39 	.area _HOME
                                     40 ;--------------------------------------------------------
                                     41 ; code
                                     42 ;--------------------------------------------------------
                                     43 	.area _CODE_255
                                     44 	.area _CODE_255
                           0000FF    45 ___bank_scene_0	=	0x00ff
      000000                         46 _scene_0:
      000000 14                      47 	.db #0x14	; 20
      000001 12                      48 	.db #0x12	; 18
      000002 00                      49 	.db #0x00	; 0
      000003 06                      50 	.db #0x06	; 6
      000004 01                      51 	.db #0x01	; 1
      000005 00                      52 	.db #0x00	; 0
      000006 04                      53 	.db #0x04	; 4
      000007r00                      54 	.byte ___bank_spritesheet_9
      000008r00r00                   55 	.dw _spritesheet_9
      00000Ar00                      56 	.byte ___bank_background_0
      00000Br00r00                   57 	.dw _background_0
      00000Dr00                      58 	.byte ___bank_scene_0_collisions
      00000Er00r00                   59 	.dw _scene_0_collisions
      000010r00                      60 	.byte ___bank_palette_2
      000011r00r00                   61 	.dw _palette_2
      000013r00                      62 	.byte ___bank_palette_3
      000014r00r00                   63 	.dw _palette_3
      000016 00                      64 	.byte #0x00
      000017 00 00                   65 	.dw #0x0000
      000019 00                      66 	.byte #0x00
      00001A 00 00                   67 	.dw #0x0000
      00001C 00                      68 	.byte #0x00
      00001D 00 00                   69 	.dw #0x0000
      00001F 00                      70 	.byte #0x00
      000020 00 00                   71 	.dw #0x0000
      000022r00                      72 	.byte ___bank_scene_0_sprites
      000023r00r00                   73 	.dw _scene_0_sprites
      000025r00                      74 	.byte ___bank_scene_0_actors
      000026r00r00                   75 	.dw _scene_0_actors
      000028r00                      76 	.byte ___bank_scene_0_triggers
      000029r00r00                   77 	.dw _scene_0_triggers
      00002B 00                      78 	.byte #0x00
      00002C 00 00                   79 	.dw #0x0000
      00002E 00                      80 	.db #0x00	; 0
      00002F 00                      81 	.db #0x00	; 0
      000030 00                      82 	.db #0x00	;  0
      000031 00                      83 	.db #0x00	; 0
      000032 14                      84 	.db #0x14	; 20
      000033 00                      85 	.db #0x00	; 0
      000034 00                      86 	.db 0x00
      000035 00                      87 	.db 0x00
      000036 00                      88 	.db 0x00
      000037 00                      89 	.db 0x00
      000038 00                      90 	.db 0x00
      000039 00                      91 	.db 0x00
      00003A 00                      92 	.db 0x00
      00003B 00                      93 	.db 0x00
      00003C 00                      94 	.db 0x00
      00003D 00                      95 	.db 0x00
      00003E 00                      96 	.db 0x00
      00003F 00                      97 	.db 0x00
                                     98 	.area _INITIALIZER
                                     99 	.area _CABS (ABS)
