                                      1 ;--------------------------------------------------------
                                      2 ; File Created by SDCC : free open source ANSI-C Compiler
                                      3 ; Version 4.1.4 #12246 (Mac OS X x86_64)
                                      4 ;--------------------------------------------------------
                                      5 	.module scene_6_actors
                                      6 	.optsdcc -mgbz80
                                      7 	
                                      8 ;--------------------------------------------------------
                                      9 ; Public variables in this module
                                     10 ;--------------------------------------------------------
                                     11 	.globl _scene_6_actors
                                     12 	.globl ___bank_scene_6_actors
                                     13 ;--------------------------------------------------------
                                     14 ; special function registers
                                     15 ;--------------------------------------------------------
                                     16 ;--------------------------------------------------------
                                     17 ; ram data
                                     18 ;--------------------------------------------------------
                                     19 	.area _DATA
                                     20 ;--------------------------------------------------------
                                     21 ; ram data
                                     22 ;--------------------------------------------------------
                                     23 	.area _INITIALIZED
                                     24 ;--------------------------------------------------------
                                     25 ; absolute external ram data
                                     26 ;--------------------------------------------------------
                                     27 	.area _DABS (ABS)
                                     28 ;--------------------------------------------------------
                                     29 ; global & static initialisations
                                     30 ;--------------------------------------------------------
                                     31 	.area _HOME
                                     32 	.area _GSINIT
                                     33 	.area _GSFINAL
                                     34 	.area _GSINIT
                                     35 ;--------------------------------------------------------
                                     36 ; Home
                                     37 ;--------------------------------------------------------
                                     38 	.area _HOME
                                     39 	.area _HOME
                                     40 ;--------------------------------------------------------
                                     41 ; code
                                     42 ;--------------------------------------------------------
                                     43 	.area _CODE_255
                                     44 	.area _CODE_255
                           0000FF    45 ___bank_scene_6_actors	=	0x00ff
      000000                         46 _scene_6_actors:
      000000 00                      47 	.db #0x00	; 0
      000001 00 03                   48 	.dw #0x0300
      000003 80 06                   49 	.dw #0x0680
      000005 00                      50 	.db #0x00	; 0
      000006 00                      51 	.db #0x00	;  0
      000007 0F                      52 	.db #0x0f	;  15
      000008 F8                      53 	.db #0xf8	; -8
      000009 07                      54 	.db #0x07	;  7
      00000A 00                      55 	.db #0x00	; 0
      00000B 00                      56 	.db #0x00	; 0
      00000C 00                      57 	.db #0x00	; 0
      00000D 00                      58 	.db #0x00	; 0
      00000E 00                      59 	.db #0x00	; 0
      00000F 00                      60 	.db #0x00	; 0
      000010 07                      61 	.db #0x07	; 7
      000011 01                      62 	.db #0x01	; 1
      000012 00                      63 	.db #0x00	; 0
      000013 00                      64 	.db #0x00	; 0
      000014 00                      65 	.db 0x00
      000015 00                      66 	.db 0x00
      000016 00                      67 	.db 0x00
      000017 00                      68 	.db 0x00
      000018 00                      69 	.db 0x00
      000019 00                      70 	.db 0x00
      00001A 00                      71 	.db 0x00
      00001B 00                      72 	.db 0x00
      00001C 00                      73 	.db 0x00
      00001D 00                      74 	.db 0x00
      00001E 00                      75 	.db 0x00
      00001F 00                      76 	.db 0x00
      000020 00                      77 	.db 0x00
      000021 00                      78 	.db 0x00
      000022 00                      79 	.db 0x00
      000023 00                      80 	.db 0x00
      000024r00                      81 	.byte ___bank_spritesheet_9
      000025r00r00                   82 	.dw _spritesheet_9
      000027 00                      83 	.byte #0x00
      000028 00 00                   84 	.dw #0x0000
      00002A 00                      85 	.byte #0x00
      00002B 00 00                   86 	.dw #0x0000
      00002D 00                      87 	.byte #0x00
      00002E 00 00                   88 	.dw #0x0000
      000030 00                      89 	.byte #0x00
      000031 00 00                   90 	.dw #0x0000
      000033 00                      91 	.byte #0x00
      000034 00 00                   92 	.dw #0x0000
      000036 00 00                   93 	.dw #0x0000
      000038 00                      94 	.db #0x00	; 0
      000039 01                      95 	.db #0x01	; 1
      00003A 00 00                   96 	.dw #0x0000
      00003C 00 00                   97 	.dw #0x0000
      00003E 00                      98 	.db #0x00	; 0
      00003F 00 06                   99 	.dw #0x0600
      000041 80 06                  100 	.dw #0x0680
      000043 00                     101 	.db #0x00	; 0
      000044 00                     102 	.db #0x00	;  0
      000045 0F                     103 	.db #0x0f	;  15
      000046 F8                     104 	.db #0xf8	; -8
      000047 07                     105 	.db #0x07	;  7
      000048 00                     106 	.db #0x00	; 0
      000049 00                     107 	.db #0x00	; 0
      00004A 00                     108 	.db #0x00	; 0
      00004B 00                     109 	.db #0x00	; 0
      00004C 00                     110 	.db #0x00	; 0
      00004D 00                     111 	.db #0x00	; 0
      00004E 07                     112 	.db #0x07	; 7
      00004F 01                     113 	.db #0x01	; 1
      000050 00                     114 	.db #0x00	; 0
      000051 00                     115 	.db #0x00	; 0
      000052 00                     116 	.db 0x00
      000053 00                     117 	.db 0x00
      000054 00                     118 	.db 0x00
      000055 00                     119 	.db 0x00
      000056 00                     120 	.db 0x00
      000057 00                     121 	.db 0x00
      000058 00                     122 	.db 0x00
      000059 00                     123 	.db 0x00
      00005A 00                     124 	.db 0x00
      00005B 00                     125 	.db 0x00
      00005C 00                     126 	.db 0x00
      00005D 00                     127 	.db 0x00
      00005E 00                     128 	.db 0x00
      00005F 00                     129 	.db 0x00
      000060 00                     130 	.db 0x00
      000061 00                     131 	.db 0x00
      000062r00                     132 	.byte ___bank_spritesheet_9
      000063r00r00                  133 	.dw _spritesheet_9
      000065 00                     134 	.byte #0x00
      000066 00 00                  135 	.dw #0x0000
      000068 00                     136 	.byte #0x00
      000069 00 00                  137 	.dw #0x0000
      00006B 00                     138 	.byte #0x00
      00006C 00 00                  139 	.dw #0x0000
      00006E 00                     140 	.byte #0x00
      00006F 00 00                  141 	.dw #0x0000
      000071 00                     142 	.byte #0x00
      000072 00 00                  143 	.dw #0x0000
      000074 00 00                  144 	.dw #0x0000
      000076 00                     145 	.db #0x00	; 0
      000077 01                     146 	.db #0x01	; 1
      000078 00 00                  147 	.dw #0x0000
      00007A 00 00                  148 	.dw #0x0000
                                    149 	.area _INITIALIZER
                                    150 	.area _CABS (ABS)
