                                      1 ;--------------------------------------------------------
                                      2 ; File Created by SDCC : free open source ANSI-C Compiler
                                      3 ; Version 4.1.4 #12246 (Mac OS X x86_64)
                                      4 ;--------------------------------------------------------
                                      5 	.module scene_5
                                      6 	.optsdcc -mgbz80
                                      7 	
                                      8 ;--------------------------------------------------------
                                      9 ; Public variables in this module
                                     10 ;--------------------------------------------------------
                                     11 	.globl _scene_5
                                     12 	.globl ___bank_scene_5
                                     13 ;--------------------------------------------------------
                                     14 ; special function registers
                                     15 ;--------------------------------------------------------
                                     16 ;--------------------------------------------------------
                                     17 ; ram data
                                     18 ;--------------------------------------------------------
                                     19 	.area _DATA
                                     20 ;--------------------------------------------------------
                                     21 ; ram data
                                     22 ;--------------------------------------------------------
                                     23 	.area _INITIALIZED
                                     24 ;--------------------------------------------------------
                                     25 ; absolute external ram data
                                     26 ;--------------------------------------------------------
                                     27 	.area _DABS (ABS)
                                     28 ;--------------------------------------------------------
                                     29 ; global & static initialisations
                                     30 ;--------------------------------------------------------
                                     31 	.area _HOME
                                     32 	.area _GSINIT
                                     33 	.area _GSFINAL
                                     34 	.area _GSINIT
                                     35 ;--------------------------------------------------------
                                     36 ; Home
                                     37 ;--------------------------------------------------------
                                     38 	.area _HOME
                                     39 	.area _HOME
                                     40 ;--------------------------------------------------------
                                     41 ; code
                                     42 ;--------------------------------------------------------
                                     43 	.area _CODE_255
                                     44 	.area _CODE_255
                           0000FF    45 ___bank_scene_5	=	0x00ff
      000000                         46 _scene_5:
      000000 50                      47 	.db #0x50	; 80	'P'
      000001 12                      48 	.db #0x12	; 18
      000002 01                      49 	.db #0x01	; 1
      000003 04                      50 	.db #0x04	; 4
      000004 02                      51 	.db #0x02	; 2
      000005 00                      52 	.db #0x00	; 0
      000006 03                      53 	.db #0x03	; 3
      000007r00                      54 	.byte ___bank_spritesheet_12
      000008r00r00                   55 	.dw _spritesheet_12
      00000Ar00                      56 	.byte ___bank_background_5
      00000Br00r00                   57 	.dw _background_5
      00000Dr00                      58 	.byte ___bank_scene_5_collisions
      00000Er00r00                   59 	.dw _scene_5_collisions
      000010r00                      60 	.byte ___bank_palette_2
      000011r00r00                   61 	.dw _palette_2
      000013r00                      62 	.byte ___bank_palette_4
      000014r00r00                   63 	.dw _palette_4
      000016r00                      64 	.byte ___bank_script_s5_init
      000017r00r00                   65 	.dw _script_s5_init
      000019 00                      66 	.byte #0x00
      00001A 00 00                   67 	.dw #0x0000
      00001C 00                      68 	.byte #0x00
      00001D 00 00                   69 	.dw #0x0000
      00001F 00                      70 	.byte #0x00
      000020 00 00                   71 	.dw #0x0000
      000022r00                      72 	.byte ___bank_scene_5_sprites
      000023r00r00                   73 	.dw _scene_5_sprites
      000025r00                      74 	.byte ___bank_scene_5_actors
      000026r00r00                   75 	.dw _scene_5_actors
      000028r00                      76 	.byte ___bank_scene_5_triggers
      000029r00r00                   77 	.dw _scene_5_triggers
      00002B 00                      78 	.byte #0x00
      00002C 00 00                   79 	.dw #0x0000
      00002E 00                      80 	.db #0x00	; 0
      00002F 4F                      81 	.db #0x4f	; 79	'O'
      000030 07                      82 	.db #0x07	;  7
      000031 00                      83 	.db #0x00	; 0
      000032 0A                      84 	.db #0x0a	; 10
      000033 00                      85 	.db #0x00	; 0
      000034 00                      86 	.db #0x00	; 0
      000035 67                      87 	.db #0x67	; 103	'g'
      000036 03                      88 	.db #0x03	;  3
      000037 0A                      89 	.db #0x0a	; 10
      000038 03                      90 	.db #0x03	; 3
      000039 00                      91 	.db #0x00	; 0
      00003A 00                      92 	.db #0x00	; 0
      00003B 00                      93 	.db #0x00	; 0
      00003C 00                      94 	.db #0x00	;  0
      00003D 0D                      95 	.db #0x0d	; 13
      00003E 07                      96 	.db #0x07	; 7
      00003F 00                      97 	.db #0x00	; 0
                                     98 	.area _INITIALIZER
                                     99 	.area _CABS (ABS)
