                                      1 ;--------------------------------------------------------
                                      2 ; File Created by SDCC : free open source ANSI-C Compiler
                                      3 ; Version 4.1.4 #12246 (Mac OS X x86_64)
                                      4 ;--------------------------------------------------------
                                      5 	.module scene_1_collisions
                                      6 	.optsdcc -mgbz80
                                      7 	
                                      8 ;--------------------------------------------------------
                                      9 ; Public variables in this module
                                     10 ;--------------------------------------------------------
                                     11 	.globl _scene_1_collisions
                                     12 	.globl ___bank_scene_1_collisions
                                     13 ;--------------------------------------------------------
                                     14 ; special function registers
                                     15 ;--------------------------------------------------------
                                     16 ;--------------------------------------------------------
                                     17 ; ram data
                                     18 ;--------------------------------------------------------
                                     19 	.area _DATA
                                     20 ;--------------------------------------------------------
                                     21 ; ram data
                                     22 ;--------------------------------------------------------
                                     23 	.area _INITIALIZED
                                     24 ;--------------------------------------------------------
                                     25 ; absolute external ram data
                                     26 ;--------------------------------------------------------
                                     27 	.area _DABS (ABS)
                                     28 ;--------------------------------------------------------
                                     29 ; global & static initialisations
                                     30 ;--------------------------------------------------------
                                     31 	.area _HOME
                                     32 	.area _GSINIT
                                     33 	.area _GSFINAL
                                     34 	.area _GSINIT
                                     35 ;--------------------------------------------------------
                                     36 ; Home
                                     37 ;--------------------------------------------------------
                                     38 	.area _HOME
                                     39 	.area _HOME
                                     40 ;--------------------------------------------------------
                                     41 ; code
                                     42 ;--------------------------------------------------------
                                     43 	.area _CODE_255
                                     44 	.area _CODE_255
                           0000FF    45 ___bank_scene_1_collisions	=	0x00ff
      000000                         46 _scene_1_collisions:
      000000 00                      47 	.db #0x00	; 0
      000001 00                      48 	.db #0x00	; 0
      000002 00                      49 	.db #0x00	; 0
      000003 00                      50 	.db #0x00	; 0
      000004 00                      51 	.db #0x00	; 0
      000005 00                      52 	.db #0x00	; 0
      000006 00                      53 	.db #0x00	; 0
      000007 00                      54 	.db #0x00	; 0
      000008 00                      55 	.db #0x00	; 0
      000009 00                      56 	.db #0x00	; 0
      00000A 00                      57 	.db #0x00	; 0
      00000B 00                      58 	.db #0x00	; 0
      00000C 00                      59 	.db #0x00	; 0
      00000D 00                      60 	.db #0x00	; 0
      00000E 00                      61 	.db #0x00	; 0
      00000F 00                      62 	.db #0x00	; 0
      000010 00                      63 	.db #0x00	; 0
      000011 00                      64 	.db #0x00	; 0
      000012 00                      65 	.db #0x00	; 0
      000013 00                      66 	.db #0x00	; 0
      000014 00                      67 	.db #0x00	; 0
      000015 00                      68 	.db #0x00	; 0
      000016 00                      69 	.db #0x00	; 0
      000017 00                      70 	.db #0x00	; 0
      000018 00                      71 	.db #0x00	; 0
      000019 00                      72 	.db #0x00	; 0
      00001A 00                      73 	.db #0x00	; 0
      00001B 00                      74 	.db #0x00	; 0
      00001C 00                      75 	.db #0x00	; 0
      00001D 00                      76 	.db #0x00	; 0
      00001E 00                      77 	.db #0x00	; 0
      00001F 00                      78 	.db #0x00	; 0
      000020 00                      79 	.db #0x00	; 0
      000021 00                      80 	.db #0x00	; 0
      000022 00                      81 	.db #0x00	; 0
      000023 00                      82 	.db #0x00	; 0
      000024 00                      83 	.db #0x00	; 0
      000025 00                      84 	.db #0x00	; 0
      000026 00                      85 	.db #0x00	; 0
      000027 00                      86 	.db #0x00	; 0
      000028 00                      87 	.db #0x00	; 0
      000029 00                      88 	.db #0x00	; 0
      00002A 00                      89 	.db #0x00	; 0
      00002B 00                      90 	.db #0x00	; 0
      00002C 00                      91 	.db #0x00	; 0
      00002D 00                      92 	.db #0x00	; 0
      00002E 00                      93 	.db #0x00	; 0
      00002F 00                      94 	.db #0x00	; 0
      000030 00                      95 	.db #0x00	; 0
      000031 00                      96 	.db #0x00	; 0
      000032 00                      97 	.db #0x00	; 0
      000033 00                      98 	.db #0x00	; 0
      000034 00                      99 	.db #0x00	; 0
      000035 00                     100 	.db #0x00	; 0
      000036 00                     101 	.db #0x00	; 0
      000037 00                     102 	.db #0x00	; 0
      000038 00                     103 	.db #0x00	; 0
      000039 00                     104 	.db #0x00	; 0
      00003A 00                     105 	.db #0x00	; 0
      00003B 00                     106 	.db #0x00	; 0
      00003C 00                     107 	.db #0x00	; 0
      00003D 00                     108 	.db #0x00	; 0
      00003E 00                     109 	.db #0x00	; 0
      00003F 00                     110 	.db #0x00	; 0
      000040 00                     111 	.db #0x00	; 0
      000041 00                     112 	.db #0x00	; 0
      000042 00                     113 	.db #0x00	; 0
      000043 00                     114 	.db #0x00	; 0
      000044 00                     115 	.db #0x00	; 0
      000045 00                     116 	.db #0x00	; 0
      000046 00                     117 	.db #0x00	; 0
      000047 00                     118 	.db #0x00	; 0
      000048 00                     119 	.db #0x00	; 0
      000049 00                     120 	.db #0x00	; 0
      00004A 00                     121 	.db #0x00	; 0
      00004B 00                     122 	.db #0x00	; 0
      00004C 00                     123 	.db #0x00	; 0
      00004D 00                     124 	.db #0x00	; 0
      00004E 00                     125 	.db #0x00	; 0
      00004F 00                     126 	.db #0x00	; 0
      000050 00                     127 	.db #0x00	; 0
      000051 00                     128 	.db #0x00	; 0
      000052 00                     129 	.db #0x00	; 0
      000053 00                     130 	.db #0x00	; 0
      000054 00                     131 	.db #0x00	; 0
      000055 00                     132 	.db #0x00	; 0
      000056 00                     133 	.db #0x00	; 0
      000057 00                     134 	.db #0x00	; 0
      000058 00                     135 	.db #0x00	; 0
      000059 00                     136 	.db #0x00	; 0
      00005A 00                     137 	.db #0x00	; 0
      00005B 00                     138 	.db #0x00	; 0
      00005C 00                     139 	.db #0x00	; 0
      00005D 00                     140 	.db #0x00	; 0
      00005E 00                     141 	.db #0x00	; 0
      00005F 00                     142 	.db #0x00	; 0
      000060 00                     143 	.db #0x00	; 0
      000061 00                     144 	.db #0x00	; 0
      000062 00                     145 	.db #0x00	; 0
      000063 00                     146 	.db #0x00	; 0
      000064 00                     147 	.db #0x00	; 0
      000065 00                     148 	.db #0x00	; 0
      000066 00                     149 	.db #0x00	; 0
      000067 00                     150 	.db #0x00	; 0
      000068 00                     151 	.db #0x00	; 0
      000069 00                     152 	.db #0x00	; 0
      00006A 00                     153 	.db #0x00	; 0
      00006B 00                     154 	.db #0x00	; 0
      00006C 00                     155 	.db #0x00	; 0
      00006D 00                     156 	.db #0x00	; 0
      00006E 00                     157 	.db #0x00	; 0
      00006F 00                     158 	.db #0x00	; 0
      000070 00                     159 	.db #0x00	; 0
      000071 00                     160 	.db #0x00	; 0
      000072 00                     161 	.db #0x00	; 0
      000073 00                     162 	.db #0x00	; 0
      000074 00                     163 	.db #0x00	; 0
      000075 00                     164 	.db #0x00	; 0
      000076 00                     165 	.db #0x00	; 0
      000077 00                     166 	.db #0x00	; 0
      000078 00                     167 	.db #0x00	; 0
      000079 00                     168 	.db #0x00	; 0
      00007A 00                     169 	.db #0x00	; 0
      00007B 00                     170 	.db #0x00	; 0
      00007C 00                     171 	.db #0x00	; 0
      00007D 00                     172 	.db #0x00	; 0
      00007E 00                     173 	.db #0x00	; 0
      00007F 00                     174 	.db #0x00	; 0
      000080 00                     175 	.db #0x00	; 0
      000081 00                     176 	.db #0x00	; 0
      000082 00                     177 	.db #0x00	; 0
      000083 00                     178 	.db #0x00	; 0
      000084 00                     179 	.db #0x00	; 0
      000085 00                     180 	.db #0x00	; 0
      000086 00                     181 	.db #0x00	; 0
      000087 00                     182 	.db #0x00	; 0
      000088 00                     183 	.db #0x00	; 0
      000089 00                     184 	.db #0x00	; 0
      00008A 00                     185 	.db #0x00	; 0
      00008B 00                     186 	.db #0x00	; 0
      00008C 00                     187 	.db #0x00	; 0
      00008D 00                     188 	.db #0x00	; 0
      00008E 00                     189 	.db #0x00	; 0
      00008F 00                     190 	.db #0x00	; 0
      000090 00                     191 	.db #0x00	; 0
      000091 00                     192 	.db #0x00	; 0
      000092 00                     193 	.db #0x00	; 0
      000093 00                     194 	.db #0x00	; 0
      000094 00                     195 	.db #0x00	; 0
      000095 00                     196 	.db #0x00	; 0
      000096 00                     197 	.db #0x00	; 0
      000097 00                     198 	.db #0x00	; 0
      000098 00                     199 	.db #0x00	; 0
      000099 00                     200 	.db #0x00	; 0
      00009A 00                     201 	.db #0x00	; 0
      00009B 00                     202 	.db #0x00	; 0
      00009C 00                     203 	.db #0x00	; 0
      00009D 00                     204 	.db #0x00	; 0
      00009E 00                     205 	.db #0x00	; 0
      00009F 00                     206 	.db #0x00	; 0
      0000A0 00                     207 	.db #0x00	; 0
      0000A1 00                     208 	.db #0x00	; 0
      0000A2 00                     209 	.db #0x00	; 0
      0000A3 00                     210 	.db #0x00	; 0
      0000A4 00                     211 	.db #0x00	; 0
      0000A5 00                     212 	.db #0x00	; 0
      0000A6 00                     213 	.db #0x00	; 0
      0000A7 00                     214 	.db #0x00	; 0
      0000A8 00                     215 	.db #0x00	; 0
      0000A9 00                     216 	.db #0x00	; 0
      0000AA 00                     217 	.db #0x00	; 0
      0000AB 00                     218 	.db #0x00	; 0
      0000AC 00                     219 	.db #0x00	; 0
      0000AD 00                     220 	.db #0x00	; 0
      0000AE 00                     221 	.db #0x00	; 0
      0000AF 00                     222 	.db #0x00	; 0
      0000B0 00                     223 	.db #0x00	; 0
      0000B1 00                     224 	.db #0x00	; 0
      0000B2 00                     225 	.db #0x00	; 0
      0000B3 00                     226 	.db #0x00	; 0
      0000B4 00                     227 	.db #0x00	; 0
      0000B5 00                     228 	.db #0x00	; 0
      0000B6 00                     229 	.db #0x00	; 0
      0000B7 00                     230 	.db #0x00	; 0
      0000B8 00                     231 	.db #0x00	; 0
      0000B9 00                     232 	.db #0x00	; 0
      0000BA 00                     233 	.db #0x00	; 0
      0000BB 00                     234 	.db #0x00	; 0
      0000BC 00                     235 	.db #0x00	; 0
      0000BD 00                     236 	.db #0x00	; 0
      0000BE 00                     237 	.db #0x00	; 0
      0000BF 00                     238 	.db #0x00	; 0
      0000C0 00                     239 	.db #0x00	; 0
      0000C1 00                     240 	.db #0x00	; 0
      0000C2 00                     241 	.db #0x00	; 0
      0000C3 0F                     242 	.db #0x0f	; 15
      0000C4 0F                     243 	.db #0x0f	; 15
      0000C5 0F                     244 	.db #0x0f	; 15
      0000C6 0F                     245 	.db #0x0f	; 15
      0000C7 0F                     246 	.db #0x0f	; 15
      0000C8 0F                     247 	.db #0x0f	; 15
      0000C9 0F                     248 	.db #0x0f	; 15
      0000CA 0F                     249 	.db #0x0f	; 15
      0000CB 0F                     250 	.db #0x0f	; 15
      0000CC 0F                     251 	.db #0x0f	; 15
      0000CD 0F                     252 	.db #0x0f	; 15
      0000CE 0F                     253 	.db #0x0f	; 15
      0000CF 0F                     254 	.db #0x0f	; 15
      0000D0 0F                     255 	.db #0x0f	; 15
      0000D1 0F                     256 	.db #0x0f	; 15
      0000D2 0F                     257 	.db #0x0f	; 15
      0000D3 0F                     258 	.db #0x0f	; 15
      0000D4 0F                     259 	.db #0x0f	; 15
      0000D5 0F                     260 	.db #0x0f	; 15
      0000D6 0F                     261 	.db #0x0f	; 15
      0000D7 0F                     262 	.db #0x0f	; 15
      0000D8 0F                     263 	.db #0x0f	; 15
      0000D9 0F                     264 	.db #0x0f	; 15
      0000DA 0F                     265 	.db #0x0f	; 15
      0000DB 0F                     266 	.db #0x0f	; 15
      0000DC 0F                     267 	.db #0x0f	; 15
      0000DD 00                     268 	.db #0x00	; 0
      0000DE 00                     269 	.db #0x00	; 0
      0000DF 00                     270 	.db #0x00	; 0
      0000E0 00                     271 	.db #0x00	; 0
      0000E1 00                     272 	.db #0x00	; 0
      0000E2 00                     273 	.db #0x00	; 0
      0000E3 0F                     274 	.db #0x0f	; 15
      0000E4 00                     275 	.db #0x00	; 0
      0000E5 00                     276 	.db #0x00	; 0
      0000E6 00                     277 	.db #0x00	; 0
      0000E7 00                     278 	.db #0x00	; 0
      0000E8 00                     279 	.db #0x00	; 0
      0000E9 00                     280 	.db #0x00	; 0
      0000EA 00                     281 	.db #0x00	; 0
      0000EB 00                     282 	.db #0x00	; 0
      0000EC 00                     283 	.db #0x00	; 0
      0000ED 00                     284 	.db #0x00	; 0
      0000EE 00                     285 	.db #0x00	; 0
      0000EF 0F                     286 	.db #0x0f	; 15
      0000F0 0F                     287 	.db #0x0f	; 15
      0000F1 00                     288 	.db #0x00	; 0
      0000F2 00                     289 	.db #0x00	; 0
      0000F3 00                     290 	.db #0x00	; 0
      0000F4 00                     291 	.db #0x00	; 0
      0000F5 00                     292 	.db #0x00	; 0
      0000F6 00                     293 	.db #0x00	; 0
      0000F7 00                     294 	.db #0x00	; 0
      0000F8 0F                     295 	.db #0x0f	; 15
      0000F9 0F                     296 	.db #0x0f	; 15
      0000FA 00                     297 	.db #0x00	; 0
      0000FB 00                     298 	.db #0x00	; 0
      0000FC 0F                     299 	.db #0x0f	; 15
      0000FD 00                     300 	.db #0x00	; 0
      0000FE 00                     301 	.db #0x00	; 0
      0000FF 00                     302 	.db #0x00	; 0
      000100 00                     303 	.db #0x00	; 0
      000101 00                     304 	.db #0x00	; 0
      000102 00                     305 	.db #0x00	; 0
      000103 0F                     306 	.db #0x0f	; 15
      000104 00                     307 	.db #0x00	; 0
      000105 00                     308 	.db #0x00	; 0
      000106 00                     309 	.db #0x00	; 0
      000107 00                     310 	.db #0x00	; 0
      000108 00                     311 	.db #0x00	; 0
      000109 00                     312 	.db #0x00	; 0
      00010A 00                     313 	.db #0x00	; 0
      00010B 00                     314 	.db #0x00	; 0
      00010C 00                     315 	.db #0x00	; 0
      00010D 00                     316 	.db #0x00	; 0
      00010E 00                     317 	.db #0x00	; 0
      00010F 0F                     318 	.db #0x0f	; 15
      000110 0F                     319 	.db #0x0f	; 15
      000111 00                     320 	.db #0x00	; 0
      000112 00                     321 	.db #0x00	; 0
      000113 00                     322 	.db #0x00	; 0
      000114 00                     323 	.db #0x00	; 0
      000115 00                     324 	.db #0x00	; 0
      000116 00                     325 	.db #0x00	; 0
      000117 00                     326 	.db #0x00	; 0
      000118 0F                     327 	.db #0x0f	; 15
      000119 0F                     328 	.db #0x0f	; 15
      00011A 00                     329 	.db #0x00	; 0
      00011B 00                     330 	.db #0x00	; 0
      00011C 0F                     331 	.db #0x0f	; 15
      00011D 00                     332 	.db #0x00	; 0
      00011E 00                     333 	.db #0x00	; 0
      00011F 00                     334 	.db #0x00	; 0
      000120 00                     335 	.db #0x00	; 0
      000121 00                     336 	.db #0x00	; 0
      000122 00                     337 	.db #0x00	; 0
      000123 0F                     338 	.db #0x0f	; 15
      000124 00                     339 	.db #0x00	; 0
      000125 00                     340 	.db #0x00	; 0
      000126 0F                     341 	.db #0x0f	; 15
      000127 0F                     342 	.db #0x0f	; 15
      000128 00                     343 	.db #0x00	; 0
      000129 00                     344 	.db #0x00	; 0
      00012A 00                     345 	.db #0x00	; 0
      00012B 00                     346 	.db #0x00	; 0
      00012C 00                     347 	.db #0x00	; 0
      00012D 00                     348 	.db #0x00	; 0
      00012E 00                     349 	.db #0x00	; 0
      00012F 00                     350 	.db #0x00	; 0
      000130 00                     351 	.db #0x00	; 0
      000131 00                     352 	.db #0x00	; 0
      000132 00                     353 	.db #0x00	; 0
      000133 00                     354 	.db #0x00	; 0
      000134 00                     355 	.db #0x00	; 0
      000135 00                     356 	.db #0x00	; 0
      000136 00                     357 	.db #0x00	; 0
      000137 00                     358 	.db #0x00	; 0
      000138 00                     359 	.db #0x00	; 0
      000139 00                     360 	.db #0x00	; 0
      00013A 00                     361 	.db #0x00	; 0
      00013B 00                     362 	.db #0x00	; 0
      00013C 0F                     363 	.db #0x0f	; 15
      00013D 00                     364 	.db #0x00	; 0
      00013E 00                     365 	.db #0x00	; 0
      00013F 00                     366 	.db #0x00	; 0
      000140 00                     367 	.db #0x00	; 0
      000141 00                     368 	.db #0x00	; 0
      000142 00                     369 	.db #0x00	; 0
      000143 0F                     370 	.db #0x0f	; 15
      000144 00                     371 	.db #0x00	; 0
      000145 00                     372 	.db #0x00	; 0
      000146 0F                     373 	.db #0x0f	; 15
      000147 0F                     374 	.db #0x0f	; 15
      000148 00                     375 	.db #0x00	; 0
      000149 00                     376 	.db #0x00	; 0
      00014A 00                     377 	.db #0x00	; 0
      00014B 00                     378 	.db #0x00	; 0
      00014C 00                     379 	.db #0x00	; 0
      00014D 00                     380 	.db #0x00	; 0
      00014E 00                     381 	.db #0x00	; 0
      00014F 00                     382 	.db #0x00	; 0
      000150 00                     383 	.db #0x00	; 0
      000151 00                     384 	.db #0x00	; 0
      000152 00                     385 	.db #0x00	; 0
      000153 00                     386 	.db #0x00	; 0
      000154 00                     387 	.db #0x00	; 0
      000155 00                     388 	.db #0x00	; 0
      000156 00                     389 	.db #0x00	; 0
      000157 00                     390 	.db #0x00	; 0
      000158 00                     391 	.db #0x00	; 0
      000159 00                     392 	.db #0x00	; 0
      00015A 00                     393 	.db #0x00	; 0
      00015B 00                     394 	.db #0x00	; 0
      00015C 0F                     395 	.db #0x0f	; 15
      00015D 00                     396 	.db #0x00	; 0
      00015E 00                     397 	.db #0x00	; 0
      00015F 00                     398 	.db #0x00	; 0
      000160 00                     399 	.db #0x00	; 0
      000161 00                     400 	.db #0x00	; 0
      000162 00                     401 	.db #0x00	; 0
      000163 0F                     402 	.db #0x0f	; 15
      000164 00                     403 	.db #0x00	; 0
      000165 00                     404 	.db #0x00	; 0
      000166 00                     405 	.db #0x00	; 0
      000167 00                     406 	.db #0x00	; 0
      000168 00                     407 	.db #0x00	; 0
      000169 00                     408 	.db #0x00	; 0
      00016A 00                     409 	.db #0x00	; 0
      00016B 00                     410 	.db #0x00	; 0
      00016C 00                     411 	.db #0x00	; 0
      00016D 00                     412 	.db #0x00	; 0
      00016E 00                     413 	.db #0x00	; 0
      00016F 00                     414 	.db #0x00	; 0
      000170 00                     415 	.db #0x00	; 0
      000171 00                     416 	.db #0x00	; 0
      000172 00                     417 	.db #0x00	; 0
      000173 00                     418 	.db #0x00	; 0
      000174 00                     419 	.db #0x00	; 0
      000175 00                     420 	.db #0x00	; 0
      000176 00                     421 	.db #0x00	; 0
      000177 00                     422 	.db #0x00	; 0
      000178 00                     423 	.db #0x00	; 0
      000179 00                     424 	.db #0x00	; 0
      00017A 00                     425 	.db #0x00	; 0
      00017B 00                     426 	.db #0x00	; 0
      00017C 0F                     427 	.db #0x0f	; 15
      00017D 00                     428 	.db #0x00	; 0
      00017E 00                     429 	.db #0x00	; 0
      00017F 00                     430 	.db #0x00	; 0
      000180 00                     431 	.db #0x00	; 0
      000181 00                     432 	.db #0x00	; 0
      000182 00                     433 	.db #0x00	; 0
      000183 0F                     434 	.db #0x0f	; 15
      000184 00                     435 	.db #0x00	; 0
      000185 00                     436 	.db #0x00	; 0
      000186 00                     437 	.db #0x00	; 0
      000187 00                     438 	.db #0x00	; 0
      000188 00                     439 	.db #0x00	; 0
      000189 00                     440 	.db #0x00	; 0
      00018A 00                     441 	.db #0x00	; 0
      00018B 00                     442 	.db #0x00	; 0
      00018C 00                     443 	.db #0x00	; 0
      00018D 00                     444 	.db #0x00	; 0
      00018E 00                     445 	.db #0x00	; 0
      00018F 00                     446 	.db #0x00	; 0
      000190 00                     447 	.db #0x00	; 0
      000191 00                     448 	.db #0x00	; 0
      000192 00                     449 	.db #0x00	; 0
      000193 00                     450 	.db #0x00	; 0
      000194 00                     451 	.db #0x00	; 0
      000195 00                     452 	.db #0x00	; 0
      000196 00                     453 	.db #0x00	; 0
      000197 00                     454 	.db #0x00	; 0
      000198 00                     455 	.db #0x00	; 0
      000199 00                     456 	.db #0x00	; 0
      00019A 00                     457 	.db #0x00	; 0
      00019B 00                     458 	.db #0x00	; 0
      00019C 0F                     459 	.db #0x0f	; 15
      00019D 00                     460 	.db #0x00	; 0
      00019E 00                     461 	.db #0x00	; 0
      00019F 00                     462 	.db #0x00	; 0
      0001A0 00                     463 	.db #0x00	; 0
      0001A1 00                     464 	.db #0x00	; 0
      0001A2 00                     465 	.db #0x00	; 0
      0001A3 0F                     466 	.db #0x0f	; 15
      0001A4 00                     467 	.db #0x00	; 0
      0001A5 00                     468 	.db #0x00	; 0
      0001A6 00                     469 	.db #0x00	; 0
      0001A7 00                     470 	.db #0x00	; 0
      0001A8 00                     471 	.db #0x00	; 0
      0001A9 00                     472 	.db #0x00	; 0
      0001AA 00                     473 	.db #0x00	; 0
      0001AB 00                     474 	.db #0x00	; 0
      0001AC 00                     475 	.db #0x00	; 0
      0001AD 00                     476 	.db #0x00	; 0
      0001AE 00                     477 	.db #0x00	; 0
      0001AF 00                     478 	.db #0x00	; 0
      0001B0 00                     479 	.db #0x00	; 0
      0001B1 00                     480 	.db #0x00	; 0
      0001B2 00                     481 	.db #0x00	; 0
      0001B3 00                     482 	.db #0x00	; 0
      0001B4 00                     483 	.db #0x00	; 0
      0001B5 00                     484 	.db #0x00	; 0
      0001B6 00                     485 	.db #0x00	; 0
      0001B7 00                     486 	.db #0x00	; 0
      0001B8 00                     487 	.db #0x00	; 0
      0001B9 00                     488 	.db #0x00	; 0
      0001BA 00                     489 	.db #0x00	; 0
      0001BB 00                     490 	.db #0x00	; 0
      0001BC 0F                     491 	.db #0x0f	; 15
      0001BD 00                     492 	.db #0x00	; 0
      0001BE 00                     493 	.db #0x00	; 0
      0001BF 00                     494 	.db #0x00	; 0
      0001C0 00                     495 	.db #0x00	; 0
      0001C1 00                     496 	.db #0x00	; 0
      0001C2 00                     497 	.db #0x00	; 0
      0001C3 0F                     498 	.db #0x0f	; 15
      0001C4 00                     499 	.db #0x00	; 0
      0001C5 00                     500 	.db #0x00	; 0
      0001C6 00                     501 	.db #0x00	; 0
      0001C7 00                     502 	.db #0x00	; 0
      0001C8 00                     503 	.db #0x00	; 0
      0001C9 00                     504 	.db #0x00	; 0
      0001CA 00                     505 	.db #0x00	; 0
      0001CB 00                     506 	.db #0x00	; 0
      0001CC 00                     507 	.db #0x00	; 0
      0001CD 00                     508 	.db #0x00	; 0
      0001CE 00                     509 	.db #0x00	; 0
      0001CF 00                     510 	.db #0x00	; 0
      0001D0 00                     511 	.db #0x00	; 0
      0001D1 0F                     512 	.db #0x0f	; 15
      0001D2 0F                     513 	.db #0x0f	; 15
      0001D3 00                     514 	.db #0x00	; 0
      0001D4 00                     515 	.db #0x00	; 0
      0001D5 00                     516 	.db #0x00	; 0
      0001D6 00                     517 	.db #0x00	; 0
      0001D7 00                     518 	.db #0x00	; 0
      0001D8 00                     519 	.db #0x00	; 0
      0001D9 00                     520 	.db #0x00	; 0
      0001DA 00                     521 	.db #0x00	; 0
      0001DB 00                     522 	.db #0x00	; 0
      0001DC 0F                     523 	.db #0x0f	; 15
      0001DD 00                     524 	.db #0x00	; 0
      0001DE 00                     525 	.db #0x00	; 0
      0001DF 00                     526 	.db #0x00	; 0
      0001E0 00                     527 	.db #0x00	; 0
      0001E1 00                     528 	.db #0x00	; 0
      0001E2 00                     529 	.db #0x00	; 0
      0001E3 0F                     530 	.db #0x0f	; 15
      0001E4 00                     531 	.db #0x00	; 0
      0001E5 00                     532 	.db #0x00	; 0
      0001E6 00                     533 	.db #0x00	; 0
      0001E7 00                     534 	.db #0x00	; 0
      0001E8 00                     535 	.db #0x00	; 0
      0001E9 00                     536 	.db #0x00	; 0
      0001EA 00                     537 	.db #0x00	; 0
      0001EB 00                     538 	.db #0x00	; 0
      0001EC 00                     539 	.db #0x00	; 0
      0001ED 00                     540 	.db #0x00	; 0
      0001EE 00                     541 	.db #0x00	; 0
      0001EF 00                     542 	.db #0x00	; 0
      0001F0 00                     543 	.db #0x00	; 0
      0001F1 0F                     544 	.db #0x0f	; 15
      0001F2 0F                     545 	.db #0x0f	; 15
      0001F3 00                     546 	.db #0x00	; 0
      0001F4 00                     547 	.db #0x00	; 0
      0001F5 00                     548 	.db #0x00	; 0
      0001F6 00                     549 	.db #0x00	; 0
      0001F7 00                     550 	.db #0x00	; 0
      0001F8 00                     551 	.db #0x00	; 0
      0001F9 00                     552 	.db #0x00	; 0
      0001FA 00                     553 	.db #0x00	; 0
      0001FB 00                     554 	.db #0x00	; 0
      0001FC 0F                     555 	.db #0x0f	; 15
      0001FD 00                     556 	.db #0x00	; 0
      0001FE 00                     557 	.db #0x00	; 0
      0001FF 00                     558 	.db #0x00	; 0
      000200 00                     559 	.db #0x00	; 0
      000201 00                     560 	.db #0x00	; 0
      000202 00                     561 	.db #0x00	; 0
      000203 0F                     562 	.db #0x0f	; 15
      000204 00                     563 	.db #0x00	; 0
      000205 00                     564 	.db #0x00	; 0
      000206 00                     565 	.db #0x00	; 0
      000207 00                     566 	.db #0x00	; 0
      000208 0F                     567 	.db #0x0f	; 15
      000209 0F                     568 	.db #0x0f	; 15
      00020A 00                     569 	.db #0x00	; 0
      00020B 00                     570 	.db #0x00	; 0
      00020C 00                     571 	.db #0x00	; 0
      00020D 00                     572 	.db #0x00	; 0
      00020E 00                     573 	.db #0x00	; 0
      00020F 00                     574 	.db #0x00	; 0
      000210 00                     575 	.db #0x00	; 0
      000211 00                     576 	.db #0x00	; 0
      000212 00                     577 	.db #0x00	; 0
      000213 00                     578 	.db #0x00	; 0
      000214 00                     579 	.db #0x00	; 0
      000215 00                     580 	.db #0x00	; 0
      000216 00                     581 	.db #0x00	; 0
      000217 00                     582 	.db #0x00	; 0
      000218 00                     583 	.db #0x00	; 0
      000219 00                     584 	.db #0x00	; 0
      00021A 00                     585 	.db #0x00	; 0
      00021B 00                     586 	.db #0x00	; 0
      00021C 0F                     587 	.db #0x0f	; 15
      00021D 00                     588 	.db #0x00	; 0
      00021E 00                     589 	.db #0x00	; 0
      00021F 00                     590 	.db #0x00	; 0
      000220 00                     591 	.db #0x00	; 0
      000221 00                     592 	.db #0x00	; 0
      000222 00                     593 	.db #0x00	; 0
      000223 0F                     594 	.db #0x0f	; 15
      000224 00                     595 	.db #0x00	; 0
      000225 00                     596 	.db #0x00	; 0
      000226 00                     597 	.db #0x00	; 0
      000227 00                     598 	.db #0x00	; 0
      000228 0F                     599 	.db #0x0f	; 15
      000229 0F                     600 	.db #0x0f	; 15
      00022A 00                     601 	.db #0x00	; 0
      00022B 00                     602 	.db #0x00	; 0
      00022C 00                     603 	.db #0x00	; 0
      00022D 00                     604 	.db #0x00	; 0
      00022E 00                     605 	.db #0x00	; 0
      00022F 00                     606 	.db #0x00	; 0
      000230 00                     607 	.db #0x00	; 0
      000231 00                     608 	.db #0x00	; 0
      000232 00                     609 	.db #0x00	; 0
      000233 00                     610 	.db #0x00	; 0
      000234 00                     611 	.db #0x00	; 0
      000235 00                     612 	.db #0x00	; 0
      000236 00                     613 	.db #0x00	; 0
      000237 00                     614 	.db #0x00	; 0
      000238 00                     615 	.db #0x00	; 0
      000239 00                     616 	.db #0x00	; 0
      00023A 00                     617 	.db #0x00	; 0
      00023B 00                     618 	.db #0x00	; 0
      00023C 0F                     619 	.db #0x0f	; 15
      00023D 00                     620 	.db #0x00	; 0
      00023E 00                     621 	.db #0x00	; 0
      00023F 00                     622 	.db #0x00	; 0
      000240 00                     623 	.db #0x00	; 0
      000241 00                     624 	.db #0x00	; 0
      000242 00                     625 	.db #0x00	; 0
      000243 0F                     626 	.db #0x0f	; 15
      000244 0F                     627 	.db #0x0f	; 15
      000245 0F                     628 	.db #0x0f	; 15
      000246 0F                     629 	.db #0x0f	; 15
      000247 0F                     630 	.db #0x0f	; 15
      000248 0F                     631 	.db #0x0f	; 15
      000249 0F                     632 	.db #0x0f	; 15
      00024A 0F                     633 	.db #0x0f	; 15
      00024B 0F                     634 	.db #0x0f	; 15
      00024C 0F                     635 	.db #0x0f	; 15
      00024D 0F                     636 	.db #0x0f	; 15
      00024E 0F                     637 	.db #0x0f	; 15
      00024F 0F                     638 	.db #0x0f	; 15
      000250 0F                     639 	.db #0x0f	; 15
      000251 0F                     640 	.db #0x0f	; 15
      000252 0F                     641 	.db #0x0f	; 15
      000253 0F                     642 	.db #0x0f	; 15
      000254 0F                     643 	.db #0x0f	; 15
      000255 0F                     644 	.db #0x0f	; 15
      000256 0F                     645 	.db #0x0f	; 15
      000257 0F                     646 	.db #0x0f	; 15
      000258 00                     647 	.db #0x00	; 0
      000259 00                     648 	.db #0x00	; 0
      00025A 0F                     649 	.db #0x0f	; 15
      00025B 0F                     650 	.db #0x0f	; 15
      00025C 0F                     651 	.db #0x0f	; 15
      00025D 00                     652 	.db #0x00	; 0
      00025E 00                     653 	.db #0x00	; 0
      00025F 00                     654 	.db #0x00	; 0
      000260 00                     655 	.db #0x00	; 0
      000261 0F                     656 	.db #0x0f	; 15
      000262 0F                     657 	.db #0x0f	; 15
      000263 0F                     658 	.db #0x0f	; 15
      000264 0F                     659 	.db #0x0f	; 15
      000265 0F                     660 	.db #0x0f	; 15
      000266 0F                     661 	.db #0x0f	; 15
      000267 0F                     662 	.db #0x0f	; 15
      000268 0F                     663 	.db #0x0f	; 15
      000269 0F                     664 	.db #0x0f	; 15
      00026A 0F                     665 	.db #0x0f	; 15
      00026B 0F                     666 	.db #0x0f	; 15
      00026C 0F                     667 	.db #0x0f	; 15
      00026D 0F                     668 	.db #0x0f	; 15
      00026E 0F                     669 	.db #0x0f	; 15
      00026F 0F                     670 	.db #0x0f	; 15
      000270 0F                     671 	.db #0x0f	; 15
      000271 0F                     672 	.db #0x0f	; 15
      000272 0F                     673 	.db #0x0f	; 15
      000273 0F                     674 	.db #0x0f	; 15
      000274 0F                     675 	.db #0x0f	; 15
      000275 0F                     676 	.db #0x0f	; 15
      000276 0F                     677 	.db #0x0f	; 15
      000277 0F                     678 	.db #0x0f	; 15
      000278 00                     679 	.db #0x00	; 0
      000279 00                     680 	.db #0x00	; 0
      00027A 0F                     681 	.db #0x0f	; 15
      00027B 0F                     682 	.db #0x0f	; 15
      00027C 0F                     683 	.db #0x0f	; 15
      00027D 0F                     684 	.db #0x0f	; 15
      00027E 0F                     685 	.db #0x0f	; 15
      00027F 00                     686 	.db #0x00	; 0
      000280 00                     687 	.db #0x00	; 0
      000281 0F                     688 	.db #0x0f	; 15
      000282 00                     689 	.db #0x00	; 0
      000283 00                     690 	.db #0x00	; 0
      000284 00                     691 	.db #0x00	; 0
      000285 00                     692 	.db #0x00	; 0
      000286 00                     693 	.db #0x00	; 0
      000287 00                     694 	.db #0x00	; 0
      000288 00                     695 	.db #0x00	; 0
      000289 00                     696 	.db #0x00	; 0
      00028A 00                     697 	.db #0x00	; 0
      00028B 00                     698 	.db #0x00	; 0
      00028C 00                     699 	.db #0x00	; 0
      00028D 00                     700 	.db #0x00	; 0
      00028E 00                     701 	.db #0x00	; 0
      00028F 00                     702 	.db #0x00	; 0
      000290 00                     703 	.db #0x00	; 0
      000291 00                     704 	.db #0x00	; 0
      000292 00                     705 	.db #0x00	; 0
      000293 00                     706 	.db #0x00	; 0
      000294 00                     707 	.db #0x00	; 0
      000295 00                     708 	.db #0x00	; 0
      000296 00                     709 	.db #0x00	; 0
      000297 00                     710 	.db #0x00	; 0
      000298 00                     711 	.db #0x00	; 0
      000299 00                     712 	.db #0x00	; 0
      00029A 00                     713 	.db #0x00	; 0
      00029B 00                     714 	.db #0x00	; 0
      00029C 00                     715 	.db #0x00	; 0
      00029D 00                     716 	.db #0x00	; 0
      00029E 0F                     717 	.db #0x0f	; 15
      00029F 00                     718 	.db #0x00	; 0
      0002A0 00                     719 	.db #0x00	; 0
      0002A1 0F                     720 	.db #0x0f	; 15
      0002A2 00                     721 	.db #0x00	; 0
      0002A3 00                     722 	.db #0x00	; 0
      0002A4 00                     723 	.db #0x00	; 0
      0002A5 00                     724 	.db #0x00	; 0
      0002A6 00                     725 	.db #0x00	; 0
      0002A7 00                     726 	.db #0x00	; 0
      0002A8 00                     727 	.db #0x00	; 0
      0002A9 00                     728 	.db #0x00	; 0
      0002AA 00                     729 	.db #0x00	; 0
      0002AB 00                     730 	.db #0x00	; 0
      0002AC 00                     731 	.db #0x00	; 0
      0002AD 00                     732 	.db #0x00	; 0
      0002AE 00                     733 	.db #0x00	; 0
      0002AF 00                     734 	.db #0x00	; 0
      0002B0 00                     735 	.db #0x00	; 0
      0002B1 00                     736 	.db #0x00	; 0
      0002B2 00                     737 	.db #0x00	; 0
      0002B3 00                     738 	.db #0x00	; 0
      0002B4 00                     739 	.db #0x00	; 0
      0002B5 00                     740 	.db #0x00	; 0
      0002B6 00                     741 	.db #0x00	; 0
      0002B7 00                     742 	.db #0x00	; 0
      0002B8 00                     743 	.db #0x00	; 0
      0002B9 00                     744 	.db #0x00	; 0
      0002BA 00                     745 	.db #0x00	; 0
      0002BB 00                     746 	.db #0x00	; 0
      0002BC 00                     747 	.db #0x00	; 0
      0002BD 00                     748 	.db #0x00	; 0
      0002BE 0F                     749 	.db #0x0f	; 15
      0002BF 00                     750 	.db #0x00	; 0
      0002C0 00                     751 	.db #0x00	; 0
      0002C1 0F                     752 	.db #0x0f	; 15
      0002C2 00                     753 	.db #0x00	; 0
      0002C3 00                     754 	.db #0x00	; 0
      0002C4 00                     755 	.db #0x00	; 0
      0002C5 00                     756 	.db #0x00	; 0
      0002C6 00                     757 	.db #0x00	; 0
      0002C7 00                     758 	.db #0x00	; 0
      0002C8 00                     759 	.db #0x00	; 0
      0002C9 00                     760 	.db #0x00	; 0
      0002CA 00                     761 	.db #0x00	; 0
      0002CB 00                     762 	.db #0x00	; 0
      0002CC 00                     763 	.db #0x00	; 0
      0002CD 00                     764 	.db #0x00	; 0
      0002CE 00                     765 	.db #0x00	; 0
      0002CF 00                     766 	.db #0x00	; 0
      0002D0 00                     767 	.db #0x00	; 0
      0002D1 0F                     768 	.db #0x0f	; 15
      0002D2 0F                     769 	.db #0x0f	; 15
      0002D3 0F                     770 	.db #0x0f	; 15
      0002D4 0F                     771 	.db #0x0f	; 15
      0002D5 00                     772 	.db #0x00	; 0
      0002D6 00                     773 	.db #0x00	; 0
      0002D7 0F                     774 	.db #0x0f	; 15
      0002D8 0F                     775 	.db #0x0f	; 15
      0002D9 0F                     776 	.db #0x0f	; 15
      0002DA 0F                     777 	.db #0x0f	; 15
      0002DB 00                     778 	.db #0x00	; 0
      0002DC 00                     779 	.db #0x00	; 0
      0002DD 00                     780 	.db #0x00	; 0
      0002DE 0F                     781 	.db #0x0f	; 15
      0002DF 00                     782 	.db #0x00	; 0
      0002E0 00                     783 	.db #0x00	; 0
      0002E1 0F                     784 	.db #0x0f	; 15
      0002E2 00                     785 	.db #0x00	; 0
      0002E3 00                     786 	.db #0x00	; 0
      0002E4 00                     787 	.db #0x00	; 0
      0002E5 00                     788 	.db #0x00	; 0
      0002E6 00                     789 	.db #0x00	; 0
      0002E7 00                     790 	.db #0x00	; 0
      0002E8 00                     791 	.db #0x00	; 0
      0002E9 00                     792 	.db #0x00	; 0
      0002EA 00                     793 	.db #0x00	; 0
      0002EB 00                     794 	.db #0x00	; 0
      0002EC 00                     795 	.db #0x00	; 0
      0002ED 00                     796 	.db #0x00	; 0
      0002EE 00                     797 	.db #0x00	; 0
      0002EF 0F                     798 	.db #0x0f	; 15
      0002F0 0F                     799 	.db #0x0f	; 15
      0002F1 0F                     800 	.db #0x0f	; 15
      0002F2 0F                     801 	.db #0x0f	; 15
      0002F3 0F                     802 	.db #0x0f	; 15
      0002F4 0F                     803 	.db #0x0f	; 15
      0002F5 00                     804 	.db #0x00	; 0
      0002F6 00                     805 	.db #0x00	; 0
      0002F7 0F                     806 	.db #0x0f	; 15
      0002F8 0F                     807 	.db #0x0f	; 15
      0002F9 0F                     808 	.db #0x0f	; 15
      0002FA 0F                     809 	.db #0x0f	; 15
      0002FB 00                     810 	.db #0x00	; 0
      0002FC 00                     811 	.db #0x00	; 0
      0002FD 00                     812 	.db #0x00	; 0
      0002FE 0F                     813 	.db #0x0f	; 15
      0002FF 00                     814 	.db #0x00	; 0
      000300 00                     815 	.db #0x00	; 0
      000301 0F                     816 	.db #0x0f	; 15
      000302 00                     817 	.db #0x00	; 0
      000303 00                     818 	.db #0x00	; 0
      000304 00                     819 	.db #0x00	; 0
      000305 00                     820 	.db #0x00	; 0
      000306 00                     821 	.db #0x00	; 0
      000307 00                     822 	.db #0x00	; 0
      000308 00                     823 	.db #0x00	; 0
      000309 00                     824 	.db #0x00	; 0
      00030A 00                     825 	.db #0x00	; 0
      00030B 00                     826 	.db #0x00	; 0
      00030C 00                     827 	.db #0x00	; 0
      00030D 00                     828 	.db #0x00	; 0
      00030E 00                     829 	.db #0x00	; 0
      00030F 0F                     830 	.db #0x0f	; 15
      000310 0F                     831 	.db #0x0f	; 15
      000311 0F                     832 	.db #0x0f	; 15
      000312 0F                     833 	.db #0x0f	; 15
      000313 00                     834 	.db #0x00	; 0
      000314 00                     835 	.db #0x00	; 0
      000315 00                     836 	.db #0x00	; 0
      000316 00                     837 	.db #0x00	; 0
      000317 00                     838 	.db #0x00	; 0
      000318 00                     839 	.db #0x00	; 0
      000319 0F                     840 	.db #0x0f	; 15
      00031A 0F                     841 	.db #0x0f	; 15
      00031B 00                     842 	.db #0x00	; 0
      00031C 00                     843 	.db #0x00	; 0
      00031D 00                     844 	.db #0x00	; 0
      00031E 0F                     845 	.db #0x0f	; 15
      00031F 00                     846 	.db #0x00	; 0
      000320 00                     847 	.db #0x00	; 0
      000321 0F                     848 	.db #0x0f	; 15
      000322 00                     849 	.db #0x00	; 0
      000323 00                     850 	.db #0x00	; 0
      000324 00                     851 	.db #0x00	; 0
      000325 00                     852 	.db #0x00	; 0
      000326 00                     853 	.db #0x00	; 0
      000327 00                     854 	.db #0x00	; 0
      000328 00                     855 	.db #0x00	; 0
      000329 00                     856 	.db #0x00	; 0
      00032A 00                     857 	.db #0x00	; 0
      00032B 00                     858 	.db #0x00	; 0
      00032C 00                     859 	.db #0x00	; 0
      00032D 00                     860 	.db #0x00	; 0
      00032E 00                     861 	.db #0x00	; 0
      00032F 0F                     862 	.db #0x0f	; 15
      000330 0F                     863 	.db #0x0f	; 15
      000331 0F                     864 	.db #0x0f	; 15
      000332 0F                     865 	.db #0x0f	; 15
      000333 00                     866 	.db #0x00	; 0
      000334 00                     867 	.db #0x00	; 0
      000335 00                     868 	.db #0x00	; 0
      000336 00                     869 	.db #0x00	; 0
      000337 00                     870 	.db #0x00	; 0
      000338 00                     871 	.db #0x00	; 0
      000339 0F                     872 	.db #0x0f	; 15
      00033A 0F                     873 	.db #0x0f	; 15
      00033B 00                     874 	.db #0x00	; 0
      00033C 0F                     875 	.db #0x0f	; 15
      00033D 0F                     876 	.db #0x0f	; 15
      00033E 0F                     877 	.db #0x0f	; 15
      00033F 00                     878 	.db #0x00	; 0
      000340 00                     879 	.db #0x00	; 0
      000341 0F                     880 	.db #0x0f	; 15
      000342 00                     881 	.db #0x00	; 0
      000343 00                     882 	.db #0x00	; 0
      000344 00                     883 	.db #0x00	; 0
      000345 00                     884 	.db #0x00	; 0
      000346 00                     885 	.db #0x00	; 0
      000347 00                     886 	.db #0x00	; 0
      000348 00                     887 	.db #0x00	; 0
      000349 00                     888 	.db #0x00	; 0
      00034A 00                     889 	.db #0x00	; 0
      00034B 00                     890 	.db #0x00	; 0
      00034C 00                     891 	.db #0x00	; 0
      00034D 00                     892 	.db #0x00	; 0
      00034E 00                     893 	.db #0x00	; 0
      00034F 0F                     894 	.db #0x0f	; 15
      000350 0F                     895 	.db #0x0f	; 15
      000351 0F                     896 	.db #0x0f	; 15
      000352 0F                     897 	.db #0x0f	; 15
      000353 00                     898 	.db #0x00	; 0
      000354 00                     899 	.db #0x00	; 0
      000355 00                     900 	.db #0x00	; 0
      000356 00                     901 	.db #0x00	; 0
      000357 00                     902 	.db #0x00	; 0
      000358 00                     903 	.db #0x00	; 0
      000359 0F                     904 	.db #0x0f	; 15
      00035A 0F                     905 	.db #0x0f	; 15
      00035B 00                     906 	.db #0x00	; 0
      00035C 0F                     907 	.db #0x0f	; 15
      00035D 0F                     908 	.db #0x0f	; 15
      00035E 0F                     909 	.db #0x0f	; 15
      00035F 00                     910 	.db #0x00	; 0
      000360 00                     911 	.db #0x00	; 0
      000361 0F                     912 	.db #0x0f	; 15
      000362 00                     913 	.db #0x00	; 0
      000363 00                     914 	.db #0x00	; 0
      000364 00                     915 	.db #0x00	; 0
      000365 00                     916 	.db #0x00	; 0
      000366 00                     917 	.db #0x00	; 0
      000367 00                     918 	.db #0x00	; 0
      000368 00                     919 	.db #0x00	; 0
      000369 00                     920 	.db #0x00	; 0
      00036A 00                     921 	.db #0x00	; 0
      00036B 00                     922 	.db #0x00	; 0
      00036C 00                     923 	.db #0x00	; 0
      00036D 00                     924 	.db #0x00	; 0
      00036E 00                     925 	.db #0x00	; 0
      00036F 00                     926 	.db #0x00	; 0
      000370 00                     927 	.db #0x00	; 0
      000371 0F                     928 	.db #0x0f	; 15
      000372 0F                     929 	.db #0x0f	; 15
      000373 00                     930 	.db #0x00	; 0
      000374 00                     931 	.db #0x00	; 0
      000375 00                     932 	.db #0x00	; 0
      000376 00                     933 	.db #0x00	; 0
      000377 00                     934 	.db #0x00	; 0
      000378 00                     935 	.db #0x00	; 0
      000379 0F                     936 	.db #0x0f	; 15
      00037A 0F                     937 	.db #0x0f	; 15
      00037B 00                     938 	.db #0x00	; 0
      00037C 00                     939 	.db #0x00	; 0
      00037D 00                     940 	.db #0x00	; 0
      00037E 0F                     941 	.db #0x0f	; 15
      00037F 00                     942 	.db #0x00	; 0
      000380 00                     943 	.db #0x00	; 0
      000381 0F                     944 	.db #0x0f	; 15
      000382 00                     945 	.db #0x00	; 0
      000383 00                     946 	.db #0x00	; 0
      000384 00                     947 	.db #0x00	; 0
      000385 00                     948 	.db #0x00	; 0
      000386 00                     949 	.db #0x00	; 0
      000387 00                     950 	.db #0x00	; 0
      000388 00                     951 	.db #0x00	; 0
      000389 00                     952 	.db #0x00	; 0
      00038A 00                     953 	.db #0x00	; 0
      00038B 00                     954 	.db #0x00	; 0
      00038C 00                     955 	.db #0x00	; 0
      00038D 00                     956 	.db #0x00	; 0
      00038E 00                     957 	.db #0x00	; 0
      00038F 00                     958 	.db #0x00	; 0
      000390 00                     959 	.db #0x00	; 0
      000391 0F                     960 	.db #0x0f	; 15
      000392 0F                     961 	.db #0x0f	; 15
      000393 00                     962 	.db #0x00	; 0
      000394 00                     963 	.db #0x00	; 0
      000395 00                     964 	.db #0x00	; 0
      000396 00                     965 	.db #0x00	; 0
      000397 00                     966 	.db #0x00	; 0
      000398 00                     967 	.db #0x00	; 0
      000399 0F                     968 	.db #0x0f	; 15
      00039A 0F                     969 	.db #0x0f	; 15
      00039B 00                     970 	.db #0x00	; 0
      00039C 0F                     971 	.db #0x0f	; 15
      00039D 0F                     972 	.db #0x0f	; 15
      00039E 0F                     973 	.db #0x0f	; 15
      00039F 00                     974 	.db #0x00	; 0
      0003A0 00                     975 	.db #0x00	; 0
      0003A1 0F                     976 	.db #0x0f	; 15
      0003A2 00                     977 	.db #0x00	; 0
      0003A3 00                     978 	.db #0x00	; 0
      0003A4 00                     979 	.db #0x00	; 0
      0003A5 00                     980 	.db #0x00	; 0
      0003A6 00                     981 	.db #0x00	; 0
      0003A7 00                     982 	.db #0x00	; 0
      0003A8 00                     983 	.db #0x00	; 0
      0003A9 00                     984 	.db #0x00	; 0
      0003AA 00                     985 	.db #0x00	; 0
      0003AB 00                     986 	.db #0x00	; 0
      0003AC 00                     987 	.db #0x00	; 0
      0003AD 00                     988 	.db #0x00	; 0
      0003AE 00                     989 	.db #0x00	; 0
      0003AF 00                     990 	.db #0x00	; 0
      0003B0 00                     991 	.db #0x00	; 0
      0003B1 0F                     992 	.db #0x0f	; 15
      0003B2 0F                     993 	.db #0x0f	; 15
      0003B3 00                     994 	.db #0x00	; 0
      0003B4 00                     995 	.db #0x00	; 0
      0003B5 00                     996 	.db #0x00	; 0
      0003B6 00                     997 	.db #0x00	; 0
      0003B7 00                     998 	.db #0x00	; 0
      0003B8 00                     999 	.db #0x00	; 0
      0003B9 0F                    1000 	.db #0x0f	; 15
      0003BA 0F                    1001 	.db #0x0f	; 15
      0003BB 00                    1002 	.db #0x00	; 0
      0003BC 0F                    1003 	.db #0x0f	; 15
      0003BD 0F                    1004 	.db #0x0f	; 15
      0003BE 0F                    1005 	.db #0x0f	; 15
      0003BF 00                    1006 	.db #0x00	; 0
      0003C0 00                    1007 	.db #0x00	; 0
      0003C1 0F                    1008 	.db #0x0f	; 15
      0003C2 0F                    1009 	.db #0x0f	; 15
      0003C3 0F                    1010 	.db #0x0f	; 15
      0003C4 0F                    1011 	.db #0x0f	; 15
      0003C5 0F                    1012 	.db #0x0f	; 15
      0003C6 0F                    1013 	.db #0x0f	; 15
      0003C7 0F                    1014 	.db #0x0f	; 15
      0003C8 0F                    1015 	.db #0x0f	; 15
      0003C9 0F                    1016 	.db #0x0f	; 15
      0003CA 0F                    1017 	.db #0x0f	; 15
      0003CB 0F                    1018 	.db #0x0f	; 15
      0003CC 0F                    1019 	.db #0x0f	; 15
      0003CD 0F                    1020 	.db #0x0f	; 15
      0003CE 0F                    1021 	.db #0x0f	; 15
      0003CF 0F                    1022 	.db #0x0f	; 15
      0003D0 0F                    1023 	.db #0x0f	; 15
      0003D1 0F                    1024 	.db #0x0f	; 15
      0003D2 0F                    1025 	.db #0x0f	; 15
      0003D3 0F                    1026 	.db #0x0f	; 15
      0003D4 0F                    1027 	.db #0x0f	; 15
      0003D5 00                    1028 	.db #0x00	; 0
      0003D6 00                    1029 	.db #0x00	; 0
      0003D7 0F                    1030 	.db #0x0f	; 15
      0003D8 0F                    1031 	.db #0x0f	; 15
      0003D9 0F                    1032 	.db #0x0f	; 15
      0003DA 0F                    1033 	.db #0x0f	; 15
      0003DB 0F                    1034 	.db #0x0f	; 15
      0003DC 0F                    1035 	.db #0x0f	; 15
      0003DD 0F                    1036 	.db #0x0f	; 15
      0003DE 0F                    1037 	.db #0x0f	; 15
      0003DF 00                    1038 	.db #0x00	; 0
      0003E0 00                    1039 	.db #0x00	; 0
      0003E1 00                    1040 	.db #0x00	; 0
      0003E2 00                    1041 	.db #0x00	; 0
      0003E3 00                    1042 	.db #0x00	; 0
      0003E4 00                    1043 	.db #0x00	; 0
      0003E5 00                    1044 	.db #0x00	; 0
      0003E6 00                    1045 	.db #0x00	; 0
      0003E7 00                    1046 	.db #0x00	; 0
      0003E8 00                    1047 	.db #0x00	; 0
      0003E9 00                    1048 	.db #0x00	; 0
      0003EA 00                    1049 	.db #0x00	; 0
      0003EB 00                    1050 	.db #0x00	; 0
      0003EC 00                    1051 	.db #0x00	; 0
      0003ED 00                    1052 	.db #0x00	; 0
      0003EE 00                    1053 	.db #0x00	; 0
      0003EF 00                    1054 	.db #0x00	; 0
      0003F0 00                    1055 	.db #0x00	; 0
      0003F1 00                    1056 	.db #0x00	; 0
      0003F2 00                    1057 	.db #0x00	; 0
      0003F3 00                    1058 	.db #0x00	; 0
      0003F4 0F                    1059 	.db #0x0f	; 15
      0003F5 00                    1060 	.db #0x00	; 0
      0003F6 00                    1061 	.db #0x00	; 0
      0003F7 0F                    1062 	.db #0x0f	; 15
      0003F8 00                    1063 	.db #0x00	; 0
      0003F9 00                    1064 	.db #0x00	; 0
      0003FA 00                    1065 	.db #0x00	; 0
      0003FB 00                    1066 	.db #0x00	; 0
      0003FC 00                    1067 	.db #0x00	; 0
      0003FD 00                    1068 	.db #0x00	; 0
      0003FE 00                    1069 	.db #0x00	; 0
      0003FF 00                    1070 	.db #0x00	; 0
                                   1071 	.area _INITIALIZER
                                   1072 	.area _CABS (ABS)
