                                      1 ;--------------------------------------------------------
                                      2 ; File Created by SDCC : free open source ANSI-C Compiler
                                      3 ; Version 4.1.4 #12246 (Mac OS X x86_64)
                                      4 ;--------------------------------------------------------
                                      5 	.module scene_5_actors
                                      6 	.optsdcc -mgbz80
                                      7 	
                                      8 ;--------------------------------------------------------
                                      9 ; Public variables in this module
                                     10 ;--------------------------------------------------------
                                     11 	.globl _scene_5_actors
                                     12 	.globl ___bank_scene_5_actors
                                     13 ;--------------------------------------------------------
                                     14 ; special function registers
                                     15 ;--------------------------------------------------------
                                     16 ;--------------------------------------------------------
                                     17 ; ram data
                                     18 ;--------------------------------------------------------
                                     19 	.area _DATA
                                     20 ;--------------------------------------------------------
                                     21 ; ram data
                                     22 ;--------------------------------------------------------
                                     23 	.area _INITIALIZED
                                     24 ;--------------------------------------------------------
                                     25 ; absolute external ram data
                                     26 ;--------------------------------------------------------
                                     27 	.area _DABS (ABS)
                                     28 ;--------------------------------------------------------
                                     29 ; global & static initialisations
                                     30 ;--------------------------------------------------------
                                     31 	.area _HOME
                                     32 	.area _GSINIT
                                     33 	.area _GSFINAL
                                     34 	.area _GSINIT
                                     35 ;--------------------------------------------------------
                                     36 ; Home
                                     37 ;--------------------------------------------------------
                                     38 	.area _HOME
                                     39 	.area _HOME
                                     40 ;--------------------------------------------------------
                                     41 ; code
                                     42 ;--------------------------------------------------------
                                     43 	.area _CODE_255
                                     44 	.area _CODE_255
                           0000FF    45 ___bank_scene_5_actors	=	0x00ff
      000000                         46 _scene_5_actors:
      000000 00                      47 	.db #0x00	; 0
      000001 F0 0B                   48 	.dw #0x0bf0
      000003 20 04                   49 	.dw #0x0420
      000005 03                      50 	.db #0x03	; 3
      000006 00                      51 	.db #0x00	;  0
      000007 0F                      52 	.db #0x0f	;  15
      000008 F8                      53 	.db #0xf8	; -8
      000009 07                      54 	.db #0x07	;  7
      00000A 00                      55 	.db #0x00	; 0
      00000B 00                      56 	.db #0x00	; 0
      00000C 00                      57 	.db #0x00	; 0
      00000D 00                      58 	.db #0x00	; 0
      00000E 00                      59 	.db #0x00	; 0
      00000F 00                      60 	.db #0x00	; 0
      000010 07                      61 	.db #0x07	; 7
      000011 01                      62 	.db #0x01	; 1
      000012 00                      63 	.db #0x00	; 0
      000013 00                      64 	.db #0x00	; 0
      000014 00                      65 	.db 0x00
      000015 00                      66 	.db 0x00
      000016 00                      67 	.db 0x00
      000017 00                      68 	.db 0x00
      000018 00                      69 	.db 0x00
      000019 00                      70 	.db 0x00
      00001A 00                      71 	.db 0x00
      00001B 00                      72 	.db 0x00
      00001C 00                      73 	.db 0x00
      00001D 00                      74 	.db 0x00
      00001E 00                      75 	.db 0x00
      00001F 00                      76 	.db 0x00
      000020 00                      77 	.db 0x00
      000021 00                      78 	.db 0x00
      000022 00                      79 	.db 0x00
      000023 00                      80 	.db 0x00
      000024r00                      81 	.byte ___bank_spritesheet_9
      000025r00r00                   82 	.dw _spritesheet_9
      000027 00                      83 	.byte #0x00
      000028 00 00                   84 	.dw #0x0000
      00002A 00                      85 	.byte #0x00
      00002B 00 00                   86 	.dw #0x0000
      00002D 00                      87 	.byte #0x00
      00002E 00 00                   88 	.dw #0x0000
      000030 00                      89 	.byte #0x00
      000031 00 00                   90 	.dw #0x0000
      000033 00                      91 	.byte #0x00
      000034 00 00                   92 	.dw #0x0000
      000036 00 00                   93 	.dw #0x0000
      000038 02                      94 	.db #0x02	; 2
      000039 01                      95 	.db #0x01	; 1
      00003A 00 00                   96 	.dw #0x0000
      00003C 00 00                   97 	.dw #0x0000
      00003E 00                      98 	.db #0x00	; 0
      00003F 60 0D                   99 	.dw #0x0d60
      000041 20 04                  100 	.dw #0x0420
      000043 01                     101 	.db #0x01	; 1
      000044 00                     102 	.db #0x00	;  0
      000045 0F                     103 	.db #0x0f	;  15
      000046 F8                     104 	.db #0xf8	; -8
      000047 07                     105 	.db #0x07	;  7
      000048 00                     106 	.db #0x00	; 0
      000049 00                     107 	.db #0x00	; 0
      00004A 00                     108 	.db #0x00	; 0
      00004B 00                     109 	.db #0x00	; 0
      00004C 00                     110 	.db #0x00	; 0
      00004D 00                     111 	.db #0x00	; 0
      00004E 07                     112 	.db #0x07	; 7
      00004F 01                     113 	.db #0x01	; 1
      000050 00                     114 	.db #0x00	; 0
      000051 00                     115 	.db #0x00	; 0
      000052 00                     116 	.db 0x00
      000053 00                     117 	.db 0x00
      000054 00                     118 	.db 0x00
      000055 00                     119 	.db 0x00
      000056 00                     120 	.db 0x00
      000057 00                     121 	.db 0x00
      000058 00                     122 	.db 0x00
      000059 00                     123 	.db 0x00
      00005A 00                     124 	.db 0x00
      00005B 00                     125 	.db 0x00
      00005C 00                     126 	.db 0x00
      00005D 00                     127 	.db 0x00
      00005E 00                     128 	.db 0x00
      00005F 00                     129 	.db 0x00
      000060 00                     130 	.db 0x00
      000061 00                     131 	.db 0x00
      000062r00                     132 	.byte ___bank_spritesheet_9
      000063r00r00                  133 	.dw _spritesheet_9
      000065 00                     134 	.byte #0x00
      000066 00 00                  135 	.dw #0x0000
      000068 00                     136 	.byte #0x00
      000069 00 00                  137 	.dw #0x0000
      00006B 00                     138 	.byte #0x00
      00006C 00 00                  139 	.dw #0x0000
      00006E 00                     140 	.byte #0x00
      00006F 00 00                  141 	.dw #0x0000
      000071 00                     142 	.byte #0x00
      000072 00 00                  143 	.dw #0x0000
      000074 00 00                  144 	.dw #0x0000
      000076 02                     145 	.db #0x02	; 2
      000077 01                     146 	.db #0x01	; 1
      000078 00 00                  147 	.dw #0x0000
      00007A 00 00                  148 	.dw #0x0000
      00007C 00                     149 	.db #0x00	; 0
      00007D 40 0B                  150 	.dw #0x0b40
      00007F 80 06                  151 	.dw #0x0680
      000081 00                     152 	.db #0x00	; 0
      000082 00                     153 	.db #0x00	;  0
      000083 37                     154 	.db #0x37	;  55	'7'
      000084 E0                     155 	.db #0xe0	; -32
      000085 07                     156 	.db #0x07	;  7
      000086 00                     157 	.db #0x00	; 0
      000087 00                     158 	.db #0x00	; 0
      000088 00                     159 	.db #0x00	; 0
      000089 00                     160 	.db #0x00	; 0
      00008A 00                     161 	.db #0x00	; 0
      00008B 07                     162 	.db #0x07	; 7
      00008C 0F                     163 	.db #0x0f	; 15
      00008D 01                     164 	.db #0x01	; 1
      00008E 00                     165 	.db #0x00	; 0
      00008F 00                     166 	.db #0x00	; 0
      000090 00                     167 	.db 0x00
      000091 00                     168 	.db 0x00
      000092 00                     169 	.db 0x00
      000093 00                     170 	.db 0x00
      000094 00                     171 	.db 0x00
      000095 00                     172 	.db 0x00
      000096 00                     173 	.db 0x00
      000097 00                     174 	.db 0x00
      000098 00                     175 	.db 0x00
      000099 00                     176 	.db 0x00
      00009A 00                     177 	.db 0x00
      00009B 00                     178 	.db 0x00
      00009C 00                     179 	.db 0x00
      00009D 00                     180 	.db 0x00
      00009E 00                     181 	.db 0x00
      00009F 00                     182 	.db 0x00
      0000A0r00                     183 	.byte ___bank_spritesheet_10
      0000A1r00r00                  184 	.dw _spritesheet_10
      0000A3 00                     185 	.byte #0x00
      0000A4 00 00                  186 	.dw #0x0000
      0000A6 00                     187 	.byte #0x00
      0000A7 00 00                  188 	.dw #0x0000
      0000A9 00                     189 	.byte #0x00
      0000AA 00 00                  190 	.dw #0x0000
      0000AC 00                     191 	.byte #0x00
      0000AD 00 00                  192 	.dw #0x0000
      0000AF 00                     193 	.byte #0x00
      0000B0 00 00                  194 	.dw #0x0000
      0000B2 00 00                  195 	.dw #0x0000
      0000B4 02                     196 	.db #0x02	; 2
      0000B5 01                     197 	.db #0x01	; 1
      0000B6 00 00                  198 	.dw #0x0000
      0000B8 00 00                  199 	.dw #0x0000
      0000BA 00                     200 	.db #0x00	; 0
      0000BB 40 0A                  201 	.dw #0x0a40
      0000BD 80 02                  202 	.dw #0x0280
      0000BF 00                     203 	.db #0x00	; 0
      0000C0 00                     204 	.db #0x00	;  0
      0000C1 0F                     205 	.db #0x0f	;  15
      0000C2 F8                     206 	.db #0xf8	; -8
      0000C3 07                     207 	.db #0x07	;  7
      0000C4 00                     208 	.db #0x00	; 0
      0000C5 00                     209 	.db #0x00	; 0
      0000C6 00                     210 	.db #0x00	; 0
      0000C7 00                     211 	.db #0x00	; 0
      0000C8 00                     212 	.db #0x00	; 0
      0000C9 02                     213 	.db #0x02	; 2
      0000CA 0F                     214 	.db #0x0f	; 15
      0000CB 01                     215 	.db #0x01	; 1
      0000CC 00                     216 	.db #0x00	; 0
      0000CD 00                     217 	.db #0x00	; 0
      0000CE 00                     218 	.db 0x00
      0000CF 00                     219 	.db 0x00
      0000D0 00                     220 	.db 0x00
      0000D1 00                     221 	.db 0x00
      0000D2 00                     222 	.db 0x00
      0000D3 00                     223 	.db 0x00
      0000D4 00                     224 	.db 0x00
      0000D5 00                     225 	.db 0x00
      0000D6 00                     226 	.db 0x00
      0000D7 00                     227 	.db 0x00
      0000D8 00                     228 	.db 0x00
      0000D9 00                     229 	.db 0x00
      0000DA 00                     230 	.db 0x00
      0000DB 00                     231 	.db 0x00
      0000DC 00                     232 	.db 0x00
      0000DD 00                     233 	.db 0x00
      0000DEr00                     234 	.byte ___bank_spritesheet_11
      0000DFr00r00                  235 	.dw _spritesheet_11
      0000E1 00                     236 	.byte #0x00
      0000E2 00 00                  237 	.dw #0x0000
      0000E4 00                     238 	.byte #0x00
      0000E5 00 00                  239 	.dw #0x0000
      0000E7 00                     240 	.byte #0x00
      0000E8 00 00                  241 	.dw #0x0000
      0000EA 00                     242 	.byte #0x00
      0000EB 00 00                  243 	.dw #0x0000
      0000ED 00                     244 	.byte #0x00
      0000EE 00 00                  245 	.dw #0x0000
      0000F0 00 00                  246 	.dw #0x0000
      0000F2 02                     247 	.db #0x02	; 2
      0000F3 01                     248 	.db #0x01	; 1
      0000F4 00 00                  249 	.dw #0x0000
      0000F6 00 00                  250 	.dw #0x0000
                                    251 	.area _INITIALIZER
                                    252 	.area _CABS (ABS)
