                                      1 ;--------------------------------------------------------
                                      2 ; File Created by SDCC : free open source ANSI-C Compiler
                                      3 ; Version 4.1.4 #12246 (Mac OS X x86_64)
                                      4 ;--------------------------------------------------------
                                      5 	.module spritesheet_11
                                      6 	.optsdcc -mgbz80
                                      7 	
                                      8 ;--------------------------------------------------------
                                      9 ; Public variables in this module
                                     10 ;--------------------------------------------------------
                                     11 	.globl _spritesheet_11
                                     12 	.globl _spritesheet_11_animations_lookup
                                     13 	.globl _spritesheet_11_animations
                                     14 	.globl _spritesheet_11_metasprites
                                     15 	.globl _spritesheet_11_metasprite_1
                                     16 	.globl _spritesheet_11_metasprite_0
                                     17 	.globl ___bank_spritesheet_11
                                     18 ;--------------------------------------------------------
                                     19 ; special function registers
                                     20 ;--------------------------------------------------------
                                     21 ;--------------------------------------------------------
                                     22 ; ram data
                                     23 ;--------------------------------------------------------
                                     24 	.area _DATA
                                     25 ;--------------------------------------------------------
                                     26 ; ram data
                                     27 ;--------------------------------------------------------
                                     28 	.area _INITIALIZED
                                     29 ;--------------------------------------------------------
                                     30 ; absolute external ram data
                                     31 ;--------------------------------------------------------
                                     32 	.area _DABS (ABS)
                                     33 ;--------------------------------------------------------
                                     34 ; global & static initialisations
                                     35 ;--------------------------------------------------------
                                     36 	.area _HOME
                                     37 	.area _GSINIT
                                     38 	.area _GSFINAL
                                     39 	.area _GSINIT
                                     40 ;--------------------------------------------------------
                                     41 ; Home
                                     42 ;--------------------------------------------------------
                                     43 	.area _HOME
                                     44 	.area _HOME
                                     45 ;--------------------------------------------------------
                                     46 ; code
                                     47 ;--------------------------------------------------------
                                     48 	.area _CODE_255
                                     49 	.area _CODE_255
                           0000FF    50 ___bank_spritesheet_11	=	0x00ff
      000000                         51 _spritesheet_11_metasprite_0:
      000000 00                      52 	.db #0x00	;  0
      000001 00                      53 	.db #0x00	;  0
      000002 00                      54 	.db #0x00	; 0
      000003 10                      55 	.db #0x10	; 16
      000004 00                      56 	.db #0x00	;  0
      000005 08                      57 	.db #0x08	;  8
      000006 02                      58 	.db #0x02	; 2
      000007 10                      59 	.db #0x10	; 16
      000008 00                      60 	.db #0x00	;  0
      000009 F8                      61 	.db #0xf8	; -8
      00000A 04                      62 	.db #0x04	; 4
      00000B 00                      63 	.db #0x00	; 0
      00000C 00                      64 	.db #0x00	;  0
      00000D 08                      65 	.db #0x08	;  8
      00000E 06                      66 	.db #0x06	; 6
      00000F 00                      67 	.db #0x00	; 0
      000010 80                      68 	.db #0x80	; -128
      000011 00                      69 	.db #0x00	;  0
      000012 00                      70 	.db #0x00	; 0
      000013 00                      71 	.db #0x00	; 0
      000014                         72 _spritesheet_11_metasprite_1:
      000014 00                      73 	.db #0x00	;  0
      000015 04                      74 	.db #0x04	;  4
      000016 08                      75 	.db #0x08	; 8
      000017 10                      76 	.db #0x10	; 16
      000018 00                      77 	.db #0x00	;  0
      000019 00                      78 	.db #0x00	;  0
      00001A 0A                      79 	.db #0x0a	; 10
      00001B 00                      80 	.db #0x00	; 0
      00001C 80                      81 	.db #0x80	; -128
      00001D 00                      82 	.db #0x00	;  0
      00001E 00                      83 	.db #0x00	; 0
      00001F 00                      84 	.db #0x00	; 0
      000020                         85 _spritesheet_11_metasprites:
      000020r00r00                   86 	.dw _spritesheet_11_metasprite_0
      000022r14r00                   87 	.dw _spritesheet_11_metasprite_1
      000024                         88 _spritesheet_11_animations:
      000024 00                      89 	.db #0x00	; 0
      000025 01                      90 	.db #0x01	; 1
      000026 00                      91 	.db #0x00	; 0
      000027 01                      92 	.db #0x01	; 1
      000028 00                      93 	.db #0x00	; 0
      000029 01                      94 	.db #0x01	; 1
      00002A 00                      95 	.db #0x00	; 0
      00002B 01                      96 	.db #0x01	; 1
      00002C 00                      97 	.db #0x00	; 0
      00002D 01                      98 	.db #0x01	; 1
      00002E 00                      99 	.db #0x00	; 0
      00002F 01                     100 	.db #0x01	; 1
      000030 00                     101 	.db #0x00	; 0
      000031 01                     102 	.db #0x01	; 1
      000032 00                     103 	.db #0x00	; 0
      000033 01                     104 	.db #0x01	; 1
      000034                        105 _spritesheet_11_animations_lookup:
      000034 00 00                  106 	.dw #0x0000
      000036                        107 _spritesheet_11:
      000036 02                     108 	.db #0x02	; 2
      000037r20r00                  109 	.dw _spritesheet_11_metasprites
      000039r24r00                  110 	.dw _spritesheet_11_animations
      00003Br34r00                  111 	.dw _spritesheet_11_animations_lookup
      00003D 00                     112 	.db #0x00	;  0
      00003E 0F                     113 	.db #0x0f	;  15
      00003F F8                     114 	.db #0xf8	; -8
      000040 07                     115 	.db #0x07	;  7
      000041r00                     116 	.byte ___bank_spritesheet_11_tiles
      000042r00r00                  117 	.dw _spritesheet_11_tiles
      000044 00                     118 	.db #0x00	; 0
      000045 00 00                  119 	.dw #0x0000
                                    120 	.area _INITIALIZER
                                    121 	.area _CABS (ABS)
