                                      1 ;--------------------------------------------------------
                                      2 ; File Created by SDCC : free open source ANSI-C Compiler
                                      3 ; Version 4.1.4 #12246 (Mac OS X x86_64)
                                      4 ;--------------------------------------------------------
                                      5 	.module spritesheet_0_tiles
                                      6 	.optsdcc -mgbz80
                                      7 	
                                      8 ;--------------------------------------------------------
                                      9 ; Public variables in this module
                                     10 ;--------------------------------------------------------
                                     11 	.globl _spritesheet_0_tiles
                                     12 	.globl ___bank_spritesheet_0_tiles
                                     13 ;--------------------------------------------------------
                                     14 ; special function registers
                                     15 ;--------------------------------------------------------
                                     16 ;--------------------------------------------------------
                                     17 ; ram data
                                     18 ;--------------------------------------------------------
                                     19 	.area _DATA
                                     20 ;--------------------------------------------------------
                                     21 ; ram data
                                     22 ;--------------------------------------------------------
                                     23 	.area _INITIALIZED
                                     24 ;--------------------------------------------------------
                                     25 ; absolute external ram data
                                     26 ;--------------------------------------------------------
                                     27 	.area _DABS (ABS)
                                     28 ;--------------------------------------------------------
                                     29 ; global & static initialisations
                                     30 ;--------------------------------------------------------
                                     31 	.area _HOME
                                     32 	.area _GSINIT
                                     33 	.area _GSFINAL
                                     34 	.area _GSINIT
                                     35 ;--------------------------------------------------------
                                     36 ; Home
                                     37 ;--------------------------------------------------------
                                     38 	.area _HOME
                                     39 	.area _HOME
                                     40 ;--------------------------------------------------------
                                     41 ; code
                                     42 ;--------------------------------------------------------
                                     43 	.area _CODE_255
                                     44 	.area _CODE_255
                           0000FF    45 ___bank_spritesheet_0_tiles	=	0x00ff
      000000                         46 _spritesheet_0_tiles:
      000000 18 00                   47 	.dw #0x0018
      000002 00                      48 	.db #0x00	; 0
      000003 00                      49 	.db #0x00	; 0
      000004 07                      50 	.db #0x07	; 7
      000005 07                      51 	.db #0x07	; 7
      000006 08                      52 	.db #0x08	; 8
      000007 0F                      53 	.db #0x0f	; 15
      000008 10                      54 	.db #0x10	; 16
      000009 1F                      55 	.db #0x1f	; 31
      00000A 3D                      56 	.db #0x3d	; 61
      00000B 23                      57 	.db #0x23	; 35
      00000C 22                      58 	.db #0x22	; 34
      00000D 3F                      59 	.db #0x3f	; 63
      00000E 2D                      60 	.db #0x2d	; 45
      00000F 3E                      61 	.db #0x3e	; 62
      000010 2B                      62 	.db #0x2b	; 43
      000011 3C                      63 	.db #0x3c	; 60
      000012 2B                      64 	.db #0x2b	; 43
      000013 3E                      65 	.db #0x3e	; 62
      000014 2F                      66 	.db #0x2f	; 47
      000015 3A                      67 	.db #0x3a	; 58
      000016 3F                      68 	.db #0x3f	; 63
      000017 2C                      69 	.db #0x2c	; 44
      000018 6F                      70 	.db #0x6f	; 111	'o'
      000019 5F                      71 	.db #0x5f	; 95
      00001A 7F                      72 	.db #0x7f	; 127
      00001B 7F                      73 	.db #0x7f	; 127
      00001C 39                      74 	.db #0x39	; 57	'9'
      00001D 3F                      75 	.db #0x3f	; 63
      00001E 1D                      76 	.db #0x1d	; 29
      00001F 1B                      77 	.db #0x1b	; 27
      000020 0E                      78 	.db #0x0e	; 14
      000021 0E                      79 	.db #0x0e	; 14
      000022 00                      80 	.db #0x00	; 0
      000023 00                      81 	.db #0x00	; 0
      000024 E0                      82 	.db #0xe0	; 224
      000025 E0                      83 	.db #0xe0	; 224
      000026 10                      84 	.db #0x10	; 16
      000027 F0                      85 	.db #0xf0	; 240
      000028 38                      86 	.db #0x38	; 56	'8'
      000029 C8                      87 	.db #0xc8	; 200
      00002A 5C                      88 	.db #0x5c	; 92
      00002B A4                      89 	.db #0xa4	; 164
      00002C AC                      90 	.db #0xac	; 172
      00002D D4                      91 	.db #0xd4	; 212
      00002E 42                      92 	.db #0x42	; 66	'B'
      00002F FE                      93 	.db #0xfe	; 254
      000030 BE                      94 	.db #0xbe	; 190
      000031 7E                      95 	.db #0x7e	; 126
      000032 D4                      96 	.db #0xd4	; 212
      000033 7C                      97 	.db #0x7c	; 124
      000034 F4                      98 	.db #0xf4	; 244
      000035 5C                      99 	.db #0x5c	; 92
      000036 F4                     100 	.db #0xf4	; 244
      000037 3C                     101 	.db #0x3c	; 60
      000038 FA                     102 	.db #0xfa	; 250
      000039 FE                     103 	.db #0xfe	; 254
      00003A 3C                     104 	.db #0x3c	; 60
      00003B E4                     105 	.db #0xe4	; 228
      00003C FC                     106 	.db #0xfc	; 252
      00003D E4                     107 	.db #0xe4	; 228
      00003E F8                     108 	.db #0xf8	; 248
      00003F F8                     109 	.db #0xf8	; 248
      000040 70                     110 	.db #0x70	; 112	'p'
      000041 70                     111 	.db #0x70	; 112	'p'
      000042 00                     112 	.db #0x00	; 0
      000043 00                     113 	.db #0x00	; 0
      000044 07                     114 	.db #0x07	; 7
      000045 07                     115 	.db #0x07	; 7
      000046 08                     116 	.db #0x08	; 8
      000047 0F                     117 	.db #0x0f	; 15
      000048 10                     118 	.db #0x10	; 16
      000049 1F                     119 	.db #0x1f	; 31
      00004A 3D                     120 	.db #0x3d	; 61
      00004B 23                     121 	.db #0x23	; 35
      00004C 22                     122 	.db #0x22	; 34
      00004D 3F                     123 	.db #0x3f	; 63
      00004E 2D                     124 	.db #0x2d	; 45
      00004F 3E                     125 	.db #0x3e	; 62
      000050 2B                     126 	.db #0x2b	; 43
      000051 3C                     127 	.db #0x3c	; 60
      000052 2B                     128 	.db #0x2b	; 43
      000053 3E                     129 	.db #0x3e	; 62
      000054 2F                     130 	.db #0x2f	; 47
      000055 3A                     131 	.db #0x3a	; 58
      000056 3F                     132 	.db #0x3f	; 63
      000057 2C                     133 	.db #0x2c	; 44
      000058 6F                     134 	.db #0x6f	; 111	'o'
      000059 5F                     135 	.db #0x5f	; 95
      00005A 7C                     136 	.db #0x7c	; 124
      00005B 7F                     137 	.db #0x7f	; 127
      00005C 3F                     138 	.db #0x3f	; 63
      00005D 27                     139 	.db #0x27	; 39
      00005E 1F                     140 	.db #0x1f	; 31
      00005F 1F                     141 	.db #0x1f	; 31
      000060 0E                     142 	.db #0x0e	; 14
      000061 0E                     143 	.db #0x0e	; 14
      000062 00                     144 	.db #0x00	; 0
      000063 00                     145 	.db #0x00	; 0
      000064 E0                     146 	.db #0xe0	; 224
      000065 E0                     147 	.db #0xe0	; 224
      000066 10                     148 	.db #0x10	; 16
      000067 F0                     149 	.db #0xf0	; 240
      000068 38                     150 	.db #0x38	; 56	'8'
      000069 C8                     151 	.db #0xc8	; 200
      00006A 5C                     152 	.db #0x5c	; 92
      00006B A4                     153 	.db #0xa4	; 164
      00006C AC                     154 	.db #0xac	; 172
      00006D D4                     155 	.db #0xd4	; 212
      00006E 42                     156 	.db #0x42	; 66	'B'
      00006F FE                     157 	.db #0xfe	; 254
      000070 BE                     158 	.db #0xbe	; 190
      000071 7E                     159 	.db #0x7e	; 126
      000072 D4                     160 	.db #0xd4	; 212
      000073 7C                     161 	.db #0x7c	; 124
      000074 F4                     162 	.db #0xf4	; 244
      000075 5C                     163 	.db #0x5c	; 92
      000076 F4                     164 	.db #0xf4	; 244
      000077 3C                     165 	.db #0x3c	; 60
      000078 F2                     166 	.db #0xf2	; 242
      000079 FE                     167 	.db #0xfe	; 254
      00007A FE                     168 	.db #0xfe	; 254
      00007B FE                     169 	.db #0xfe	; 254
      00007C 9C                     170 	.db #0x9c	; 156
      00007D FC                     171 	.db #0xfc	; 252
      00007E B8                     172 	.db #0xb8	; 184
      00007F D8                     173 	.db #0xd8	; 216
      000080 70                     174 	.db #0x70	; 112	'p'
      000081 70                     175 	.db #0x70	; 112	'p'
      000082 00                     176 	.db #0x00	; 0
      000083 00                     177 	.db #0x00	; 0
      000084 07                     178 	.db #0x07	; 7
      000085 07                     179 	.db #0x07	; 7
      000086 08                     180 	.db #0x08	; 8
      000087 0F                     181 	.db #0x0f	; 15
      000088 16                     182 	.db #0x16	; 22
      000089 19                     183 	.db #0x19	; 25
      00008A 21                     184 	.db #0x21	; 33
      00008B 3E                     185 	.db #0x3e	; 62
      00008C 60                     186 	.db #0x60	; 96
      00008D 7F                     187 	.db #0x7f	; 127
      00008E 20                     188 	.db #0x20	; 32
      00008F 3F                     189 	.db #0x3f	; 63
      000090 20                     190 	.db #0x20	; 32
      000091 3F                     191 	.db #0x3f	; 63
      000092 29                     192 	.db #0x29	; 41
      000093 36                     193 	.db #0x36	; 54	'6'
      000094 29                     194 	.db #0x29	; 41
      000095 36                     195 	.db #0x36	; 54	'6'
      000096 29                     196 	.db #0x29	; 41
      000097 36                     197 	.db #0x36	; 54	'6'
      000098 55                     198 	.db #0x55	; 85	'U'
      000099 6A                     199 	.db #0x6a	; 106	'j'
      00009A 7E                     200 	.db #0x7e	; 126
      00009B 7D                     201 	.db #0x7d	; 125
      00009C 3F                     202 	.db #0x3f	; 63
      00009D 27                     203 	.db #0x27	; 39
      00009E 1F                     204 	.db #0x1f	; 31
      00009F 1F                     205 	.db #0x1f	; 31
      0000A0 00                     206 	.db #0x00	; 0
      0000A1 00                     207 	.db #0x00	; 0
      0000A2 00                     208 	.db #0x00	; 0
      0000A3 00                     209 	.db #0x00	; 0
      0000A4 E0                     210 	.db #0xe0	; 224
      0000A5 E0                     211 	.db #0xe0	; 224
      0000A6 10                     212 	.db #0x10	; 16
      0000A7 F0                     213 	.db #0xf0	; 240
      0000A8 68                     214 	.db #0x68	; 104	'h'
      0000A9 98                     215 	.db #0x98	; 152
      0000AA 84                     216 	.db #0x84	; 132
      0000AB 7C                     217 	.db #0x7c	; 124
      0000AC 04                     218 	.db #0x04	; 4
      0000AD FC                     219 	.db #0xfc	; 252
      0000AE 04                     220 	.db #0x04	; 4
      0000AF FC                     221 	.db #0xfc	; 252
      0000B0 04                     222 	.db #0x04	; 4
      0000B1 FC                     223 	.db #0xfc	; 252
      0000B2 24                     224 	.db #0x24	; 36
      0000B3 DC                     225 	.db #0xdc	; 220
      0000B4 24                     226 	.db #0x24	; 36
      0000B5 DC                     227 	.db #0xdc	; 220
      0000B6 24                     228 	.db #0x24	; 36
      0000B7 DC                     229 	.db #0xdc	; 220
      0000B8 A2                     230 	.db #0xa2	; 162
      0000B9 DE                     231 	.db #0xde	; 222
      0000BA 9E                     232 	.db #0x9e	; 158
      0000BB FE                     233 	.db #0xfe	; 254
      0000BC F8                     234 	.db #0xf8	; 248
      0000BD F8                     235 	.db #0xf8	; 248
      0000BE B0                     236 	.db #0xb0	; 176
      0000BF D0                     237 	.db #0xd0	; 208
      0000C0 70                     238 	.db #0x70	; 112	'p'
      0000C1 70                     239 	.db #0x70	; 112	'p'
      0000C2 00                     240 	.db #0x00	; 0
      0000C3 00                     241 	.db #0x00	; 0
      0000C4 07                     242 	.db #0x07	; 7
      0000C5 07                     243 	.db #0x07	; 7
      0000C6 08                     244 	.db #0x08	; 8
      0000C7 0F                     245 	.db #0x0f	; 15
      0000C8 16                     246 	.db #0x16	; 22
      0000C9 19                     247 	.db #0x19	; 25
      0000CA 21                     248 	.db #0x21	; 33
      0000CB 3E                     249 	.db #0x3e	; 62
      0000CC 20                     250 	.db #0x20	; 32
      0000CD 3F                     251 	.db #0x3f	; 63
      0000CE 60                     252 	.db #0x60	; 96
      0000CF 7F                     253 	.db #0x7f	; 127
      0000D0 20                     254 	.db #0x20	; 32
      0000D1 3F                     255 	.db #0x3f	; 63
      0000D2 29                     256 	.db #0x29	; 41
      0000D3 36                     257 	.db #0x36	; 54	'6'
      0000D4 29                     258 	.db #0x29	; 41
      0000D5 36                     259 	.db #0x36	; 54	'6'
      0000D6 29                     260 	.db #0x29	; 41
      0000D7 36                     261 	.db #0x36	; 54	'6'
      0000D8 55                     262 	.db #0x55	; 85	'U'
      0000D9 6A                     263 	.db #0x6a	; 106	'j'
      0000DA 7E                     264 	.db #0x7e	; 126
      0000DB 7D                     265 	.db #0x7d	; 125
      0000DC 3F                     266 	.db #0x3f	; 63
      0000DD 3F                     267 	.db #0x3f	; 63
      0000DE 0D                     268 	.db #0x0d	; 13
      0000DF 0B                     269 	.db #0x0b	; 11
      0000E0 0E                     270 	.db #0x0e	; 14
      0000E1 0E                     271 	.db #0x0e	; 14
      0000E2 00                     272 	.db #0x00	; 0
      0000E3 00                     273 	.db #0x00	; 0
      0000E4 E0                     274 	.db #0xe0	; 224
      0000E5 E0                     275 	.db #0xe0	; 224
      0000E6 10                     276 	.db #0x10	; 16
      0000E7 F0                     277 	.db #0xf0	; 240
      0000E8 68                     278 	.db #0x68	; 104	'h'
      0000E9 98                     279 	.db #0x98	; 152
      0000EA 84                     280 	.db #0x84	; 132
      0000EB 7C                     281 	.db #0x7c	; 124
      0000EC 04                     282 	.db #0x04	; 4
      0000ED FC                     283 	.db #0xfc	; 252
      0000EE 04                     284 	.db #0x04	; 4
      0000EF FC                     285 	.db #0xfc	; 252
      0000F0 04                     286 	.db #0x04	; 4
      0000F1 FC                     287 	.db #0xfc	; 252
      0000F2 24                     288 	.db #0x24	; 36
      0000F3 DC                     289 	.db #0xdc	; 220
      0000F4 24                     290 	.db #0x24	; 36
      0000F5 DC                     291 	.db #0xdc	; 220
      0000F6 24                     292 	.db #0x24	; 36
      0000F7 DC                     293 	.db #0xdc	; 220
      0000F8 A2                     294 	.db #0xa2	; 162
      0000F9 DE                     295 	.db #0xde	; 222
      0000FA 9E                     296 	.db #0x9e	; 158
      0000FB FE                     297 	.db #0xfe	; 254
      0000FC FC                     298 	.db #0xfc	; 252
      0000FD E4                     299 	.db #0xe4	; 228
      0000FE F8                     300 	.db #0xf8	; 248
      0000FF F8                     301 	.db #0xf8	; 248
      000100 00                     302 	.db #0x00	; 0
      000101 00                     303 	.db #0x00	; 0
      000102 00                     304 	.db #0x00	; 0
      000103 00                     305 	.db #0x00	; 0
      000104 03                     306 	.db #0x03	; 3
      000105 03                     307 	.db #0x03	; 3
      000106 0C                     308 	.db #0x0c	; 12
      000107 0F                     309 	.db #0x0f	; 15
      000108 16                     310 	.db #0x16	; 22
      000109 19                     311 	.db #0x19	; 25
      00010A 2A                     312 	.db #0x2a	; 42
      00010B 37                     313 	.db #0x37	; 55	'7'
      00010C 24                     314 	.db #0x24	; 36
      00010D 3F                     315 	.db #0x3f	; 63
      00010E 29                     316 	.db #0x29	; 41
      00010F 3E                     317 	.db #0x3e	; 62
      000110 27                     318 	.db #0x27	; 39
      000111 3F                     319 	.db #0x3f	; 63
      000112 22                     320 	.db #0x22	; 34
      000113 3F                     321 	.db #0x3f	; 63
      000114 33                     322 	.db #0x33	; 51	'3'
      000115 2E                     323 	.db #0x2e	; 46
      000116 33                     324 	.db #0x33	; 51	'3'
      000117 2F                     325 	.db #0x2f	; 47
      000118 7C                     326 	.db #0x7c	; 124
      000119 47                     327 	.db #0x47	; 71	'G'
      00011A 39                     328 	.db #0x39	; 57	'9'
      00011B 3F                     329 	.db #0x3f	; 63
      00011C 1F                     330 	.db #0x1f	; 31
      00011D 13                     331 	.db #0x13	; 19
      00011E 0F                     332 	.db #0x0f	; 15
      00011F 0F                     333 	.db #0x0f	; 15
      000120 06                     334 	.db #0x06	; 6
      000121 06                     335 	.db #0x06	; 6
      000122 00                     336 	.db #0x00	; 0
      000123 00                     337 	.db #0x00	; 0
      000124 F0                     338 	.db #0xf0	; 240
      000125 F0                     339 	.db #0xf0	; 240
      000126 38                     340 	.db #0x38	; 56	'8'
      000127 C8                     341 	.db #0xc8	; 200
      000128 0C                     342 	.db #0x0c	; 12
      000129 F4                     343 	.db #0xf4	; 244
      00012A 62                     344 	.db #0x62	; 98	'b'
      00012B BE                     345 	.db #0xbe	; 190
      00012C D2                     346 	.db #0xd2	; 210
      00012D 7E                     347 	.db #0x7e	; 126
      00012E AC                     348 	.db #0xac	; 172
      00012F DC                     349 	.db #0xdc	; 220
      000130 38                     350 	.db #0x38	; 56	'8'
      000131 C8                     351 	.db #0xc8	; 200
      000132 F8                     352 	.db #0xf8	; 248
      000133 28                     353 	.db #0x28	; 40
      000134 FC                     354 	.db #0xfc	; 252
      000135 24                     355 	.db #0x24	; 36
      000136 F8                     356 	.db #0xf8	; 248
      000137 08                     357 	.db #0x08	; 8
      000138 F0                     358 	.db #0xf0	; 240
      000139 F0                     359 	.db #0xf0	; 240
      00013A 30                     360 	.db #0x30	; 48	'0'
      00013B D0                     361 	.db #0xd0	; 208
      00013C F8                     362 	.db #0xf8	; 248
      00013D E8                     363 	.db #0xe8	; 232
      00013E 5C                     364 	.db #0x5c	; 92
      00013F 64                     365 	.db #0x64	; 100	'd'
      000140 38                     366 	.db #0x38	; 56	'8'
      000141 38                     367 	.db #0x38	; 56	'8'
      000142 00                     368 	.db #0x00	; 0
      000143 00                     369 	.db #0x00	; 0
      000144 03                     370 	.db #0x03	; 3
      000145 03                     371 	.db #0x03	; 3
      000146 0C                     372 	.db #0x0c	; 12
      000147 0F                     373 	.db #0x0f	; 15
      000148 16                     374 	.db #0x16	; 22
      000149 19                     375 	.db #0x19	; 25
      00014A 2A                     376 	.db #0x2a	; 42
      00014B 37                     377 	.db #0x37	; 55	'7'
      00014C 24                     378 	.db #0x24	; 36
      00014D 3F                     379 	.db #0x3f	; 63
      00014E 29                     380 	.db #0x29	; 41
      00014F 3E                     381 	.db #0x3e	; 62
      000150 27                     382 	.db #0x27	; 39
      000151 3F                     383 	.db #0x3f	; 63
      000152 22                     384 	.db #0x22	; 34
      000153 3F                     385 	.db #0x3f	; 63
      000154 33                     386 	.db #0x33	; 51	'3'
      000155 2E                     387 	.db #0x2e	; 46
      000156 31                     388 	.db #0x31	; 49	'1'
      000157 2F                     389 	.db #0x2f	; 47
      000158 7E                     390 	.db #0x7e	; 126
      000159 43                     391 	.db #0x43	; 67	'C'
      00015A 3E                     392 	.db #0x3e	; 62
      00015B 3F                     393 	.db #0x3f	; 63
      00015C 37                     394 	.db #0x37	; 55	'7'
      00015D 3F                     395 	.db #0x3f	; 63
      00015E 17                     396 	.db #0x17	; 23
      00015F 19                     397 	.db #0x19	; 25
      000160 0E                     398 	.db #0x0e	; 14
      000161 0E                     399 	.db #0x0e	; 14
      000162 00                     400 	.db #0x00	; 0
      000163 00                     401 	.db #0x00	; 0
      000164 F0                     402 	.db #0xf0	; 240
      000165 F0                     403 	.db #0xf0	; 240
      000166 38                     404 	.db #0x38	; 56	'8'
      000167 C8                     405 	.db #0xc8	; 200
      000168 0C                     406 	.db #0x0c	; 12
      000169 F4                     407 	.db #0xf4	; 244
      00016A 62                     408 	.db #0x62	; 98	'b'
      00016B BE                     409 	.db #0xbe	; 190
      00016C D2                     410 	.db #0xd2	; 210
      00016D 7E                     411 	.db #0x7e	; 126
      00016E AC                     412 	.db #0xac	; 172
      00016F DC                     413 	.db #0xdc	; 220
      000170 38                     414 	.db #0x38	; 56	'8'
      000171 C8                     415 	.db #0xc8	; 200
      000172 F8                     416 	.db #0xf8	; 248
      000173 28                     417 	.db #0x28	; 40
      000174 FC                     418 	.db #0xfc	; 252
      000175 24                     419 	.db #0x24	; 36
      000176 F8                     420 	.db #0xf8	; 248
      000177 08                     421 	.db #0x08	; 8
      000178 F0                     422 	.db #0xf0	; 240
      000179 F0                     423 	.db #0xf0	; 240
      00017A 50                     424 	.db #0x50	; 80	'P'
      00017B F0                     425 	.db #0xf0	; 240
      00017C FC                     426 	.db #0xfc	; 252
      00017D 3C                     427 	.db #0x3c	; 60
      00017E FC                     428 	.db #0xfc	; 252
      00017F FC                     429 	.db #0xfc	; 252
      000180 30                     430 	.db #0x30	; 48	'0'
      000181 30                     431 	.db #0x30	; 48	'0'
                                    432 	.area _INITIALIZER
                                    433 	.area _CABS (ABS)
