                                      1 ;--------------------------------------------------------
                                      2 ; File Created by SDCC : free open source ANSI-C Compiler
                                      3 ; Version 4.1.4 #12246 (Mac OS X x86_64)
                                      4 ;--------------------------------------------------------
                                      5 	.module spritesheet_9_tiles
                                      6 	.optsdcc -mgbz80
                                      7 	
                                      8 ;--------------------------------------------------------
                                      9 ; Public variables in this module
                                     10 ;--------------------------------------------------------
                                     11 	.globl _spritesheet_9_tiles
                                     12 	.globl ___bank_spritesheet_9_tiles
                                     13 ;--------------------------------------------------------
                                     14 ; special function registers
                                     15 ;--------------------------------------------------------
                                     16 ;--------------------------------------------------------
                                     17 ; ram data
                                     18 ;--------------------------------------------------------
                                     19 	.area _DATA
                                     20 ;--------------------------------------------------------
                                     21 ; ram data
                                     22 ;--------------------------------------------------------
                                     23 	.area _INITIALIZED
                                     24 ;--------------------------------------------------------
                                     25 ; absolute external ram data
                                     26 ;--------------------------------------------------------
                                     27 	.area _DABS (ABS)
                                     28 ;--------------------------------------------------------
                                     29 ; global & static initialisations
                                     30 ;--------------------------------------------------------
                                     31 	.area _HOME
                                     32 	.area _GSINIT
                                     33 	.area _GSFINAL
                                     34 	.area _GSINIT
                                     35 ;--------------------------------------------------------
                                     36 ; Home
                                     37 ;--------------------------------------------------------
                                     38 	.area _HOME
                                     39 	.area _HOME
                                     40 ;--------------------------------------------------------
                                     41 ; code
                                     42 ;--------------------------------------------------------
                                     43 	.area _CODE_255
                                     44 	.area _CODE_255
                           0000FF    45 ___bank_spritesheet_9_tiles	=	0x00ff
      000000                         46 _spritesheet_9_tiles:
      000000 18 00                   47 	.dw #0x0018
      000002 07                      48 	.db #0x07	; 7
      000003 07                      49 	.db #0x07	; 7
      000004 18                      50 	.db #0x18	; 24
      000005 1F                      51 	.db #0x1f	; 31
      000006 30                      52 	.db #0x30	; 48	'0'
      000007 2F                      53 	.db #0x2f	; 47
      000008 6D                      54 	.db #0x6d	; 109	'm'
      000009 53                      55 	.db #0x53	; 83	'S'
      00000A 52                      56 	.db #0x52	; 82	'R'
      00000B 6F                      57 	.db #0x6f	; 111	'o'
      00000C 4D                      58 	.db #0x4d	; 77	'M'
      00000D 7E                      59 	.db #0x7e	; 126
      00000E 53                      60 	.db #0x53	; 83	'S'
      00000F 7C                      61 	.db #0x7c	; 124
      000010 5B                      62 	.db #0x5b	; 91
      000011 76                      63 	.db #0x76	; 118	'v'
      000012 5F                      64 	.db #0x5f	; 95
      000013 72                      65 	.db #0x72	; 114	'r'
      000014 7F                      66 	.db #0x7f	; 127
      000015 58                      67 	.db #0x58	; 88	'X'
      000016 CF                      68 	.db #0xcf	; 207
      000017 BC                      69 	.db #0xbc	; 188
      000018 9F                      70 	.db #0x9f	; 159
      000019 FF                      71 	.db #0xff	; 255
      00001A 7F                      72 	.db #0x7f	; 127
      00001B 7F                      73 	.db #0x7f	; 127
      00001C 39                      74 	.db #0x39	; 57	'9'
      00001D 3F                      75 	.db #0x3f	; 63
      00001E 1D                      76 	.db #0x1d	; 29
      00001F 1B                      77 	.db #0x1b	; 27
      000020 0E                      78 	.db #0x0e	; 14
      000021 0E                      79 	.db #0x0e	; 14
      000022 E0                      80 	.db #0xe0	; 224
      000023 E0                      81 	.db #0xe0	; 224
      000024 18                      82 	.db #0x18	; 24
      000025 F8                      83 	.db #0xf8	; 248
      000026 34                      84 	.db #0x34	; 52	'4'
      000027 CC                      85 	.db #0xcc	; 204
      000028 5B                      86 	.db #0x5b	; 91
      000029 A7                      87 	.db #0xa7	; 167
      00002A A9                      88 	.db #0xa9	; 169
      00002B D7                      89 	.db #0xd7	; 215
      00002C 46                      90 	.db #0x46	; 70	'F'
      00002D FE                      91 	.db #0xfe	; 254
      00002E BA                      92 	.db #0xba	; 186
      00002F 7E                      93 	.db #0x7e	; 126
      000030 DA                      94 	.db #0xda	; 218
      000031 6E                      95 	.db #0x6e	; 110	'n'
      000032 FA                      96 	.db #0xfa	; 250
      000033 4E                      97 	.db #0x4e	; 78	'N'
      000034 FB                      98 	.db #0xfb	; 251
      000035 1D                      99 	.db #0x1d	; 29
      000036 F1                     100 	.db #0xf1	; 241
      000037 3F                     101 	.db #0x3f	; 63
      000038 FE                     102 	.db #0xfe	; 254
      000039 FE                     103 	.db #0xfe	; 254
      00003A 3C                     104 	.db #0x3c	; 60
      00003B E4                     105 	.db #0xe4	; 228
      00003C FC                     106 	.db #0xfc	; 252
      00003D E4                     107 	.db #0xe4	; 228
      00003E F8                     108 	.db #0xf8	; 248
      00003F F8                     109 	.db #0xf8	; 248
      000040 70                     110 	.db #0x70	; 112	'p'
      000041 70                     111 	.db #0x70	; 112	'p'
      000042 07                     112 	.db #0x07	; 7
      000043 07                     113 	.db #0x07	; 7
      000044 18                     114 	.db #0x18	; 24
      000045 1F                     115 	.db #0x1f	; 31
      000046 30                     116 	.db #0x30	; 48	'0'
      000047 2F                     117 	.db #0x2f	; 47
      000048 6D                     118 	.db #0x6d	; 109	'm'
      000049 53                     119 	.db #0x53	; 83	'S'
      00004A 52                     120 	.db #0x52	; 82	'R'
      00004B 6F                     121 	.db #0x6f	; 111	'o'
      00004C 4D                     122 	.db #0x4d	; 77	'M'
      00004D 7E                     123 	.db #0x7e	; 126
      00004E 53                     124 	.db #0x53	; 83	'S'
      00004F 7C                     125 	.db #0x7c	; 124
      000050 5B                     126 	.db #0x5b	; 91
      000051 76                     127 	.db #0x76	; 118	'v'
      000052 5F                     128 	.db #0x5f	; 95
      000053 72                     129 	.db #0x72	; 114	'r'
      000054 FF                     130 	.db #0xff	; 255
      000055 D8                     131 	.db #0xd8	; 216
      000056 CF                     132 	.db #0xcf	; 207
      000057 BC                     133 	.db #0xbc	; 188
      000058 5F                     134 	.db #0x5f	; 95
      000059 7F                     135 	.db #0x7f	; 127
      00005A 3C                     136 	.db #0x3c	; 60
      00005B 27                     137 	.db #0x27	; 39
      00005C 3F                     138 	.db #0x3f	; 63
      00005D 27                     139 	.db #0x27	; 39
      00005E 1F                     140 	.db #0x1f	; 31
      00005F 1F                     141 	.db #0x1f	; 31
      000060 0E                     142 	.db #0x0e	; 14
      000061 0E                     143 	.db #0x0e	; 14
      000062 E0                     144 	.db #0xe0	; 224
      000063 E0                     145 	.db #0xe0	; 224
      000064 18                     146 	.db #0x18	; 24
      000065 F8                     147 	.db #0xf8	; 248
      000066 34                     148 	.db #0x34	; 52	'4'
      000067 CC                     149 	.db #0xcc	; 204
      000068 5A                     150 	.db #0x5a	; 90	'Z'
      000069 A6                     151 	.db #0xa6	; 166
      00006A AA                     152 	.db #0xaa	; 170
      00006B D6                     153 	.db #0xd6	; 214
      00006C 41                     154 	.db #0x41	; 65	'A'
      00006D FF                     155 	.db #0xff	; 255
      00006E BF                     156 	.db #0xbf	; 191
      00006F 7F                     157 	.db #0x7f	; 127
      000070 DA                     158 	.db #0xda	; 218
      000071 6E                     159 	.db #0x6e	; 110	'n'
      000072 FA                     160 	.db #0xfa	; 250
      000073 4E                     161 	.db #0x4e	; 78	'N'
      000074 FB                     162 	.db #0xfb	; 251
      000075 1D                     163 	.db #0x1d	; 29
      000076 F3                     164 	.db #0xf3	; 243
      000077 3D                     165 	.db #0x3d	; 61
      000078 F9                     166 	.db #0xf9	; 249
      000079 FF                     167 	.db #0xff	; 255
      00007A FE                     168 	.db #0xfe	; 254
      00007B FE                     169 	.db #0xfe	; 254
      00007C 9C                     170 	.db #0x9c	; 156
      00007D FC                     171 	.db #0xfc	; 252
      00007E B8                     172 	.db #0xb8	; 184
      00007F D8                     173 	.db #0xd8	; 216
      000080 70                     174 	.db #0x70	; 112	'p'
      000081 70                     175 	.db #0x70	; 112	'p'
      000082 07                     176 	.db #0x07	; 7
      000083 07                     177 	.db #0x07	; 7
      000084 18                     178 	.db #0x18	; 24
      000085 1F                     179 	.db #0x1f	; 31
      000086 28                     180 	.db #0x28	; 40
      000087 37                     181 	.db #0x37	; 55	'7'
      000088 46                     182 	.db #0x46	; 70	'F'
      000089 79                     183 	.db #0x79	; 121	'y'
      00008A C1                     184 	.db #0xc1	; 193
      00008B FE                     185 	.db #0xfe	; 254
      00008C 40                     186 	.db #0x40	; 64
      00008D 7F                     187 	.db #0x7f	; 127
      00008E 40                     188 	.db #0x40	; 64
      00008F 7F                     189 	.db #0x7f	; 127
      000090 40                     190 	.db #0x40	; 64
      000091 7F                     191 	.db #0x7f	; 127
      000092 4B                     192 	.db #0x4b	; 75	'K'
      000093 74                     193 	.db #0x74	; 116	't'
      000094 DB                     194 	.db #0xdb	; 219
      000095 B6                     195 	.db #0xb6	; 182
      000096 DB                     196 	.db #0xdb	; 219
      000097 B6                     197 	.db #0xb6	; 182
      000098 B7                     198 	.db #0xb7	; 183
      000099 EA                     199 	.db #0xea	; 234
      00009A 7E                     200 	.db #0x7e	; 126
      00009B 7D                     201 	.db #0x7d	; 125
      00009C 3F                     202 	.db #0x3f	; 63
      00009D 27                     203 	.db #0x27	; 39
      00009E 1F                     204 	.db #0x1f	; 31
      00009F 1F                     205 	.db #0x1f	; 31
      0000A0 00                     206 	.db #0x00	; 0
      0000A1 00                     207 	.db #0x00	; 0
      0000A2 E0                     208 	.db #0xe0	; 224
      0000A3 E0                     209 	.db #0xe0	; 224
      0000A4 18                     210 	.db #0x18	; 24
      0000A5 F8                     211 	.db #0xf8	; 248
      0000A6 14                     212 	.db #0x14	; 20
      0000A7 EC                     213 	.db #0xec	; 236
      0000A8 62                     214 	.db #0x62	; 98	'b'
      0000A9 9E                     215 	.db #0x9e	; 158
      0000AA 82                     216 	.db #0x82	; 130
      0000AB 7E                     217 	.db #0x7e	; 126
      0000AC 02                     218 	.db #0x02	; 2
      0000AD FE                     219 	.db #0xfe	; 254
      0000AE 02                     220 	.db #0x02	; 2
      0000AF FE                     221 	.db #0xfe	; 254
      0000B0 06                     222 	.db #0x06	; 6
      0000B1 FA                     223 	.db #0xfa	; 250
      0000B2 26                     224 	.db #0x26	; 38
      0000B3 DA                     225 	.db #0xda	; 218
      0000B4 26                     226 	.db #0x26	; 38
      0000B5 DA                     227 	.db #0xda	; 218
      0000B6 33                     228 	.db #0x33	; 51	'3'
      0000B7 DD                     229 	.db #0xdd	; 221
      0000B8 B1                     230 	.db #0xb1	; 177
      0000B9 DF                     231 	.db #0xdf	; 223
      0000BA 9E                     232 	.db #0x9e	; 158
      0000BB FE                     233 	.db #0xfe	; 254
      0000BC FC                     234 	.db #0xfc	; 252
      0000BD FC                     235 	.db #0xfc	; 252
      0000BE B0                     236 	.db #0xb0	; 176
      0000BF D0                     237 	.db #0xd0	; 208
      0000C0 70                     238 	.db #0x70	; 112	'p'
      0000C1 70                     239 	.db #0x70	; 112	'p'
      0000C2 07                     240 	.db #0x07	; 7
      0000C3 07                     241 	.db #0x07	; 7
      0000C4 18                     242 	.db #0x18	; 24
      0000C5 1F                     243 	.db #0x1f	; 31
      0000C6 28                     244 	.db #0x28	; 40
      0000C7 37                     245 	.db #0x37	; 55	'7'
      0000C8 46                     246 	.db #0x46	; 70	'F'
      0000C9 79                     247 	.db #0x79	; 121	'y'
      0000CA 41                     248 	.db #0x41	; 65	'A'
      0000CB 7E                     249 	.db #0x7e	; 126
      0000CC C0                     250 	.db #0xc0	; 192
      0000CD FF                     251 	.db #0xff	; 255
      0000CE 40                     252 	.db #0x40	; 64
      0000CF 7F                     253 	.db #0x7f	; 127
      0000D0 40                     254 	.db #0x40	; 64
      0000D1 7F                     255 	.db #0x7f	; 127
      0000D2 4B                     256 	.db #0x4b	; 75	'K'
      0000D3 74                     257 	.db #0x74	; 116	't'
      0000D4 C9                     258 	.db #0xc9	; 201
      0000D5 B6                     259 	.db #0xb6	; 182
      0000D6 DB                     260 	.db #0xdb	; 219
      0000D7 B6                     261 	.db #0xb6	; 182
      0000D8 9A                     262 	.db #0x9a	; 154
      0000D9 F7                     263 	.db #0xf7	; 247
      0000DA 72                     264 	.db #0x72	; 114	'r'
      0000DB 7F                     265 	.db #0x7f	; 127
      0000DC 3F                     266 	.db #0x3f	; 63
      0000DD 3F                     267 	.db #0x3f	; 63
      0000DE 0D                     268 	.db #0x0d	; 13
      0000DF 0B                     269 	.db #0x0b	; 11
      0000E0 0E                     270 	.db #0x0e	; 14
      0000E1 0E                     271 	.db #0x0e	; 14
      0000E2 E0                     272 	.db #0xe0	; 224
      0000E3 E0                     273 	.db #0xe0	; 224
      0000E4 18                     274 	.db #0x18	; 24
      0000E5 F8                     275 	.db #0xf8	; 248
      0000E6 14                     276 	.db #0x14	; 20
      0000E7 EC                     277 	.db #0xec	; 236
      0000E8 62                     278 	.db #0x62	; 98	'b'
      0000E9 9E                     279 	.db #0x9e	; 158
      0000EA 82                     280 	.db #0x82	; 130
      0000EB 7E                     281 	.db #0x7e	; 126
      0000EC 02                     282 	.db #0x02	; 2
      0000ED FE                     283 	.db #0xfe	; 254
      0000EE 02                     284 	.db #0x02	; 2
      0000EF FE                     285 	.db #0xfe	; 254
      0000F0 06                     286 	.db #0x06	; 6
      0000F1 FA                     287 	.db #0xfa	; 250
      0000F2 26                     288 	.db #0x26	; 38
      0000F3 DA                     289 	.db #0xda	; 218
      0000F4 26                     290 	.db #0x26	; 38
      0000F5 DA                     291 	.db #0xda	; 218
      0000F6 6F                     292 	.db #0x6f	; 111	'o'
      0000F7 B9                     293 	.db #0xb9	; 185
      0000F8 ED                     294 	.db #0xed	; 237
      0000F9 BB                     295 	.db #0xbb	; 187
      0000FA 9E                     296 	.db #0x9e	; 158
      0000FB FE                     297 	.db #0xfe	; 254
      0000FC FC                     298 	.db #0xfc	; 252
      0000FD E4                     299 	.db #0xe4	; 228
      0000FE F8                     300 	.db #0xf8	; 248
      0000FF F8                     301 	.db #0xf8	; 248
      000100 00                     302 	.db #0x00	; 0
      000101 00                     303 	.db #0x00	; 0
      000102 07                     304 	.db #0x07	; 7
      000103 07                     305 	.db #0x07	; 7
      000104 18                     306 	.db #0x18	; 24
      000105 1F                     307 	.db #0x1f	; 31
      000106 22                     308 	.db #0x22	; 34
      000107 3D                     309 	.db #0x3d	; 61
      000108 6C                     310 	.db #0x6c	; 108	'l'
      000109 53                     311 	.db #0x53	; 83	'S'
      00010A 54                     312 	.db #0x54	; 84	'T'
      00010B 6F                     313 	.db #0x6f	; 111	'o'
      00010C 48                     314 	.db #0x48	; 72	'H'
      00010D 7F                     315 	.db #0x7f	; 127
      00010E 49                     316 	.db #0x49	; 73	'I'
      00010F 7E                     317 	.db #0x7e	; 126
      000110 5F                     318 	.db #0x5f	; 95
      000111 7F                     319 	.db #0x7f	; 127
      000112 46                     320 	.db #0x46	; 70	'F'
      000113 7D                     321 	.db #0x7d	; 125
      000114 67                     322 	.db #0x67	; 103	'g'
      000115 5C                     323 	.db #0x5c	; 92
      000116 73                     324 	.db #0x73	; 115	's'
      000117 4F                     325 	.db #0x4f	; 79	'O'
      000118 D4                     326 	.db #0xd4	; 212
      000119 BF                     327 	.db #0xbf	; 191
      00011A 79                     328 	.db #0x79	; 121	'y'
      00011B 7F                     329 	.db #0x7f	; 127
      00011C 1F                     330 	.db #0x1f	; 31
      00011D 13                     331 	.db #0x13	; 19
      00011E 0F                     332 	.db #0x0f	; 15
      00011F 0F                     333 	.db #0x0f	; 15
      000120 06                     334 	.db #0x06	; 6
      000121 06                     335 	.db #0x06	; 6
      000122 F0                     336 	.db #0xf0	; 240
      000123 F0                     337 	.db #0xf0	; 240
      000124 0C                     338 	.db #0x0c	; 12
      000125 FC                     339 	.db #0xfc	; 252
      000126 1A                     340 	.db #0x1a	; 26
      000127 E6                     341 	.db #0xe6	; 230
      000128 07                     342 	.db #0x07	; 7
      000129 F9                     343 	.db #0xf9	; 249
      00012A B1                     344 	.db #0xb1	; 177
      00012B 5F                     345 	.db #0x5f	; 95
      00012C E9                     346 	.db #0xe9	; 233
      00012D 3F                     347 	.db #0x3f	; 63
      00012E D7                     348 	.db #0xd7	; 215
      00012F EF                     349 	.db #0xef	; 239
      000130 1D                     350 	.db #0x1d	; 29
      000131 F5                     351 	.db #0xf5	; 245
      000132 FC                     352 	.db #0xfc	; 252
      000133 14                     353 	.db #0x14	; 20
      000134 FE                     354 	.db #0xfe	; 254
      000135 02                     355 	.db #0x02	; 2
      000136 7C                     356 	.db #0x7c	; 124
      000137 84                     357 	.db #0x84	; 132
      000138 F8                     358 	.db #0xf8	; 248
      000139 F8                     359 	.db #0xf8	; 248
      00013A 30                     360 	.db #0x30	; 48	'0'
      00013B D0                     361 	.db #0xd0	; 208
      00013C F8                     362 	.db #0xf8	; 248
      00013D E8                     363 	.db #0xe8	; 232
      00013E 5C                     364 	.db #0x5c	; 92
      00013F 64                     365 	.db #0x64	; 100	'd'
      000140 38                     366 	.db #0x38	; 56	'8'
      000141 38                     367 	.db #0x38	; 56	'8'
      000142 07                     368 	.db #0x07	; 7
      000143 07                     369 	.db #0x07	; 7
      000144 18                     370 	.db #0x18	; 24
      000145 1F                     371 	.db #0x1f	; 31
      000146 22                     372 	.db #0x22	; 34
      000147 3D                     373 	.db #0x3d	; 61
      000148 6C                     374 	.db #0x6c	; 108	'l'
      000149 53                     375 	.db #0x53	; 83	'S'
      00014A 54                     376 	.db #0x54	; 84	'T'
      00014B 6F                     377 	.db #0x6f	; 111	'o'
      00014C 48                     378 	.db #0x48	; 72	'H'
      00014D 7F                     379 	.db #0x7f	; 127
      00014E 51                     380 	.db #0x51	; 81	'Q'
      00014F 7E                     381 	.db #0x7e	; 126
      000150 4F                     382 	.db #0x4f	; 79	'O'
      000151 7F                     383 	.db #0x7f	; 127
      000152 46                     384 	.db #0x46	; 70	'F'
      000153 7D                     385 	.db #0x7d	; 125
      000154 67                     386 	.db #0x67	; 103	'g'
      000155 5C                     387 	.db #0x5c	; 92
      000156 73                     388 	.db #0x73	; 115	's'
      000157 4F                     389 	.db #0x4f	; 79	'O'
      000158 D4                     390 	.db #0xd4	; 212
      000159 BF                     391 	.db #0xbf	; 191
      00015A 7E                     392 	.db #0x7e	; 126
      00015B 7F                     393 	.db #0x7f	; 127
      00015C 37                     394 	.db #0x37	; 55	'7'
      00015D 3F                     395 	.db #0x3f	; 63
      00015E 17                     396 	.db #0x17	; 23
      00015F 19                     397 	.db #0x19	; 25
      000160 0E                     398 	.db #0x0e	; 14
      000161 0E                     399 	.db #0x0e	; 14
      000162 F0                     400 	.db #0xf0	; 240
      000163 F0                     401 	.db #0xf0	; 240
      000164 0C                     402 	.db #0x0c	; 12
      000165 FC                     403 	.db #0xfc	; 252
      000166 1A                     404 	.db #0x1a	; 26
      000167 E6                     405 	.db #0xe6	; 230
      000168 07                     406 	.db #0x07	; 7
      000169 F9                     407 	.db #0xf9	; 249
      00016A B1                     408 	.db #0xb1	; 177
      00016B 5F                     409 	.db #0x5f	; 95
      00016C E9                     410 	.db #0xe9	; 233
      00016D 3F                     411 	.db #0x3f	; 63
      00016E D6                     412 	.db #0xd6	; 214
      00016F EE                     413 	.db #0xee	; 238
      000170 1E                     414 	.db #0x1e	; 30
      000171 F6                     415 	.db #0xf6	; 246
      000172 FC                     416 	.db #0xfc	; 252
      000173 14                     417 	.db #0x14	; 20
      000174 FE                     418 	.db #0xfe	; 254
      000175 02                     419 	.db #0x02	; 2
      000176 7C                     420 	.db #0x7c	; 124
      000177 84                     421 	.db #0x84	; 132
      000178 F8                     422 	.db #0xf8	; 248
      000179 F8                     423 	.db #0xf8	; 248
      00017A 50                     424 	.db #0x50	; 80	'P'
      00017B F0                     425 	.db #0xf0	; 240
      00017C FC                     426 	.db #0xfc	; 252
      00017D 3C                     427 	.db #0x3c	; 60
      00017E FC                     428 	.db #0xfc	; 252
      00017F FC                     429 	.db #0xfc	; 252
      000180 30                     430 	.db #0x30	; 48	'0'
      000181 30                     431 	.db #0x30	; 48	'0'
                                    432 	.area _INITIALIZER
                                    433 	.area _CABS (ABS)
