                                      1 ;--------------------------------------------------------
                                      2 ; File Created by SDCC : free open source ANSI-C Compiler
                                      3 ; Version 4.1.4 #12246 (Mac OS X x86_64)
                                      4 ;--------------------------------------------------------
                                      5 	.module spritesheet_4_tiles
                                      6 	.optsdcc -mgbz80
                                      7 	
                                      8 ;--------------------------------------------------------
                                      9 ; Public variables in this module
                                     10 ;--------------------------------------------------------
                                     11 	.globl _spritesheet_4_tiles
                                     12 	.globl ___bank_spritesheet_4_tiles
                                     13 ;--------------------------------------------------------
                                     14 ; special function registers
                                     15 ;--------------------------------------------------------
                                     16 ;--------------------------------------------------------
                                     17 ; ram data
                                     18 ;--------------------------------------------------------
                                     19 	.area _DATA
                                     20 ;--------------------------------------------------------
                                     21 ; ram data
                                     22 ;--------------------------------------------------------
                                     23 	.area _INITIALIZED
                                     24 ;--------------------------------------------------------
                                     25 ; absolute external ram data
                                     26 ;--------------------------------------------------------
                                     27 	.area _DABS (ABS)
                                     28 ;--------------------------------------------------------
                                     29 ; global & static initialisations
                                     30 ;--------------------------------------------------------
                                     31 	.area _HOME
                                     32 	.area _GSINIT
                                     33 	.area _GSFINAL
                                     34 	.area _GSINIT
                                     35 ;--------------------------------------------------------
                                     36 ; Home
                                     37 ;--------------------------------------------------------
                                     38 	.area _HOME
                                     39 	.area _HOME
                                     40 ;--------------------------------------------------------
                                     41 ; code
                                     42 ;--------------------------------------------------------
                                     43 	.area _CODE_255
                                     44 	.area _CODE_255
                           0000FF    45 ___bank_spritesheet_4_tiles	=	0x00ff
      000000                         46 _spritesheet_4_tiles:
      000000 04 00                   47 	.dw #0x0004
      000002 07                      48 	.db #0x07	; 7
      000003 07                      49 	.db #0x07	; 7
      000004 08                      50 	.db #0x08	; 8
      000005 0F                      51 	.db #0x0f	; 15
      000006 11                      52 	.db #0x11	; 17
      000007 1E                      53 	.db #0x1e	; 30
      000008 20                      54 	.db #0x20	; 32
      000009 3F                      55 	.db #0x3f	; 63
      00000A 20                      56 	.db #0x20	; 32
      00000B 3F                      57 	.db #0x3f	; 63
      00000C 2E                      58 	.db #0x2e	; 46
      00000D 3F                      59 	.db #0x3f	; 63
      00000E 3F                      60 	.db #0x3f	; 63
      00000F 30                      61 	.db #0x30	; 48	'0'
      000010 3F                      62 	.db #0x3f	; 63
      000011 3F                      63 	.db #0x3f	; 63
      000012 3A                      64 	.db #0x3a	; 58
      000013 3F                      65 	.db #0x3f	; 63
      000014 39                      66 	.db #0x39	; 57	'9'
      000015 36                      67 	.db #0x36	; 54	'6'
      000016 3F                      68 	.db #0x3f	; 63
      000017 38                      69 	.db #0x38	; 56	'8'
      000018 2F                      70 	.db #0x2f	; 47
      000019 39                      71 	.db #0x39	; 57	'9'
      00001A 2F                      72 	.db #0x2f	; 47
      00001B 34                      73 	.db #0x34	; 52	'4'
      00001C 6F                      74 	.db #0x6f	; 111	'o'
      00001D 74                      75 	.db #0x74	; 116	't'
      00001E 47                      76 	.db #0x47	; 71	'G'
      00001F 7B                      77 	.db #0x7b	; 123
      000020 81                      78 	.db #0x81	; 129
      000021 FF                      79 	.db #0xff	; 255
      000022 E0                      80 	.db #0xe0	; 224
      000023 E0                      81 	.db #0xe0	; 224
      000024 10                      82 	.db #0x10	; 16
      000025 F0                      83 	.db #0xf0	; 240
      000026 E8                      84 	.db #0xe8	; 232
      000027 18                      85 	.db #0x18	; 24
      000028 64                      86 	.db #0x64	; 100	'd'
      000029 9C                      87 	.db #0x9c	; 156
      00002A 1C                      88 	.db #0x1c	; 28
      00002B FC                      89 	.db #0xfc	; 252
      00002C DC                      90 	.db #0xdc	; 220
      00002D E4                      91 	.db #0xe4	; 228
      00002E F4                      92 	.db #0xf4	; 244
      00002F 1C                      93 	.db #0x1c	; 28
      000030 FC                      94 	.db #0xfc	; 252
      000031 FC                      95 	.db #0xfc	; 252
      000032 5C                      96 	.db #0x5c	; 92
      000033 FC                      97 	.db #0xfc	; 252
      000034 9C                      98 	.db #0x9c	; 156
      000035 6C                      99 	.db #0x6c	; 108	'l'
      000036 FC                     100 	.db #0xfc	; 252
      000037 1C                     101 	.db #0x1c	; 28
      000038 F4                     102 	.db #0xf4	; 244
      000039 9C                     103 	.db #0x9c	; 156
      00003A F4                     104 	.db #0xf4	; 244
      00003B 2C                     105 	.db #0x2c	; 44
      00003C F4                     106 	.db #0xf4	; 244
      00003D 2C                     107 	.db #0x2c	; 44
      00003E E2                     108 	.db #0xe2	; 226
      00003F DE                     109 	.db #0xde	; 222
      000040 81                     110 	.db #0x81	; 129
      000041 7F                     111 	.db #0x7f	; 127
                                    112 	.area _INITIALIZER
                                    113 	.area _CABS (ABS)
