                                      1 ;--------------------------------------------------------
                                      2 ; File Created by SDCC : free open source ANSI-C Compiler
                                      3 ; Version 4.1.4 #12246 (Mac OS X x86_64)
                                      4 ;--------------------------------------------------------
                                      5 	.module spritesheet_13
                                      6 	.optsdcc -mgbz80
                                      7 	
                                      8 ;--------------------------------------------------------
                                      9 ; Public variables in this module
                                     10 ;--------------------------------------------------------
                                     11 	.globl _spritesheet_13
                                     12 	.globl _spritesheet_13_animations_lookup
                                     13 	.globl _spritesheet_13_animations
                                     14 	.globl _spritesheet_13_metasprites
                                     15 	.globl _spritesheet_13_metasprite_1
                                     16 	.globl _spritesheet_13_metasprite_0
                                     17 	.globl ___bank_spritesheet_13
                                     18 ;--------------------------------------------------------
                                     19 ; special function registers
                                     20 ;--------------------------------------------------------
                                     21 ;--------------------------------------------------------
                                     22 ; ram data
                                     23 ;--------------------------------------------------------
                                     24 	.area _DATA
                                     25 ;--------------------------------------------------------
                                     26 ; ram data
                                     27 ;--------------------------------------------------------
                                     28 	.area _INITIALIZED
                                     29 ;--------------------------------------------------------
                                     30 ; absolute external ram data
                                     31 ;--------------------------------------------------------
                                     32 	.area _DABS (ABS)
                                     33 ;--------------------------------------------------------
                                     34 ; global & static initialisations
                                     35 ;--------------------------------------------------------
                                     36 	.area _HOME
                                     37 	.area _GSINIT
                                     38 	.area _GSFINAL
                                     39 	.area _GSINIT
                                     40 ;--------------------------------------------------------
                                     41 ; Home
                                     42 ;--------------------------------------------------------
                                     43 	.area _HOME
                                     44 	.area _HOME
                                     45 ;--------------------------------------------------------
                                     46 ; code
                                     47 ;--------------------------------------------------------
                                     48 	.area _CODE_255
                                     49 	.area _CODE_255
                           0000FF    50 ___bank_spritesheet_13	=	0x00ff
      000000                         51 _spritesheet_13_metasprite_0:
      000000 00                      52 	.db #0x00	;  0
      000001 00                      53 	.db #0x00	;  0
      000002 00                      54 	.db #0x00	; 0
      000003 00                      55 	.db #0x00	; 0
      000004 00                      56 	.db #0x00	;  0
      000005 08                      57 	.db #0x08	;  8
      000006 02                      58 	.db #0x02	; 2
      000007 00                      59 	.db #0x00	; 0
      000008 80                      60 	.db #0x80	; -128
      000009 00                      61 	.db #0x00	;  0
      00000A 00                      62 	.db #0x00	; 0
      00000B 00                      63 	.db #0x00	; 0
      00000C                         64 _spritesheet_13_metasprite_1:
      00000C 00                      65 	.db #0x00	;  0
      00000D 00                      66 	.db #0x00	;  0
      00000E 04                      67 	.db #0x04	; 4
      00000F 00                      68 	.db #0x00	; 0
      000010 00                      69 	.db #0x00	;  0
      000011 08                      70 	.db #0x08	;  8
      000012 06                      71 	.db #0x06	; 6
      000013 00                      72 	.db #0x00	; 0
      000014 80                      73 	.db #0x80	; -128
      000015 00                      74 	.db #0x00	;  0
      000016 00                      75 	.db #0x00	; 0
      000017 00                      76 	.db #0x00	; 0
      000018                         77 _spritesheet_13_metasprites:
      000018r00r00                   78 	.dw _spritesheet_13_metasprite_0
      00001Ar0Cr00                   79 	.dw _spritesheet_13_metasprite_1
      00001C                         80 _spritesheet_13_animations:
      00001C 00                      81 	.db #0x00	; 0
      00001D 00                      82 	.db #0x00	; 0
      00001E 01                      83 	.db #0x01	; 1
      00001F 01                      84 	.db #0x01	; 1
      000020                         85 _spritesheet_13_animations_lookup:
      000020 00 00                   86 	.dw #0x0000
      000022                         87 _spritesheet_13:
      000022 02                      88 	.db #0x02	; 2
      000023r18r00                   89 	.dw _spritesheet_13_metasprites
      000025r1Cr00                   90 	.dw _spritesheet_13_animations
      000027r20r00                   91 	.dw _spritesheet_13_animations_lookup
      000029 00                      92 	.db #0x00	;  0
      00002A 0F                      93 	.db #0x0f	;  15
      00002B F8                      94 	.db #0xf8	; -8
      00002C 07                      95 	.db #0x07	;  7
      00002Dr00                      96 	.byte ___bank_spritesheet_13_tiles
      00002Er00r00                   97 	.dw _spritesheet_13_tiles
      000030 00                      98 	.db #0x00	; 0
      000031 00 00                   99 	.dw #0x0000
                                    100 	.area _INITIALIZER
                                    101 	.area _CABS (ABS)
