                                      1 ;--------------------------------------------------------
                                      2 ; File Created by SDCC : free open source ANSI-C Compiler
                                      3 ; Version 4.1.4 #12246 (Mac OS X x86_64)
                                      4 ;--------------------------------------------------------
                                      5 	.module spritesheet_1_tiles
                                      6 	.optsdcc -mgbz80
                                      7 	
                                      8 ;--------------------------------------------------------
                                      9 ; Public variables in this module
                                     10 ;--------------------------------------------------------
                                     11 	.globl _spritesheet_1_tiles
                                     12 	.globl ___bank_spritesheet_1_tiles
                                     13 ;--------------------------------------------------------
                                     14 ; special function registers
                                     15 ;--------------------------------------------------------
                                     16 ;--------------------------------------------------------
                                     17 ; ram data
                                     18 ;--------------------------------------------------------
                                     19 	.area _DATA
                                     20 ;--------------------------------------------------------
                                     21 ; ram data
                                     22 ;--------------------------------------------------------
                                     23 	.area _INITIALIZED
                                     24 ;--------------------------------------------------------
                                     25 ; absolute external ram data
                                     26 ;--------------------------------------------------------
                                     27 	.area _DABS (ABS)
                                     28 ;--------------------------------------------------------
                                     29 ; global & static initialisations
                                     30 ;--------------------------------------------------------
                                     31 	.area _HOME
                                     32 	.area _GSINIT
                                     33 	.area _GSFINAL
                                     34 	.area _GSINIT
                                     35 ;--------------------------------------------------------
                                     36 ; Home
                                     37 ;--------------------------------------------------------
                                     38 	.area _HOME
                                     39 	.area _HOME
                                     40 ;--------------------------------------------------------
                                     41 ; code
                                     42 ;--------------------------------------------------------
                                     43 	.area _CODE_255
                                     44 	.area _CODE_255
                           0000FF    45 ___bank_spritesheet_1_tiles	=	0x00ff
      000000                         46 _spritesheet_1_tiles:
      000000 04 00                   47 	.dw #0x0004
      000002 7F                      48 	.db #0x7f	; 127
      000003 7F                      49 	.db #0x7f	; 127
      000004 FF                      50 	.db #0xff	; 255
      000005 80                      51 	.db #0x80	; 128
      000006 FF                      52 	.db #0xff	; 255
      000007 80                      53 	.db #0x80	; 128
      000008 FC                      54 	.db #0xfc	; 252
      000009 82                      55 	.db #0x82	; 130
      00000A D9                      56 	.db #0xd9	; 217
      00000B A4                      57 	.db #0xa4	; 164
      00000C B2                      58 	.db #0xb2	; 178
      00000D C9                      59 	.db #0xc9	; 201
      00000E E5                      60 	.db #0xe5	; 229
      00000F 92                      61 	.db #0x92	; 146
      000010 CA                      62 	.db #0xca	; 202
      000011 A5                      63 	.db #0xa5	; 165
      000012 94                      64 	.db #0x94	; 148
      000013 CA                      65 	.db #0xca	; 202
      000014 A9                      66 	.db #0xa9	; 169
      000015 94                      67 	.db #0x94	; 148
      000016 D3                      68 	.db #0xd3	; 211
      000017 A8                      69 	.db #0xa8	; 168
      000018 A6                      70 	.db #0xa6	; 166
      000019 D1                      71 	.db #0xd1	; 209
      00001A CD                      72 	.db #0xcd	; 205
      00001B A2                      73 	.db #0xa2	; 162
      00001C 9A                      74 	.db #0x9a	; 154
      00001D C4                      75 	.db #0xc4	; 196
      00001E 7F                      76 	.db #0x7f	; 127
      00001F FF                      77 	.db #0xff	; 255
      000020 00                      78 	.db #0x00	; 0
      000021 7F                      79 	.db #0x7f	; 127
      000022 FE                      80 	.db #0xfe	; 254
      000023 FE                      81 	.db #0xfe	; 254
      000024 FF                      82 	.db #0xff	; 255
      000025 01                      83 	.db #0x01	; 1
      000026 FF                      84 	.db #0xff	; 255
      000027 01                      85 	.db #0x01	; 1
      000028 A7                      86 	.db #0xa7	; 167
      000029 51                      87 	.db #0x51	; 81	'Q'
      00002A 4F                      88 	.db #0x4f	; 79	'O'
      00002B A1                      89 	.db #0xa1	; 161
      00002C 9F                      90 	.db #0x9f	; 159
      00002D 41                      91 	.db #0x41	; 65	'A'
      00002E 37                      92 	.db #0x37	; 55	'7'
      00002F 89                      93 	.db #0x89	; 137
      000030 6F                      94 	.db #0x6f	; 111	'o'
      000031 11                      95 	.db #0x11	; 17
      000032 D7                      96 	.db #0xd7	; 215
      000033 21                      97 	.db #0x21	; 33
      000034 A7                      98 	.db #0xa7	; 167
      000035 49                      99 	.db #0x49	; 73	'I'
      000036 4F                     100 	.db #0x4f	; 79	'O'
      000037 91                     101 	.db #0x91	; 145
      000038 9F                     102 	.db #0x9f	; 159
      000039 21                     103 	.db #0x21	; 33
      00003A 37                     104 	.db #0x37	; 55	'7'
      00003B 49                     105 	.db #0x49	; 73	'I'
      00003C 6F                     106 	.db #0x6f	; 111	'o'
      00003D 91                     107 	.db #0x91	; 145
      00003E FE                     108 	.db #0xfe	; 254
      00003F FF                     109 	.db #0xff	; 255
      000040 00                     110 	.db #0x00	; 0
      000041 FE                     111 	.db #0xfe	; 254
                                    112 	.area _INITIALIZER
                                    113 	.area _CABS (ABS)
