                                      1 ;--------------------------------------------------------
                                      2 ; File Created by SDCC : free open source ANSI-C Compiler
                                      3 ; Version 4.1.4 #12246 (Mac OS X x86_64)
                                      4 ;--------------------------------------------------------
                                      5 	.module spritesheet_none
                                      6 	.optsdcc -mgbz80
                                      7 	
                                      8 ;--------------------------------------------------------
                                      9 ; Public variables in this module
                                     10 ;--------------------------------------------------------
                                     11 	.globl _spritesheet_none
                                     12 	.globl _spritesheet_none_metasprites
                                     13 	.globl _spritesheet_none_metasprite
                                     14 	.globl ___bank_spritesheet_none
                                     15 ;--------------------------------------------------------
                                     16 ; special function registers
                                     17 ;--------------------------------------------------------
                                     18 ;--------------------------------------------------------
                                     19 ; ram data
                                     20 ;--------------------------------------------------------
                                     21 	.area _DATA
                                     22 ;--------------------------------------------------------
                                     23 ; ram data
                                     24 ;--------------------------------------------------------
                                     25 	.area _INITIALIZED
                                     26 ;--------------------------------------------------------
                                     27 ; absolute external ram data
                                     28 ;--------------------------------------------------------
                                     29 	.area _DABS (ABS)
                                     30 ;--------------------------------------------------------
                                     31 ; global & static initialisations
                                     32 ;--------------------------------------------------------
                                     33 	.area _HOME
                                     34 	.area _GSINIT
                                     35 	.area _GSFINAL
                                     36 	.area _GSINIT
                                     37 ;--------------------------------------------------------
                                     38 ; Home
                                     39 ;--------------------------------------------------------
                                     40 	.area _HOME
                                     41 	.area _HOME
                                     42 ;--------------------------------------------------------
                                     43 ; code
                                     44 ;--------------------------------------------------------
                                     45 	.area _CODE_255
                                     46 	.area _CODE_255
                           0000FF    47 ___bank_spritesheet_none	=	0x00ff
      000000                         48 _spritesheet_none_metasprite:
      000000 80                      49 	.db #0x80	; -128
      000001 00                      50 	.db #0x00	;  0
      000002 00                      51 	.db #0x00	; 0
      000003 00                      52 	.db #0x00	; 0
      000004                         53 _spritesheet_none_metasprites:
      000004r00r00                   54 	.dw _spritesheet_none_metasprite
      000006                         55 _spritesheet_none:
      000006 01                      56 	.db #0x01	; 1
      000007r04r00                   57 	.dw _spritesheet_none_metasprites
      000009 00 00                   58 	.dw #0x0000
      00000B 00 00                   59 	.dw #0x0000
      00000D 00                      60 	.byte #0x00
      00000E 00                      61 	.byte #0x00
      00000F 00                      62 	.byte #0x00
      000010 00                      63 	.byte #0x00
      000011 00                      64 	.byte #0x00
      000012 00 00                   65 	.dw #0x0000
      000014 00                      66 	.byte #0x00
      000015 00 00                   67 	.dw #0x0000
                                     68 	.area _INITIALIZER
                                     69 	.area _CABS (ABS)
