                                      1 ;--------------------------------------------------------
                                      2 ; File Created by SDCC : free open source ANSI-C Compiler
                                      3 ; Version 4.1.4 #12246 (Mac OS X x86_64)
                                      4 ;--------------------------------------------------------
                                      5 	.module spritesheet_12_tiles
                                      6 	.optsdcc -mgbz80
                                      7 	
                                      8 ;--------------------------------------------------------
                                      9 ; Public variables in this module
                                     10 ;--------------------------------------------------------
                                     11 	.globl _spritesheet_12_tiles
                                     12 	.globl ___bank_spritesheet_12_tiles
                                     13 ;--------------------------------------------------------
                                     14 ; special function registers
                                     15 ;--------------------------------------------------------
                                     16 ;--------------------------------------------------------
                                     17 ; ram data
                                     18 ;--------------------------------------------------------
                                     19 	.area _DATA
                                     20 ;--------------------------------------------------------
                                     21 ; ram data
                                     22 ;--------------------------------------------------------
                                     23 	.area _INITIALIZED
                                     24 ;--------------------------------------------------------
                                     25 ; absolute external ram data
                                     26 ;--------------------------------------------------------
                                     27 	.area _DABS (ABS)
                                     28 ;--------------------------------------------------------
                                     29 ; global & static initialisations
                                     30 ;--------------------------------------------------------
                                     31 	.area _HOME
                                     32 	.area _GSINIT
                                     33 	.area _GSFINAL
                                     34 	.area _GSINIT
                                     35 ;--------------------------------------------------------
                                     36 ; Home
                                     37 ;--------------------------------------------------------
                                     38 	.area _HOME
                                     39 	.area _HOME
                                     40 ;--------------------------------------------------------
                                     41 ; code
                                     42 ;--------------------------------------------------------
                                     43 	.area _CODE_255
                                     44 	.area _CODE_255
                           0000FF    45 ___bank_spritesheet_12_tiles	=	0x00ff
      000000                         46 _spritesheet_12_tiles:
      000000 22 00                   47 	.dw #0x0022
      000002 00                      48 	.db #0x00	; 0
      000003 00                      49 	.db #0x00	; 0
      000004 00                      50 	.db #0x00	; 0
      000005 00                      51 	.db #0x00	; 0
      000006 03                      52 	.db #0x03	; 3
      000007 03                      53 	.db #0x03	; 3
      000008 0C                      54 	.db #0x0c	; 12
      000009 0F                      55 	.db #0x0f	; 15
      00000A 14                      56 	.db #0x14	; 20
      00000B 1B                      57 	.db #0x1b	; 27
      00000C 24                      58 	.db #0x24	; 36
      00000D 3F                      59 	.db #0x3f	; 63
      00000E 29                      60 	.db #0x29	; 41
      00000F 3E                      61 	.db #0x3e	; 62
      000010 33                      62 	.db #0x33	; 51	'3'
      000011 3D                      63 	.db #0x3d	; 61
      000012 2F                      64 	.db #0x2f	; 47
      000013 3F                      65 	.db #0x3f	; 63
      000014 27                      66 	.db #0x27	; 39
      000015 3D                      67 	.db #0x3d	; 61
      000016 37                      68 	.db #0x37	; 55	'7'
      000017 2C                      69 	.db #0x2c	; 44
      000018 33                      70 	.db #0x33	; 51	'3'
      000019 2E                      71 	.db #0x2e	; 46
      00001A 7D                      72 	.db #0x7d	; 125
      00001B 43                      73 	.db #0x43	; 67	'C'
      00001C D4                      74 	.db #0xd4	; 212
      00001D AB                      75 	.db #0xab	; 171
      00001E 41                      76 	.db #0x41	; 65	'A'
      00001F 7F                      77 	.db #0x7f	; 127
      000020 3F                      78 	.db #0x3f	; 63
      000021 3F                      79 	.db #0x3f	; 63
      000022 00                      80 	.db #0x00	; 0
      000023 00                      81 	.db #0x00	; 0
      000024 00                      82 	.db #0x00	; 0
      000025 00                      83 	.db #0x00	; 0
      000026 F8                      84 	.db #0xf8	; 248
      000027 F8                      85 	.db #0xf8	; 248
      000028 34                      86 	.db #0x34	; 52	'4'
      000029 CC                      87 	.db #0xcc	; 204
      00002A 0A                      88 	.db #0x0a	; 10
      00002B F6                      89 	.db #0xf6	; 246
      00002C C5                      90 	.db #0xc5	; 197
      00002D 7B                      91 	.db #0x7b	; 123
      00002E BF                      92 	.db #0xbf	; 191
      00002F FF                      93 	.db #0xff	; 255
      000030 7E                      94 	.db #0x7e	; 126
      000031 82                      95 	.db #0x82	; 130
      000032 FE                      96 	.db #0xfe	; 254
      000033 6E                      97 	.db #0x6e	; 110	'n'
      000034 FE                      98 	.db #0xfe	; 254
      000035 02                      99 	.db #0x02	; 2
      000036 B6                     100 	.db #0xb6	; 182
      000037 6E                     101 	.db #0x6e	; 110	'n'
      000038 B6                     102 	.db #0xb6	; 182
      000039 6E                     103 	.db #0x6e	; 110	'n'
      00003A FE                     104 	.db #0xfe	; 254
      00003B 02                     105 	.db #0x02	; 2
      00003C CE                     106 	.db #0xce	; 206
      00003D B6                     107 	.db #0xb6	; 182
      00003E F9                     108 	.db #0xf9	; 249
      00003F FF                     109 	.db #0xff	; 255
      000040 0F                     110 	.db #0x0f	; 15
      000041 0F                     111 	.db #0x0f	; 15
      000042 00                     112 	.db #0x00	; 0
      000043 00                     113 	.db #0x00	; 0
      000044 00                     114 	.db #0x00	; 0
      000045 00                     115 	.db #0x00	; 0
      000046 F8                     116 	.db #0xf8	; 248
      000047 F8                     117 	.db #0xf8	; 248
      000048 34                     118 	.db #0x34	; 52	'4'
      000049 CC                     119 	.db #0xcc	; 204
      00004A 0A                     120 	.db #0x0a	; 10
      00004B F6                     121 	.db #0xf6	; 246
      00004C C5                     122 	.db #0xc5	; 197
      00004D 7B                     123 	.db #0x7b	; 123
      00004E BF                     124 	.db #0xbf	; 191
      00004F FF                     125 	.db #0xff	; 255
      000050 7E                     126 	.db #0x7e	; 126
      000051 82                     127 	.db #0x82	; 130
      000052 FE                     128 	.db #0xfe	; 254
      000053 6E                     129 	.db #0x6e	; 110	'n'
      000054 FE                     130 	.db #0xfe	; 254
      000055 02                     131 	.db #0x02	; 2
      000056 92                     132 	.db #0x92	; 146
      000057 6E                     133 	.db #0x6e	; 110	'n'
      000058 FE                     134 	.db #0xfe	; 254
      000059 6E                     135 	.db #0x6e	; 110	'n'
      00005A FE                     136 	.db #0xfe	; 254
      00005B 02                     137 	.db #0x02	; 2
      00005C CE                     138 	.db #0xce	; 206
      00005D B6                     139 	.db #0xb6	; 182
      00005E F9                     140 	.db #0xf9	; 249
      00005F FF                     141 	.db #0xff	; 255
      000060 0F                     142 	.db #0x0f	; 15
      000061 0F                     143 	.db #0x0f	; 15
      000062 00                     144 	.db #0x00	; 0
      000063 00                     145 	.db #0x00	; 0
      000064 00                     146 	.db #0x00	; 0
      000065 00                     147 	.db #0x00	; 0
      000066 07                     148 	.db #0x07	; 7
      000067 07                     149 	.db #0x07	; 7
      000068 08                     150 	.db #0x08	; 8
      000069 0F                     151 	.db #0x0f	; 15
      00006A 16                     152 	.db #0x16	; 22
      00006B 19                     153 	.db #0x19	; 25
      00006C 21                     154 	.db #0x21	; 33
      00006D 3E                     155 	.db #0x3e	; 62
      00006E 60                     156 	.db #0x60	; 96
      00006F 7F                     157 	.db #0x7f	; 127
      000070 E0                     158 	.db #0xe0	; 224
      000071 FF                     159 	.db #0xff	; 255
      000072 20                     160 	.db #0x20	; 32
      000073 3F                     161 	.db #0x3f	; 63
      000074 29                     162 	.db #0x29	; 41
      000075 36                     163 	.db #0x36	; 54	'6'
      000076 29                     164 	.db #0x29	; 41
      000077 36                     165 	.db #0x36	; 54	'6'
      000078 29                     166 	.db #0x29	; 41
      000079 36                     167 	.db #0x36	; 54	'6'
      00007A 55                     168 	.db #0x55	; 85	'U'
      00007B 6A                     169 	.db #0x6a	; 106	'j'
      00007C 95                     170 	.db #0x95	; 149
      00007D EA                     171 	.db #0xea	; 234
      00007E 7E                     172 	.db #0x7e	; 126
      00007F 7D                     173 	.db #0x7d	; 125
      000080 03                     174 	.db #0x03	; 3
      000081 03                     175 	.db #0x03	; 3
      000082 00                     176 	.db #0x00	; 0
      000083 00                     177 	.db #0x00	; 0
      000084 00                     178 	.db #0x00	; 0
      000085 00                     179 	.db #0x00	; 0
      000086 E0                     180 	.db #0xe0	; 224
      000087 E0                     181 	.db #0xe0	; 224
      000088 10                     182 	.db #0x10	; 16
      000089 F0                     183 	.db #0xf0	; 240
      00008A 68                     184 	.db #0x68	; 104	'h'
      00008B 98                     185 	.db #0x98	; 152
      00008C 84                     186 	.db #0x84	; 132
      00008D 7C                     187 	.db #0x7c	; 124
      00008E 04                     188 	.db #0x04	; 4
      00008F FC                     189 	.db #0xfc	; 252
      000090 04                     190 	.db #0x04	; 4
      000091 FC                     191 	.db #0xfc	; 252
      000092 04                     192 	.db #0x04	; 4
      000093 FC                     193 	.db #0xfc	; 252
      000094 24                     194 	.db #0x24	; 36
      000095 DC                     195 	.db #0xdc	; 220
      000096 24                     196 	.db #0x24	; 36
      000097 DC                     197 	.db #0xdc	; 220
      000098 24                     198 	.db #0x24	; 36
      000099 DC                     199 	.db #0xdc	; 220
      00009A AA                     200 	.db #0xaa	; 170
      00009B 56                     201 	.db #0x56	; 86	'V'
      00009C A9                     202 	.db #0xa9	; 169
      00009D D7                     203 	.db #0xd7	; 215
      00009E 9E                     204 	.db #0x9e	; 158
      00009F FE                     205 	.db #0xfe	; 254
      0000A0 60                     206 	.db #0x60	; 96
      0000A1 60                     207 	.db #0x60	; 96
      0000A2 00                     208 	.db #0x00	; 0
      0000A3 00                     209 	.db #0x00	; 0
      0000A4 00                     210 	.db #0x00	; 0
      0000A5 00                     211 	.db #0x00	; 0
      0000A6 00                     212 	.db #0x00	; 0
      0000A7 00                     213 	.db #0x00	; 0
      0000A8 0E                     214 	.db #0x0e	; 14
      0000A9 09                     215 	.db #0x09	; 9
      0000AA 1E                     216 	.db #0x1e	; 30
      0000AB 11                     217 	.db #0x11	; 17
      0000AC 2C                     218 	.db #0x2c	; 44
      0000AD 33                     219 	.db #0x33	; 51	'3'
      0000AE 5D                     220 	.db #0x5d	; 93
      0000AF 63                     221 	.db #0x63	; 99	'c'
      0000B0 3F                     222 	.db #0x3f	; 63
      0000B1 31                     223 	.db #0x31	; 49	'1'
      0000B2 4E                     224 	.db #0x4e	; 78	'N'
      0000B3 7F                     225 	.db #0x7f	; 127
      0000B4 74                     226 	.db #0x74	; 116	't'
      0000B5 4F                     227 	.db #0x4f	; 79	'O'
      0000B6 5C                     228 	.db #0x5c	; 92
      0000B7 67                     229 	.db #0x67	; 103	'g'
      0000B8 3F                     230 	.db #0x3f	; 63
      0000B9 3F                     231 	.db #0x3f	; 63
      0000BA 1F                     232 	.db #0x1f	; 31
      0000BB 1F                     233 	.db #0x1f	; 31
      0000BC 3F                     234 	.db #0x3f	; 63
      0000BD 3F                     235 	.db #0x3f	; 63
      0000BE 3E                     236 	.db #0x3e	; 62
      0000BF 21                     237 	.db #0x21	; 33
      0000C0 3F                     238 	.db #0x3f	; 63
      0000C1 3F                     239 	.db #0x3f	; 63
      0000C2 00                     240 	.db #0x00	; 0
      0000C3 00                     241 	.db #0x00	; 0
      0000C4 00                     242 	.db #0x00	; 0
      0000C5 00                     243 	.db #0x00	; 0
      0000C6 B0                     244 	.db #0xb0	; 176
      0000C7 D0                     245 	.db #0xd0	; 208
      0000C8 68                     246 	.db #0x68	; 104	'h'
      0000C9 F8                     247 	.db #0xf8	; 248
      0000CA 08                     248 	.db #0x08	; 8
      0000CB F8                     249 	.db #0xf8	; 248
      0000CC 24                     250 	.db #0x24	; 36
      0000CD DC                     251 	.db #0xdc	; 220
      0000CE 66                     252 	.db #0x66	; 102	'f'
      0000CF 9E                     253 	.db #0x9e	; 158
      0000D0 65                     254 	.db #0x65	; 101	'e'
      0000D1 9F                     255 	.db #0x9f	; 159
      0000D2 F7                     256 	.db #0xf7	; 247
      0000D3 0D                     257 	.db #0x0d	; 13
      0000D4 F7                     258 	.db #0xf7	; 247
      0000D5 0D                     259 	.db #0x0d	; 13
      0000D6 FE                     260 	.db #0xfe	; 254
      0000D7 3E                     261 	.db #0x3e	; 62
      0000D8 FC                     262 	.db #0xfc	; 252
      0000D9 FC                     263 	.db #0xfc	; 252
      0000DA FC                     264 	.db #0xfc	; 252
      0000DB FC                     265 	.db #0xfc	; 252
      0000DC BE                     266 	.db #0xbe	; 190
      0000DD BE                     267 	.db #0xbe	; 190
      0000DE AF                     268 	.db #0xaf	; 175
      0000DF B1                     269 	.db #0xb1	; 177
      0000E0 BF                     270 	.db #0xbf	; 191
      0000E1 BF                     271 	.db #0xbf	; 191
      0000E2 00                     272 	.db #0x00	; 0
      0000E3 00                     273 	.db #0x00	; 0
      0000E4 00                     274 	.db #0x00	; 0
      0000E5 00                     275 	.db #0x00	; 0
      0000E6 03                     276 	.db #0x03	; 3
      0000E7 03                     277 	.db #0x03	; 3
      0000E8 0E                     278 	.db #0x0e	; 14
      0000E9 0D                     279 	.db #0x0d	; 13
      0000EA 1E                     280 	.db #0x1e	; 30
      0000EB 11                     281 	.db #0x11	; 17
      0000EC 2C                     282 	.db #0x2c	; 44
      0000ED 33                     283 	.db #0x33	; 51	'3'
      0000EE 3D                     284 	.db #0x3d	; 61
      0000EF 3B                     285 	.db #0x3b	; 59
      0000F0 27                     286 	.db #0x27	; 39
      0000F1 3F                     287 	.db #0x3f	; 63
      0000F2 3B                     288 	.db #0x3b	; 59
      0000F3 27                     289 	.db #0x27	; 39
      0000F4 3F                     290 	.db #0x3f	; 63
      0000F5 23                     291 	.db #0x23	; 35
      0000F6 1F                     292 	.db #0x1f	; 31
      0000F7 1E                     293 	.db #0x1e	; 30
      0000F8 2F                     294 	.db #0x2f	; 47
      0000F9 3F                     295 	.db #0x3f	; 63
      0000FA 27                     296 	.db #0x27	; 39
      0000FB 3F                     297 	.db #0x3f	; 63
      0000FC 13                     298 	.db #0x13	; 19
      0000FD 1F                     299 	.db #0x1f	; 31
      0000FE 0E                     300 	.db #0x0e	; 14
      0000FF 0F                     301 	.db #0x0f	; 15
      000100 07                     302 	.db #0x07	; 7
      000101 07                     303 	.db #0x07	; 7
      000102 00                     304 	.db #0x00	; 0
      000103 00                     305 	.db #0x00	; 0
      000104 00                     306 	.db #0x00	; 0
      000105 00                     307 	.db #0x00	; 0
      000106 B0                     308 	.db #0xb0	; 176
      000107 D0                     309 	.db #0xd0	; 208
      000108 68                     310 	.db #0x68	; 104	'h'
      000109 F8                     311 	.db #0xf8	; 248
      00010A 08                     312 	.db #0x08	; 8
      00010B F8                     313 	.db #0xf8	; 248
      00010C 94                     314 	.db #0x94	; 148
      00010D EC                     315 	.db #0xec	; 236
      00010E 36                     316 	.db #0x36	; 54	'6'
      00010F CE                     317 	.db #0xce	; 206
      000110 35                     318 	.db #0x35	; 53	'5'
      000111 CF                     319 	.db #0xcf	; 207
      000112 7F                     320 	.db #0x7f	; 127
      000113 83                     321 	.db #0x83	; 131
      000114 7F                     322 	.db #0x7f	; 127
      000115 81                     323 	.db #0x81	; 129
      000116 FE                     324 	.db #0xfe	; 254
      000117 1E                     325 	.db #0x1e	; 30
      000118 FE                     326 	.db #0xfe	; 254
      000119 FE                     327 	.db #0xfe	; 254
      00011A F8                     328 	.db #0xf8	; 248
      00011B F8                     329 	.db #0xf8	; 248
      00011C 70                     330 	.db #0x70	; 112	'p'
      00011D B0                     331 	.db #0xb0	; 176
      00011E 78                     332 	.db #0x78	; 120	'x'
      00011F 88                     333 	.db #0x88	; 136
      000120 F8                     334 	.db #0xf8	; 248
      000121 F8                     335 	.db #0xf8	; 248
      000122 00                     336 	.db #0x00	; 0
      000123 00                     337 	.db #0x00	; 0
      000124 00                     338 	.db #0x00	; 0
      000125 00                     339 	.db #0x00	; 0
      000126 0F                     340 	.db #0x0f	; 15
      000127 0F                     341 	.db #0x0f	; 15
      000128 1E                     342 	.db #0x1e	; 30
      000129 11                     343 	.db #0x11	; 17
      00012A 3E                     344 	.db #0x3e	; 62
      00012B 21                     345 	.db #0x21	; 33
      00012C 6D                     346 	.db #0x6d	; 109	'm'
      00012D 53                     347 	.db #0x53	; 83	'S'
      00012E 72                     348 	.db #0x72	; 114	'r'
      00012F 7F                     349 	.db #0x7f	; 127
      000130 CE                     350 	.db #0xce	; 206
      000131 BF                     351 	.db #0xbf	; 191
      000132 F4                     352 	.db #0xf4	; 244
      000133 8F                     353 	.db #0x8f	; 143
      000134 FD                     354 	.db #0xfd	; 253
      000135 8E                     355 	.db #0x8e	; 142
      000136 77                     356 	.db #0x77	; 119	'w'
      000137 78                     357 	.db #0x78	; 120	'x'
      000138 3F                     358 	.db #0x3f	; 63
      000139 3F                     359 	.db #0x3f	; 63
      00013A 3F                     360 	.db #0x3f	; 63
      00013B 3F                     361 	.db #0x3f	; 63
      00013C 6E                     362 	.db #0x6e	; 110	'n'
      00013D 76                     363 	.db #0x76	; 118	'v'
      00013E 4F                     364 	.db #0x4f	; 79	'O'
      00013F 71                     365 	.db #0x71	; 113	'q'
      000140 7F                     366 	.db #0x7f	; 127
      000141 7F                     367 	.db #0x7f	; 127
      000142 00                     368 	.db #0x00	; 0
      000143 00                     369 	.db #0x00	; 0
      000144 00                     370 	.db #0x00	; 0
      000145 00                     371 	.db #0x00	; 0
      000146 B0                     372 	.db #0xb0	; 176
      000147 D0                     373 	.db #0xd0	; 208
      000148 68                     374 	.db #0x68	; 104	'h'
      000149 F8                     375 	.db #0xf8	; 248
      00014A 0C                     376 	.db #0x0c	; 12
      00014B FC                     377 	.db #0xfc	; 252
      00014C 16                     378 	.db #0x16	; 22
      00014D EE                     379 	.db #0xee	; 238
      00014E 37                     380 	.db #0x37	; 55	'7'
      00014F CD                     381 	.db #0xcd	; 205
      000150 B5                     382 	.db #0xb5	; 181
      000151 4F                     383 	.db #0x4f	; 79	'O'
      000152 FF                     384 	.db #0xff	; 255
      000153 03                     385 	.db #0x03	; 3
      000154 FE                     386 	.db #0xfe	; 254
      000155 0E                     387 	.db #0x0e	; 14
      000156 FF                     388 	.db #0xff	; 255
      000157 1F                     389 	.db #0x1f	; 31
      000158 FF                     390 	.db #0xff	; 255
      000159 F9                     391 	.db #0xf9	; 249
      00015A A6                     392 	.db #0xa6	; 166
      00015B BA                     393 	.db #0xba	; 186
      00015C 1C                     394 	.db #0x1c	; 28
      00015D 1C                     395 	.db #0x1c	; 28
      00015E 00                     396 	.db #0x00	; 0
      00015F 00                     397 	.db #0x00	; 0
      000160 00                     398 	.db #0x00	; 0
      000161 00                     399 	.db #0x00	; 0
      000162 00                     400 	.db #0x00	; 0
      000163 00                     401 	.db #0x00	; 0
      000164 00                     402 	.db #0x00	; 0
      000165 00                     403 	.db #0x00	; 0
      000166 07                     404 	.db #0x07	; 7
      000167 07                     405 	.db #0x07	; 7
      000168 0F                     406 	.db #0x0f	; 15
      000169 0C                     407 	.db #0x0c	; 12
      00016A 0E                     408 	.db #0x0e	; 14
      00016B 09                     409 	.db #0x09	; 9
      00016C 1D                     410 	.db #0x1d	; 29
      00016D 13                     411 	.db #0x13	; 19
      00016E 1E                     412 	.db #0x1e	; 30
      00016F 11                     413 	.db #0x11	; 17
      000170 37                     414 	.db #0x37	; 55	'7'
      000171 39                     415 	.db #0x39	; 57	'9'
      000172 4A                     416 	.db #0x4a	; 74	'J'
      000173 7F                     417 	.db #0x7f	; 127
      000174 E5                     418 	.db #0xe5	; 229
      000175 FE                     419 	.db #0xfe	; 254
      000176 F3                     420 	.db #0xf3	; 243
      000177 FE                     421 	.db #0xfe	; 254
      000178 BF                     422 	.db #0xbf	; 191
      000179 FF                     423 	.db #0xff	; 255
      00017A BF                     424 	.db #0xbf	; 191
      00017B FF                     425 	.db #0xff	; 255
      00017C F8                     426 	.db #0xf8	; 248
      00017D 98                     427 	.db #0x98	; 152
      00017E 7C                     428 	.db #0x7c	; 124
      00017F 44                     429 	.db #0x44	; 68	'D'
      000180 3C                     430 	.db #0x3c	; 60
      000181 3C                     431 	.db #0x3c	; 60
      000182 00                     432 	.db #0x00	; 0
      000183 00                     433 	.db #0x00	; 0
      000184 00                     434 	.db #0x00	; 0
      000185 00                     435 	.db #0x00	; 0
      000186 B0                     436 	.db #0xb0	; 176
      000187 D0                     437 	.db #0xd0	; 208
      000188 E8                     438 	.db #0xe8	; 232
      000189 78                     439 	.db #0x78	; 120	'x'
      00018A 08                     440 	.db #0x08	; 8
      00018B F8                     441 	.db #0xf8	; 248
      00018C 14                     442 	.db #0x14	; 20
      00018D EC                     443 	.db #0xec	; 236
      00018E B4                     444 	.db #0xb4	; 180
      00018F CC                     445 	.db #0xcc	; 204
      000190 DC                     446 	.db #0xdc	; 220
      000191 E4                     447 	.db #0xe4	; 228
      000192 7C                     448 	.db #0x7c	; 124
      000193 A4                     449 	.db #0xa4	; 164
      000194 FA                     450 	.db #0xfa	; 250
      000195 26                     451 	.db #0x26	; 38
      000196 DE                     452 	.db #0xde	; 222
      000197 62                     453 	.db #0x62	; 98	'b'
      000198 BE                     454 	.db #0xbe	; 190
      000199 C2                     455 	.db #0xc2	; 194
      00019A FE                     456 	.db #0xfe	; 254
      00019B FE                     457 	.db #0xfe	; 254
      00019C F8                     458 	.db #0xf8	; 248
      00019D F8                     459 	.db #0xf8	; 248
      00019E 9C                     460 	.db #0x9c	; 156
      00019F E4                     461 	.db #0xe4	; 228
      0001A0 FC                     462 	.db #0xfc	; 252
      0001A1 FC                     463 	.db #0xfc	; 252
      0001A2 00                     464 	.db #0x00	; 0
      0001A3 00                     465 	.db #0x00	; 0
      0001A4 00                     466 	.db #0x00	; 0
      0001A5 00                     467 	.db #0x00	; 0
      0001A6 00                     468 	.db #0x00	; 0
      0001A7 00                     469 	.db #0x00	; 0
      0001A8 7F                     470 	.db #0x7f	; 127
      0001A9 7F                     471 	.db #0x7f	; 127
      0001AA F8                     472 	.db #0xf8	; 248
      0001AB 97                     473 	.db #0x97	; 151
      0001AC F8                     474 	.db #0xf8	; 248
      0001AD 97                     475 	.db #0x97	; 151
      0001AE F3                     476 	.db #0xf3	; 243
      0001AF 9F                     477 	.db #0x9f	; 159
      0001B0 7C                     478 	.db #0x7c	; 124
      0001B1 7F                     479 	.db #0x7f	; 127
      0001B2 EC                     480 	.db #0xec	; 236
      0001B3 F3                     481 	.db #0xf3	; 243
      0001B4 FF                     482 	.db #0xff	; 255
      0001B5 E0                     483 	.db #0xe0	; 224
      0001B6 BF                     484 	.db #0xbf	; 191
      0001B7 F0                     485 	.db #0xf0	; 240
      0001B8 BF                     486 	.db #0xbf	; 191
      0001B9 FF                     487 	.db #0xff	; 255
      0001BA FE                     488 	.db #0xfe	; 254
      0001BB 9E                     489 	.db #0x9e	; 158
      0001BC 7C                     490 	.db #0x7c	; 124
      0001BD 44                     491 	.db #0x44	; 68	'D'
      0001BE 3C                     492 	.db #0x3c	; 60
      0001BF 3C                     493 	.db #0x3c	; 60
      0001C0 00                     494 	.db #0x00	; 0
      0001C1 00                     495 	.db #0x00	; 0
      0001C2 00                     496 	.db #0x00	; 0
      0001C3 00                     497 	.db #0x00	; 0
      0001C4 00                     498 	.db #0x00	; 0
      0001C5 00                     499 	.db #0x00	; 0
      0001C6 00                     500 	.db #0x00	; 0
      0001C7 00                     501 	.db #0x00	; 0
      0001C8 BF                     502 	.db #0xbf	; 191
      0001C9 DF                     503 	.db #0xdf	; 223
      0001CA 6F                     504 	.db #0x6f	; 111	'o'
      0001CB FD                     505 	.db #0xfd	; 253
      0001CC 17                     506 	.db #0x17	; 23
      0001CD ED                     507 	.db #0xed	; 237
      0001CE 36                     508 	.db #0x36	; 54	'6'
      0001CF CE                     509 	.db #0xce	; 206
      0001D0 B4                     510 	.db #0xb4	; 180
      0001D1 4C                     511 	.db #0x4c	; 76	'L'
      0001D2 FE                     512 	.db #0xfe	; 254
      0001D3 02                     513 	.db #0x02	; 2
      0001D4 FE                     514 	.db #0xfe	; 254
      0001D5 0E                     515 	.db #0x0e	; 14
      0001D6 FF                     516 	.db #0xff	; 255
      0001D7 1F                     517 	.db #0x1f	; 31
      0001D8 FF                     518 	.db #0xff	; 255
      0001D9 F9                     519 	.db #0xf9	; 249
      0001DA 66                     520 	.db #0x66	; 102	'f'
      0001DB 7A                     521 	.db #0x7a	; 122	'z'
      0001DC 1C                     522 	.db #0x1c	; 28
      0001DD 1C                     523 	.db #0x1c	; 28
      0001DE 00                     524 	.db #0x00	; 0
      0001DF 00                     525 	.db #0x00	; 0
      0001E0 00                     526 	.db #0x00	; 0
      0001E1 00                     527 	.db #0x00	; 0
      0001E2 00                     528 	.db #0x00	; 0
      0001E3 00                     529 	.db #0x00	; 0
      0001E4 07                     530 	.db #0x07	; 7
      0001E5 07                     531 	.db #0x07	; 7
      0001E6 0F                     532 	.db #0x0f	; 15
      0001E7 0F                     533 	.db #0x0f	; 15
      0001E8 1F                     534 	.db #0x1f	; 31
      0001E9 1F                     535 	.db #0x1f	; 31
      0001EA 23                     536 	.db #0x23	; 35
      0001EB 3F                     537 	.db #0x3f	; 63
      0001EC 60                     538 	.db #0x60	; 96
      0001ED 7F                     539 	.db #0x7f	; 127
      0001EE E3                     540 	.db #0xe3	; 227
      0001EF BC                     541 	.db #0xbc	; 188
      0001F0 F3                     542 	.db #0xf3	; 243
      0001F1 BC                     543 	.db #0xbc	; 188
      0001F2 E7                     544 	.db #0xe7	; 231
      0001F3 F8                     545 	.db #0xf8	; 248
      0001F4 5F                     546 	.db #0x5f	; 95
      0001F5 60                     547 	.db #0x60	; 96
      0001F6 7F                     548 	.db #0x7f	; 127
      0001F7 7E                     549 	.db #0x7e	; 126
      0001F8 67                     550 	.db #0x67	; 103	'g'
      0001F9 7F                     551 	.db #0x7f	; 127
      0001FA 3B                     552 	.db #0x3b	; 59
      0001FB 27                     553 	.db #0x27	; 39
      0001FC 3A                     554 	.db #0x3a	; 58
      0001FD 26                     555 	.db #0x26	; 38
      0001FE 1E                     556 	.db #0x1e	; 30
      0001FF 12                     557 	.db #0x12	; 18
      000200 1E                     558 	.db #0x1e	; 30
      000201 1E                     559 	.db #0x1e	; 30
      000202 00                     560 	.db #0x00	; 0
      000203 00                     561 	.db #0x00	; 0
      000204 F0                     562 	.db #0xf0	; 240
      000205 F0                     563 	.db #0xf0	; 240
      000206 FF                     564 	.db #0xff	; 255
      000207 FF                     565 	.db #0xff	; 255
      000208 FF                     566 	.db #0xff	; 255
      000209 F9                     567 	.db #0xf9	; 249
      00020A DB                     568 	.db #0xdb	; 219
      00020B FD                     569 	.db #0xfd	; 253
      00020C 0E                     570 	.db #0x0e	; 14
      00020D FE                     571 	.db #0xfe	; 254
      00020E 0C                     572 	.db #0x0c	; 12
      00020F FC                     573 	.db #0xfc	; 252
      000210 0C                     574 	.db #0x0c	; 12
      000211 FC                     575 	.db #0xfc	; 252
      000212 04                     576 	.db #0x04	; 4
      000213 FC                     577 	.db #0xfc	; 252
      000214 06                     578 	.db #0x06	; 6
      000215 FE                     579 	.db #0xfe	; 254
      000216 82                     580 	.db #0x82	; 130
      000217 7E                     581 	.db #0x7e	; 126
      000218 BA                     582 	.db #0xba	; 186
      000219 FE                     583 	.db #0xfe	; 254
      00021A FE                     584 	.db #0xfe	; 254
      00021B FE                     585 	.db #0xfe	; 254
      00021C 24                     586 	.db #0x24	; 36
      00021D 3C                     587 	.db #0x3c	; 60
      00021E 3C                     588 	.db #0x3c	; 60
      00021F 3C                     589 	.db #0x3c	; 60
      000220 00                     590 	.db #0x00	; 0
      000221 00                     591 	.db #0x00	; 0
                                    592 	.area _INITIALIZER
                                    593 	.area _CABS (ABS)
