                                      1 ;--------------------------------------------------------
                                      2 ; File Created by SDCC : free open source ANSI-C Compiler
                                      3 ; Version 4.1.4 #12246 (Mac OS X x86_64)
                                      4 ;--------------------------------------------------------
                                      5 	.module spritesheet_7_tiles
                                      6 	.optsdcc -mgbz80
                                      7 	
                                      8 ;--------------------------------------------------------
                                      9 ; Public variables in this module
                                     10 ;--------------------------------------------------------
                                     11 	.globl _spritesheet_7_tiles
                                     12 	.globl ___bank_spritesheet_7_tiles
                                     13 ;--------------------------------------------------------
                                     14 ; special function registers
                                     15 ;--------------------------------------------------------
                                     16 ;--------------------------------------------------------
                                     17 ; ram data
                                     18 ;--------------------------------------------------------
                                     19 	.area _DATA
                                     20 ;--------------------------------------------------------
                                     21 ; ram data
                                     22 ;--------------------------------------------------------
                                     23 	.area _INITIALIZED
                                     24 ;--------------------------------------------------------
                                     25 ; absolute external ram data
                                     26 ;--------------------------------------------------------
                                     27 	.area _DABS (ABS)
                                     28 ;--------------------------------------------------------
                                     29 ; global & static initialisations
                                     30 ;--------------------------------------------------------
                                     31 	.area _HOME
                                     32 	.area _GSINIT
                                     33 	.area _GSFINAL
                                     34 	.area _GSINIT
                                     35 ;--------------------------------------------------------
                                     36 ; Home
                                     37 ;--------------------------------------------------------
                                     38 	.area _HOME
                                     39 	.area _HOME
                                     40 ;--------------------------------------------------------
                                     41 ; code
                                     42 ;--------------------------------------------------------
                                     43 	.area _CODE_255
                                     44 	.area _CODE_255
                           0000FF    45 ___bank_spritesheet_7_tiles	=	0x00ff
      000000                         46 _spritesheet_7_tiles:
      000000 04 00                   47 	.dw #0x0004
      000002 00                      48 	.db #0x00	; 0
      000003 00                      49 	.db #0x00	; 0
      000004 03                      50 	.db #0x03	; 3
      000005 03                      51 	.db #0x03	; 3
      000006 0C                      52 	.db #0x0c	; 12
      000007 0F                      53 	.db #0x0f	; 15
      000008 13                      54 	.db #0x13	; 19
      000009 1C                      55 	.db #0x1c	; 28
      00000A 6F                      56 	.db #0x6f	; 111	'o'
      00000B 70                      57 	.db #0x70	; 112	'p'
      00000C 9F                      58 	.db #0x9f	; 159
      00000D E0                      59 	.db #0xe0	; 224
      00000E 9F                      60 	.db #0x9f	; 159
      00000F E0                      61 	.db #0xe0	; 224
      000010 9F                      62 	.db #0x9f	; 159
      000011 E0                      63 	.db #0xe0	; 224
      000012 BF                      64 	.db #0xbf	; 191
      000013 C0                      65 	.db #0xc0	; 192
      000014 DC                      66 	.db #0xdc	; 220
      000015 E3                      67 	.db #0xe3	; 227
      000016 C1                      68 	.db #0xc1	; 193
      000017 FE                      69 	.db #0xfe	; 254
      000018 64                      70 	.db #0x64	; 100	'd'
      000019 7F                      71 	.db #0x7f	; 127
      00001A 7E                      72 	.db #0x7e	; 126
      00001B 7F                      73 	.db #0x7f	; 127
      00001C 3F                      74 	.db #0x3f	; 63
      00001D 3F                      75 	.db #0x3f	; 63
      00001E 1F                      76 	.db #0x1f	; 31
      00001F 7F                      77 	.db #0x7f	; 127
      000020 00                      78 	.db #0x00	; 0
      000021 3F                      79 	.db #0x3f	; 63
      000022 00                      80 	.db #0x00	; 0
      000023 00                      81 	.db #0x00	; 0
      000024 F0                      82 	.db #0xf0	; 240
      000025 F0                      83 	.db #0xf0	; 240
      000026 6C                      84 	.db #0x6c	; 108	'l'
      000027 9C                      85 	.db #0x9c	; 156
      000028 FA                      86 	.db #0xfa	; 250
      000029 06                      87 	.db #0x06	; 6
      00002A FD                      88 	.db #0xfd	; 253
      00002B 03                      89 	.db #0x03	; 3
      00002C FF                      90 	.db #0xff	; 255
      00002D 01                      91 	.db #0x01	; 1
      00002E FF                      92 	.db #0xff	; 255
      00002F 01                      93 	.db #0x01	; 1
      000030 FF                      94 	.db #0xff	; 255
      000031 01                      95 	.db #0x01	; 1
      000032 FD                      96 	.db #0xfd	; 253
      000033 03                      97 	.db #0x03	; 3
      000034 FF                      98 	.db #0xff	; 255
      000035 01                      99 	.db #0x01	; 1
      000036 FF                     100 	.db #0xff	; 255
      000037 01                     101 	.db #0x01	; 1
      000038 FD                     102 	.db #0xfd	; 253
      000039 03                     103 	.db #0x03	; 3
      00003A 71                     104 	.db #0x71	; 113	'q'
      00003B 8F                     105 	.db #0x8f	; 143
      00003C 02                     106 	.db #0x02	; 2
      00003D FE                     107 	.db #0xfe	; 254
      00003E FC                     108 	.db #0xfc	; 252
      00003F FF                     109 	.db #0xff	; 255
      000040 00                     110 	.db #0x00	; 0
      000041 FE                     111 	.db #0xfe	; 254
                                    112 	.area _INITIALIZER
                                    113 	.area _CABS (ABS)
