                                      1 ;--------------------------------------------------------
                                      2 ; File Created by SDCC : free open source ANSI-C Compiler
                                      3 ; Version 4.1.4 #12246 (Mac OS X x86_64)
                                      4 ;--------------------------------------------------------
                                      5 	.module spritesheet_6_tiles
                                      6 	.optsdcc -mgbz80
                                      7 	
                                      8 ;--------------------------------------------------------
                                      9 ; Public variables in this module
                                     10 ;--------------------------------------------------------
                                     11 	.globl _spritesheet_6_tiles
                                     12 	.globl ___bank_spritesheet_6_tiles
                                     13 ;--------------------------------------------------------
                                     14 ; special function registers
                                     15 ;--------------------------------------------------------
                                     16 ;--------------------------------------------------------
                                     17 ; ram data
                                     18 ;--------------------------------------------------------
                                     19 	.area _DATA
                                     20 ;--------------------------------------------------------
                                     21 ; ram data
                                     22 ;--------------------------------------------------------
                                     23 	.area _INITIALIZED
                                     24 ;--------------------------------------------------------
                                     25 ; absolute external ram data
                                     26 ;--------------------------------------------------------
                                     27 	.area _DABS (ABS)
                                     28 ;--------------------------------------------------------
                                     29 ; global & static initialisations
                                     30 ;--------------------------------------------------------
                                     31 	.area _HOME
                                     32 	.area _GSINIT
                                     33 	.area _GSFINAL
                                     34 	.area _GSINIT
                                     35 ;--------------------------------------------------------
                                     36 ; Home
                                     37 ;--------------------------------------------------------
                                     38 	.area _HOME
                                     39 	.area _HOME
                                     40 ;--------------------------------------------------------
                                     41 ; code
                                     42 ;--------------------------------------------------------
                                     43 	.area _CODE_255
                                     44 	.area _CODE_255
                           0000FF    45 ___bank_spritesheet_6_tiles	=	0x00ff
      000000                         46 _spritesheet_6_tiles:
      000000 04 00                   47 	.dw #0x0004
      000002 00                      48 	.db #0x00	; 0
      000003 00                      49 	.db #0x00	; 0
      000004 00                      50 	.db #0x00	; 0
      000005 00                      51 	.db #0x00	; 0
      000006 3F                      52 	.db #0x3f	; 63
      000007 3F                      53 	.db #0x3f	; 63
      000008 40                      54 	.db #0x40	; 64
      000009 7F                      55 	.db #0x7f	; 127
      00000A 5F                      56 	.db #0x5f	; 95
      00000B 60                      57 	.db #0x60	; 96
      00000C 5F                      58 	.db #0x5f	; 95
      00000D 6E                      59 	.db #0x6e	; 110	'n'
      00000E 5F                      60 	.db #0x5f	; 95
      00000F 6A                      61 	.db #0x6a	; 106	'j'
      000010 5F                      62 	.db #0x5f	; 95
      000011 6D                      63 	.db #0x6d	; 109	'm'
      000012 5F                      64 	.db #0x5f	; 95
      000013 60                      65 	.db #0x60	; 96
      000014 40                      66 	.db #0x40	; 64
      000015 7F                      67 	.db #0x7f	; 127
      000016 3F                      68 	.db #0x3f	; 63
      000017 3F                      69 	.db #0x3f	; 63
      000018 02                      70 	.db #0x02	; 2
      000019 03                      71 	.db #0x03	; 3
      00001A 02                      72 	.db #0x02	; 2
      00001B 03                      73 	.db #0x03	; 3
      00001C 02                      74 	.db #0x02	; 2
      00001D 03                      75 	.db #0x03	; 3
      00001E 02                      76 	.db #0x02	; 2
      00001F 03                      77 	.db #0x03	; 3
      000020 03                      78 	.db #0x03	; 3
      000021 03                      79 	.db #0x03	; 3
      000022 00                      80 	.db #0x00	; 0
      000023 00                      81 	.db #0x00	; 0
      000024 00                      82 	.db #0x00	; 0
      000025 00                      83 	.db #0x00	; 0
      000026 FC                      84 	.db #0xfc	; 252
      000027 FC                      85 	.db #0xfc	; 252
      000028 02                      86 	.db #0x02	; 2
      000029 FE                      87 	.db #0xfe	; 254
      00002A FA                      88 	.db #0xfa	; 250
      00002B 06                      89 	.db #0x06	; 6
      00002C FA                      90 	.db #0xfa	; 250
      00002D D6                      91 	.db #0xd6	; 214
      00002E FA                      92 	.db #0xfa	; 250
      00002F B6                      93 	.db #0xb6	; 182
      000030 FA                      94 	.db #0xfa	; 250
      000031 56                      95 	.db #0x56	; 86	'V'
      000032 FA                      96 	.db #0xfa	; 250
      000033 06                      97 	.db #0x06	; 6
      000034 02                      98 	.db #0x02	; 2
      000035 FE                      99 	.db #0xfe	; 254
      000036 FC                     100 	.db #0xfc	; 252
      000037 FC                     101 	.db #0xfc	; 252
      000038 40                     102 	.db #0x40	; 64
      000039 C0                     103 	.db #0xc0	; 192
      00003A C0                     104 	.db #0xc0	; 192
      00003B 40                     105 	.db #0x40	; 64
      00003C C0                     106 	.db #0xc0	; 192
      00003D 40                     107 	.db #0x40	; 64
      00003E C0                     108 	.db #0xc0	; 192
      00003F 40                     109 	.db #0x40	; 64
      000040 C0                     110 	.db #0xc0	; 192
      000041 C0                     111 	.db #0xc0	; 192
                                    112 	.area _INITIALIZER
                                    113 	.area _CABS (ABS)
