                                      1 ;--------------------------------------------------------
                                      2 ; File Created by SDCC : free open source ANSI-C Compiler
                                      3 ; Version 4.1.4 #12246 (Mac OS X x86_64)
                                      4 ;--------------------------------------------------------
                                      5 	.module spritesheet_13_tiles
                                      6 	.optsdcc -mgbz80
                                      7 	
                                      8 ;--------------------------------------------------------
                                      9 ; Public variables in this module
                                     10 ;--------------------------------------------------------
                                     11 	.globl _spritesheet_13_tiles
                                     12 	.globl ___bank_spritesheet_13_tiles
                                     13 ;--------------------------------------------------------
                                     14 ; special function registers
                                     15 ;--------------------------------------------------------
                                     16 ;--------------------------------------------------------
                                     17 ; ram data
                                     18 ;--------------------------------------------------------
                                     19 	.area _DATA
                                     20 ;--------------------------------------------------------
                                     21 ; ram data
                                     22 ;--------------------------------------------------------
                                     23 	.area _INITIALIZED
                                     24 ;--------------------------------------------------------
                                     25 ; absolute external ram data
                                     26 ;--------------------------------------------------------
                                     27 	.area _DABS (ABS)
                                     28 ;--------------------------------------------------------
                                     29 ; global & static initialisations
                                     30 ;--------------------------------------------------------
                                     31 	.area _HOME
                                     32 	.area _GSINIT
                                     33 	.area _GSFINAL
                                     34 	.area _GSINIT
                                     35 ;--------------------------------------------------------
                                     36 ; Home
                                     37 ;--------------------------------------------------------
                                     38 	.area _HOME
                                     39 	.area _HOME
                                     40 ;--------------------------------------------------------
                                     41 ; code
                                     42 ;--------------------------------------------------------
                                     43 	.area _CODE_255
                                     44 	.area _CODE_255
                           0000FF    45 ___bank_spritesheet_13_tiles	=	0x00ff
      000000                         46 _spritesheet_13_tiles:
      000000 08 00                   47 	.dw #0x0008
      000002 00                      48 	.db #0x00	; 0
      000003 00                      49 	.db #0x00	; 0
      000004 00                      50 	.db #0x00	; 0
      000005 00                      51 	.db #0x00	; 0
      000006 00                      52 	.db #0x00	; 0
      000007 00                      53 	.db #0x00	; 0
      000008 1F                      54 	.db #0x1f	; 31
      000009 1F                      55 	.db #0x1f	; 31
      00000A 1F                      56 	.db #0x1f	; 31
      00000B 10                      57 	.db #0x10	; 16
      00000C 1F                      58 	.db #0x1f	; 31
      00000D 10                      59 	.db #0x10	; 16
      00000E 1F                      60 	.db #0x1f	; 31
      00000F 10                      61 	.db #0x10	; 16
      000010 1C                      62 	.db #0x1c	; 28
      000011 13                      63 	.db #0x13	; 19
      000012 1A                      64 	.db #0x1a	; 26
      000013 17                      65 	.db #0x17	; 23
      000014 15                      66 	.db #0x15	; 21
      000015 1D                      67 	.db #0x1d	; 29
      000016 08                      68 	.db #0x08	; 8
      000017 08                      69 	.db #0x08	; 8
      000018 00                      70 	.db #0x00	; 0
      000019 00                      71 	.db #0x00	; 0
      00001A 00                      72 	.db #0x00	; 0
      00001B 00                      73 	.db #0x00	; 0
      00001C 00                      74 	.db #0x00	; 0
      00001D 00                      75 	.db #0x00	; 0
      00001E 00                      76 	.db #0x00	; 0
      00001F 00                      77 	.db #0x00	; 0
      000020 00                      78 	.db #0x00	; 0
      000021 00                      79 	.db #0x00	; 0
      000022 00                      80 	.db #0x00	; 0
      000023 00                      81 	.db #0x00	; 0
      000024 00                      82 	.db #0x00	; 0
      000025 00                      83 	.db #0x00	; 0
      000026 00                      84 	.db #0x00	; 0
      000027 00                      85 	.db #0x00	; 0
      000028 C0                      86 	.db #0xc0	; 192
      000029 C0                      87 	.db #0xc0	; 192
      00002A A0                      88 	.db #0xa0	; 160
      00002B 60                      89 	.db #0x60	; 96
      00002C 40                      90 	.db #0x40	; 64
      00002D C0                      91 	.db #0xc0	; 192
      00002E 80                      92 	.db #0x80	; 128
      00002F 80                      93 	.db #0x80	; 128
      000030 C0                      94 	.db #0xc0	; 192
      000031 40                      95 	.db #0x40	; 64
      000032 60                      96 	.db #0x60	; 96
      000033 A0                      97 	.db #0xa0	; 160
      000034 30                      98 	.db #0x30	; 48	'0'
      000035 D0                      99 	.db #0xd0	; 208
      000036 90                     100 	.db #0x90	; 144
      000037 F0                     101 	.db #0xf0	; 240
      000038 60                     102 	.db #0x60	; 96
      000039 60                     103 	.db #0x60	; 96
      00003A 00                     104 	.db #0x00	; 0
      00003B 00                     105 	.db #0x00	; 0
      00003C 00                     106 	.db #0x00	; 0
      00003D 00                     107 	.db #0x00	; 0
      00003E 00                     108 	.db #0x00	; 0
      00003F 00                     109 	.db #0x00	; 0
      000040 00                     110 	.db #0x00	; 0
      000041 00                     111 	.db #0x00	; 0
      000042 00                     112 	.db #0x00	; 0
      000043 00                     113 	.db #0x00	; 0
      000044 00                     114 	.db #0x00	; 0
      000045 00                     115 	.db #0x00	; 0
      000046 10                     116 	.db #0x10	; 16
      000047 10                     117 	.db #0x10	; 16
      000048 38                     118 	.db #0x38	; 56	'8'
      000049 28                     119 	.db #0x28	; 40
      00004A 38                     120 	.db #0x38	; 56	'8'
      00004B 28                     121 	.db #0x28	; 40
      00004C 38                     122 	.db #0x38	; 56	'8'
      00004D 28                     123 	.db #0x28	; 40
      00004E 3F                     124 	.db #0x3f	; 63
      00004F 2F                     125 	.db #0x2f	; 47
      000050 7F                     126 	.db #0x7f	; 127
      000051 6A                     127 	.db #0x6a	; 106	'j'
      000052 F5                     128 	.db #0xf5	; 245
      000053 AA                     129 	.db #0xaa	; 170
      000054 DE                     130 	.db #0xde	; 222
      000055 A1                     131 	.db #0xa1	; 161
      000056 6A                     132 	.db #0x6a	; 106	'j'
      000057 55                     133 	.db #0x55	; 85	'U'
      000058 5D                     134 	.db #0x5d	; 93
      000059 63                     135 	.db #0x63	; 99	'c'
      00005A 21                     136 	.db #0x21	; 33
      00005B 3F                     137 	.db #0x3f	; 63
      00005C 3F                     138 	.db #0x3f	; 63
      00005D 3F                     139 	.db #0x3f	; 63
      00005E 00                     140 	.db #0x00	; 0
      00005F 00                     141 	.db #0x00	; 0
      000060 00                     142 	.db #0x00	; 0
      000061 00                     143 	.db #0x00	; 0
      000062 00                     144 	.db #0x00	; 0
      000063 00                     145 	.db #0x00	; 0
      000064 00                     146 	.db #0x00	; 0
      000065 00                     147 	.db #0x00	; 0
      000066 00                     148 	.db #0x00	; 0
      000067 00                     149 	.db #0x00	; 0
      000068 00                     150 	.db #0x00	; 0
      000069 00                     151 	.db #0x00	; 0
      00006A 00                     152 	.db #0x00	; 0
      00006B 00                     153 	.db #0x00	; 0
      00006C 00                     154 	.db #0x00	; 0
      00006D 00                     155 	.db #0x00	; 0
      00006E 00                     156 	.db #0x00	; 0
      00006F 00                     157 	.db #0x00	; 0
      000070 80                     158 	.db #0x80	; 128
      000071 80                     159 	.db #0x80	; 128
      000072 80                     160 	.db #0x80	; 128
      000073 80                     161 	.db #0x80	; 128
      000074 80                     162 	.db #0x80	; 128
      000075 80                     163 	.db #0x80	; 128
      000076 80                     164 	.db #0x80	; 128
      000077 80                     165 	.db #0x80	; 128
      000078 00                     166 	.db #0x00	; 0
      000079 00                     167 	.db #0x00	; 0
      00007A 00                     168 	.db #0x00	; 0
      00007B 00                     169 	.db #0x00	; 0
      00007C 00                     170 	.db #0x00	; 0
      00007D 00                     171 	.db #0x00	; 0
      00007E 00                     172 	.db #0x00	; 0
      00007F 00                     173 	.db #0x00	; 0
      000080 00                     174 	.db #0x00	; 0
      000081 00                     175 	.db #0x00	; 0
                                    176 	.area _INITIALIZER
                                    177 	.area _CABS (ABS)
