                                      1 ;--------------------------------------------------------
                                      2 ; File Created by SDCC : free open source ANSI-C Compiler
                                      3 ; Version 4.1.4 #12246 (Mac OS X x86_64)
                                      4 ;--------------------------------------------------------
                                      5 	.module spritesheet_5
                                      6 	.optsdcc -mgbz80
                                      7 	
                                      8 ;--------------------------------------------------------
                                      9 ; Public variables in this module
                                     10 ;--------------------------------------------------------
                                     11 	.globl _spritesheet_5
                                     12 	.globl _spritesheet_5_animations_lookup
                                     13 	.globl _spritesheet_5_animations
                                     14 	.globl _spritesheet_5_metasprites
                                     15 	.globl _spritesheet_5_metasprite_1
                                     16 	.globl _spritesheet_5_metasprite_0
                                     17 	.globl ___bank_spritesheet_5
                                     18 ;--------------------------------------------------------
                                     19 ; special function registers
                                     20 ;--------------------------------------------------------
                                     21 ;--------------------------------------------------------
                                     22 ; ram data
                                     23 ;--------------------------------------------------------
                                     24 	.area _DATA
                                     25 ;--------------------------------------------------------
                                     26 ; ram data
                                     27 ;--------------------------------------------------------
                                     28 	.area _INITIALIZED
                                     29 ;--------------------------------------------------------
                                     30 ; absolute external ram data
                                     31 ;--------------------------------------------------------
                                     32 	.area _DABS (ABS)
                                     33 ;--------------------------------------------------------
                                     34 ; global & static initialisations
                                     35 ;--------------------------------------------------------
                                     36 	.area _HOME
                                     37 	.area _GSINIT
                                     38 	.area _GSFINAL
                                     39 	.area _GSINIT
                                     40 ;--------------------------------------------------------
                                     41 ; Home
                                     42 ;--------------------------------------------------------
                                     43 	.area _HOME
                                     44 	.area _HOME
                                     45 ;--------------------------------------------------------
                                     46 ; code
                                     47 ;--------------------------------------------------------
                                     48 	.area _CODE_255
                                     49 	.area _CODE_255
                           0000FF    50 ___bank_spritesheet_5	=	0x00ff
      000000                         51 _spritesheet_5_metasprite_0:
      000000 00                      52 	.db #0x00	;  0
      000001 00                      53 	.db #0x00	;  0
      000002 00                      54 	.db #0x00	; 0
      000003 00                      55 	.db #0x00	; 0
      000004 00                      56 	.db #0x00	;  0
      000005 08                      57 	.db #0x08	;  8
      000006 02                      58 	.db #0x02	; 2
      000007 00                      59 	.db #0x00	; 0
      000008 80                      60 	.db #0x80	; -128
      000009 00                      61 	.db #0x00	;  0
      00000A 00                      62 	.db #0x00	; 0
      00000B 00                      63 	.db #0x00	; 0
      00000C                         64 _spritesheet_5_metasprite_1:
      00000C 00                      65 	.db #0x00	;  0
      00000D 00                      66 	.db #0x00	;  0
      00000E 04                      67 	.db #0x04	; 4
      00000F 00                      68 	.db #0x00	; 0
      000010 00                      69 	.db #0x00	;  0
      000011 08                      70 	.db #0x08	;  8
      000012 06                      71 	.db #0x06	; 6
      000013 00                      72 	.db #0x00	; 0
      000014 80                      73 	.db #0x80	; -128
      000015 00                      74 	.db #0x00	;  0
      000016 00                      75 	.db #0x00	; 0
      000017 00                      76 	.db #0x00	; 0
      000018                         77 _spritesheet_5_metasprites:
      000018r00r00                   78 	.dw _spritesheet_5_metasprite_0
      00001Ar0Cr00                   79 	.dw _spritesheet_5_metasprite_1
      00001C                         80 _spritesheet_5_animations:
      00001C 00                      81 	.db #0x00	; 0
      00001D 01                      82 	.db #0x01	; 1
      00001E 00                      83 	.db #0x00	; 0
      00001F 01                      84 	.db #0x01	; 1
      000020 00                      85 	.db #0x00	; 0
      000021 01                      86 	.db #0x01	; 1
      000022 00                      87 	.db #0x00	; 0
      000023 01                      88 	.db #0x01	; 1
      000024 00                      89 	.db #0x00	; 0
      000025 01                      90 	.db #0x01	; 1
      000026 00                      91 	.db #0x00	; 0
      000027 01                      92 	.db #0x01	; 1
      000028 00                      93 	.db #0x00	; 0
      000029 01                      94 	.db #0x01	; 1
      00002A 00                      95 	.db #0x00	; 0
      00002B 01                      96 	.db #0x01	; 1
      00002C                         97 _spritesheet_5_animations_lookup:
      00002C 00 00                   98 	.dw #0x0000
      00002E                         99 _spritesheet_5:
      00002E 02                     100 	.db #0x02	; 2
      00002Fr18r00                  101 	.dw _spritesheet_5_metasprites
      000031r1Cr00                  102 	.dw _spritesheet_5_animations
      000033r2Cr00                  103 	.dw _spritesheet_5_animations_lookup
      000035 00                     104 	.db #0x00	;  0
      000036 0F                     105 	.db #0x0f	;  15
      000037 F8                     106 	.db #0xf8	; -8
      000038 07                     107 	.db #0x07	;  7
      000039r00                     108 	.byte ___bank_spritesheet_5_tiles
      00003Ar00r00                  109 	.dw _spritesheet_5_tiles
      00003C 00                     110 	.db #0x00	; 0
      00003D 00 00                  111 	.dw #0x0000
                                    112 	.area _INITIALIZER
                                    113 	.area _CABS (ABS)
