                                      1 ;--------------------------------------------------------
                                      2 ; File Created by SDCC : free open source ANSI-C Compiler
                                      3 ; Version 4.1.4 #12246 (Mac OS X x86_64)
                                      4 ;--------------------------------------------------------
                                      5 	.module spritesheet_8_tiles
                                      6 	.optsdcc -mgbz80
                                      7 	
                                      8 ;--------------------------------------------------------
                                      9 ; Public variables in this module
                                     10 ;--------------------------------------------------------
                                     11 	.globl _spritesheet_8_tiles
                                     12 	.globl ___bank_spritesheet_8_tiles
                                     13 ;--------------------------------------------------------
                                     14 ; special function registers
                                     15 ;--------------------------------------------------------
                                     16 ;--------------------------------------------------------
                                     17 ; ram data
                                     18 ;--------------------------------------------------------
                                     19 	.area _DATA
                                     20 ;--------------------------------------------------------
                                     21 ; ram data
                                     22 ;--------------------------------------------------------
                                     23 	.area _INITIALIZED
                                     24 ;--------------------------------------------------------
                                     25 ; absolute external ram data
                                     26 ;--------------------------------------------------------
                                     27 	.area _DABS (ABS)
                                     28 ;--------------------------------------------------------
                                     29 ; global & static initialisations
                                     30 ;--------------------------------------------------------
                                     31 	.area _HOME
                                     32 	.area _GSINIT
                                     33 	.area _GSFINAL
                                     34 	.area _GSINIT
                                     35 ;--------------------------------------------------------
                                     36 ; Home
                                     37 ;--------------------------------------------------------
                                     38 	.area _HOME
                                     39 	.area _HOME
                                     40 ;--------------------------------------------------------
                                     41 ; code
                                     42 ;--------------------------------------------------------
                                     43 	.area _CODE_255
                                     44 	.area _CODE_255
                           0000FF    45 ___bank_spritesheet_8_tiles	=	0x00ff
      000000                         46 _spritesheet_8_tiles:
      000000 04 00                   47 	.dw #0x0004
      000002 00                      48 	.db #0x00	; 0
      000003 00                      49 	.db #0x00	; 0
      000004 00                      50 	.db #0x00	; 0
      000005 00                      51 	.db #0x00	; 0
      000006 3F                      52 	.db #0x3f	; 63
      000007 3F                      53 	.db #0x3f	; 63
      000008 38                      54 	.db #0x38	; 56	'8'
      000009 3F                      55 	.db #0x3f	; 63
      00000A 3D                      56 	.db #0x3d	; 61
      00000B 3E                      57 	.db #0x3e	; 62
      00000C 3F                      58 	.db #0x3f	; 63
      00000D 3F                      59 	.db #0x3f	; 63
      00000E 37                      60 	.db #0x37	; 55	'7'
      00000F 38                      61 	.db #0x38	; 56	'8'
      000010 3B                      62 	.db #0x3b	; 59
      000011 3C                      63 	.db #0x3c	; 60
      000012 3F                      64 	.db #0x3f	; 63
      000013 3F                      65 	.db #0x3f	; 63
      000014 1F                      66 	.db #0x1f	; 31
      000015 20                      67 	.db #0x20	; 32
      000016 2F                      68 	.db #0x2f	; 47
      000017 30                      69 	.db #0x30	; 48	'0'
      000018 2F                      70 	.db #0x2f	; 47
      000019 30                      71 	.db #0x30	; 48	'0'
      00001A 3F                      72 	.db #0x3f	; 63
      00001B 3F                      73 	.db #0x3f	; 63
      00001C 00                      74 	.db #0x00	; 0
      00001D 3F                      75 	.db #0x3f	; 63
      00001E 00                      76 	.db #0x00	; 0
      00001F 00                      77 	.db #0x00	; 0
      000020 00                      78 	.db #0x00	; 0
      000021 00                      79 	.db #0x00	; 0
      000022 00                      80 	.db #0x00	; 0
      000023 00                      81 	.db #0x00	; 0
      000024 00                      82 	.db #0x00	; 0
      000025 00                      83 	.db #0x00	; 0
      000026 FC                      84 	.db #0xfc	; 252
      000027 FC                      85 	.db #0xfc	; 252
      000028 1C                      86 	.db #0x1c	; 28
      000029 FC                      87 	.db #0xfc	; 252
      00002A BC                      88 	.db #0xbc	; 188
      00002B 7C                      89 	.db #0x7c	; 124
      00002C FC                      90 	.db #0xfc	; 252
      00002D FC                      91 	.db #0xfc	; 252
      00002E EC                      92 	.db #0xec	; 236
      00002F 1C                      93 	.db #0x1c	; 28
      000030 DC                      94 	.db #0xdc	; 220
      000031 3C                      95 	.db #0x3c	; 60
      000032 FC                      96 	.db #0xfc	; 252
      000033 FC                      97 	.db #0xfc	; 252
      000034 F8                      98 	.db #0xf8	; 248
      000035 04                      99 	.db #0x04	; 4
      000036 F4                     100 	.db #0xf4	; 244
      000037 0C                     101 	.db #0x0c	; 12
      000038 F4                     102 	.db #0xf4	; 244
      000039 0C                     103 	.db #0x0c	; 12
      00003A FC                     104 	.db #0xfc	; 252
      00003B FC                     105 	.db #0xfc	; 252
      00003C 00                     106 	.db #0x00	; 0
      00003D FC                     107 	.db #0xfc	; 252
      00003E 00                     108 	.db #0x00	; 0
      00003F 00                     109 	.db #0x00	; 0
      000040 00                     110 	.db #0x00	; 0
      000041 00                     111 	.db #0x00	; 0
                                    112 	.area _INITIALIZER
                                    113 	.area _CABS (ABS)
