                                      1 ;--------------------------------------------------------
                                      2 ; File Created by SDCC : free open source ANSI-C Compiler
                                      3 ; Version 4.1.4 #12246 (Mac OS X x86_64)
                                      4 ;--------------------------------------------------------
                                      5 	.module spritesheet_5_tiles
                                      6 	.optsdcc -mgbz80
                                      7 	
                                      8 ;--------------------------------------------------------
                                      9 ; Public variables in this module
                                     10 ;--------------------------------------------------------
                                     11 	.globl _spritesheet_5_tiles
                                     12 	.globl ___bank_spritesheet_5_tiles
                                     13 ;--------------------------------------------------------
                                     14 ; special function registers
                                     15 ;--------------------------------------------------------
                                     16 ;--------------------------------------------------------
                                     17 ; ram data
                                     18 ;--------------------------------------------------------
                                     19 	.area _DATA
                                     20 ;--------------------------------------------------------
                                     21 ; ram data
                                     22 ;--------------------------------------------------------
                                     23 	.area _INITIALIZED
                                     24 ;--------------------------------------------------------
                                     25 ; absolute external ram data
                                     26 ;--------------------------------------------------------
                                     27 	.area _DABS (ABS)
                                     28 ;--------------------------------------------------------
                                     29 ; global & static initialisations
                                     30 ;--------------------------------------------------------
                                     31 	.area _HOME
                                     32 	.area _GSINIT
                                     33 	.area _GSFINAL
                                     34 	.area _GSINIT
                                     35 ;--------------------------------------------------------
                                     36 ; Home
                                     37 ;--------------------------------------------------------
                                     38 	.area _HOME
                                     39 	.area _HOME
                                     40 ;--------------------------------------------------------
                                     41 ; code
                                     42 ;--------------------------------------------------------
                                     43 	.area _CODE_255
                                     44 	.area _CODE_255
                           0000FF    45 ___bank_spritesheet_5_tiles	=	0x00ff
      000000                         46 _spritesheet_5_tiles:
      000000 08 00                   47 	.dw #0x0008
      000002 01                      48 	.db #0x01	; 1
      000003 01                      49 	.db #0x01	; 1
      000004 03                      50 	.db #0x03	; 3
      000005 02                      51 	.db #0x02	; 2
      000006 05                      52 	.db #0x05	; 5
      000007 06                      53 	.db #0x06	; 6
      000008 09                      54 	.db #0x09	; 9
      000009 0E                      55 	.db #0x0e	; 14
      00000A 19                      56 	.db #0x19	; 25
      00000B 16                      57 	.db #0x16	; 22
      00000C 17                      58 	.db #0x17	; 23
      00000D 18                      59 	.db #0x18	; 24
      00000E 09                      60 	.db #0x09	; 9
      00000F 0E                      61 	.db #0x0e	; 14
      000010 09                      62 	.db #0x09	; 9
      000011 0E                      63 	.db #0x0e	; 14
      000012 05                      64 	.db #0x05	; 5
      000013 06                      65 	.db #0x06	; 6
      000014 05                      66 	.db #0x05	; 5
      000015 06                      67 	.db #0x06	; 6
      000016 03                      68 	.db #0x03	; 3
      000017 02                      69 	.db #0x02	; 2
      000018 03                      70 	.db #0x03	; 3
      000019 02                      71 	.db #0x02	; 2
      00001A 01                      72 	.db #0x01	; 1
      00001B 01                      73 	.db #0x01	; 1
      00001C 01                      74 	.db #0x01	; 1
      00001D 03                      75 	.db #0x03	; 3
      00001E 00                      76 	.db #0x00	; 0
      00001F 0F                      77 	.db #0x0f	; 15
      000020 00                      78 	.db #0x00	; 0
      000021 03                      79 	.db #0x03	; 3
      000022 80                      80 	.db #0x80	; 128
      000023 80                      81 	.db #0x80	; 128
      000024 C0                      82 	.db #0xc0	; 192
      000025 40                      83 	.db #0x40	; 64
      000026 A0                      84 	.db #0xa0	; 160
      000027 60                      85 	.db #0x60	; 96
      000028 90                      86 	.db #0x90	; 144
      000029 70                      87 	.db #0x70	; 112	'p'
      00002A 98                      88 	.db #0x98	; 152
      00002B 68                      89 	.db #0x68	; 104	'h'
      00002C E8                      90 	.db #0xe8	; 232
      00002D 18                      91 	.db #0x18	; 24
      00002E 90                      92 	.db #0x90	; 144
      00002F 70                      93 	.db #0x70	; 112	'p'
      000030 90                      94 	.db #0x90	; 144
      000031 70                      95 	.db #0x70	; 112	'p'
      000032 A0                      96 	.db #0xa0	; 160
      000033 60                      97 	.db #0x60	; 96
      000034 A0                      98 	.db #0xa0	; 160
      000035 60                      99 	.db #0x60	; 96
      000036 C0                     100 	.db #0xc0	; 192
      000037 40                     101 	.db #0x40	; 64
      000038 C0                     102 	.db #0xc0	; 192
      000039 40                     103 	.db #0x40	; 64
      00003A 80                     104 	.db #0x80	; 128
      00003B 80                     105 	.db #0x80	; 128
      00003C 80                     106 	.db #0x80	; 128
      00003D C0                     107 	.db #0xc0	; 192
      00003E 00                     108 	.db #0x00	; 0
      00003F F0                     109 	.db #0xf0	; 240
      000040 00                     110 	.db #0x00	; 0
      000041 C0                     111 	.db #0xc0	; 192
      000042 00                     112 	.db #0x00	; 0
      000043 00                     113 	.db #0x00	; 0
      000044 01                     114 	.db #0x01	; 1
      000045 01                     115 	.db #0x01	; 1
      000046 03                     116 	.db #0x03	; 3
      000047 02                     117 	.db #0x02	; 2
      000048 05                     118 	.db #0x05	; 5
      000049 06                     119 	.db #0x06	; 6
      00004A 09                     120 	.db #0x09	; 9
      00004B 0E                     121 	.db #0x0e	; 14
      00004C 19                     122 	.db #0x19	; 25
      00004D 16                     123 	.db #0x16	; 22
      00004E 17                     124 	.db #0x17	; 23
      00004F 18                     125 	.db #0x18	; 24
      000050 09                     126 	.db #0x09	; 9
      000051 0E                     127 	.db #0x0e	; 14
      000052 09                     128 	.db #0x09	; 9
      000053 0E                     129 	.db #0x0e	; 14
      000054 05                     130 	.db #0x05	; 5
      000055 06                     131 	.db #0x06	; 6
      000056 05                     132 	.db #0x05	; 5
      000057 06                     133 	.db #0x06	; 6
      000058 03                     134 	.db #0x03	; 3
      000059 02                     135 	.db #0x02	; 2
      00005A 03                     136 	.db #0x03	; 3
      00005B 02                     137 	.db #0x02	; 2
      00005C 01                     138 	.db #0x01	; 1
      00005D 03                     139 	.db #0x03	; 3
      00005E 01                     140 	.db #0x01	; 1
      00005F 0F                     141 	.db #0x0f	; 15
      000060 00                     142 	.db #0x00	; 0
      000061 03                     143 	.db #0x03	; 3
      000062 00                     144 	.db #0x00	; 0
      000063 00                     145 	.db #0x00	; 0
      000064 80                     146 	.db #0x80	; 128
      000065 80                     147 	.db #0x80	; 128
      000066 C0                     148 	.db #0xc0	; 192
      000067 40                     149 	.db #0x40	; 64
      000068 A0                     150 	.db #0xa0	; 160
      000069 60                     151 	.db #0x60	; 96
      00006A 90                     152 	.db #0x90	; 144
      00006B 70                     153 	.db #0x70	; 112	'p'
      00006C 98                     154 	.db #0x98	; 152
      00006D 68                     155 	.db #0x68	; 104	'h'
      00006E E8                     156 	.db #0xe8	; 232
      00006F 18                     157 	.db #0x18	; 24
      000070 90                     158 	.db #0x90	; 144
      000071 70                     159 	.db #0x70	; 112	'p'
      000072 90                     160 	.db #0x90	; 144
      000073 70                     161 	.db #0x70	; 112	'p'
      000074 A0                     162 	.db #0xa0	; 160
      000075 60                     163 	.db #0x60	; 96
      000076 A0                     164 	.db #0xa0	; 160
      000077 60                     165 	.db #0x60	; 96
      000078 C0                     166 	.db #0xc0	; 192
      000079 40                     167 	.db #0x40	; 64
      00007A C0                     168 	.db #0xc0	; 192
      00007B 40                     169 	.db #0x40	; 64
      00007C 80                     170 	.db #0x80	; 128
      00007D C0                     171 	.db #0xc0	; 192
      00007E 80                     172 	.db #0x80	; 128
      00007F F0                     173 	.db #0xf0	; 240
      000080 00                     174 	.db #0x00	; 0
      000081 C0                     175 	.db #0xc0	; 192
                                    176 	.area _INITIALIZER
                                    177 	.area _CABS (ABS)
