                                      1 ;--------------------------------------------------------
                                      2 ; File Created by SDCC : free open source ANSI-C Compiler
                                      3 ; Version 4.1.4 #12246 (Mac OS X x86_64)
                                      4 ;--------------------------------------------------------
                                      5 	.module spritesheet_11_tiles
                                      6 	.optsdcc -mgbz80
                                      7 	
                                      8 ;--------------------------------------------------------
                                      9 ; Public variables in this module
                                     10 ;--------------------------------------------------------
                                     11 	.globl _spritesheet_11_tiles
                                     12 	.globl ___bank_spritesheet_11_tiles
                                     13 ;--------------------------------------------------------
                                     14 ; special function registers
                                     15 ;--------------------------------------------------------
                                     16 ;--------------------------------------------------------
                                     17 ; ram data
                                     18 ;--------------------------------------------------------
                                     19 	.area _DATA
                                     20 ;--------------------------------------------------------
                                     21 ; ram data
                                     22 ;--------------------------------------------------------
                                     23 	.area _INITIALIZED
                                     24 ;--------------------------------------------------------
                                     25 ; absolute external ram data
                                     26 ;--------------------------------------------------------
                                     27 	.area _DABS (ABS)
                                     28 ;--------------------------------------------------------
                                     29 ; global & static initialisations
                                     30 ;--------------------------------------------------------
                                     31 	.area _HOME
                                     32 	.area _GSINIT
                                     33 	.area _GSFINAL
                                     34 	.area _GSINIT
                                     35 ;--------------------------------------------------------
                                     36 ; Home
                                     37 ;--------------------------------------------------------
                                     38 	.area _HOME
                                     39 	.area _HOME
                                     40 ;--------------------------------------------------------
                                     41 ; code
                                     42 ;--------------------------------------------------------
                                     43 	.area _CODE_255
                                     44 	.area _CODE_255
                           0000FF    45 ___bank_spritesheet_11_tiles	=	0x00ff
      000000                         46 _spritesheet_11_tiles:
      000000 0C 00                   47 	.dw #0x000c
      000002 00                      48 	.db #0x00	; 0
      000003 00                      49 	.db #0x00	; 0
      000004 07                      50 	.db #0x07	; 7
      000005 07                      51 	.db #0x07	; 7
      000006 18                      52 	.db #0x18	; 24
      000007 18                      53 	.db #0x18	; 24
      000008 27                      54 	.db #0x27	; 39
      000009 20                      55 	.db #0x20	; 32
      00000A 2D                      56 	.db #0x2d	; 45
      00000B 20                      57 	.db #0x20	; 32
      00000C 5A                      58 	.db #0x5a	; 90	'Z'
      00000D 64                      59 	.db #0x64	; 100	'd'
      00000E 5A                      60 	.db #0x5a	; 90	'Z'
      00000F 64                      61 	.db #0x64	; 100	'd'
      000010 5A                      62 	.db #0x5a	; 90	'Z'
      000011 64                      63 	.db #0x64	; 100	'd'
      000012 5A                      64 	.db #0x5a	; 90	'Z'
      000013 64                      65 	.db #0x64	; 100	'd'
      000014 2D                      66 	.db #0x2d	; 45
      000015 32                      67 	.db #0x32	; 50	'2'
      000016 27                      68 	.db #0x27	; 39
      000017 38                      69 	.db #0x38	; 56	'8'
      000018 18                      70 	.db #0x18	; 24
      000019 1F                      71 	.db #0x1f	; 31
      00001A 07                      72 	.db #0x07	; 7
      00001B 07                      73 	.db #0x07	; 7
      00001C 00                      74 	.db #0x00	; 0
      00001D 00                      75 	.db #0x00	; 0
      00001E 00                      76 	.db #0x00	; 0
      00001F 00                      77 	.db #0x00	; 0
      000020 00                      78 	.db #0x00	; 0
      000021 00                      79 	.db #0x00	; 0
      000022 00                      80 	.db #0x00	; 0
      000023 00                      81 	.db #0x00	; 0
      000024 00                      82 	.db #0x00	; 0
      000025 00                      83 	.db #0x00	; 0
      000026 C0                      84 	.db #0xc0	; 192
      000027 C0                      85 	.db #0xc0	; 192
      000028 20                      86 	.db #0x20	; 32
      000029 20                      87 	.db #0x20	; 32
      00002A A0                      88 	.db #0xa0	; 160
      00002B 20                      89 	.db #0x20	; 32
      00002C D0                      90 	.db #0xd0	; 208
      00002D 10                      91 	.db #0x10	; 16
      00002E D0                      92 	.db #0xd0	; 208
      00002F 10                      93 	.db #0x10	; 16
      000030 D0                      94 	.db #0xd0	; 208
      000031 10                      95 	.db #0x10	; 16
      000032 D0                      96 	.db #0xd0	; 208
      000033 10                      97 	.db #0x10	; 16
      000034 A0                      98 	.db #0xa0	; 160
      000035 60                      99 	.db #0x60	; 96
      000036 20                     100 	.db #0x20	; 32
      000037 E0                     101 	.db #0xe0	; 224
      000038 C0                     102 	.db #0xc0	; 192
      000039 C0                     103 	.db #0xc0	; 192
      00003A 00                     104 	.db #0x00	; 0
      00003B 00                     105 	.db #0x00	; 0
      00003C 00                     106 	.db #0x00	; 0
      00003D 00                     107 	.db #0x00	; 0
      00003E 00                     108 	.db #0x00	; 0
      00003F 00                     109 	.db #0x00	; 0
      000040 00                     110 	.db #0x00	; 0
      000041 00                     111 	.db #0x00	; 0
      000042 00                     112 	.db #0x00	; 0
      000043 00                     113 	.db #0x00	; 0
      000044 07                     114 	.db #0x07	; 7
      000045 07                     115 	.db #0x07	; 7
      000046 1F                     116 	.db #0x1f	; 31
      000047 18                     117 	.db #0x18	; 24
      000048 38                     118 	.db #0x38	; 56	'8'
      000049 20                     119 	.db #0x20	; 32
      00004A 32                     120 	.db #0x32	; 50	'2'
      00004B 20                     121 	.db #0x20	; 32
      00004C 41                     122 	.db #0x41	; 65	'A'
      00004D 40                     123 	.db #0x40	; 64
      00004E 41                     124 	.db #0x41	; 65	'A'
      00004F 40                     125 	.db #0x40	; 64
      000050 41                     126 	.db #0x41	; 65	'A'
      000051 40                     127 	.db #0x40	; 64
      000052 41                     128 	.db #0x41	; 65	'A'
      000053 40                     129 	.db #0x40	; 64
      000054 20                     130 	.db #0x20	; 32
      000055 20                     131 	.db #0x20	; 32
      000056 20                     132 	.db #0x20	; 32
      000057 20                     133 	.db #0x20	; 32
      000058 18                     134 	.db #0x18	; 24
      000059 18                     135 	.db #0x18	; 24
      00005A 07                     136 	.db #0x07	; 7
      00005B 07                     137 	.db #0x07	; 7
      00005C 00                     138 	.db #0x00	; 0
      00005D 00                     139 	.db #0x00	; 0
      00005E 00                     140 	.db #0x00	; 0
      00005F 00                     141 	.db #0x00	; 0
      000060 00                     142 	.db #0x00	; 0
      000061 00                     143 	.db #0x00	; 0
      000062 00                     144 	.db #0x00	; 0
      000063 00                     145 	.db #0x00	; 0
      000064 00                     146 	.db #0x00	; 0
      000065 00                     147 	.db #0x00	; 0
      000066 C0                     148 	.db #0xc0	; 192
      000067 C0                     149 	.db #0xc0	; 192
      000068 E0                     150 	.db #0xe0	; 224
      000069 20                     151 	.db #0x20	; 32
      00006A 60                     152 	.db #0x60	; 96
      00006B 20                     153 	.db #0x20	; 32
      00006C 30                     154 	.db #0x30	; 48	'0'
      00006D 10                     155 	.db #0x10	; 16
      00006E 30                     156 	.db #0x30	; 48	'0'
      00006F 10                     157 	.db #0x10	; 16
      000070 30                     158 	.db #0x30	; 48	'0'
      000071 10                     159 	.db #0x10	; 16
      000072 30                     160 	.db #0x30	; 48	'0'
      000073 10                     161 	.db #0x10	; 16
      000074 20                     162 	.db #0x20	; 32
      000075 20                     163 	.db #0x20	; 32
      000076 20                     164 	.db #0x20	; 32
      000077 20                     165 	.db #0x20	; 32
      000078 C0                     166 	.db #0xc0	; 192
      000079 C0                     167 	.db #0xc0	; 192
      00007A 00                     168 	.db #0x00	; 0
      00007B 00                     169 	.db #0x00	; 0
      00007C 00                     170 	.db #0x00	; 0
      00007D 00                     171 	.db #0x00	; 0
      00007E 00                     172 	.db #0x00	; 0
      00007F 00                     173 	.db #0x00	; 0
      000080 00                     174 	.db #0x00	; 0
      000081 00                     175 	.db #0x00	; 0
      000082 00                     176 	.db #0x00	; 0
      000083 00                     177 	.db #0x00	; 0
      000084 38                     178 	.db #0x38	; 56	'8'
      000085 38                     179 	.db #0x38	; 56	'8'
      000086 44                     180 	.db #0x44	; 68	'D'
      000087 44                     181 	.db #0x44	; 68	'D'
      000088 64                     182 	.db #0x64	; 100	'd'
      000089 54                     183 	.db #0x54	; 84	'T'
      00008A 54                     184 	.db #0x54	; 84	'T'
      00008B 64                     185 	.db #0x64	; 100	'd'
      00008C 64                     186 	.db #0x64	; 100	'd'
      00008D 54                     187 	.db #0x54	; 84	'T'
      00008E 54                     188 	.db #0x54	; 84	'T'
      00008F 64                     189 	.db #0x64	; 100	'd'
      000090 64                     190 	.db #0x64	; 100	'd'
      000091 54                     191 	.db #0x54	; 84	'T'
      000092 54                     192 	.db #0x54	; 84	'T'
      000093 64                     193 	.db #0x64	; 100	'd'
      000094 6C                     194 	.db #0x6c	; 108	'l'
      000095 54                     195 	.db #0x54	; 84	'T'
      000096 5C                     196 	.db #0x5c	; 92
      000097 64                     197 	.db #0x64	; 100	'd'
      000098 44                     198 	.db #0x44	; 68	'D'
      000099 7C                     199 	.db #0x7c	; 124
      00009A 38                     200 	.db #0x38	; 56	'8'
      00009B 38                     201 	.db #0x38	; 56	'8'
      00009C 00                     202 	.db #0x00	; 0
      00009D 00                     203 	.db #0x00	; 0
      00009E 00                     204 	.db #0x00	; 0
      00009F 00                     205 	.db #0x00	; 0
      0000A0 00                     206 	.db #0x00	; 0
      0000A1 00                     207 	.db #0x00	; 0
      0000A2 00                     208 	.db #0x00	; 0
      0000A3 00                     209 	.db #0x00	; 0
      0000A4 38                     210 	.db #0x38	; 56	'8'
      0000A5 38                     211 	.db #0x38	; 56	'8'
      0000A6 7C                     212 	.db #0x7c	; 124
      0000A7 44                     213 	.db #0x44	; 68	'D'
      0000A8 4C                     214 	.db #0x4c	; 76	'L'
      0000A9 44                     215 	.db #0x44	; 68	'D'
      0000AA 4C                     216 	.db #0x4c	; 76	'L'
      0000AB 44                     217 	.db #0x44	; 68	'D'
      0000AC 4C                     218 	.db #0x4c	; 76	'L'
      0000AD 44                     219 	.db #0x44	; 68	'D'
      0000AE 4C                     220 	.db #0x4c	; 76	'L'
      0000AF 44                     221 	.db #0x44	; 68	'D'
      0000B0 4C                     222 	.db #0x4c	; 76	'L'
      0000B1 44                     223 	.db #0x44	; 68	'D'
      0000B2 4C                     224 	.db #0x4c	; 76	'L'
      0000B3 44                     225 	.db #0x44	; 68	'D'
      0000B4 4C                     226 	.db #0x4c	; 76	'L'
      0000B5 44                     227 	.db #0x44	; 68	'D'
      0000B6 44                     228 	.db #0x44	; 68	'D'
      0000B7 44                     229 	.db #0x44	; 68	'D'
      0000B8 44                     230 	.db #0x44	; 68	'D'
      0000B9 44                     231 	.db #0x44	; 68	'D'
      0000BA 38                     232 	.db #0x38	; 56	'8'
      0000BB 38                     233 	.db #0x38	; 56	'8'
      0000BC 00                     234 	.db #0x00	; 0
      0000BD 00                     235 	.db #0x00	; 0
      0000BE 00                     236 	.db #0x00	; 0
      0000BF 00                     237 	.db #0x00	; 0
      0000C0 00                     238 	.db #0x00	; 0
      0000C1 00                     239 	.db #0x00	; 0
                                    240 	.area _INITIALIZER
                                    241 	.area _CABS (ABS)
