                                      1 ;--------------------------------------------------------
                                      2 ; File Created by SDCC : free open source ANSI-C Compiler
                                      3 ; Version 4.1.4 #12246 (Mac OS X x86_64)
                                      4 ;--------------------------------------------------------
                                      5 	.module spritesheet_2_tiles
                                      6 	.optsdcc -mgbz80
                                      7 	
                                      8 ;--------------------------------------------------------
                                      9 ; Public variables in this module
                                     10 ;--------------------------------------------------------
                                     11 	.globl _spritesheet_2_tiles
                                     12 	.globl ___bank_spritesheet_2_tiles
                                     13 ;--------------------------------------------------------
                                     14 ; special function registers
                                     15 ;--------------------------------------------------------
                                     16 ;--------------------------------------------------------
                                     17 ; ram data
                                     18 ;--------------------------------------------------------
                                     19 	.area _DATA
                                     20 ;--------------------------------------------------------
                                     21 ; ram data
                                     22 ;--------------------------------------------------------
                                     23 	.area _INITIALIZED
                                     24 ;--------------------------------------------------------
                                     25 ; absolute external ram data
                                     26 ;--------------------------------------------------------
                                     27 	.area _DABS (ABS)
                                     28 ;--------------------------------------------------------
                                     29 ; global & static initialisations
                                     30 ;--------------------------------------------------------
                                     31 	.area _HOME
                                     32 	.area _GSINIT
                                     33 	.area _GSFINAL
                                     34 	.area _GSINIT
                                     35 ;--------------------------------------------------------
                                     36 ; Home
                                     37 ;--------------------------------------------------------
                                     38 	.area _HOME
                                     39 	.area _HOME
                                     40 ;--------------------------------------------------------
                                     41 ; code
                                     42 ;--------------------------------------------------------
                                     43 	.area _CODE_255
                                     44 	.area _CODE_255
                           0000FF    45 ___bank_spritesheet_2_tiles	=	0x00ff
      000000                         46 _spritesheet_2_tiles:
      000000 04 00                   47 	.dw #0x0004
      000002 7F                      48 	.db #0x7f	; 127
      000003 7F                      49 	.db #0x7f	; 127
      000004 69                      50 	.db #0x69	; 105	'i'
      000005 7E                      51 	.db #0x7e	; 126
      000006 74                      52 	.db #0x74	; 116	't'
      000007 7F                      53 	.db #0x7f	; 127
      000008 2A                      54 	.db #0x2a	; 42
      000009 3F                      55 	.db #0x3f	; 63
      00000A 14                      56 	.db #0x14	; 20
      00000B 1F                      57 	.db #0x1f	; 31
      00000C 0A                      58 	.db #0x0a	; 10
      00000D 0F                      59 	.db #0x0f	; 15
      00000E 04                      60 	.db #0x04	; 4
      00000F 07                      61 	.db #0x07	; 7
      000010 03                      62 	.db #0x03	; 3
      000011 03                      63 	.db #0x03	; 3
      000012 02                      64 	.db #0x02	; 2
      000013 03                      65 	.db #0x03	; 3
      000014 03                      66 	.db #0x03	; 3
      000015 03                      67 	.db #0x03	; 3
      000016 02                      68 	.db #0x02	; 2
      000017 03                      69 	.db #0x03	; 3
      000018 03                      70 	.db #0x03	; 3
      000019 03                      71 	.db #0x03	; 3
      00001A 0E                      72 	.db #0x0e	; 14
      00001B 0F                      73 	.db #0x0f	; 15
      00001C 33                      74 	.db #0x33	; 51	'3'
      00001D 3F                      75 	.db #0x3f	; 63
      00001E 47                      76 	.db #0x47	; 71	'G'
      00001F 78                      77 	.db #0x78	; 120	'x'
      000020 31                      78 	.db #0x31	; 49	'1'
      000021 3E                      79 	.db #0x3e	; 62
      000022 FE                      80 	.db #0xfe	; 254
      000023 FE                      81 	.db #0xfe	; 254
      000024 FA                      82 	.db #0xfa	; 250
      000025 06                      83 	.db #0x06	; 6
      000026 32                      84 	.db #0x32	; 50	'2'
      000027 CE                      85 	.db #0xce	; 206
      000028 64                      86 	.db #0x64	; 100	'd'
      000029 9C                      87 	.db #0x9c	; 156
      00002A 48                      88 	.db #0x48	; 72	'H'
      00002B B8                      89 	.db #0xb8	; 184
      00002C 90                      90 	.db #0x90	; 144
      00002D 70                      91 	.db #0x70	; 112	'p'
      00002E A0                      92 	.db #0xa0	; 160
      00002F 60                      93 	.db #0x60	; 96
      000030 C0                      94 	.db #0xc0	; 192
      000031 C0                      95 	.db #0xc0	; 192
      000032 40                      96 	.db #0x40	; 64
      000033 C0                      97 	.db #0xc0	; 192
      000034 C0                      98 	.db #0xc0	; 192
      000035 40                      99 	.db #0x40	; 64
      000036 C0                     100 	.db #0xc0	; 192
      000037 40                     101 	.db #0x40	; 64
      000038 C0                     102 	.db #0xc0	; 192
      000039 40                     103 	.db #0x40	; 64
      00003A F0                     104 	.db #0xf0	; 240
      00003B 70                     105 	.db #0x70	; 112	'p'
      00003C CC                     106 	.db #0xcc	; 204
      00003D 7C                     107 	.db #0x7c	; 124
      00003E F2                     108 	.db #0xf2	; 242
      00003F 0E                     109 	.db #0x0e	; 14
      000040 CC                     110 	.db #0xcc	; 204
      000041 3C                     111 	.db #0x3c	; 60
                                    112 	.area _INITIALIZER
                                    113 	.area _CABS (ABS)
