                                      1 ;--------------------------------------------------------
                                      2 ; File Created by SDCC : free open source ANSI-C Compiler
                                      3 ; Version 4.1.4 #12246 (Mac OS X x86_64)
                                      4 ;--------------------------------------------------------
                                      5 	.module spritesheet_3
                                      6 	.optsdcc -mgbz80
                                      7 	
                                      8 ;--------------------------------------------------------
                                      9 ; Public variables in this module
                                     10 ;--------------------------------------------------------
                                     11 	.globl _spritesheet_3
                                     12 	.globl _spritesheet_3_animations_lookup
                                     13 	.globl _spritesheet_3_animations
                                     14 	.globl _spritesheet_3_metasprites
                                     15 	.globl _spritesheet_3_metasprite_3
                                     16 	.globl _spritesheet_3_metasprite_2
                                     17 	.globl _spritesheet_3_metasprite_1
                                     18 	.globl _spritesheet_3_metasprite_0
                                     19 	.globl ___bank_spritesheet_3
                                     20 ;--------------------------------------------------------
                                     21 ; special function registers
                                     22 ;--------------------------------------------------------
                                     23 ;--------------------------------------------------------
                                     24 ; ram data
                                     25 ;--------------------------------------------------------
                                     26 	.area _DATA
                                     27 ;--------------------------------------------------------
                                     28 ; ram data
                                     29 ;--------------------------------------------------------
                                     30 	.area _INITIALIZED
                                     31 ;--------------------------------------------------------
                                     32 ; absolute external ram data
                                     33 ;--------------------------------------------------------
                                     34 	.area _DABS (ABS)
                                     35 ;--------------------------------------------------------
                                     36 ; global & static initialisations
                                     37 ;--------------------------------------------------------
                                     38 	.area _HOME
                                     39 	.area _GSINIT
                                     40 	.area _GSFINAL
                                     41 	.area _GSINIT
                                     42 ;--------------------------------------------------------
                                     43 ; Home
                                     44 ;--------------------------------------------------------
                                     45 	.area _HOME
                                     46 	.area _HOME
                                     47 ;--------------------------------------------------------
                                     48 ; code
                                     49 ;--------------------------------------------------------
                                     50 	.area _CODE_255
                                     51 	.area _CODE_255
                           0000FF    52 ___bank_spritesheet_3	=	0x00ff
      000000                         53 _spritesheet_3_metasprite_0:
      000000 00                      54 	.db #0x00	;  0
      000001 00                      55 	.db #0x00	;  0
      000002 00                      56 	.db #0x00	; 0
      000003 00                      57 	.db #0x00	; 0
      000004 00                      58 	.db #0x00	;  0
      000005 08                      59 	.db #0x08	;  8
      000006 02                      60 	.db #0x02	; 2
      000007 00                      61 	.db #0x00	; 0
      000008 80                      62 	.db #0x80	; -128
      000009 00                      63 	.db #0x00	;  0
      00000A 00                      64 	.db #0x00	; 0
      00000B 00                      65 	.db #0x00	; 0
      00000C                         66 _spritesheet_3_metasprite_1:
      00000C 00                      67 	.db #0x00	;  0
      00000D 00                      68 	.db #0x00	;  0
      00000E 04                      69 	.db #0x04	; 4
      00000F 00                      70 	.db #0x00	; 0
      000010 00                      71 	.db #0x00	;  0
      000011 08                      72 	.db #0x08	;  8
      000012 06                      73 	.db #0x06	; 6
      000013 00                      74 	.db #0x00	; 0
      000014 80                      75 	.db #0x80	; -128
      000015 00                      76 	.db #0x00	;  0
      000016 00                      77 	.db #0x00	; 0
      000017 00                      78 	.db #0x00	; 0
      000018                         79 _spritesheet_3_metasprite_2:
      000018 00                      80 	.db #0x00	;  0
      000019 00                      81 	.db #0x00	;  0
      00001A 08                      82 	.db #0x08	; 8
      00001B 00                      83 	.db #0x00	; 0
      00001C 00                      84 	.db #0x00	;  0
      00001D 08                      85 	.db #0x08	;  8
      00001E 0A                      86 	.db #0x0a	; 10
      00001F 00                      87 	.db #0x00	; 0
      000020 80                      88 	.db #0x80	; -128
      000021 00                      89 	.db #0x00	;  0
      000022 00                      90 	.db #0x00	; 0
      000023 00                      91 	.db #0x00	; 0
      000024                         92 _spritesheet_3_metasprite_3:
      000024 00                      93 	.db #0x00	;  0
      000025 00                      94 	.db #0x00	;  0
      000026 0C                      95 	.db #0x0c	; 12
      000027 00                      96 	.db #0x00	; 0
      000028 00                      97 	.db #0x00	;  0
      000029 08                      98 	.db #0x08	;  8
      00002A 0E                      99 	.db #0x0e	; 14
      00002B 00                     100 	.db #0x00	; 0
      00002C 80                     101 	.db #0x80	; -128
      00002D 00                     102 	.db #0x00	;  0
      00002E 00                     103 	.db #0x00	; 0
      00002F 00                     104 	.db #0x00	; 0
      000030                        105 _spritesheet_3_metasprites:
      000030r00r00                  106 	.dw _spritesheet_3_metasprite_0
      000032r0Cr00                  107 	.dw _spritesheet_3_metasprite_1
      000034r18r00                  108 	.dw _spritesheet_3_metasprite_2
      000036r24r00                  109 	.dw _spritesheet_3_metasprite_3
      000038                        110 _spritesheet_3_animations:
      000038 00                     111 	.db #0x00	; 0
      000039 01                     112 	.db #0x01	; 1
      00003A 00                     113 	.db #0x00	; 0
      00003B 01                     114 	.db #0x01	; 1
      00003C 00                     115 	.db #0x00	; 0
      00003D 01                     116 	.db #0x01	; 1
      00003E 00                     117 	.db #0x00	; 0
      00003F 01                     118 	.db #0x01	; 1
      000040 00                     119 	.db #0x00	; 0
      000041 01                     120 	.db #0x01	; 1
      000042 00                     121 	.db #0x00	; 0
      000043 01                     122 	.db #0x01	; 1
      000044 00                     123 	.db #0x00	; 0
      000045 01                     124 	.db #0x01	; 1
      000046 00                     125 	.db #0x00	; 0
      000047 01                     126 	.db #0x01	; 1
      000048                        127 _spritesheet_3_animations_lookup:
      000048 00 00                  128 	.dw #0x0000
      00004A                        129 _spritesheet_3:
      00004A 04                     130 	.db #0x04	; 4
      00004Br30r00                  131 	.dw _spritesheet_3_metasprites
      00004Dr38r00                  132 	.dw _spritesheet_3_animations
      00004Fr48r00                  133 	.dw _spritesheet_3_animations_lookup
      000051 00                     134 	.db #0x00	;  0
      000052 0F                     135 	.db #0x0f	;  15
      000053 F8                     136 	.db #0xf8	; -8
      000054 07                     137 	.db #0x07	;  7
      000055r00                     138 	.byte ___bank_spritesheet_3_tiles
      000056r00r00                  139 	.dw _spritesheet_3_tiles
      000058 00                     140 	.db #0x00	; 0
      000059 00 00                  141 	.dw #0x0000
                                    142 	.area _INITIALIZER
                                    143 	.area _CABS (ABS)
