                                      1 ;--------------------------------------------------------
                                      2 ; File Created by SDCC : free open source ANSI-C Compiler
                                      3 ; Version 4.1.4 #12246 (Mac OS X x86_64)
                                      4 ;--------------------------------------------------------
                                      5 	.module tileset_7_1
                                      6 	.optsdcc -mgbz80
                                      7 	
                                      8 ;--------------------------------------------------------
                                      9 ; Public variables in this module
                                     10 ;--------------------------------------------------------
                                     11 	.globl _tileset_7_1
                                     12 	.globl ___bank_tileset_7_1
                                     13 ;--------------------------------------------------------
                                     14 ; special function registers
                                     15 ;--------------------------------------------------------
                                     16 ;--------------------------------------------------------
                                     17 ; ram data
                                     18 ;--------------------------------------------------------
                                     19 	.area _DATA
                                     20 ;--------------------------------------------------------
                                     21 ; ram data
                                     22 ;--------------------------------------------------------
                                     23 	.area _INITIALIZED
                                     24 ;--------------------------------------------------------
                                     25 ; absolute external ram data
                                     26 ;--------------------------------------------------------
                                     27 	.area _DABS (ABS)
                                     28 ;--------------------------------------------------------
                                     29 ; global & static initialisations
                                     30 ;--------------------------------------------------------
                                     31 	.area _HOME
                                     32 	.area _GSINIT
                                     33 	.area _GSFINAL
                                     34 	.area _GSINIT
                                     35 ;--------------------------------------------------------
                                     36 ; Home
                                     37 ;--------------------------------------------------------
                                     38 	.area _HOME
                                     39 	.area _HOME
                                     40 ;--------------------------------------------------------
                                     41 ; code
                                     42 ;--------------------------------------------------------
                                     43 	.area _CODE_255
                                     44 	.area _CODE_255
                           0000FF    45 ___bank_tileset_7_1	=	0x00ff
      000000                         46 _tileset_7_1:
      000000 0C 00                   47 	.dw #0x000c
      000002 FF                      48 	.db #0xff	; 255
      000003 00                      49 	.db #0x00	; 0
      000004 FF                      50 	.db #0xff	; 255
      000005 7C                      51 	.db #0x7c	; 124
      000006 FF                      52 	.db #0xff	; 255
      000007 EE                      53 	.db #0xee	; 238
      000008 FF                      54 	.db #0xff	; 255
      000009 C6                      55 	.db #0xc6	; 198
      00000A FF                      56 	.db #0xff	; 255
      00000B C6                      57 	.db #0xc6	; 198
      00000C FF                      58 	.db #0xff	; 255
      00000D C6                      59 	.db #0xc6	; 198
      00000E FF                      60 	.db #0xff	; 255
      00000F EE                      61 	.db #0xee	; 238
      000010 FF                      62 	.db #0xff	; 255
      000011 7C                      63 	.db #0x7c	; 124
      000012 FF                      64 	.db #0xff	; 255
      000013 00                      65 	.db #0x00	; 0
      000014 FF                      66 	.db #0xff	; 255
      000015 18                      67 	.db #0x18	; 24
      000016 FF                      68 	.db #0xff	; 255
      000017 38                      69 	.db #0x38	; 56	'8'
      000018 FF                      70 	.db #0xff	; 255
      000019 38                      71 	.db #0x38	; 56	'8'
      00001A FF                      72 	.db #0xff	; 255
      00001B 18                      73 	.db #0x18	; 24
      00001C FF                      74 	.db #0xff	; 255
      00001D 18                      75 	.db #0x18	; 24
      00001E FF                      76 	.db #0xff	; 255
      00001F 3E                      77 	.db #0x3e	; 62
      000020 FF                      78 	.db #0xff	; 255
      000021 7C                      79 	.db #0x7c	; 124
      000022 FF                      80 	.db #0xff	; 255
      000023 00                      81 	.db #0x00	; 0
      000024 FF                      82 	.db #0xff	; 255
      000025 7C                      83 	.db #0x7c	; 124
      000026 FF                      84 	.db #0xff	; 255
      000027 CE                      85 	.db #0xce	; 206
      000028 FF                      86 	.db #0xff	; 255
      000029 9C                      87 	.db #0x9c	; 156
      00002A FF                      88 	.db #0xff	; 255
      00002B 38                      89 	.db #0x38	; 56	'8'
      00002C FF                      90 	.db #0xff	; 255
      00002D 70                      91 	.db #0x70	; 112	'p'
      00002E FF                      92 	.db #0xff	; 255
      00002F E6                      93 	.db #0xe6	; 230
      000030 FF                      94 	.db #0xff	; 255
      000031 FE                      95 	.db #0xfe	; 254
      000032 FF                      96 	.db #0xff	; 255
      000033 00                      97 	.db #0x00	; 0
      000034 FF                      98 	.db #0xff	; 255
      000035 7E                      99 	.db #0x7e	; 126
      000036 FF                     100 	.db #0xff	; 255
      000037 CC                     101 	.db #0xcc	; 204
      000038 FF                     102 	.db #0xff	; 255
      000039 98                     103 	.db #0x98	; 152
      00003A FF                     104 	.db #0xff	; 255
      00003B 3C                     105 	.db #0x3c	; 60
      00003C FF                     106 	.db #0xff	; 255
      00003D 0E                     107 	.db #0x0e	; 14
      00003E FF                     108 	.db #0xff	; 255
      00003F CE                     109 	.db #0xce	; 206
      000040 FF                     110 	.db #0xff	; 255
      000041 7C                     111 	.db #0x7c	; 124
      000042 FF                     112 	.db #0xff	; 255
      000043 08                     113 	.db #0x08	; 8
      000044 FF                     114 	.db #0xff	; 255
      000045 60                     115 	.db #0x60	; 96
      000046 FF                     116 	.db #0xff	; 255
      000047 C8                     117 	.db #0xc8	; 200
      000048 FF                     118 	.db #0xff	; 255
      000049 D8                     119 	.db #0xd8	; 216
      00004A FF                     120 	.db #0xff	; 255
      00004B 7E                     121 	.db #0x7e	; 126
      00004C FF                     122 	.db #0xff	; 255
      00004D 18                     123 	.db #0x18	; 24
      00004E FF                     124 	.db #0xff	; 255
      00004F 18                     125 	.db #0x18	; 24
      000050 FF                     126 	.db #0xff	; 255
      000051 10                     127 	.db #0x10	; 16
      000052 FF                     128 	.db #0xff	; 255
      000053 00                     129 	.db #0x00	; 0
      000054 FF                     130 	.db #0xff	; 255
      000055 FC                     131 	.db #0xfc	; 252
      000056 FF                     132 	.db #0xff	; 255
      000057 66                     133 	.db #0x66	; 102	'f'
      000058 FF                     134 	.db #0xff	; 255
      000059 60                     135 	.db #0x60	; 96
      00005A FF                     136 	.db #0xff	; 255
      00005B 7C                     137 	.db #0x7c	; 124
      00005C FF                     138 	.db #0xff	; 255
      00005D 0E                     139 	.db #0x0e	; 14
      00005E FF                     140 	.db #0xff	; 255
      00005F CE                     141 	.db #0xce	; 206
      000060 FF                     142 	.db #0xff	; 255
      000061 7C                     143 	.db #0x7c	; 124
      000062 FF                     144 	.db #0xff	; 255
      000063 00                     145 	.db #0x00	; 0
      000064 FF                     146 	.db #0xff	; 255
      000065 3C                     147 	.db #0x3c	; 60
      000066 FF                     148 	.db #0xff	; 255
      000067 60                     149 	.db #0x60	; 96
      000068 FF                     150 	.db #0xff	; 255
      000069 DC                     151 	.db #0xdc	; 220
      00006A FF                     152 	.db #0xff	; 255
      00006B F6                     153 	.db #0xf6	; 246
      00006C FF                     154 	.db #0xff	; 255
      00006D C2                     155 	.db #0xc2	; 194
      00006E FF                     156 	.db #0xff	; 255
      00006F E6                     157 	.db #0xe6	; 230
      000070 FF                     158 	.db #0xff	; 255
      000071 7C                     159 	.db #0x7c	; 124
      000072 FF                     160 	.db #0xff	; 255
      000073 00                     161 	.db #0x00	; 0
      000074 FF                     162 	.db #0xff	; 255
      000075 7E                     163 	.db #0x7e	; 126
      000076 FF                     164 	.db #0xff	; 255
      000077 E6                     165 	.db #0xe6	; 230
      000078 FF                     166 	.db #0xff	; 255
      000079 0E                     167 	.db #0x0e	; 14
      00007A FF                     168 	.db #0xff	; 255
      00007B 1C                     169 	.db #0x1c	; 28
      00007C FF                     170 	.db #0xff	; 255
      00007D 38                     171 	.db #0x38	; 56	'8'
      00007E FF                     172 	.db #0xff	; 255
      00007F 30                     173 	.db #0x30	; 48	'0'
      000080 FF                     174 	.db #0xff	; 255
      000081 30                     175 	.db #0x30	; 48	'0'
      000082 FF                     176 	.db #0xff	; 255
      000083 00                     177 	.db #0x00	; 0
      000084 FF                     178 	.db #0xff	; 255
      000085 7C                     179 	.db #0x7c	; 124
      000086 FF                     180 	.db #0xff	; 255
      000087 EE                     181 	.db #0xee	; 238
      000088 FF                     182 	.db #0xff	; 255
      000089 C6                     183 	.db #0xc6	; 198
      00008A FF                     184 	.db #0xff	; 255
      00008B 7C                     185 	.db #0x7c	; 124
      00008C FF                     186 	.db #0xff	; 255
      00008D C6                     187 	.db #0xc6	; 198
      00008E FF                     188 	.db #0xff	; 255
      00008F EE                     189 	.db #0xee	; 238
      000090 FF                     190 	.db #0xff	; 255
      000091 7C                     191 	.db #0x7c	; 124
      000092 FF                     192 	.db #0xff	; 255
      000093 00                     193 	.db #0x00	; 0
      000094 FF                     194 	.db #0xff	; 255
      000095 7C                     195 	.db #0x7c	; 124
      000096 FF                     196 	.db #0xff	; 255
      000097 CE                     197 	.db #0xce	; 206
      000098 FF                     198 	.db #0xff	; 255
      000099 86                     199 	.db #0x86	; 134
      00009A FF                     200 	.db #0xff	; 255
      00009B DE                     201 	.db #0xde	; 222
      00009C FF                     202 	.db #0xff	; 255
      00009D 76                     203 	.db #0x76	; 118	'v'
      00009E FF                     204 	.db #0xff	; 255
      00009F 0C                     205 	.db #0x0c	; 12
      0000A0 FF                     206 	.db #0xff	; 255
      0000A1 78                     207 	.db #0x78	; 120	'x'
      0000A2 FF                     208 	.db #0xff	; 255
      0000A3 00                     209 	.db #0x00	; 0
      0000A4 FF                     210 	.db #0xff	; 255
      0000A5 00                     211 	.db #0x00	; 0
      0000A6 FF                     212 	.db #0xff	; 255
      0000A7 18                     213 	.db #0x18	; 24
      0000A8 FF                     214 	.db #0xff	; 255
      0000A9 18                     215 	.db #0x18	; 24
      0000AA FF                     216 	.db #0xff	; 255
      0000AB 00                     217 	.db #0x00	; 0
      0000AC FF                     218 	.db #0xff	; 255
      0000AD 18                     219 	.db #0x18	; 24
      0000AE FF                     220 	.db #0xff	; 255
      0000AF 18                     221 	.db #0x18	; 24
      0000B0 FF                     222 	.db #0xff	; 255
      0000B1 00                     223 	.db #0x00	; 0
      0000B2 FF                     224 	.db #0xff	; 255
      0000B3 00                     225 	.db #0x00	; 0
      0000B4 FF                     226 	.db #0xff	; 255
      0000B5 00                     227 	.db #0x00	; 0
      0000B6 FF                     228 	.db #0xff	; 255
      0000B7 00                     229 	.db #0x00	; 0
      0000B8 FF                     230 	.db #0xff	; 255
      0000B9 00                     231 	.db #0x00	; 0
      0000BA FF                     232 	.db #0xff	; 255
      0000BB 00                     233 	.db #0x00	; 0
      0000BC FF                     234 	.db #0xff	; 255
      0000BD 00                     235 	.db #0x00	; 0
      0000BE FF                     236 	.db #0xff	; 255
      0000BF 00                     237 	.db #0x00	; 0
      0000C0 FF                     238 	.db #0xff	; 255
      0000C1 00                     239 	.db #0x00	; 0
                                    240 	.area _INITIALIZER
                                    241 	.area _CABS (ABS)
