                                      1 ;--------------------------------------------------------
                                      2 ; File Created by SDCC : free open source ANSI-C Compiler
                                      3 ; Version 4.1.4 #12246 (Mac OS X x86_64)
                                      4 ;--------------------------------------------------------
                                      5 	.module tileset_6
                                      6 	.optsdcc -mgbz80
                                      7 	
                                      8 ;--------------------------------------------------------
                                      9 ; Public variables in this module
                                     10 ;--------------------------------------------------------
                                     11 	.globl _tileset_6
                                     12 	.globl ___bank_tileset_6
                                     13 ;--------------------------------------------------------
                                     14 ; special function registers
                                     15 ;--------------------------------------------------------
                                     16 ;--------------------------------------------------------
                                     17 ; ram data
                                     18 ;--------------------------------------------------------
                                     19 	.area _DATA
                                     20 ;--------------------------------------------------------
                                     21 ; ram data
                                     22 ;--------------------------------------------------------
                                     23 	.area _INITIALIZED
                                     24 ;--------------------------------------------------------
                                     25 ; absolute external ram data
                                     26 ;--------------------------------------------------------
                                     27 	.area _DABS (ABS)
                                     28 ;--------------------------------------------------------
                                     29 ; global & static initialisations
                                     30 ;--------------------------------------------------------
                                     31 	.area _HOME
                                     32 	.area _GSINIT
                                     33 	.area _GSFINAL
                                     34 	.area _GSINIT
                                     35 ;--------------------------------------------------------
                                     36 ; Home
                                     37 ;--------------------------------------------------------
                                     38 	.area _HOME
                                     39 	.area _HOME
                                     40 ;--------------------------------------------------------
                                     41 ; code
                                     42 ;--------------------------------------------------------
                                     43 	.area _CODE_255
                                     44 	.area _CODE_255
                           0000FF    45 ___bank_tileset_6	=	0x00ff
      000000                         46 _tileset_6:
      000000 06 00                   47 	.dw #0x0006
      000002 00                      48 	.db #0x00	; 0
      000003 20                      49 	.db #0x20	; 32
      000004 20                      50 	.db #0x20	; 32
      000005 50                      51 	.db #0x50	; 80	'P'
      000006 50                      52 	.db #0x50	; 80	'P'
      000007 A8                      53 	.db #0xa8	; 168
      000008 20                      54 	.db #0x20	; 32
      000009 50                      55 	.db #0x50	; 80	'P'
      00000A 00                      56 	.db #0x00	; 0
      00000B 20                      57 	.db #0x20	; 32
      00000C A8                      58 	.db #0xa8	; 168
      00000D 00                      59 	.db #0x00	; 0
      00000E 70                      60 	.db #0x70	; 112	'p'
      00000F 00                      61 	.db #0x00	; 0
      000010 00                      62 	.db #0x00	; 0
      000011 00                      63 	.db #0x00	; 0
      000012 00                      64 	.db #0x00	; 0
      000013 10                      65 	.db #0x10	; 16
      000014 10                      66 	.db #0x10	; 16
      000015 28                      67 	.db #0x28	; 40
      000016 28                      68 	.db #0x28	; 40
      000017 54                      69 	.db #0x54	; 84	'T'
      000018 10                      70 	.db #0x10	; 16
      000019 28                      71 	.db #0x28	; 40
      00001A 00                      72 	.db #0x00	; 0
      00001B 10                      73 	.db #0x10	; 16
      00001C A0                      74 	.db #0xa0	; 160
      00001D 00                      75 	.db #0x00	; 0
      00001E 70                      76 	.db #0x70	; 112	'p'
      00001F 00                      77 	.db #0x00	; 0
      000020 00                      78 	.db #0x00	; 0
      000021 00                      79 	.db #0x00	; 0
      000022 00                      80 	.db #0x00	; 0
      000023 00                      81 	.db #0x00	; 0
      000024 00                      82 	.db #0x00	; 0
      000025 10                      83 	.db #0x10	; 16
      000026 10                      84 	.db #0x10	; 16
      000027 28                      85 	.db #0x28	; 40
      000028 28                      86 	.db #0x28	; 40
      000029 54                      87 	.db #0x54	; 84	'T'
      00002A 10                      88 	.db #0x10	; 16
      00002B 28                      89 	.db #0x28	; 40
      00002C C0                      90 	.db #0xc0	; 192
      00002D 10                      91 	.db #0x10	; 16
      00002E 60                      92 	.db #0x60	; 96
      00002F 00                      93 	.db #0x00	; 0
      000030 00                      94 	.db #0x00	; 0
      000031 00                      95 	.db #0x00	; 0
      000032 00                      96 	.db #0x00	; 0
      000033 00                      97 	.db #0x00	; 0
      000034 00                      98 	.db #0x00	; 0
      000035 10                      99 	.db #0x10	; 16
      000036 10                     100 	.db #0x10	; 16
      000037 28                     101 	.db #0x28	; 40
      000038 28                     102 	.db #0x28	; 40
      000039 54                     103 	.db #0x54	; 84	'T'
      00003A 10                     104 	.db #0x10	; 16
      00003B 28                     105 	.db #0x28	; 40
      00003C 00                     106 	.db #0x00	; 0
      00003D 10                     107 	.db #0x10	; 16
      00003E 54                     108 	.db #0x54	; 84	'T'
      00003F 00                     109 	.db #0x00	; 0
      000040 38                     110 	.db #0x38	; 56	'8'
      000041 00                     111 	.db #0x00	; 0
      000042 00                     112 	.db #0x00	; 0
      000043 00                     113 	.db #0x00	; 0
      000044 00                     114 	.db #0x00	; 0
      000045 08                     115 	.db #0x08	; 8
      000046 08                     116 	.db #0x08	; 8
      000047 14                     117 	.db #0x14	; 20
      000048 14                     118 	.db #0x14	; 20
      000049 2A                     119 	.db #0x2a	; 42
      00004A 08                     120 	.db #0x08	; 8
      00004B 14                     121 	.db #0x14	; 20
      00004C 00                     122 	.db #0x00	; 0
      00004D 08                     123 	.db #0x08	; 8
      00004E 54                     124 	.db #0x54	; 84	'T'
      00004F 00                     125 	.db #0x00	; 0
      000050 38                     126 	.db #0x38	; 56	'8'
      000051 00                     127 	.db #0x00	; 0
      000052 00                     128 	.db #0x00	; 0
      000053 00                     129 	.db #0x00	; 0
      000054 00                     130 	.db #0x00	; 0
      000055 00                     131 	.db #0x00	; 0
      000056 00                     132 	.db #0x00	; 0
      000057 08                     133 	.db #0x08	; 8
      000058 08                     134 	.db #0x08	; 8
      000059 14                     135 	.db #0x14	; 20
      00005A 14                     136 	.db #0x14	; 20
      00005B 2A                     137 	.db #0x2a	; 42
      00005C 08                     138 	.db #0x08	; 8
      00005D 14                     139 	.db #0x14	; 20
      00005E 60                     140 	.db #0x60	; 96
      00005F 08                     141 	.db #0x08	; 8
      000060 38                     142 	.db #0x38	; 56	'8'
      000061 00                     143 	.db #0x00	; 0
                                    144 	.area _INITIALIZER
                                    145 	.area _CABS (ABS)
